[ 2016-06-12T15:51:48+08:00 ] 127.0.0.1 /luoji/
INFO: [ app_init ] --START--
INFO: Run Behavior\BuildLiteBehavior [ RunTime:0.001001s ]
INFO: [ app_init ] --END-- [ RunTime:0.003001s ]
INFO: [ app_begin ] --START--
INFO: Run Behavior\ReadHtmlCacheBehavior [ RunTime:0.002001s ]
INFO: [ app_begin ] --END-- [ RunTime:0.004001s ]
SQL: SHOW COLUMNS FROM `image` [ RunTime:0.0040s ]
SQL: SHOW COLUMNS FROM `user` [ RunTime:0.0040s ]
SQL: SHOW COLUMNS FROM `album` [ RunTime:0.0040s ]
NOTIC: [8] Undefined index: p D:\wamp\www\luoji\Application\Home\Controller\IndexController.class.php 第 13 行.
NOTIC: [8] Undefined index: sort D:\wamp\www\luoji\Application\Home\Controller\IndexController.class.php 第 18 行.
SQL: SELECT * FROM `image` WHERE `type1` = 1 AND `state` = 1 LIMIT 0,10   [ RunTime:0.0020s ]
SQL: SELECT * FROM `user` WHERE ( username="xuyuanfan1" ) LIMIT 1   [ RunTime:0.0010s ]
SQL: SELECT * FROM `user` WHERE ( username="xuyuanfan4" ) LIMIT 1   [ RunTime:0.0000s ]
SQL: SELECT * FROM `user` WHERE ( username="xuyuanfan2" ) LIMIT 1   [ RunTime:0.0010s ]
SQL: SELECT * FROM `user` WHERE ( username="xuyuanfan3" ) LIMIT 1   [ RunTime:0.0030s ]
SQL: SELECT * FROM `user` WHERE ( username="xuyuanfan1" ) LIMIT 1   [ RunTime:0.0090s ]
SQL: SELECT * FROM `user` WHERE ( username="xuyuanfan3" ) LIMIT 1   [ RunTime:0.0030s ]
SQL: SELECT COUNT(*) AS tp_count FROM `image` WHERE `type1` = 1 AND `state` = 1 LIMIT 1   [ RunTime:0.0040s ]
NOTIC: [2] urlencode() expects parameter 1 to be string, array given D:\wamp\www\luoji\Application\Home\Controller\IndexController.class.php 第 84 行.
NOTIC: [2] urlencode() expects parameter 1 to be string, array given D:\wamp\www\luoji\Application\Home\Controller\IndexController.class.php 第 84 行.
SQL: SELECT * FROM `album` LIMIT 5   [ RunTime:0.0000s ]
SQL: SELECT * FROM `user` LIMIT 5   [ RunTime:0.0010s ]
INFO: [ view_parse ] --START--
INFO: [ template_filter ] --START--
INFO: Run Behavior\ContentReplaceBehavior [ RunTime:0.000000s ]
INFO: [ template_filter ] --END-- [ RunTime:0.002000s ]
NOTIC: [8] Undefined offset: 6 D:\wamp\www\luoji\Application\Runtime\Cache\Home\2a94b8bda04ff446dcedd42276fc99ee.php 第 114 行.
NOTIC: [8] Undefined offset: 7 D:\wamp\www\luoji\Application\Runtime\Cache\Home\2a94b8bda04ff446dcedd42276fc99ee.php 第 114 行.
NOTIC: [8] Undefined offset: 8 D:\wamp\www\luoji\Application\Runtime\Cache\Home\2a94b8bda04ff446dcedd42276fc99ee.php 第 114 行.
NOTIC: [8] Undefined offset: 9 D:\wamp\www\luoji\Application\Runtime\Cache\Home\2a94b8bda04ff446dcedd42276fc99ee.php 第 114 行.
INFO: Run Behavior\ParseTemplateBehavior [ RunTime:0.128008s ]
INFO: [ view_parse ] --END-- [ RunTime:0.128008s ]
INFO: [ view_filter ] --START--
INFO: Run Behavior\WriteHtmlCacheBehavior [ RunTime:0.001000s ]
INFO: [ view_filter ] --END-- [ RunTime:0.004000s ]
INFO: [ app_end ] --START--
INFO: Run Behavior\ShowPageTraceBehavior [ RunTime:0.002001s ]
INFO: [ app_end ] --END-- [ RunTime:0.004001s ]

[ 2016-06-12T15:51:55+08:00 ] 127.0.0.1 /luoji/index.php/Home/Index/index/sort/3.html
INFO: [ app_init ] --START--
INFO: Run Behavior\BuildLiteBehavior [ RunTime:0.000000s ]
INFO: [ app_init ] --END-- [ RunTime:0.003000s ]
INFO: [ app_begin ] --START--
INFO: Run Behavior\ReadHtmlCacheBehavior [ RunTime:0.002000s ]
INFO: [ app_begin ] --END-- [ RunTime:0.003000s ]
SQL: SHOW COLUMNS FROM `image` [ RunTime:0.0040s ]
SQL: SHOW COLUMNS FROM `user` [ RunTime:0.0040s ]
SQL: SHOW COLUMNS FROM `album` [ RunTime:0.0030s ]
NOTIC: [8] Undefined index: p D:\wamp\www\luoji\Application\Home\Controller\IndexController.class.php 第 13 行.
SQL: SELECT * FROM `image` WHERE `type1` = '3' AND `state` = 1 LIMIT 0,10   [ RunTime:0.0010s ]
SQL: SELECT * FROM `user` WHERE ( username="xuyuanfan2" ) LIMIT 1   [ RunTime:0.0010s ]
SQL: SELECT * FROM `user` WHERE ( username="xuyuanfan3" ) LIMIT 1   [ RunTime:0.0000s ]
SQL: SELECT * FROM `user` WHERE ( username="xuyuanfan5" ) LIMIT 1   [ RunTime:0.0000s ]
SQL: SELECT * FROM `user` WHERE ( username="xuyuanfan5" ) LIMIT 1   [ RunTime:0.0010s ]
SQL: SELECT * FROM `user` WHERE ( username="xuyuanfan4" ) LIMIT 1   [ RunTime:0.0010s ]
SQL: SELECT * FROM `user` WHERE ( username="xuyuanfan5" ) LIMIT 1   [ RunTime:0.0010s ]
SQL: SELECT * FROM `user` WHERE ( username="xuyuanfan1" ) LIMIT 1   [ RunTime:0.0010s ]
SQL: SELECT * FROM `user` WHERE ( username="xuyuanfan2" ) LIMIT 1   [ RunTime:0.0010s ]
SQL: SELECT * FROM `user` WHERE ( username="xuyuanfan3" ) LIMIT 1   [ RunTime:0.0010s ]
SQL: SELECT * FROM `user` WHERE ( username="xuyuanfan4" ) LIMIT 1   [ RunTime:0.0010s ]
SQL: SELECT COUNT(*) AS tp_count FROM `image` WHERE `type1` = '3' AND `state` = 1 LIMIT 1   [ RunTime:0.0010s ]
NOTIC: [2] urlencode() expects parameter 1 to be string, array given D:\wamp\www\luoji\Application\Home\Controller\IndexController.class.php 第 84 行.
NOTIC: [2] urlencode() expects parameter 1 to be string, array given D:\wamp\www\luoji\Application\Home\Controller\IndexController.class.php 第 84 行.
SQL: SELECT * FROM `album` LIMIT 5   [ RunTime:0.0010s ]
SQL: SELECT * FROM `user` LIMIT 5   [ RunTime:0.0010s ]
INFO: [ view_parse ] --START--
INFO: [ template_filter ] --START--
INFO: Run Behavior\ContentReplaceBehavior [ RunTime:0.001000s ]
INFO: [ template_filter ] --END-- [ RunTime:0.003001s ]
INFO: Run Behavior\ParseTemplateBehavior [ RunTime:0.129007s ]
INFO: [ view_parse ] --END-- [ RunTime:0.131007s ]
INFO: [ view_filter ] --START--
INFO: Run Behavior\WriteHtmlCacheBehavior [ RunTime:0.001000s ]
INFO: [ view_filter ] --END-- [ RunTime:0.003000s ]
INFO: [ app_end ] --START--
INFO: Run Behavior\ShowPageTraceBehavior [ RunTime:0.002000s ]
INFO: [ app_end ] --END-- [ RunTime:0.004000s ]

[ 2016-06-12T15:51:57+08:00 ] 127.0.0.1 /luoji/index.php/Home/Index/index/sort/3/p/2.html
INFO: [ app_init ] --START--
INFO: Run Behavior\BuildLiteBehavior [ RunTime:0.001000s ]
INFO: [ app_init ] --END-- [ RunTime:0.002000s ]
INFO: [ app_begin ] --START--
INFO: Run Behavior\ReadHtmlCacheBehavior [ RunTime:0.002000s ]
INFO: [ app_begin ] --END-- [ RunTime:0.003000s ]
SQL: SHOW COLUMNS FROM `image` [ RunTime:0.0040s ]
SQL: SHOW COLUMNS FROM `user` [ RunTime:0.0040s ]
SQL: SHOW COLUMNS FROM `album` [ RunTime:0.0040s ]
SQL: SELECT * FROM `image` WHERE `type1` = '3' AND `state` = 1 LIMIT 10,10   [ RunTime:0.0010s ]
SQL: SELECT * FROM `user` WHERE ( username="xuyuanfan5" ) LIMIT 1   [ RunTime:0.0010s ]
SQL: SELECT * FROM `user` WHERE ( username="xuyuanfan1" ) LIMIT 1   [ RunTime:0.0010s ]
SQL: SELECT * FROM `user` WHERE ( username="xuyuanfan2" ) LIMIT 1   [ RunTime:0.0000s ]
SQL: SELECT COUNT(*) AS tp_count FROM `image` WHERE `type1` = '3' AND `state` = 1 LIMIT 1   [ RunTime:0.0010s ]
NOTIC: [2] urlencode() expects parameter 1 to be string, array given D:\wamp\www\luoji\Application\Home\Controller\IndexController.class.php 第 84 行.
NOTIC: [2] urlencode() expects parameter 1 to be string, array given D:\wamp\www\luoji\Application\Home\Controller\IndexController.class.php 第 84 行.
SQL: SELECT * FROM `album` LIMIT 5   [ RunTime:0.0000s ]
SQL: SELECT * FROM `user` LIMIT 5   [ RunTime:0.0000s ]
INFO: [ view_parse ] --START--
INFO: [ template_filter ] --START--
INFO: Run Behavior\ContentReplaceBehavior [ RunTime:0.001000s ]
INFO: [ template_filter ] --END-- [ RunTime:0.002000s ]
NOTIC: [8] Undefined offset: 3 D:\wamp\www\luoji\Application\Runtime\Cache\Home\2a94b8bda04ff446dcedd42276fc99ee.php 第 114 行.
NOTIC: [8] Undefined offset: 4 D:\wamp\www\luoji\Application\Runtime\Cache\Home\2a94b8bda04ff446dcedd42276fc99ee.php 第 114 行.
NOTIC: [8] Undefined offset: 5 D:\wamp\www\luoji\Application\Runtime\Cache\Home\2a94b8bda04ff446dcedd42276fc99ee.php 第 114 行.
NOTIC: [8] Undefined offset: 6 D:\wamp\www\luoji\Application\Runtime\Cache\Home\2a94b8bda04ff446dcedd42276fc99ee.php 第 114 行.
NOTIC: [8] Undefined offset: 7 D:\wamp\www\luoji\Application\Runtime\Cache\Home\2a94b8bda04ff446dcedd42276fc99ee.php 第 114 行.
NOTIC: [8] Undefined offset: 8 D:\wamp\www\luoji\Application\Runtime\Cache\Home\2a94b8bda04ff446dcedd42276fc99ee.php 第 114 行.
NOTIC: [8] Undefined offset: 9 D:\wamp\www\luoji\Application\Runtime\Cache\Home\2a94b8bda04ff446dcedd42276fc99ee.php 第 114 行.
INFO: Run Behavior\ParseTemplateBehavior [ RunTime:0.108007s ]
INFO: [ view_parse ] --END-- [ RunTime:0.108007s ]
INFO: [ view_filter ] --START--
INFO: Run Behavior\WriteHtmlCacheBehavior [ RunTime:0.002000s ]
INFO: [ view_filter ] --END-- [ RunTime:0.004000s ]
INFO: [ app_end ] --START--
INFO: Run Behavior\ShowPageTraceBehavior [ RunTime:0.002000s ]
INFO: [ app_end ] --END-- [ RunTime:0.004000s ]

[ 2016-06-12T15:52:00+08:00 ] 127.0.0.1 /luoji/index.php/Home/Content/index/type/article/id/7.html
INFO: [ app_init ] --START--
INFO: Run Behavior\BuildLiteBehavior [ RunTime:0.000000s ]
INFO: [ app_init ] --END-- [ RunTime:0.003000s ]
INFO: [ app_begin ] --START--
INFO: Run Behavior\ReadHtmlCacheBehavior [ RunTime:0.003000s ]
INFO: [ app_begin ] --END-- [ RunTime:0.004000s ]
SQL: SHOW COLUMNS FROM `image` [ RunTime:0.0030s ]
SQL: SHOW COLUMNS FROM `user` [ RunTime:0.0050s ]
SQL: SHOW COLUMNS FROM `album` [ RunTime:0.0040s ]
SQL: SELECT * FROM `image` WHERE ( mainimage="7" ) LIMIT 1   [ RunTime:0.0010s ]
SQL: SELECT * FROM `user` WHERE ( username="xuyuanfan5" ) LIMIT 1   [ RunTime:0.0010s ]
INFO: [ view_parse ] --START--
INFO: [ template_filter ] --START--
INFO: Run Behavior\ContentReplaceBehavior [ RunTime:0.002000s ]
INFO: [ template_filter ] --END-- [ RunTime:0.003000s ]
INFO: Run Behavior\ParseTemplateBehavior [ RunTime:0.036002s ]
INFO: [ view_parse ] --END-- [ RunTime:0.037002s ]
INFO: [ view_filter ] --START--
INFO: Run Behavior\WriteHtmlCacheBehavior [ RunTime:0.003000s ]
INFO: [ view_filter ] --END-- [ RunTime:0.005000s ]
INFO: [ app_end ] --START--
INFO: Run Behavior\ShowPageTraceBehavior [ RunTime:0.002000s ]
INFO: [ app_end ] --END-- [ RunTime:0.003000s ]

[ 2016-06-12T18:10:15+08:00 ] 127.0.0.1 /luoji/
INFO: [ app_init ] --START--
INFO: Run Behavior\BuildLiteBehavior [ RunTime:0.001000s ]
INFO: [ app_init ] --END-- [ RunTime:0.003000s ]
INFO: [ app_begin ] --START--
INFO: Run Behavior\ReadHtmlCacheBehavior [ RunTime:0.002001s ]
INFO: [ app_begin ] --END-- [ RunTime:0.003001s ]
SQL: SHOW COLUMNS FROM `image` [ RunTime:0.0040s ]
SQL: SHOW COLUMNS FROM `user` [ RunTime:0.0030s ]
SQL: SHOW COLUMNS FROM `album` [ RunTime:0.0040s ]
NOTIC: [8] Undefined index: p D:\wamp\www\luoji\Application\Home\Controller\IndexController.class.php 第 13 行.
NOTIC: [8] Undefined index: sort D:\wamp\www\luoji\Application\Home\Controller\IndexController.class.php 第 18 行.
SQL: SELECT * FROM `image` WHERE `type1` = 1 AND `state` = 1 LIMIT 0,10   [ RunTime:0.0010s ]
SQL: SELECT * FROM `user` WHERE ( username="xuyuanfan1" ) LIMIT 1   [ RunTime:0.0000s ]
SQL: SELECT * FROM `user` WHERE ( username="xuyuanfan4" ) LIMIT 1   [ RunTime:0.0010s ]
SQL: SELECT * FROM `user` WHERE ( username="xuyuanfan2" ) LIMIT 1   [ RunTime:0.0010s ]
SQL: SELECT * FROM `user` WHERE ( username="xuyuanfan3" ) LIMIT 1   [ RunTime:0.0010s ]
SQL: SELECT * FROM `user` WHERE ( username="xuyuanfan1" ) LIMIT 1   [ RunTime:0.0000s ]
SQL: SELECT * FROM `user` WHERE ( username="xuyuanfan3" ) LIMIT 1   [ RunTime:0.0000s ]
SQL: SELECT COUNT(*) AS tp_count FROM `image` WHERE `type1` = 1 AND `state` = 1 LIMIT 1   [ RunTime:0.0010s ]
NOTIC: [2] urlencode() expects parameter 1 to be string, array given D:\wamp\www\luoji\Application\Home\Controller\IndexController.class.php 第 84 行.
NOTIC: [2] urlencode() expects parameter 1 to be string, array given D:\wamp\www\luoji\Application\Home\Controller\IndexController.class.php 第 84 行.
SQL: SELECT * FROM `album` LIMIT 5   [ RunTime:0.0010s ]
SQL: SELECT * FROM `user` LIMIT 5   [ RunTime:0.0000s ]
INFO: [ view_parse ] --START--
INFO: [ template_filter ] --START--
INFO: Run Behavior\ContentReplaceBehavior [ RunTime:0.000000s ]
INFO: [ template_filter ] --END-- [ RunTime:0.002000s ]
NOTIC: [8] Undefined offset: 6 D:\wamp\www\luoji\Application\Runtime\Cache\Home\2a94b8bda04ff446dcedd42276fc99ee.php 第 114 行.
NOTIC: [8] Undefined offset: 7 D:\wamp\www\luoji\Application\Runtime\Cache\Home\2a94b8bda04ff446dcedd42276fc99ee.php 第 114 行.
NOTIC: [8] Undefined offset: 8 D:\wamp\www\luoji\Application\Runtime\Cache\Home\2a94b8bda04ff446dcedd42276fc99ee.php 第 114 行.
NOTIC: [8] Undefined offset: 9 D:\wamp\www\luoji\Application\Runtime\Cache\Home\2a94b8bda04ff446dcedd42276fc99ee.php 第 114 行.
INFO: Run Behavior\ParseTemplateBehavior [ RunTime:0.115007s ]
INFO: [ view_parse ] --END-- [ RunTime:0.118007s ]
INFO: [ view_filter ] --START--
INFO: Run Behavior\WriteHtmlCacheBehavior [ RunTime:0.002000s ]
INFO: [ view_filter ] --END-- [ RunTime:0.003000s ]
INFO: [ app_end ] --START--
INFO: Run Behavior\ShowPageTraceBehavior [ RunTime:0.003001s ]
INFO: [ app_end ] --END-- [ RunTime:0.008001s ]

[ 2016-06-12T18:10:20+08:00 ] 127.0.0.1 /luoji/index.php/Home/Index/index/sort/2.html
INFO: [ app_init ] --START--
INFO: Run Behavior\BuildLiteBehavior [ RunTime:0.000000s ]
INFO: [ app_init ] --END-- [ RunTime:0.002000s ]
INFO: [ app_begin ] --START--
INFO: Run Behavior\ReadHtmlCacheBehavior [ RunTime:0.002000s ]
INFO: [ app_begin ] --END-- [ RunTime:0.004000s ]
SQL: SHOW COLUMNS FROM `image` [ RunTime:0.0040s ]
SQL: SHOW COLUMNS FROM `user` [ RunTime:0.0040s ]
SQL: SHOW COLUMNS FROM `album` [ RunTime:0.0030s ]
NOTIC: [8] Undefined index: p D:\wamp\www\luoji\Application\Home\Controller\IndexController.class.php 第 13 行.
SQL: SELECT * FROM `image` WHERE `type1` = '2' AND `state` = 1 LIMIT 0,10   [ RunTime:0.0010s ]
SQL: SELECT * FROM `user` WHERE ( username="xuyuanfan1" ) LIMIT 1   [ RunTime:0.0000s ]
SQL: SELECT * FROM `user` WHERE ( username="xuyuanfan4" ) LIMIT 1   [ RunTime:0.0000s ]
SQL: SELECT COUNT(*) AS tp_count FROM `image` WHERE `type1` = '2' AND `state` = 1 LIMIT 1   [ RunTime:0.0010s ]
NOTIC: [2] urlencode() expects parameter 1 to be string, array given D:\wamp\www\luoji\Application\Home\Controller\IndexController.class.php 第 84 行.
NOTIC: [2] urlencode() expects parameter 1 to be string, array given D:\wamp\www\luoji\Application\Home\Controller\IndexController.class.php 第 84 行.
SQL: SELECT * FROM `album` LIMIT 5   [ RunTime:0.0010s ]
SQL: SELECT * FROM `user` LIMIT 5   [ RunTime:0.0020s ]
INFO: [ view_parse ] --START--
INFO: [ template_filter ] --START--
INFO: Run Behavior\ContentReplaceBehavior [ RunTime:0.001000s ]
INFO: [ template_filter ] --END-- [ RunTime:0.002000s ]
NOTIC: [8] Undefined offset: 2 D:\wamp\www\luoji\Application\Runtime\Cache\Home\2a94b8bda04ff446dcedd42276fc99ee.php 第 114 行.
NOTIC: [8] Undefined offset: 3 D:\wamp\www\luoji\Application\Runtime\Cache\Home\2a94b8bda04ff446dcedd42276fc99ee.php 第 114 行.
NOTIC: [8] Undefined offset: 4 D:\wamp\www\luoji\Application\Runtime\Cache\Home\2a94b8bda04ff446dcedd42276fc99ee.php 第 114 行.
NOTIC: [8] Undefined offset: 5 D:\wamp\www\luoji\Application\Runtime\Cache\Home\2a94b8bda04ff446dcedd42276fc99ee.php 第 114 行.
NOTIC: [8] Undefined offset: 6 D:\wamp\www\luoji\Application\Runtime\Cache\Home\2a94b8bda04ff446dcedd42276fc99ee.php 第 114 行.
NOTIC: [8] Undefined offset: 7 D:\wamp\www\luoji\Application\Runtime\Cache\Home\2a94b8bda04ff446dcedd42276fc99ee.php 第 114 行.
NOTIC: [8] Undefined offset: 8 D:\wamp\www\luoji\Application\Runtime\Cache\Home\2a94b8bda04ff446dcedd42276fc99ee.php 第 114 行.
NOTIC: [8] Undefined offset: 9 D:\wamp\www\luoji\Application\Runtime\Cache\Home\2a94b8bda04ff446dcedd42276fc99ee.php 第 114 行.
INFO: Run Behavior\ParseTemplateBehavior [ RunTime:0.108006s ]
INFO: [ view_parse ] --END-- [ RunTime:0.110006s ]
INFO: [ view_filter ] --START--
INFO: Run Behavior\WriteHtmlCacheBehavior [ RunTime:0.001000s ]
INFO: [ view_filter ] --END-- [ RunTime:0.003000s ]
INFO: [ app_end ] --START--
INFO: Run Behavior\ShowPageTraceBehavior [ RunTime:0.001000s ]
INFO: [ app_end ] --END-- [ RunTime:0.004000s ]

[ 2016-06-12T18:10:23+08:00 ] 127.0.0.1 /luoji/index.php/Home/Index/index/sort/3.html
INFO: [ app_init ] --START--
INFO: Run Behavior\BuildLiteBehavior [ RunTime:0.001000s ]
INFO: [ app_init ] --END-- [ RunTime:0.002000s ]
INFO: [ app_begin ] --START--
INFO: Run Behavior\ReadHtmlCacheBehavior [ RunTime:0.002000s ]
INFO: [ app_begin ] --END-- [ RunTime:0.004000s ]
SQL: SHOW COLUMNS FROM `image` [ RunTime:0.0050s ]
SQL: SHOW COLUMNS FROM `user` [ RunTime:0.0050s ]
SQL: SHOW COLUMNS FROM `album` [ RunTime:0.0040s ]
NOTIC: [8] Undefined index: p D:\wamp\www\luoji\Application\Home\Controller\IndexController.class.php 第 13 行.
SQL: SELECT * FROM `image` WHERE `type1` = '3' AND `state` = 1 LIMIT 0,10   [ RunTime:0.0010s ]
SQL: SELECT * FROM `user` WHERE ( username="xuyuanfan2" ) LIMIT 1   [ RunTime:0.0010s ]
SQL: SELECT * FROM `user` WHERE ( username="xuyuanfan3" ) LIMIT 1   [ RunTime:0.0010s ]
SQL: SELECT * FROM `user` WHERE ( username="xuyuanfan5" ) LIMIT 1   [ RunTime:0.0010s ]
SQL: SELECT * FROM `user` WHERE ( username="xuyuanfan5" ) LIMIT 1   [ RunTime:0.0010s ]
SQL: SELECT * FROM `user` WHERE ( username="xuyuanfan4" ) LIMIT 1   [ RunTime:0.0010s ]
SQL: SELECT * FROM `user` WHERE ( username="xuyuanfan5" ) LIMIT 1   [ RunTime:0.0000s ]
SQL: SELECT * FROM `user` WHERE ( username="xuyuanfan1" ) LIMIT 1   [ RunTime:0.0010s ]
SQL: SELECT * FROM `user` WHERE ( username="xuyuanfan2" ) LIMIT 1   [ RunTime:0.0010s ]
SQL: SELECT * FROM `user` WHERE ( username="xuyuanfan3" ) LIMIT 1   [ RunTime:0.0010s ]
SQL: SELECT * FROM `user` WHERE ( username="xuyuanfan4" ) LIMIT 1   [ RunTime:0.0000s ]
SQL: SELECT COUNT(*) AS tp_count FROM `image` WHERE `type1` = '3' AND `state` = 1 LIMIT 1   [ RunTime:0.0010s ]
NOTIC: [2] urlencode() expects parameter 1 to be string, array given D:\wamp\www\luoji\Application\Home\Controller\IndexController.class.php 第 84 行.
NOTIC: [2] urlencode() expects parameter 1 to be string, array given D:\wamp\www\luoji\Application\Home\Controller\IndexController.class.php 第 84 行.
SQL: SELECT * FROM `album` LIMIT 5   [ RunTime:0.0000s ]
SQL: SELECT * FROM `user` LIMIT 5   [ RunTime:0.0010s ]
INFO: [ view_parse ] --START--
INFO: [ template_filter ] --START--
INFO: Run Behavior\ContentReplaceBehavior [ RunTime:0.001000s ]
INFO: [ template_filter ] --END-- [ RunTime:0.003001s ]
INFO: Run Behavior\ParseTemplateBehavior [ RunTime:0.127007s ]
INFO: [ view_parse ] --END-- [ RunTime:0.127007s ]
INFO: [ view_filter ] --START--
INFO: Run Behavior\WriteHtmlCacheBehavior [ RunTime:0.003000s ]
INFO: [ view_filter ] --END-- [ RunTime:0.005000s ]
INFO: [ app_end ] --START--
INFO: Run Behavior\ShowPageTraceBehavior [ RunTime:0.001000s ]
INFO: [ app_end ] --END-- [ RunTime:0.003001s ]

