[ 2016-07-08T15:21:39+08:00 ] 127.0.0.1 /luoji/
INFO: [ app_init ] --START--
INFO: Run Behavior\BuildLiteBehavior [ RunTime:0.000977s ]
INFO: [ app_init ] --END-- [ RunTime:0.024414s ]
INFO: [ app_begin ] --START--
INFO: Run Behavior\ReadHtmlCacheBehavior [ RunTime:0.002930s ]
INFO: [ app_begin ] --END-- [ RunTime:0.005859s ]
NOTIC: [8] Undefined index: category D:\wamp\www\luoji\Application\Home\Controller\IndexController.class.php 第 8 行.
SQL: SHOW COLUMNS FROM `special` [ RunTime:0.7988s ]
SQL: SELECT * FROM `special` LIMIT 5   [ RunTime:0.0049s ]
NOTIC: [8] Undefined index: category D:\wamp\www\luoji\Application\Home\Controller\IndexController.class.php 第 8 行.
NOTIC: [8] Undefined index: p D:\wamp\www\luoji\Application\Home\Controller\IndexController.class.php 第 18 行.
NOTIC: [8] Undefined variable: condition D:\wamp\www\luoji\Application\Home\Controller\IndexController.class.php 第 50 行.
SQL: SHOW COLUMNS FROM `article` [ RunTime:0.1084s ]
SQL: SHOW COLUMNS FROM `user` [ RunTime:0.1084s ]
SQL: SELECT Article.id AS article_id,Article.mainimage AS mainimage,Article.coverimage AS coverimage,Article.maintitle AS maintitle,Article.subhead AS subhead,Article.introduction AS article_introduction,Article.author AS author,Article.type1 AS type1,Article.type2 AS type2,Article.type3 AS type3,Article.collectnum AS collectnum,Article.readnum AS readnum,Article.createtime AS article_createtime,User.id AS user_id,User.username AS username,User.password AS password,User.nickname AS nickname,User.headimage AS headimage,User.rank AS rank,User.jobs AS jobs,User.company AS company,User.introduction AS user_introduction,User.createtime AS user_createtime FROM article Article LEFT JOIN user User ON Article.author=User.id LIMIT 0,10   [ RunTime:0.0547s ]
SQL: SHOW COLUMNS FROM `collect` [ RunTime:0.0410s ]
SQL: SELECT * FROM `collect` WHERE `user_id` = null AND `article_id` = '1' LIMIT 1   [ RunTime:0.0020s ]
SQL: SELECT * FROM `collect` WHERE `user_id` = null AND `article_id` = '2' LIMIT 1   [ RunTime:0.0010s ]
SQL: SELECT * FROM `collect` WHERE `user_id` = null AND `article_id` = '3' LIMIT 1   [ RunTime:0.0000s ]
SQL: SELECT * FROM `collect` WHERE `user_id` = null AND `article_id` = '4' LIMIT 1   [ RunTime:0.0000s ]
SQL: SELECT * FROM `collect` WHERE `user_id` = null AND `article_id` = '5' LIMIT 1   [ RunTime:0.0010s ]
SQL: SELECT * FROM `collect` WHERE `user_id` = null AND `article_id` = '6' LIMIT 1   [ RunTime:0.0000s ]
SQL: SELECT * FROM `collect` WHERE `user_id` = null AND `article_id` = '7' LIMIT 1   [ RunTime:0.0029s ]
SQL: SELECT * FROM `collect` WHERE `user_id` = null AND `article_id` = '8' LIMIT 1   [ RunTime:0.0010s ]
SQL: SELECT * FROM `collect` WHERE `user_id` = null AND `article_id` = '9' LIMIT 1   [ RunTime:0.0010s ]
SQL: SELECT * FROM `collect` WHERE `user_id` = null AND `article_id` = '10' LIMIT 1   [ RunTime:0.0010s ]
NOTIC: [8] Undefined index: category D:\wamp\www\luoji\Application\Home\Controller\IndexController.class.php 第 8 行.
NOTIC: [8] Undefined variable: condition D:\wamp\www\luoji\Application\Home\Controller\IndexController.class.php 第 106 行.
SQL: SELECT COUNT(*) AS tp_count FROM article Article LEFT JOIN user User ON Article.author=User.id LIMIT 1   [ RunTime:0.0273s ]
NOTIC: [8] Undefined variable: condition D:\wamp\www\luoji\Application\Home\Controller\IndexController.class.php 第 108 行.
NOTIC: [2] Invalid argument supplied for foreach() D:\wamp\www\luoji\Application\Home\Controller\IndexController.class.php 第 108 行.
INFO: [ view_parse ] --START--
INFO: [ template_filter ] --START--
INFO: Run Behavior\ContentReplaceBehavior [ RunTime:0.022461s ]
INFO: [ template_filter ] --END-- [ RunTime:0.024414s ]
SQL: SELECT * FROM `special` ORDER BY readnum desc LIMIT 5   [ RunTime:0.0078s ]
INFO: [ view_parse ] --START--
INFO: [ template_filter ] --START--
INFO: Run Behavior\ContentReplaceBehavior [ RunTime:0.000977s ]
INFO: [ template_filter ] --END-- [ RunTime:-0.142579s ]
INFO: Run Behavior\ParseTemplateBehavior [ RunTime:0.043945s ]
INFO: [ view_parse ] --END-- [ RunTime:0.046875s ]
INFO: [ view_filter ] --START--
INFO: Run Behavior\WriteHtmlCacheBehavior [ RunTime:0.062500s ]
INFO: [ view_filter ] --END-- [ RunTime:0.065430s ]
SQL: SELECT * FROM `article` ORDER BY readnum desc LIMIT 8   [ RunTime:0.0020s ]
INFO: [ view_parse ] --START--
INFO: [ template_filter ] --START--
INFO: Run Behavior\ContentReplaceBehavior [ RunTime:0.000977s ]
INFO: [ template_filter ] --END-- [ RunTime:-0.281250s ]
INFO: Run Behavior\ParseTemplateBehavior [ RunTime:0.029297s ]
INFO: [ view_parse ] --END-- [ RunTime:-0.092774s ]
INFO: [ view_filter ] --START--
INFO: Run Behavior\WriteHtmlCacheBehavior [ RunTime:0.000000s ]
INFO: [ view_filter ] --END-- [ RunTime:-0.058593s ]
SQL: SELECT * FROM `user` ORDER BY rank desc LIMIT 5   [ RunTime:0.0010s ]
INFO: [ view_parse ] --START--
INFO: [ template_filter ] --START--
INFO: Run Behavior\ContentReplaceBehavior [ RunTime:0.000976s ]
INFO: [ template_filter ] --END-- [ RunTime:-0.387696s ]
INFO: Run Behavior\ParseTemplateBehavior [ RunTime:0.045898s ]
INFO: [ view_parse ] --END-- [ RunTime:-0.181641s ]
INFO: [ view_filter ] --START--
INFO: Run Behavior\WriteHtmlCacheBehavior [ RunTime:0.000000s ]
INFO: [ view_filter ] --END-- [ RunTime:-0.164062s ]
INFO: Run Behavior\ParseTemplateBehavior [ RunTime:0.056640s ]
INFO: [ view_parse ] --END-- [ RunTime:-0.181641s ]
INFO: [ view_filter ] --START--
INFO: Run Behavior\WriteHtmlCacheBehavior [ RunTime:0.000977s ]
INFO: [ view_filter ] --END-- [ RunTime:-0.173828s ]
INFO: [ app_end ] --START--
INFO: Run Behavior\ShowPageTraceBehavior [ RunTime:0.012695s ]
INFO: [ app_end ] --END-- [ RunTime:0.015625s ]

[ 2016-07-08T15:21:46+08:00 ] 127.0.0.1 /luoji/index.php/Home/Content/index/type/article/articleId/1.html
INFO: [ app_init ] --START--
INFO: Run Behavior\BuildLiteBehavior [ RunTime:0.000976s ]
INFO: [ app_init ] --END-- [ RunTime:0.003906s ]
INFO: [ app_begin ] --START--
INFO: Run Behavior\ReadHtmlCacheBehavior [ RunTime:0.001954s ]
INFO: [ app_begin ] --END-- [ RunTime:0.004883s ]
SQL: SHOW COLUMNS FROM `article` [ RunTime:0.0361s ]
SQL: SHOW COLUMNS FROM `user` [ RunTime:0.0059s ]
SQL: SELECT Article.id AS article_id,Article.mainimage AS mainimage,Article.coverimage AS coverimage,Article.maintitle AS maintitle,Article.subhead AS subhead,Article.introduction AS article_introduction,Article.author AS author,Article.type1 AS type1,Article.type2 AS type2,Article.type3 AS type3,Article.collectnum AS collectnum,Article.readnum AS readnum,Article.createtime AS article_createtime,User.id AS user_id,User.username AS username,User.password AS password,User.nickname AS nickname,User.headimage AS headimage,User.rank AS rank,User.jobs AS jobs,User.company AS company,User.introduction AS user_introduction,User.createtime AS user_createtime FROM article Article LEFT JOIN user User ON Article.author=User.id WHERE Article.id = '1' LIMIT 1   [ RunTime:0.0127s ]
INFO: [ view_parse ] --START--
INFO: [ template_filter ] --START--
INFO: Run Behavior\ContentReplaceBehavior [ RunTime:0.000976s ]
INFO: [ template_filter ] --END-- [ RunTime:0.003906s ]
NOTIC: [8] Undefined variable: artListTitle D:\wamp\www\luoji\Application\Runtime\Cache\Home\05c25a47e280706f416be77c1b8978f8.php 第 79 行.
SQL: SHOW COLUMNS FROM `special` [ RunTime:0.0068s ]
SQL: SELECT * FROM `special` ORDER BY readnum desc LIMIT 5   [ RunTime:0.0010s ]
INFO: [ view_parse ] --START--
INFO: [ template_filter ] --START--
INFO: Run Behavior\ContentReplaceBehavior [ RunTime:0.000976s ]
INFO: [ template_filter ] --END-- [ RunTime:-0.084961s ]
INFO: Run Behavior\ParseTemplateBehavior [ RunTime:0.033204s ]
INFO: [ view_parse ] --END-- [ RunTime:0.036133s ]
INFO: [ view_filter ] --START--
INFO: Run Behavior\WriteHtmlCacheBehavior [ RunTime:0.001954s ]
INFO: [ view_filter ] --END-- [ RunTime:0.004883s ]
SQL: SELECT * FROM `article` ORDER BY readnum desc LIMIT 8   [ RunTime:0.0010s ]
INFO: [ view_parse ] --START--
INFO: [ template_filter ] --START--
INFO: Run Behavior\ContentReplaceBehavior [ RunTime:0.000976s ]
INFO: [ template_filter ] --END-- [ RunTime:-0.142578s ]
INFO: Run Behavior\ParseTemplateBehavior [ RunTime:0.027344s ]
INFO: [ view_parse ] --END-- [ RunTime:-0.023437s ]
INFO: [ view_filter ] --START--
INFO: Run Behavior\WriteHtmlCacheBehavior [ RunTime:0.000000s ]
INFO: [ view_filter ] --END-- [ RunTime:-0.046875s ]
INFO: Run Behavior\ParseTemplateBehavior [ RunTime:0.034179s ]
INFO: [ view_parse ] --END-- [ RunTime:-0.023437s ]
INFO: [ view_filter ] --START--
INFO: Run Behavior\WriteHtmlCacheBehavior [ RunTime:0.000976s ]
INFO: [ view_filter ] --END-- [ RunTime:-0.053711s ]
INFO: [ app_end ] --START--
INFO: Run Behavior\ShowPageTraceBehavior [ RunTime:0.002929s ]
INFO: [ app_end ] --END-- [ RunTime:0.003906s ]

[ 2016-07-08T15:22:17+08:00 ] 127.0.0.1 /luoji/index.php/Home/Index/index/category/0.html
INFO: [ app_init ] --START--
INFO: Run Behavior\BuildLiteBehavior [ RunTime:0.000977s ]
INFO: [ app_init ] --END-- [ RunTime:0.003906s ]
INFO: [ app_begin ] --START--
INFO: Run Behavior\ReadHtmlCacheBehavior [ RunTime:0.002930s ]
INFO: [ app_begin ] --END-- [ RunTime:0.004883s ]
SQL: SHOW COLUMNS FROM `special` [ RunTime:0.0059s ]
SQL: SELECT * FROM `special` LIMIT 5   [ RunTime:0.0020s ]
NOTIC: [8] Undefined index: p D:\wamp\www\luoji\Application\Home\Controller\IndexController.class.php 第 18 行.
NOTIC: [8] Undefined variable: condition D:\wamp\www\luoji\Application\Home\Controller\IndexController.class.php 第 50 行.
SQL: SHOW COLUMNS FROM `article` [ RunTime:0.0059s ]
SQL: SHOW COLUMNS FROM `user` [ RunTime:0.0078s ]
SQL: SELECT Article.id AS article_id,Article.mainimage AS mainimage,Article.coverimage AS coverimage,Article.maintitle AS maintitle,Article.subhead AS subhead,Article.introduction AS article_introduction,Article.author AS author,Article.type1 AS type1,Article.type2 AS type2,Article.type3 AS type3,Article.collectnum AS collectnum,Article.readnum AS readnum,Article.createtime AS article_createtime,User.id AS user_id,User.username AS username,User.password AS password,User.nickname AS nickname,User.headimage AS headimage,User.rank AS rank,User.jobs AS jobs,User.company AS company,User.introduction AS user_introduction,User.createtime AS user_createtime FROM article Article LEFT JOIN user User ON Article.author=User.id LIMIT 0,10   [ RunTime:0.0020s ]
SQL: SHOW COLUMNS FROM `collect` [ RunTime:0.0059s ]
SQL: SELECT * FROM `collect` WHERE `user_id` = null AND `article_id` = '1' LIMIT 1   [ RunTime:0.0010s ]
SQL: SELECT * FROM `collect` WHERE `user_id` = null AND `article_id` = '2' LIMIT 1   [ RunTime:0.0010s ]
SQL: SELECT * FROM `collect` WHERE `user_id` = null AND `article_id` = '3' LIMIT 1   [ RunTime:0.0010s ]
SQL: SELECT * FROM `collect` WHERE `user_id` = null AND `article_id` = '4' LIMIT 1   [ RunTime:0.0010s ]
SQL: SELECT * FROM `collect` WHERE `user_id` = null AND `article_id` = '5' LIMIT 1   [ RunTime:0.0010s ]
SQL: SELECT * FROM `collect` WHERE `user_id` = null AND `article_id` = '6' LIMIT 1   [ RunTime:0.0010s ]
SQL: SELECT * FROM `collect` WHERE `user_id` = null AND `article_id` = '7' LIMIT 1   [ RunTime:0.0020s ]
SQL: SELECT * FROM `collect` WHERE `user_id` = null AND `article_id` = '8' LIMIT 1   [ RunTime:0.0020s ]
SQL: SELECT * FROM `collect` WHERE `user_id` = null AND `article_id` = '9' LIMIT 1   [ RunTime:0.0010s ]
SQL: SELECT * FROM `collect` WHERE `user_id` = null AND `article_id` = '10' LIMIT 1   [ RunTime:0.0010s ]
NOTIC: [8] Undefined variable: condition D:\wamp\www\luoji\Application\Home\Controller\IndexController.class.php 第 106 行.
SQL: SELECT COUNT(*) AS tp_count FROM article Article LEFT JOIN user User ON Article.author=User.id LIMIT 1   [ RunTime:0.0010s ]
NOTIC: [8] Undefined variable: condition D:\wamp\www\luoji\Application\Home\Controller\IndexController.class.php 第 108 行.
NOTIC: [2] Invalid argument supplied for foreach() D:\wamp\www\luoji\Application\Home\Controller\IndexController.class.php 第 108 行.
INFO: [ view_parse ] --START--
INFO: [ template_filter ] --START--
INFO: Run Behavior\ContentReplaceBehavior [ RunTime:0.000977s ]
INFO: [ template_filter ] --END-- [ RunTime:0.002929s ]
SQL: SELECT * FROM `special` ORDER BY readnum desc LIMIT 5   [ RunTime:0.0020s ]
INFO: [ view_parse ] --START--
INFO: [ template_filter ] --START--
INFO: Run Behavior\ContentReplaceBehavior [ RunTime:0.000976s ]
INFO: [ template_filter ] --END-- [ RunTime:-0.087891s ]
INFO: Run Behavior\ParseTemplateBehavior [ RunTime:0.031250s ]
INFO: [ view_parse ] --END-- [ RunTime:0.033204s ]
INFO: [ view_filter ] --START--
INFO: Run Behavior\WriteHtmlCacheBehavior [ RunTime:0.001953s ]
INFO: [ view_filter ] --END-- [ RunTime:0.003906s ]
SQL: SELECT * FROM `article` ORDER BY readnum desc LIMIT 8   [ RunTime:0.0010s ]
INFO: [ view_parse ] --START--
INFO: [ template_filter ] --START--
INFO: Run Behavior\ContentReplaceBehavior [ RunTime:0.000977s ]
INFO: [ template_filter ] --END-- [ RunTime:-0.141602s ]
INFO: Run Behavior\ParseTemplateBehavior [ RunTime:0.027344s ]
INFO: [ view_parse ] --END-- [ RunTime:-0.021484s ]
INFO: [ view_filter ] --START--
INFO: Run Behavior\WriteHtmlCacheBehavior [ RunTime:0.000000s ]
INFO: [ view_filter ] --END-- [ RunTime:-0.047852s ]
SQL: SELECT * FROM `user` ORDER BY rank desc LIMIT 5   [ RunTime:0.0020s ]
INFO: [ view_parse ] --START--
INFO: [ template_filter ] --START--
INFO: Run Behavior\ContentReplaceBehavior [ RunTime:0.000976s ]
INFO: [ template_filter ] --END-- [ RunTime:-0.210938s ]
INFO: Run Behavior\ParseTemplateBehavior [ RunTime:0.051758s ]
INFO: [ view_parse ] --END-- [ RunTime:-0.073242s ]
INFO: [ view_filter ] --START--
INFO: Run Behavior\WriteHtmlCacheBehavior [ RunTime:0.000977s ]
INFO: [ view_filter ] --END-- [ RunTime:-0.124024s ]
INFO: Run Behavior\ParseTemplateBehavior [ RunTime:0.060547s ]
INFO: [ view_parse ] --END-- [ RunTime:-0.073242s ]
INFO: [ view_filter ] --START--
INFO: Run Behavior\WriteHtmlCacheBehavior [ RunTime:0.001953s ]
INFO: [ view_filter ] --END-- [ RunTime:-0.131836s ]
INFO: [ app_end ] --START--
INFO: Run Behavior\ShowPageTraceBehavior [ RunTime:0.001954s ]
INFO: [ app_end ] --END-- [ RunTime:0.004883s ]

[ 2016-07-08T15:22:26+08:00 ] 127.0.0.1 /luoji/index.php/Home/Content/index/type/article/articleId/10.html
INFO: [ app_init ] --START--
INFO: Run Behavior\BuildLiteBehavior [ RunTime:0.000000s ]
INFO: [ app_init ] --END-- [ RunTime:0.003907s ]
INFO: [ app_begin ] --START--
INFO: Run Behavior\ReadHtmlCacheBehavior [ RunTime:0.003906s ]
INFO: [ app_begin ] --END-- [ RunTime:0.006836s ]
SQL: SHOW COLUMNS FROM `article` [ RunTime:0.0303s ]
SQL: SHOW COLUMNS FROM `user` [ RunTime:0.0088s ]
SQL: SELECT Article.id AS article_id,Article.mainimage AS mainimage,Article.coverimage AS coverimage,Article.maintitle AS maintitle,Article.subhead AS subhead,Article.introduction AS article_introduction,Article.author AS author,Article.type1 AS type1,Article.type2 AS type2,Article.type3 AS type3,Article.collectnum AS collectnum,Article.readnum AS readnum,Article.createtime AS article_createtime,User.id AS user_id,User.username AS username,User.password AS password,User.nickname AS nickname,User.headimage AS headimage,User.rank AS rank,User.jobs AS jobs,User.company AS company,User.introduction AS user_introduction,User.createtime AS user_createtime FROM article Article LEFT JOIN user User ON Article.author=User.id WHERE Article.id = '10' LIMIT 1   [ RunTime:0.0010s ]
INFO: [ view_parse ] --START--
INFO: [ template_filter ] --START--
INFO: Run Behavior\ContentReplaceBehavior [ RunTime:0.000977s ]
INFO: [ template_filter ] --END-- [ RunTime:0.002930s ]
NOTIC: [8] Undefined variable: artListTitle D:\wamp\www\luoji\Application\Runtime\Cache\Home\05c25a47e280706f416be77c1b8978f8.php 第 79 行.
SQL: SHOW COLUMNS FROM `special` [ RunTime:0.0059s ]
SQL: SELECT * FROM `special` ORDER BY readnum desc LIMIT 5   [ RunTime:0.0039s ]
INFO: [ view_parse ] --START--
INFO: [ template_filter ] --START--
INFO: Run Behavior\ContentReplaceBehavior [ RunTime:0.000976s ]
INFO: [ template_filter ] --END-- [ RunTime:-0.081054s ]
INFO: Run Behavior\ParseTemplateBehavior [ RunTime:0.028320s ]
INFO: [ view_parse ] --END-- [ RunTime:0.030274s ]
INFO: [ view_filter ] --START--
INFO: Run Behavior\WriteHtmlCacheBehavior [ RunTime:0.001953s ]
INFO: [ view_filter ] --END-- [ RunTime:0.003906s ]
SQL: SELECT * FROM `article` ORDER BY readnum desc LIMIT 8   [ RunTime:0.0010s ]
INFO: [ view_parse ] --START--
INFO: [ template_filter ] --START--
INFO: Run Behavior\ContentReplaceBehavior [ RunTime:0.000977s ]
INFO: [ template_filter ] --END-- [ RunTime:-0.139648s ]
INFO: Run Behavior\ParseTemplateBehavior [ RunTime:0.035156s ]
INFO: [ view_parse ] --END-- [ RunTime:-0.020507s ]
INFO: [ view_filter ] --START--
INFO: Run Behavior\WriteHtmlCacheBehavior [ RunTime:0.000977s ]
INFO: [ view_filter ] --END-- [ RunTime:-0.054688s ]
INFO: Run Behavior\ParseTemplateBehavior [ RunTime:0.044922s ]
INFO: [ view_parse ] --END-- [ RunTime:-0.020507s ]
INFO: [ view_filter ] --START--
INFO: Run Behavior\WriteHtmlCacheBehavior [ RunTime:0.000976s ]
INFO: [ view_filter ] --END-- [ RunTime:-0.063477s ]
INFO: [ app_end ] --START--
INFO: Run Behavior\ShowPageTraceBehavior [ RunTime:0.001953s ]
INFO: [ app_end ] --END-- [ RunTime:0.004883s ]

[ 2016-07-08T15:40:37+08:00 ] 127.0.0.1 /luoji/index.php/Home/Content/index/type/article/articleId/4.html
INFO: [ app_init ] --START--
INFO: Run Behavior\BuildLiteBehavior [ RunTime:0.000000s ]
INFO: [ app_init ] --END-- [ RunTime:0.004883s ]
INFO: [ app_begin ] --START--
INFO: Run Behavior\ReadHtmlCacheBehavior [ RunTime:0.005859s ]
INFO: [ app_begin ] --END-- [ RunTime:0.007813s ]
SQL: SHOW COLUMNS FROM `article` [ RunTime:0.0068s ]
SQL: SHOW COLUMNS FROM `user` [ RunTime:0.0059s ]
SQL: SELECT Article.id AS article_id,Article.mainimage AS mainimage,Article.coverimage AS coverimage,Article.maintitle AS maintitle,Article.subhead AS subhead,Article.introduction AS article_introduction,Article.author AS author,Article.type1 AS type1,Article.type2 AS type2,Article.type3 AS type3,Article.collectnum AS collectnum,Article.readnum AS readnum,Article.createtime AS article_createtime,User.id AS user_id,User.username AS username,User.password AS password,User.nickname AS nickname,User.headimage AS headimage,User.rank AS rank,User.jobs AS jobs,User.company AS company,User.introduction AS user_introduction,User.createtime AS user_createtime FROM article Article LEFT JOIN user User ON Article.author=User.id WHERE Article.id = '4' LIMIT 1   [ RunTime:0.0010s ]
INFO: [ view_parse ] --START--
INFO: [ template_filter ] --START--
INFO: Run Behavior\ContentReplaceBehavior [ RunTime:0.000977s ]
INFO: [ template_filter ] --END-- [ RunTime:0.001953s ]
NOTIC: [8] Undefined variable: artListTitle D:\wamp\www\luoji\Application\Runtime\Cache\Home\05c25a47e280706f416be77c1b8978f8.php 第 79 行.
SQL: SHOW COLUMNS FROM `special` [ RunTime:0.0059s ]
SQL: SELECT * FROM `special` ORDER BY readnum desc LIMIT 5   [ RunTime:0.0010s ]
INFO: [ view_parse ] --START--
INFO: [ template_filter ] --START--
INFO: Run Behavior\ContentReplaceBehavior [ RunTime:0.000976s ]
INFO: [ template_filter ] --END-- [ RunTime:-0.083008s ]
INFO: Run Behavior\ParseTemplateBehavior [ RunTime:0.029297s ]
INFO: [ view_parse ] --END-- [ RunTime:0.031250s ]
INFO: [ view_filter ] --START--
INFO: Run Behavior\WriteHtmlCacheBehavior [ RunTime:0.001953s ]
INFO: [ view_filter ] --END-- [ RunTime:0.003906s ]
SQL: SELECT * FROM `article` ORDER BY readnum desc LIMIT 8   [ RunTime:0.0010s ]
INFO: [ view_parse ] --START--
INFO: [ template_filter ] --START--
INFO: Run Behavior\ContentReplaceBehavior [ RunTime:0.000977s ]
INFO: [ template_filter ] --END-- [ RunTime:-0.135742s ]
INFO: Run Behavior\ParseTemplateBehavior [ RunTime:0.027344s ]
INFO: [ view_parse ] --END-- [ RunTime:-0.023438s ]
INFO: [ view_filter ] --START--
INFO: Run Behavior\WriteHtmlCacheBehavior [ RunTime:0.000977s ]
INFO: [ view_filter ] --END-- [ RunTime:-0.048828s ]
INFO: Run Behavior\ParseTemplateBehavior [ RunTime:0.033204s ]
INFO: [ view_parse ] --END-- [ RunTime:-0.023438s ]
INFO: [ view_filter ] --START--
INFO: Run Behavior\WriteHtmlCacheBehavior [ RunTime:0.000977s ]
INFO: [ view_filter ] --END-- [ RunTime:-0.054688s ]
INFO: [ app_end ] --START--
INFO: Run Behavior\ShowPageTraceBehavior [ RunTime:0.001953s ]
INFO: [ app_end ] --END-- [ RunTime:0.003906s ]

[ 2016-07-08T15:45:19+08:00 ] 127.0.0.1 /luoji/index.php/Home/Index/index/category/0.html
INFO: [ app_init ] --START--
INFO: Run Behavior\BuildLiteBehavior [ RunTime:0.000000s ]
INFO: [ app_init ] --END-- [ RunTime:0.002930s ]
INFO: [ app_begin ] --START--
INFO: Run Behavior\ReadHtmlCacheBehavior [ RunTime:0.002930s ]
INFO: [ app_begin ] --END-- [ RunTime:0.004883s ]
SQL: SHOW COLUMNS FROM `special` [ RunTime:0.0059s ]
SQL: SELECT * FROM `special` LIMIT 5   [ RunTime:0.0010s ]
NOTIC: [8] Undefined index: p D:\wamp\www\luoji\Application\Home\Controller\IndexController.class.php 第 18 行.
NOTIC: [8] Undefined variable: condition D:\wamp\www\luoji\Application\Home\Controller\IndexController.class.php 第 50 行.
SQL: SHOW COLUMNS FROM `article` [ RunTime:0.0068s ]
SQL: SHOW COLUMNS FROM `user` [ RunTime:0.0049s ]
SQL: SELECT Article.id AS article_id,Article.mainimage AS mainimage,Article.coverimage AS coverimage,Article.maintitle AS maintitle,Article.subhead AS subhead,Article.introduction AS article_introduction,Article.author AS author,Article.type1 AS type1,Article.type2 AS type2,Article.type3 AS type3,Article.collectnum AS collectnum,Article.readnum AS readnum,Article.createtime AS article_createtime,User.id AS user_id,User.username AS username,User.password AS password,User.nickname AS nickname,User.headimage AS headimage,User.rank AS rank,User.jobs AS jobs,User.company AS company,User.introduction AS user_introduction,User.createtime AS user_createtime FROM article Article LEFT JOIN user User ON Article.author=User.id LIMIT 0,10   [ RunTime:0.0010s ]
SQL: SHOW COLUMNS FROM `collect` [ RunTime:0.0068s ]
SQL: SELECT * FROM `collect` WHERE `user_id` = null AND `article_id` = '1' LIMIT 1   [ RunTime:0.0010s ]
SQL: SELECT * FROM `collect` WHERE `user_id` = null AND `article_id` = '2' LIMIT 1   [ RunTime:0.0010s ]
SQL: SELECT * FROM `collect` WHERE `user_id` = null AND `article_id` = '3' LIMIT 1   [ RunTime:0.0020s ]
SQL: SELECT * FROM `collect` WHERE `user_id` = null AND `article_id` = '4' LIMIT 1   [ RunTime:0.0010s ]
SQL: SELECT * FROM `collect` WHERE `user_id` = null AND `article_id` = '5' LIMIT 1   [ RunTime:0.0010s ]
SQL: SELECT * FROM `collect` WHERE `user_id` = null AND `article_id` = '6' LIMIT 1   [ RunTime:0.0010s ]
SQL: SELECT * FROM `collect` WHERE `user_id` = null AND `article_id` = '7' LIMIT 1   [ RunTime:0.0010s ]
SQL: SELECT * FROM `collect` WHERE `user_id` = null AND `article_id` = '8' LIMIT 1   [ RunTime:0.0000s ]
SQL: SELECT * FROM `collect` WHERE `user_id` = null AND `article_id` = '9' LIMIT 1   [ RunTime:0.0010s ]
SQL: SELECT * FROM `collect` WHERE `user_id` = null AND `article_id` = '10' LIMIT 1   [ RunTime:0.0010s ]
NOTIC: [8] Undefined variable: condition D:\wamp\www\luoji\Application\Home\Controller\IndexController.class.php 第 106 行.
SQL: SELECT COUNT(*) AS tp_count FROM article Article LEFT JOIN user User ON Article.author=User.id LIMIT 1   [ RunTime:0.0010s ]
NOTIC: [8] Undefined variable: condition D:\wamp\www\luoji\Application\Home\Controller\IndexController.class.php 第 108 行.
NOTIC: [2] Invalid argument supplied for foreach() D:\wamp\www\luoji\Application\Home\Controller\IndexController.class.php 第 108 行.
INFO: [ view_parse ] --START--
INFO: [ template_filter ] --START--
INFO: Run Behavior\ContentReplaceBehavior [ RunTime:0.000977s ]
INFO: [ template_filter ] --END-- [ RunTime:0.002929s ]
SQL: SELECT * FROM `special` ORDER BY readnum desc LIMIT 5   [ RunTime:0.0010s ]
INFO: [ view_parse ] --START--
INFO: [ template_filter ] --START--
INFO: Run Behavior\ContentReplaceBehavior [ RunTime:0.000976s ]
INFO: [ template_filter ] --END-- [ RunTime:-0.079102s ]
INFO: Run Behavior\ParseTemplateBehavior [ RunTime:0.028321s ]
INFO: [ view_parse ] --END-- [ RunTime:0.031250s ]
INFO: [ view_filter ] --START--
INFO: Run Behavior\WriteHtmlCacheBehavior [ RunTime:0.001954s ]
INFO: [ view_filter ] --END-- [ RunTime:0.002930s ]
SQL: SELECT * FROM `article` ORDER BY readnum desc LIMIT 8   [ RunTime:0.0010s ]
INFO: [ view_parse ] --START--
INFO: [ template_filter ] --START--
INFO: Run Behavior\ContentReplaceBehavior [ RunTime:0.001953s ]
INFO: [ template_filter ] --END-- [ RunTime:-0.130860s ]
INFO: Run Behavior\ParseTemplateBehavior [ RunTime:0.027344s ]
INFO: [ view_parse ] --END-- [ RunTime:-0.021484s ]
INFO: [ view_filter ] --START--
INFO: Run Behavior\WriteHtmlCacheBehavior [ RunTime:0.000976s ]
INFO: [ view_filter ] --END-- [ RunTime:-0.046875s ]
SQL: SELECT * FROM `user` ORDER BY rank desc LIMIT 5   [ RunTime:0.0010s ]
INFO: [ view_parse ] --START--
INFO: [ template_filter ] --START--
INFO: Run Behavior\ContentReplaceBehavior [ RunTime:0.000977s ]
INFO: [ template_filter ] --END-- [ RunTime:-0.184571s ]
INFO: Run Behavior\ParseTemplateBehavior [ RunTime:0.032227s ]
INFO: [ view_parse ] --END-- [ RunTime:-0.070312s ]
INFO: [ view_filter ] --START--
INFO: Run Behavior\WriteHtmlCacheBehavior [ RunTime:0.000976s ]
INFO: [ view_filter ] --END-- [ RunTime:-0.102539s ]
INFO: Run Behavior\ParseTemplateBehavior [ RunTime:0.039063s ]
INFO: [ view_parse ] --END-- [ RunTime:-0.070312s ]
INFO: [ view_filter ] --START--
INFO: Run Behavior\WriteHtmlCacheBehavior [ RunTime:0.000000s ]
INFO: [ view_filter ] --END-- [ RunTime:-0.110352s ]
INFO: [ app_end ] --START--
INFO: Run Behavior\ShowPageTraceBehavior [ RunTime:0.002929s ]
INFO: [ app_end ] --END-- [ RunTime:0.005860s ]

[ 2016-07-08T15:45:22+08:00 ] 127.0.0.1 /luoji/index.php/Home/Content/index/type/article/articleId/1.html
INFO: [ app_init ] --START--
INFO: Run Behavior\BuildLiteBehavior [ RunTime:0.000000s ]
INFO: [ app_init ] --END-- [ RunTime:0.003907s ]
INFO: [ app_begin ] --START--
INFO: Run Behavior\ReadHtmlCacheBehavior [ RunTime:0.001954s ]
INFO: [ app_begin ] --END-- [ RunTime:0.004883s ]
SQL: SHOW COLUMNS FROM `article` [ RunTime:0.0068s ]
SQL: SHOW COLUMNS FROM `user` [ RunTime:0.0068s ]
SQL: SELECT Article.id AS article_id,Article.mainimage AS mainimage,Article.coverimage AS coverimage,Article.maintitle AS maintitle,Article.subhead AS subhead,Article.introduction AS article_introduction,Article.author AS author,Article.type1 AS type1,Article.type2 AS type2,Article.type3 AS type3,Article.collectnum AS collectnum,Article.readnum AS readnum,Article.createtime AS article_createtime,User.id AS user_id,User.username AS username,User.password AS password,User.nickname AS nickname,User.headimage AS headimage,User.rank AS rank,User.jobs AS jobs,User.company AS company,User.introduction AS user_introduction,User.createtime AS user_createtime FROM article Article LEFT JOIN user User ON Article.author=User.id WHERE Article.id = '1' LIMIT 1   [ RunTime:0.0010s ]
INFO: [ view_parse ] --START--
INFO: [ template_filter ] --START--
INFO: Run Behavior\ContentReplaceBehavior [ RunTime:0.001953s ]
INFO: [ template_filter ] --END-- [ RunTime:0.003906s ]
NOTIC: [8] Undefined variable: artListTitle D:\wamp\www\luoji\Application\Runtime\Cache\Home\05c25a47e280706f416be77c1b8978f8.php 第 79 行.
SQL: SHOW COLUMNS FROM `special` [ RunTime:0.0068s ]
SQL: SELECT * FROM `special` ORDER BY readnum desc LIMIT 5   [ RunTime:0.0010s ]
INFO: [ view_parse ] --START--
INFO: [ template_filter ] --START--
INFO: Run Behavior\ContentReplaceBehavior [ RunTime:0.000000s ]
INFO: [ template_filter ] --END-- [ RunTime:-0.080078s ]
INFO: Run Behavior\ParseTemplateBehavior [ RunTime:0.029297s ]
INFO: [ view_parse ] --END-- [ RunTime:0.032226s ]
INFO: [ view_filter ] --START--
INFO: Run Behavior\WriteHtmlCacheBehavior [ RunTime:0.001953s ]
INFO: [ view_filter ] --END-- [ RunTime:0.004883s ]
SQL: SELECT * FROM `article` ORDER BY readnum desc LIMIT 8   [ RunTime:0.0010s ]
INFO: [ view_parse ] --START--
INFO: [ template_filter ] --START--
INFO: Run Behavior\ContentReplaceBehavior [ RunTime:0.000977s ]
INFO: [ template_filter ] --END-- [ RunTime:-0.134766s ]
INFO: Run Behavior\ParseTemplateBehavior [ RunTime:0.026367s ]
INFO: [ view_parse ] --END-- [ RunTime:-0.024414s ]
INFO: [ view_filter ] --START--
INFO: Run Behavior\WriteHtmlCacheBehavior [ RunTime:0.000976s ]
INFO: [ view_filter ] --END-- [ RunTime:-0.047851s ]
INFO: Run Behavior\ParseTemplateBehavior [ RunTime:0.034180s ]
INFO: [ view_parse ] --END-- [ RunTime:-0.024414s ]
INFO: [ view_filter ] --START--
INFO: Run Behavior\WriteHtmlCacheBehavior [ RunTime:0.000000s ]
INFO: [ view_filter ] --END-- [ RunTime:-0.055664s ]
INFO: [ app_end ] --START--
INFO: Run Behavior\ShowPageTraceBehavior [ RunTime:0.001953s ]
INFO: [ app_end ] --END-- [ RunTime:0.003906s ]

[ 2016-07-08T15:48:04+08:00 ] 127.0.0.1 /luoji/index.php/Home/Index/index/category/0.html
INFO: [ app_init ] --START--
INFO: Run Behavior\BuildLiteBehavior [ RunTime:0.000977s ]
INFO: [ app_init ] --END-- [ RunTime:0.002930s ]
INFO: [ app_begin ] --START--
INFO: Run Behavior\ReadHtmlCacheBehavior [ RunTime:0.002929s ]
INFO: [ app_begin ] --END-- [ RunTime:0.003906s ]
SQL: SHOW COLUMNS FROM `special` [ RunTime:0.0049s ]
SQL: SELECT * FROM `special` LIMIT 5   [ RunTime:0.0010s ]
NOTIC: [8] Undefined index: p D:\wamp\www\luoji\Application\Home\Controller\IndexController.class.php 第 18 行.
NOTIC: [8] Undefined variable: condition D:\wamp\www\luoji\Application\Home\Controller\IndexController.class.php 第 50 行.
SQL: SHOW COLUMNS FROM `article` [ RunTime:0.0059s ]
SQL: SHOW COLUMNS FROM `user` [ RunTime:0.0068s ]
SQL: SELECT Article.id AS article_id,Article.mainimage AS mainimage,Article.coverimage AS coverimage,Article.maintitle AS maintitle,Article.subhead AS subhead,Article.introduction AS article_introduction,Article.author AS author,Article.type1 AS type1,Article.type2 AS type2,Article.type3 AS type3,Article.collectnum AS collectnum,Article.readnum AS readnum,Article.createtime AS article_createtime,User.id AS user_id,User.username AS username,User.password AS password,User.nickname AS nickname,User.headimage AS headimage,User.rank AS rank,User.jobs AS jobs,User.company AS company,User.introduction AS user_introduction,User.createtime AS user_createtime FROM article Article LEFT JOIN user User ON Article.author=User.id LIMIT 0,10   [ RunTime:0.0020s ]
SQL: SHOW COLUMNS FROM `collect` [ RunTime:0.0049s ]
SQL: SELECT * FROM `collect` WHERE `user_id` = null AND `article_id` = '1' LIMIT 1   [ RunTime:0.0020s ]
SQL: SELECT * FROM `collect` WHERE `user_id` = null AND `article_id` = '2' LIMIT 1   [ RunTime:0.0000s ]
SQL: SELECT * FROM `collect` WHERE `user_id` = null AND `article_id` = '3' LIMIT 1   [ RunTime:0.0010s ]
SQL: SELECT * FROM `collect` WHERE `user_id` = null AND `article_id` = '4' LIMIT 1   [ RunTime:0.0010s ]
SQL: SELECT * FROM `collect` WHERE `user_id` = null AND `article_id` = '5' LIMIT 1   [ RunTime:0.0000s ]
SQL: SELECT * FROM `collect` WHERE `user_id` = null AND `article_id` = '6' LIMIT 1   [ RunTime:0.0010s ]
SQL: SELECT * FROM `collect` WHERE `user_id` = null AND `article_id` = '7' LIMIT 1   [ RunTime:0.0010s ]
SQL: SELECT * FROM `collect` WHERE `user_id` = null AND `article_id` = '8' LIMIT 1   [ RunTime:0.0010s ]
SQL: SELECT * FROM `collect` WHERE `user_id` = null AND `article_id` = '9' LIMIT 1   [ RunTime:0.0010s ]
SQL: SELECT * FROM `collect` WHERE `user_id` = null AND `article_id` = '10' LIMIT 1   [ RunTime:0.0010s ]
NOTIC: [8] Undefined variable: condition D:\wamp\www\luoji\Application\Home\Controller\IndexController.class.php 第 106 行.
SQL: SELECT COUNT(*) AS tp_count FROM article Article LEFT JOIN user User ON Article.author=User.id LIMIT 1   [ RunTime:0.0479s ]
NOTIC: [8] Undefined variable: condition D:\wamp\www\luoji\Application\Home\Controller\IndexController.class.php 第 108 行.
NOTIC: [2] Invalid argument supplied for foreach() D:\wamp\www\luoji\Application\Home\Controller\IndexController.class.php 第 108 行.
INFO: [ view_parse ] --START--
INFO: [ template_filter ] --START--
INFO: Run Behavior\ContentReplaceBehavior [ RunTime:0.000977s ]
INFO: [ template_filter ] --END-- [ RunTime:0.002929s ]
SQL: SELECT * FROM `special` ORDER BY readnum desc LIMIT 5   [ RunTime:0.0010s ]
INFO: [ view_parse ] --START--
INFO: [ template_filter ] --START--
INFO: Run Behavior\ContentReplaceBehavior [ RunTime:0.000977s ]
INFO: [ template_filter ] --END-- [ RunTime:-0.079102s ]
INFO: Run Behavior\ParseTemplateBehavior [ RunTime:0.027344s ]
INFO: [ view_parse ] --END-- [ RunTime:0.030273s ]
INFO: [ view_filter ] --START--
INFO: Run Behavior\WriteHtmlCacheBehavior [ RunTime:0.002929s ]
INFO: [ view_filter ] --END-- [ RunTime:0.003906s ]
SQL: SELECT * FROM `article` ORDER BY readnum desc LIMIT 8   [ RunTime:0.0010s ]
INFO: [ view_parse ] --START--
INFO: [ template_filter ] --START--
INFO: Run Behavior\ContentReplaceBehavior [ RunTime:0.000000s ]
INFO: [ template_filter ] --END-- [ RunTime:-0.130860s ]
INFO: Run Behavior\ParseTemplateBehavior [ RunTime:0.025390s ]
INFO: [ view_parse ] --END-- [ RunTime:-0.021485s ]
INFO: [ view_filter ] --START--
INFO: Run Behavior\WriteHtmlCacheBehavior [ RunTime:0.000000s ]
INFO: [ view_filter ] --END-- [ RunTime:-0.045898s ]
SQL: SELECT * FROM `user` ORDER BY rank desc LIMIT 5   [ RunTime:0.0010s ]
INFO: [ view_parse ] --START--
INFO: [ template_filter ] --START--
INFO: Run Behavior\ContentReplaceBehavior [ RunTime:0.000977s ]
INFO: [ template_filter ] --END-- [ RunTime:-0.179688s ]
INFO: Run Behavior\ParseTemplateBehavior [ RunTime:0.031250s ]
INFO: [ view_parse ] --END-- [ RunTime:-0.067383s ]
INFO: [ view_filter ] --START--
INFO: Run Behavior\WriteHtmlCacheBehavior [ RunTime:0.000000s ]
INFO: [ view_filter ] --END-- [ RunTime:-0.096680s ]
INFO: Run Behavior\ParseTemplateBehavior [ RunTime:0.040039s ]
INFO: [ view_parse ] --END-- [ RunTime:-0.067383s ]
INFO: [ view_filter ] --START--
INFO: Run Behavior\WriteHtmlCacheBehavior [ RunTime:0.000000s ]
INFO: [ view_filter ] --END-- [ RunTime:-0.105469s ]
INFO: [ app_end ] --START--
INFO: Run Behavior\ShowPageTraceBehavior [ RunTime:0.001953s ]
INFO: [ app_end ] --END-- [ RunTime:0.007812s ]

[ 2016-07-08T15:48:11+08:00 ] 127.0.0.1 /luoji/index.php/Home/Content/index/type/articles/specialId/3.html
INFO: [ app_init ] --START--
INFO: Run Behavior\BuildLiteBehavior [ RunTime:0.000976s ]
INFO: [ app_init ] --END-- [ RunTime:0.010742s ]
INFO: [ app_begin ] --START--
INFO: Run Behavior\ReadHtmlCacheBehavior [ RunTime:0.009765s ]
INFO: [ app_begin ] --END-- [ RunTime:0.012695s ]
SQL: SHOW COLUMNS FROM `special` [ RunTime:0.0068s ]
SQL: SHOW COLUMNS FROM `include` [ RunTime:0.0703s ]
SQL: SHOW COLUMNS FROM `article` [ RunTime:0.0098s ]
SQL: SELECT Special.id AS special_id,Special.maintitle AS specical_maintitle,Special.subhead AS specical_subhead,Special.introduction AS specical_introduction,Special.coverimage AS specical_coverimage,Special.type1 AS specical_type1,Special.type2 AS specical_type2,Special.type3 AS specical_type3,Special.createtime AS specical_createtime,Include.createtime AS include_createtime,Article.id AS article_id,Article.mainimage AS mainimage,Article.coverimage AS article_coverimage,Article.maintitle AS article_maintitle,Article.subhead AS article_subhead,Article.introduction AS article_introduction,Article.author AS author,Article.type1 AS article_type1,Article.type2 AS article_type2,Article.type3 AS article_type3,Article.collectnum AS collectnum,Article.readnum AS readnum,Article.createtime AS article_createtime FROM special Special RIGHT JOIN include Include ON Special.id=Include.special_id LEFT JOIN article Article ON Article.id=Include.article_id WHERE Special.id = '3'  [ RunTime:0.0322s ]
NOTIC: [8] Undefined index: artListIndex D:\wamp\www\luoji\Application\Home\Controller\ContentController.class.php 第 21 行.
NOTIC: [8] Undefined index: articleId D:\wamp\www\luoji\Application\Home\Controller\ContentController.class.php 第 8 行.
SQL: SELECT Special.id AS special_id,Special.maintitle AS specical_maintitle,Special.subhead AS specical_subhead,Special.introduction AS specical_introduction,Special.coverimage AS specical_coverimage,Special.type1 AS specical_type1,Special.type2 AS specical_type2,Special.type3 AS specical_type3,Special.createtime AS specical_createtime,Include.createtime AS include_createtime,Article.id AS article_id,Article.mainimage AS mainimage,Article.coverimage AS article_coverimage,Article.maintitle AS article_maintitle,Article.subhead AS article_subhead,Article.introduction AS article_introduction,Article.author AS author,Article.type1 AS article_type1,Article.type2 AS article_type2,Article.type3 AS article_type3,Article.collectnum AS collectnum,Article.readnum AS readnum,Article.createtime AS article_createtime FROM special Special RIGHT JOIN include Include ON Special.id=Include.special_id LEFT JOIN article Article ON Article.id=Include.article_id WHERE Special.id = '3'  [ RunTime:0.0010s ]
SQL: SHOW COLUMNS FROM `user` [ RunTime:0.0049s ]
SQL: SELECT Article.id AS article_id,Article.mainimage AS mainimage,Article.coverimage AS coverimage,Article.maintitle AS maintitle,Article.subhead AS subhead,Article.introduction AS article_introduction,Article.author AS author,Article.type1 AS type1,Article.type2 AS type2,Article.type3 AS type3,Article.collectnum AS collectnum,Article.readnum AS readnum,Article.createtime AS article_createtime,User.id AS user_id,User.username AS username,User.password AS password,User.nickname AS nickname,User.headimage AS headimage,User.rank AS rank,User.jobs AS jobs,User.company AS company,User.introduction AS user_introduction,User.createtime AS user_createtime FROM article Article LEFT JOIN user User ON Article.author=User.id WHERE Article.id = '9' LIMIT 1   [ RunTime:0.0020s ]
INFO: [ view_parse ] --START--
INFO: [ template_filter ] --START--
INFO: Run Behavior\ContentReplaceBehavior [ RunTime:0.000977s ]
INFO: [ template_filter ] --END-- [ RunTime:0.002930s ]
SQL: SELECT * FROM `special` ORDER BY readnum desc LIMIT 5   [ RunTime:0.0010s ]
INFO: [ view_parse ] --START--
INFO: [ template_filter ] --START--
INFO: Run Behavior\ContentReplaceBehavior [ RunTime:0.000977s ]
INFO: [ template_filter ] --END-- [ RunTime:-0.070313s ]
INFO: Run Behavior\ParseTemplateBehavior [ RunTime:0.028320s ]
INFO: [ view_parse ] --END-- [ RunTime:0.030274s ]
INFO: [ view_filter ] --START--
INFO: Run Behavior\WriteHtmlCacheBehavior [ RunTime:0.001953s ]
INFO: [ view_filter ] --END-- [ RunTime:0.003907s ]
SQL: SELECT * FROM `article` ORDER BY readnum desc LIMIT 8   [ RunTime:0.0020s ]
INFO: [ view_parse ] --START--
INFO: [ template_filter ] --START--
INFO: Run Behavior\ContentReplaceBehavior [ RunTime:0.000976s ]
INFO: [ template_filter ] --END-- [ RunTime:-0.125977s ]
INFO: Run Behavior\ParseTemplateBehavior [ RunTime:0.031250s ]
INFO: [ view_parse ] --END-- [ RunTime:-0.021484s ]
INFO: [ view_filter ] --START--
INFO: Run Behavior\WriteHtmlCacheBehavior [ RunTime:0.000000s ]
INFO: [ view_filter ] --END-- [ RunTime:-0.050781s ]
INFO: Run Behavior\ParseTemplateBehavior [ RunTime:0.038086s ]
INFO: [ view_parse ] --END-- [ RunTime:-0.021484s ]
INFO: [ view_filter ] --START--
INFO: Run Behavior\WriteHtmlCacheBehavior [ RunTime:0.000000s ]
INFO: [ view_filter ] --END-- [ RunTime:-0.057617s ]
INFO: [ app_end ] --START--
INFO: Run Behavior\ShowPageTraceBehavior [ RunTime:0.001953s ]
INFO: [ app_end ] --END-- [ RunTime:0.003906s ]

[ 2016-07-08T15:48:30+08:00 ] 127.0.0.1 /luoji/index.php/Home/Content/index/type/articles/specialId/1.html
INFO: [ app_init ] --START--
INFO: Run Behavior\BuildLiteBehavior [ RunTime:0.000977s ]
INFO: [ app_init ] --END-- [ RunTime:0.003906s ]
INFO: [ app_begin ] --START--
INFO: Run Behavior\ReadHtmlCacheBehavior [ RunTime:0.004883s ]
INFO: [ app_begin ] --END-- [ RunTime:0.014648s ]
SQL: SHOW COLUMNS FROM `special` [ RunTime:0.0059s ]
SQL: SHOW COLUMNS FROM `include` [ RunTime:0.0068s ]
SQL: SHOW COLUMNS FROM `article` [ RunTime:0.0166s ]
SQL: SELECT Special.id AS special_id,Special.maintitle AS specical_maintitle,Special.subhead AS specical_subhead,Special.introduction AS specical_introduction,Special.coverimage AS specical_coverimage,Special.type1 AS specical_type1,Special.type2 AS specical_type2,Special.type3 AS specical_type3,Special.createtime AS specical_createtime,Include.createtime AS include_createtime,Article.id AS article_id,Article.mainimage AS mainimage,Article.coverimage AS article_coverimage,Article.maintitle AS article_maintitle,Article.subhead AS article_subhead,Article.introduction AS article_introduction,Article.author AS author,Article.type1 AS article_type1,Article.type2 AS article_type2,Article.type3 AS article_type3,Article.collectnum AS collectnum,Article.readnum AS readnum,Article.createtime AS article_createtime FROM special Special RIGHT JOIN include Include ON Special.id=Include.special_id LEFT JOIN article Article ON Article.id=Include.article_id WHERE Special.id = '1'  [ RunTime:0.0020s ]
NOTIC: [8] Undefined index: artListIndex D:\wamp\www\luoji\Application\Home\Controller\ContentController.class.php 第 21 行.
NOTIC: [8] Undefined index: artListIndex D:\wamp\www\luoji\Application\Home\Controller\ContentController.class.php 第 21 行.
NOTIC: [8] Undefined index: artListIndex D:\wamp\www\luoji\Application\Home\Controller\ContentController.class.php 第 21 行.
NOTIC: [8] Undefined index: artListIndex D:\wamp\www\luoji\Application\Home\Controller\ContentController.class.php 第 21 行.
NOTIC: [8] Undefined index: artListIndex D:\wamp\www\luoji\Application\Home\Controller\ContentController.class.php 第 21 行.
NOTIC: [8] Undefined index: articleId D:\wamp\www\luoji\Application\Home\Controller\ContentController.class.php 第 8 行.
SQL: SELECT Special.id AS special_id,Special.maintitle AS specical_maintitle,Special.subhead AS specical_subhead,Special.introduction AS specical_introduction,Special.coverimage AS specical_coverimage,Special.type1 AS specical_type1,Special.type2 AS specical_type2,Special.type3 AS specical_type3,Special.createtime AS specical_createtime,Include.createtime AS include_createtime,Article.id AS article_id,Article.mainimage AS mainimage,Article.coverimage AS article_coverimage,Article.maintitle AS article_maintitle,Article.subhead AS article_subhead,Article.introduction AS article_introduction,Article.author AS author,Article.type1 AS article_type1,Article.type2 AS article_type2,Article.type3 AS article_type3,Article.collectnum AS collectnum,Article.readnum AS readnum,Article.createtime AS article_createtime FROM special Special RIGHT JOIN include Include ON Special.id=Include.special_id LEFT JOIN article Article ON Article.id=Include.article_id WHERE Special.id = '1'  [ RunTime:0.0010s ]
SQL: SHOW COLUMNS FROM `user` [ RunTime:0.0068s ]
SQL: SELECT Article.id AS article_id,Article.mainimage AS mainimage,Article.coverimage AS coverimage,Article.maintitle AS maintitle,Article.subhead AS subhead,Article.introduction AS article_introduction,Article.author AS author,Article.type1 AS type1,Article.type2 AS type2,Article.type3 AS type3,Article.collectnum AS collectnum,Article.readnum AS readnum,Article.createtime AS article_createtime,User.id AS user_id,User.username AS username,User.password AS password,User.nickname AS nickname,User.headimage AS headimage,User.rank AS rank,User.jobs AS jobs,User.company AS company,User.introduction AS user_introduction,User.createtime AS user_createtime FROM article Article LEFT JOIN user User ON Article.author=User.id WHERE Article.id = '1' LIMIT 1   [ RunTime:0.0010s ]
INFO: [ view_parse ] --START--
INFO: [ template_filter ] --START--
INFO: Run Behavior\ContentReplaceBehavior [ RunTime:0.000977s ]
INFO: [ template_filter ] --END-- [ RunTime:0.001953s ]
SQL: SELECT * FROM `special` ORDER BY readnum desc LIMIT 5   [ RunTime:0.0010s ]
INFO: [ view_parse ] --START--
INFO: [ template_filter ] --START--
INFO: Run Behavior\ContentReplaceBehavior [ RunTime:0.000976s ]
INFO: [ template_filter ] --END-- [ RunTime:-0.072265s ]
INFO: Run Behavior\ParseTemplateBehavior [ RunTime:0.028321s ]
INFO: [ view_parse ] --END-- [ RunTime:0.030273s ]
INFO: [ view_filter ] --START--
INFO: Run Behavior\WriteHtmlCacheBehavior [ RunTime:0.001953s ]
INFO: [ view_filter ] --END-- [ RunTime:0.003906s ]
SQL: SELECT * FROM `article` ORDER BY readnum desc LIMIT 8   [ RunTime:0.0020s ]
INFO: [ view_parse ] --START--
INFO: [ template_filter ] --START--
INFO: Run Behavior\ContentReplaceBehavior [ RunTime:0.000977s ]
INFO: [ template_filter ] --END-- [ RunTime:-0.128906s ]
INFO: Run Behavior\ParseTemplateBehavior [ RunTime:0.027344s ]
INFO: [ view_parse ] --END-- [ RunTime:-0.026367s ]
INFO: [ view_filter ] --START--
INFO: Run Behavior\WriteHtmlCacheBehavior [ RunTime:0.000000s ]
INFO: [ view_filter ] --END-- [ RunTime:-0.052734s ]
INFO: Run Behavior\ParseTemplateBehavior [ RunTime:0.034180s ]
INFO: [ view_parse ] --END-- [ RunTime:-0.026367s ]
INFO: [ view_filter ] --START--
INFO: Run Behavior\WriteHtmlCacheBehavior [ RunTime:0.000000s ]
INFO: [ view_filter ] --END-- [ RunTime:-0.059570s ]
INFO: [ app_end ] --START--
INFO: Run Behavior\ShowPageTraceBehavior [ RunTime:0.003906s ]
INFO: [ app_end ] --END-- [ RunTime:0.005859s ]

[ 2016-07-08T15:48:52+08:00 ] 127.0.0.1 /luoji/index.php/Home/Content/index/type/articles/specialId/1/articleId/5/artListIndex/4.html
INFO: [ app_init ] --START--
INFO: Run Behavior\BuildLiteBehavior [ RunTime:0.000000s ]
INFO: [ app_init ] --END-- [ RunTime:0.003906s ]
INFO: [ app_begin ] --START--
INFO: Run Behavior\ReadHtmlCacheBehavior [ RunTime:0.001953s ]
INFO: [ app_begin ] --END-- [ RunTime:0.008789s ]
SQL: SHOW COLUMNS FROM `special` [ RunTime:0.0088s ]
SQL: SHOW COLUMNS FROM `include` [ RunTime:0.0049s ]
SQL: SHOW COLUMNS FROM `article` [ RunTime:0.0068s ]
SQL: SELECT Special.id AS special_id,Special.maintitle AS specical_maintitle,Special.subhead AS specical_subhead,Special.introduction AS specical_introduction,Special.coverimage AS specical_coverimage,Special.type1 AS specical_type1,Special.type2 AS specical_type2,Special.type3 AS specical_type3,Special.createtime AS specical_createtime,Include.createtime AS include_createtime,Article.id AS article_id,Article.mainimage AS mainimage,Article.coverimage AS article_coverimage,Article.maintitle AS article_maintitle,Article.subhead AS article_subhead,Article.introduction AS article_introduction,Article.author AS author,Article.type1 AS article_type1,Article.type2 AS article_type2,Article.type3 AS article_type3,Article.collectnum AS collectnum,Article.readnum AS readnum,Article.createtime AS article_createtime FROM special Special RIGHT JOIN include Include ON Special.id=Include.special_id LEFT JOIN article Article ON Article.id=Include.article_id WHERE Special.id = '1'  [ RunTime:0.0020s ]
SQL: SHOW COLUMNS FROM `user` [ RunTime:0.0068s ]
SQL: SELECT Article.id AS article_id,Article.mainimage AS mainimage,Article.coverimage AS coverimage,Article.maintitle AS maintitle,Article.subhead AS subhead,Article.introduction AS article_introduction,Article.author AS author,Article.type1 AS type1,Article.type2 AS type2,Article.type3 AS type3,Article.collectnum AS collectnum,Article.readnum AS readnum,Article.createtime AS article_createtime,User.id AS user_id,User.username AS username,User.password AS password,User.nickname AS nickname,User.headimage AS headimage,User.rank AS rank,User.jobs AS jobs,User.company AS company,User.introduction AS user_introduction,User.createtime AS user_createtime FROM article Article LEFT JOIN user User ON Article.author=User.id WHERE Article.id = '5' LIMIT 1   [ RunTime:0.0020s ]
INFO: [ view_parse ] --START--
INFO: [ template_filter ] --START--
INFO: Run Behavior\ContentReplaceBehavior [ RunTime:0.000977s ]
INFO: [ template_filter ] --END-- [ RunTime:0.003906s ]
SQL: SELECT * FROM `special` ORDER BY readnum desc LIMIT 5   [ RunTime:0.0010s ]
INFO: [ view_parse ] --START--
INFO: [ template_filter ] --START--
INFO: Run Behavior\ContentReplaceBehavior [ RunTime:0.000000s ]
INFO: [ template_filter ] --END-- [ RunTime:-0.070313s ]
INFO: Run Behavior\ParseTemplateBehavior [ RunTime:0.027343s ]
INFO: [ view_parse ] --END-- [ RunTime:0.030274s ]
INFO: [ view_filter ] --START--
INFO: Run Behavior\WriteHtmlCacheBehavior [ RunTime:0.000976s ]
INFO: [ view_filter ] --END-- [ RunTime:0.004882s ]
SQL: SELECT * FROM `article` ORDER BY readnum desc LIMIT 8   [ RunTime:0.0010s ]
INFO: [ view_parse ] --START--
INFO: [ template_filter ] --START--
INFO: Run Behavior\ContentReplaceBehavior [ RunTime:0.000000s ]
INFO: [ template_filter ] --END-- [ RunTime:-0.122071s ]
INFO: Run Behavior\ParseTemplateBehavior [ RunTime:0.029297s ]
INFO: [ view_parse ] --END-- [ RunTime:-0.019531s ]
INFO: [ view_filter ] --START--
INFO: Run Behavior\WriteHtmlCacheBehavior [ RunTime:0.000977s ]
INFO: [ view_filter ] --END-- [ RunTime:-0.046875s ]
INFO: Run Behavior\ParseTemplateBehavior [ RunTime:0.036133s ]
INFO: [ view_parse ] --END-- [ RunTime:-0.019531s ]
INFO: [ view_filter ] --START--
INFO: Run Behavior\WriteHtmlCacheBehavior [ RunTime:0.000976s ]
INFO: [ view_filter ] --END-- [ RunTime:-0.053711s ]
INFO: [ app_end ] --START--
INFO: Run Behavior\ShowPageTraceBehavior [ RunTime:0.001953s ]
INFO: [ app_end ] --END-- [ RunTime:0.003906s ]

[ 2016-07-08T17:03:26+08:00 ] 127.0.0.1 /luoji/index.php/Home/Content/index/type/article/articleId/2.html
INFO: [ app_init ] --START--
INFO: Run Behavior\BuildLiteBehavior [ RunTime:0.000977s ]
INFO: [ app_init ] --END-- [ RunTime:0.003906s ]
INFO: [ app_begin ] --START--
INFO: Run Behavior\ReadHtmlCacheBehavior [ RunTime:0.002930s ]
INFO: [ app_begin ] --END-- [ RunTime:0.004883s ]
SQL: SHOW COLUMNS FROM `article` [ RunTime:0.0156s ]
SQL: SHOW COLUMNS FROM `user` [ RunTime:0.0068s ]
SQL: SELECT Article.id AS article_id,Article.mainimage AS mainimage,Article.coverimage AS coverimage,Article.maintitle AS maintitle,Article.subhead AS subhead,Article.introduction AS article_introduction,Article.author AS author,Article.type1 AS type1,Article.type2 AS type2,Article.type3 AS type3,Article.collectnum AS collectnum,Article.readnum AS readnum,Article.createtime AS article_createtime,User.id AS user_id,User.username AS username,User.password AS password,User.nickname AS nickname,User.headimage AS headimage,User.rank AS rank,User.jobs AS jobs,User.company AS company,User.introduction AS user_introduction,User.createtime AS user_createtime FROM article Article LEFT JOIN user User ON Article.author=User.id WHERE Article.id = '2' LIMIT 1   [ RunTime:0.0010s ]
INFO: [ view_parse ] --START--
INFO: [ template_filter ] --START--
INFO: Run Behavior\ContentReplaceBehavior [ RunTime:0.000000s ]
INFO: [ template_filter ] --END-- [ RunTime:0.001953s ]
NOTIC: [8] Undefined variable: artListTitle D:\wamp\www\luoji\Application\Runtime\Cache\Home\05c25a47e280706f416be77c1b8978f8.php 第 79 行.
SQL: SHOW COLUMNS FROM `special` [ RunTime:0.0068s ]
SQL: SELECT * FROM `special` ORDER BY readnum desc LIMIT 5   [ RunTime:0.0000s ]
INFO: [ view_parse ] --START--
INFO: [ template_filter ] --START--
INFO: Run Behavior\ContentReplaceBehavior [ RunTime:0.000976s ]
INFO: [ template_filter ] --END-- [ RunTime:-0.107422s ]
INFO: Run Behavior\ParseTemplateBehavior [ RunTime:0.029297s ]
INFO: [ view_parse ] --END-- [ RunTime:0.031250s ]
INFO: [ view_filter ] --START--
INFO: Run Behavior\WriteHtmlCacheBehavior [ RunTime:0.016602s ]
INFO: [ view_filter ] --END-- [ RunTime:0.017578s ]
SQL: SELECT * FROM `article` ORDER BY readnum desc LIMIT 8   [ RunTime:0.0010s ]
INFO: [ view_parse ] --START--
INFO: [ template_filter ] --START--
INFO: Run Behavior\ContentReplaceBehavior [ RunTime:0.000977s ]
INFO: [ template_filter ] --END-- [ RunTime:-0.168946s ]
INFO: Run Behavior\ParseTemplateBehavior [ RunTime:0.025391s ]
INFO: [ view_parse ] --END-- [ RunTime:-0.034180s ]
INFO: [ view_filter ] --START--
INFO: Run Behavior\WriteHtmlCacheBehavior [ RunTime:0.000977s ]
INFO: [ view_filter ] --END-- [ RunTime:-0.042969s ]
INFO: Run Behavior\ParseTemplateBehavior [ RunTime:0.033203s ]
INFO: [ view_parse ] --END-- [ RunTime:-0.034180s ]
INFO: [ view_filter ] --START--
INFO: Run Behavior\WriteHtmlCacheBehavior [ RunTime:0.000977s ]
INFO: [ view_filter ] --END-- [ RunTime:-0.050781s ]
INFO: [ app_end ] --START--
INFO: Run Behavior\ShowPageTraceBehavior [ RunTime:0.008789s ]
INFO: [ app_end ] --END-- [ RunTime:0.011719s ]

