[ 2016-06-20T16:48:08+08:00 ] 127.0.0.1 /luoji/
INFO: [ app_init ] --START--
INFO: Run Behavior\BuildLiteBehavior [ RunTime:0.000000s ]
INFO: [ app_init ] --END-- [ RunTime:0.033002s ]
INFO: [ app_begin ] --START--
INFO: Run Behavior\ReadHtmlCacheBehavior [ RunTime:0.004000s ]
INFO: [ app_begin ] --END-- [ RunTime:0.005000s ]
SQL: SHOW COLUMNS FROM `user` [ RunTime:0.0190s ]
SQL: SHOW COLUMNS FROM `special` [ RunTime:0.0050s ]
NOTIC: [8] Undefined index: p D:\wamp\www\luoji\Application\Home\Controller\IndexController.class.php 第 44 行.
NOTIC: [8] Undefined index: category D:\wamp\www\luoji\Application\Home\Controller\IndexController.class.php 第 49 行.
SQL: SELECT * FROM `special` LIMIT 5   [ RunTime:0.0690s ]
NOTIC: [8] Undefined variable: condition D:\wamp\www\luoji\Application\Home\Controller\IndexController.class.php 第 82 行.
SQL: SHOW COLUMNS FROM `article` [ RunTime:0.0060s ]
SQL: SELECT Article.id AS article_id,Article.mainimage AS mainimage,Article.coverimage AS coverimage,Article.maintitle AS maintitle,Article.subhead AS subhead,Article.introduction AS article_introduction,Article.author AS author,Article.type1 AS type1,Article.type2 AS type2,Article.type3 AS type3,Article.collectnum AS collectnum,Article.readnum AS readnum,Article.createtime AS article_createtime,User.id AS user_id,User.username AS username,User.password AS password,User.nickname AS nickname,User.headimage AS headimage,User.rank AS rank,User.jobs AS jobs,User.company AS company,User.introduction AS user_introduction,User.createtime AS user_createtime FROM article Article LEFT JOIN user User ON Article.author=User.id LIMIT 0,10   [ RunTime:0.0110s ]
NOTIC: [8] Undefined variable: condition D:\wamp\www\luoji\Application\Home\Controller\IndexController.class.php 第 117 行.
SQL: SELECT COUNT(*) AS tp_count FROM article Article LEFT JOIN user User ON Article.author=User.id LIMIT 1   [ RunTime:0.0120s ]
NOTIC: [8] Undefined variable: condition D:\wamp\www\luoji\Application\Home\Controller\IndexController.class.php 第 119 行.
NOTIC: [2] Invalid argument supplied for foreach() D:\wamp\www\luoji\Application\Home\Controller\IndexController.class.php 第 119 行.
SQL: SELECT * FROM `user` LIMIT 5   [ RunTime:0.0010s ]
NOTIC: [8] Undefined index: jods D:\wamp\www\luoji\Application\Home\Controller\IndexController.class.php 第 131 行.
NOTIC: [8] Undefined index: jods D:\wamp\www\luoji\Application\Home\Controller\IndexController.class.php 第 131 行.
NOTIC: [8] Undefined index: jods D:\wamp\www\luoji\Application\Home\Controller\IndexController.class.php 第 131 行.
NOTIC: [8] Undefined index: jods D:\wamp\www\luoji\Application\Home\Controller\IndexController.class.php 第 131 行.
NOTIC: [8] Undefined index: jods D:\wamp\www\luoji\Application\Home\Controller\IndexController.class.php 第 131 行.
INFO: [ view_parse ] --START--
INFO: [ template_filter ] --START--
INFO: Run Behavior\ContentReplaceBehavior [ RunTime:0.004000s ]
INFO: [ template_filter ] --END-- [ RunTime:0.006000s ]
INFO: Run Behavior\ParseTemplateBehavior [ RunTime:0.157009s ]
INFO: [ view_parse ] --END-- [ RunTime:0.159009s ]
INFO: [ view_filter ] --START--
INFO: Run Behavior\WriteHtmlCacheBehavior [ RunTime:0.015001s ]
INFO: [ view_filter ] --END-- [ RunTime:0.016001s ]
INFO: [ app_end ] --START--
INFO: Run Behavior\ShowPageTraceBehavior [ RunTime:0.010000s ]
INFO: [ app_end ] --END-- [ RunTime:0.011000s ]

[ 2016-06-20T17:12:25+08:00 ] 127.0.0.1 /luoji/
INFO: [ app_init ] --START--
INFO: Run Behavior\BuildLiteBehavior [ RunTime:0.001000s ]
INFO: [ app_init ] --END-- [ RunTime:0.002000s ]
INFO: [ app_begin ] --START--
INFO: Run Behavior\ReadHtmlCacheBehavior [ RunTime:0.001000s ]
INFO: [ app_begin ] --END-- [ RunTime:0.003000s ]
SQL: SHOW COLUMNS FROM `user` [ RunTime:0.0040s ]
SQL: SHOW COLUMNS FROM `special` [ RunTime:0.0040s ]
NOTIC: [8] Undefined index: p D:\wamp\www\luoji\Application\Home\Controller\IndexController.class.php 第 44 行.
NOTIC: [8] Undefined index: category D:\wamp\www\luoji\Application\Home\Controller\IndexController.class.php 第 49 行.
SQL: SELECT * FROM `special` LIMIT 5   [ RunTime:0.0010s ]
NOTIC: [8] Undefined variable: condition D:\wamp\www\luoji\Application\Home\Controller\IndexController.class.php 第 82 行.
SQL: SHOW COLUMNS FROM `article` [ RunTime:0.0030s ]
SQL: SELECT Article.id AS article_id,Article.mainimage AS mainimage,Article.coverimage AS coverimage,Article.maintitle AS maintitle,Article.subhead AS subhead,Article.introduction AS article_introduction,Article.author AS author,Article.type1 AS type1,Article.type2 AS type2,Article.type3 AS type3,Article.collectnum AS collectnum,Article.readnum AS readnum,Article.createtime AS article_createtime,User.id AS user_id,User.username AS username,User.password AS password,User.nickname AS nickname,User.headimage AS headimage,User.rank AS rank,User.jobs AS jobs,User.company AS company,User.introduction AS user_introduction,User.createtime AS user_createtime FROM article Article LEFT JOIN user User ON Article.author=User.id LIMIT 0,10   [ RunTime:0.0010s ]
NOTIC: [8] Undefined variable: condition D:\wamp\www\luoji\Application\Home\Controller\IndexController.class.php 第 117 行.
SQL: SELECT COUNT(*) AS tp_count FROM article Article LEFT JOIN user User ON Article.author=User.id LIMIT 1   [ RunTime:0.0010s ]
NOTIC: [8] Undefined variable: condition D:\wamp\www\luoji\Application\Home\Controller\IndexController.class.php 第 119 行.
NOTIC: [2] Invalid argument supplied for foreach() D:\wamp\www\luoji\Application\Home\Controller\IndexController.class.php 第 119 行.
SQL: SELECT * FROM `user` LIMIT 5   [ RunTime:0.0000s ]
NOTIC: [8] Undefined index: jods D:\wamp\www\luoji\Application\Home\Controller\IndexController.class.php 第 131 行.
NOTIC: [8] Undefined index: jods D:\wamp\www\luoji\Application\Home\Controller\IndexController.class.php 第 131 行.
NOTIC: [8] Undefined index: jods D:\wamp\www\luoji\Application\Home\Controller\IndexController.class.php 第 131 行.
NOTIC: [8] Undefined index: jods D:\wamp\www\luoji\Application\Home\Controller\IndexController.class.php 第 131 行.
NOTIC: [8] Undefined index: jods D:\wamp\www\luoji\Application\Home\Controller\IndexController.class.php 第 131 行.
INFO: [ view_parse ] --START--
INFO: [ template_filter ] --START--
INFO: Run Behavior\ContentReplaceBehavior [ RunTime:0.000000s ]
INFO: [ template_filter ] --END-- [ RunTime:0.002000s ]
INFO: Run Behavior\ParseTemplateBehavior [ RunTime:0.071004s ]
INFO: [ view_parse ] --END-- [ RunTime:0.072004s ]
INFO: [ view_filter ] --START--
INFO: Run Behavior\WriteHtmlCacheBehavior [ RunTime:0.002000s ]
INFO: [ view_filter ] --END-- [ RunTime:0.003000s ]
INFO: [ app_end ] --START--
INFO: Run Behavior\ShowPageTraceBehavior [ RunTime:0.004000s ]
INFO: [ app_end ] --END-- [ RunTime:0.006000s ]

