[ 2016-06-19T00:03:13+08:00 ] ::1 /luoji/
INFO: [ app_init ] --START--
INFO: Run Behavior\BuildLiteBehavior [ RunTime:0.000000s ]
INFO: [ app_init ] --END-- [ RunTime:0.002000s ]
INFO: [ app_begin ] --START--
INFO: Run Behavior\ReadHtmlCacheBehavior [ RunTime:0.003000s ]
INFO: [ app_begin ] --END-- [ RunTime:0.003000s ]
SQL: SHOW COLUMNS FROM `user` [ RunTime:0.0140s ]
SQL: SHOW COLUMNS FROM `special` [ RunTime:0.0220s ]
NOTIC: [8] Undefined index: p G:\wamp\www\luoji\Application\Home\Controller\IndexController.class.php 第 44 行.
NOTIC: [8] Undefined index: category G:\wamp\www\luoji\Application\Home\Controller\IndexController.class.php 第 49 行.
SQL: SELECT * FROM `special` LIMIT 5   [ RunTime:0.0010s ]
NOTIC: [8] Undefined variable: condition G:\wamp\www\luoji\Application\Home\Controller\IndexController.class.php 第 82 行.
SQL: SHOW COLUMNS FROM `article` [ RunTime:0.0130s ]
SQL: SELECT Article.id AS article_id,Article.mainimage AS mainimage,Article.coverimage AS coverimage,Article.maintitle AS maintitle,Article.subhead AS subhead,Article.introduction AS article_introduction,Article.author AS author,Article.type1 AS type1,Article.type2 AS type2,Article.type3 AS type3,Article.collectnum AS collectnum,Article.readnum AS readnum,Article.createtime AS article_createtime,User.id AS user_id,User.username AS username,User.password AS password,User.nickname AS nickname,User.headimage AS headimage,User.rank AS rank,User.jobs AS jobs,User.company AS company,User.introduction AS user_introduction,User.createtime AS user_createtime FROM article Article LEFT JOIN user User ON Article.author=User.id LIMIT 0,10   [ RunTime:0.0030s ]
NOTIC: [8] Undefined variable: condition G:\wamp\www\luoji\Application\Home\Controller\IndexController.class.php 第 117 行.
SQL: SELECT COUNT(*) AS tp_count FROM article Article LEFT JOIN user User ON Article.author=User.id LIMIT 1   [ RunTime:0.0010s ]
NOTIC: [8] Undefined variable: condition G:\wamp\www\luoji\Application\Home\Controller\IndexController.class.php 第 119 行.
NOTIC: [2] Invalid argument supplied for foreach() G:\wamp\www\luoji\Application\Home\Controller\IndexController.class.php 第 119 行.
SQL: SELECT * FROM `user` LIMIT 5   [ RunTime:0.0020s ]
NOTIC: [8] Undefined index: jods G:\wamp\www\luoji\Application\Home\Controller\IndexController.class.php 第 131 行.
NOTIC: [8] Undefined index: jods G:\wamp\www\luoji\Application\Home\Controller\IndexController.class.php 第 131 行.
NOTIC: [8] Undefined index: jods G:\wamp\www\luoji\Application\Home\Controller\IndexController.class.php 第 131 行.
NOTIC: [8] Undefined index: jods G:\wamp\www\luoji\Application\Home\Controller\IndexController.class.php 第 131 行.
NOTIC: [8] Undefined index: jods G:\wamp\www\luoji\Application\Home\Controller\IndexController.class.php 第 131 行.
INFO: [ view_parse ] --START--
INFO: [ template_filter ] --START--
INFO: Run Behavior\ContentReplaceBehavior [ RunTime:0.000000s ]
INFO: [ template_filter ] --END-- [ RunTime:0.000000s ]
INFO: Run Behavior\ParseTemplateBehavior [ RunTime:0.026002s ]
INFO: [ view_parse ] --END-- [ RunTime:0.026002s ]
INFO: [ view_filter ] --START--
INFO: Run Behavior\WriteHtmlCacheBehavior [ RunTime:0.001000s ]
INFO: [ view_filter ] --END-- [ RunTime:0.001000s ]
INFO: [ app_end ] --START--
INFO: Run Behavior\ShowPageTraceBehavior [ RunTime:0.002000s ]
INFO: [ app_end ] --END-- [ RunTime:0.002000s ]

[ 2016-06-19T00:03:17+08:00 ] ::1 /luoji/index.php/Home/Content/index/type/article/articleId/6.html
INFO: [ app_init ] --START--
INFO: Run Behavior\BuildLiteBehavior [ RunTime:0.000000s ]
INFO: [ app_init ] --END-- [ RunTime:0.001000s ]
INFO: [ app_begin ] --START--
INFO: Run Behavior\ReadHtmlCacheBehavior [ RunTime:0.001000s ]
INFO: [ app_begin ] --END-- [ RunTime:0.001000s ]
SQL: SHOW COLUMNS FROM `user` [ RunTime:0.0090s ]
NOTIC: [8] Undefined index: specialId G:\wamp\www\luoji\Application\Home\Controller\ContentController.class.php 第 45 行.
NOTIC: [8] Undefined index: artListIndex G:\wamp\www\luoji\Application\Home\Controller\ContentController.class.php 第 54 行.
SQL: SHOW COLUMNS FROM `article` [ RunTime:0.0080s ]
SQL: SELECT Article.id AS article_id,Article.mainimage AS mainimage,Article.coverimage AS coverimage,Article.maintitle AS maintitle,Article.subhead AS subhead,Article.introduction AS article_introduction,Article.author AS author,Article.type1 AS type1,Article.type2 AS type2,Article.type3 AS type3,Article.collectnum AS collectnum,Article.readnum AS readnum,Article.createtime AS article_createtime,User.id AS user_id,User.username AS username,User.password AS password,User.nickname AS nickname,User.headimage AS headimage,User.rank AS rank,User.jobs AS jobs,User.company AS company,User.introduction AS user_introduction,User.createtime AS user_createtime FROM article Article LEFT JOIN user User ON Article.author=User.id WHERE Article.id = '6' LIMIT 1   [ RunTime:0.0010s ]
INFO: [ view_parse ] --START--
INFO: [ template_filter ] --START--
INFO: Run Behavior\ContentReplaceBehavior [ RunTime:0.001000s ]
INFO: [ template_filter ] --END-- [ RunTime:0.001000s ]
NOTIC: [8] Undefined variable: artListTitle G:\wamp\www\luoji\Application\Runtime\Cache\Home\05c25a47e280706f416be77c1b8978f8.php 第 81 行.
INFO: Run Behavior\ParseTemplateBehavior [ RunTime:0.020001s ]
INFO: [ view_parse ] --END-- [ RunTime:0.021001s ]
INFO: [ view_filter ] --START--
INFO: Run Behavior\WriteHtmlCacheBehavior [ RunTime:0.000000s ]
INFO: [ view_filter ] --END-- [ RunTime:0.001000s ]
INFO: [ app_end ] --START--
INFO: Run Behavior\ShowPageTraceBehavior [ RunTime:0.001000s ]
INFO: [ app_end ] --END-- [ RunTime:0.001000s ]

[ 2016-06-19T00:03:24+08:00 ] ::1 /luoji/index.php/Home/Content/index/type/article/articleId/1.html
INFO: [ app_init ] --START--
INFO: Run Behavior\BuildLiteBehavior [ RunTime:0.000000s ]
INFO: [ app_init ] --END-- [ RunTime:0.002000s ]
INFO: [ app_begin ] --START--
INFO: Run Behavior\ReadHtmlCacheBehavior [ RunTime:0.002000s ]
INFO: [ app_begin ] --END-- [ RunTime:0.002000s ]
SQL: SHOW COLUMNS FROM `user` [ RunTime:0.0120s ]
NOTIC: [8] Undefined index: specialId G:\wamp\www\luoji\Application\Home\Controller\ContentController.class.php 第 45 行.
NOTIC: [8] Undefined index: artListIndex G:\wamp\www\luoji\Application\Home\Controller\ContentController.class.php 第 54 行.
SQL: SHOW COLUMNS FROM `article` [ RunTime:0.0120s ]
SQL: SELECT Article.id AS article_id,Article.mainimage AS mainimage,Article.coverimage AS coverimage,Article.maintitle AS maintitle,Article.subhead AS subhead,Article.introduction AS article_introduction,Article.author AS author,Article.type1 AS type1,Article.type2 AS type2,Article.type3 AS type3,Article.collectnum AS collectnum,Article.readnum AS readnum,Article.createtime AS article_createtime,User.id AS user_id,User.username AS username,User.password AS password,User.nickname AS nickname,User.headimage AS headimage,User.rank AS rank,User.jobs AS jobs,User.company AS company,User.introduction AS user_introduction,User.createtime AS user_createtime FROM article Article LEFT JOIN user User ON Article.author=User.id WHERE Article.id = '1' LIMIT 1   [ RunTime:0.0020s ]
INFO: [ view_parse ] --START--
INFO: [ template_filter ] --START--
INFO: Run Behavior\ContentReplaceBehavior [ RunTime:0.000000s ]
INFO: [ template_filter ] --END-- [ RunTime:0.001000s ]
NOTIC: [8] Undefined variable: artListTitle G:\wamp\www\luoji\Application\Runtime\Cache\Home\05c25a47e280706f416be77c1b8978f8.php 第 81 行.
INFO: Run Behavior\ParseTemplateBehavior [ RunTime:0.032002s ]
INFO: [ view_parse ] --END-- [ RunTime:0.032002s ]
INFO: [ view_filter ] --START--
INFO: Run Behavior\WriteHtmlCacheBehavior [ RunTime:0.001000s ]
INFO: [ view_filter ] --END-- [ RunTime:0.001000s ]
INFO: [ app_end ] --START--
INFO: Run Behavior\ShowPageTraceBehavior [ RunTime:0.001000s ]
INFO: [ app_end ] --END-- [ RunTime:0.001000s ]

[ 2016-06-19T00:03:31+08:00 ] ::1 /luoji/index.php/Home/Content/index/type/articles/specialId/2.html
INFO: [ app_init ] --START--
INFO: Run Behavior\BuildLiteBehavior [ RunTime:0.000000s ]
INFO: [ app_init ] --END-- [ RunTime:0.001001s ]
INFO: [ app_begin ] --START--
INFO: Run Behavior\ReadHtmlCacheBehavior [ RunTime:0.002000s ]
INFO: [ app_begin ] --END-- [ RunTime:0.002000s ]
SQL: SHOW COLUMNS FROM `user` [ RunTime:0.0060s ]
NOTIC: [8] Undefined index: articleId G:\wamp\www\luoji\Application\Home\Controller\ContentController.class.php 第 46 行.
SQL: SHOW COLUMNS FROM `special` [ RunTime:0.0070s ]
SQL: SHOW COLUMNS FROM `include` [ RunTime:0.0060s ]
SQL: SHOW COLUMNS FROM `article` [ RunTime:0.0070s ]
SQL: SELECT Special.id AS special_id,Special.maintitle AS specical_maintitle,Special.subhead AS specical_subhead,Special.introduction AS specical_introduction,Special.coverimage AS specical_coverimage,Special.type1 AS specical_type1,Special.type2 AS specical_type2,Special.type3 AS specical_type3,Special.createtime AS specical_createtime,Include.createtime AS include_createtime,Article.id AS article_id,Article.mainimage AS mainimage,Article.coverimage AS article_coverimage,Article.maintitle AS article_maintitle,Article.subhead AS article_subhead,Article.introduction AS article_introduction,Article.author AS author,Article.type1 AS article_type1,Article.type2 AS article_type2,Article.type3 AS article_type3,Article.collectnum AS collectnum,Article.readnum AS readnum,Article.createtime AS article_createtime FROM special Special RIGHT JOIN include Include ON Special.id=Include.special_id LEFT JOIN article Article ON Article.id=Include.article_id WHERE Special.id = '2'  [ RunTime:0.0010s ]
NOTIC: [8] Undefined index: artListIndex G:\wamp\www\luoji\Application\Home\Controller\ContentController.class.php 第 54 行.
SQL: SELECT Special.id AS special_id,Special.maintitle AS specical_maintitle,Special.subhead AS specical_subhead,Special.introduction AS specical_introduction,Special.coverimage AS specical_coverimage,Special.type1 AS specical_type1,Special.type2 AS specical_type2,Special.type3 AS specical_type3,Special.createtime AS specical_createtime,Include.createtime AS include_createtime,Article.id AS article_id,Article.mainimage AS mainimage,Article.coverimage AS article_coverimage,Article.maintitle AS article_maintitle,Article.subhead AS article_subhead,Article.introduction AS article_introduction,Article.author AS author,Article.type1 AS article_type1,Article.type2 AS article_type2,Article.type3 AS article_type3,Article.collectnum AS collectnum,Article.readnum AS readnum,Article.createtime AS article_createtime FROM special Special RIGHT JOIN include Include ON Special.id=Include.special_id LEFT JOIN article Article ON Article.id=Include.article_id WHERE Special.id = '2'  [ RunTime:0.0000s ]
SQL: SELECT Article.id AS article_id,Article.mainimage AS mainimage,Article.coverimage AS coverimage,Article.maintitle AS maintitle,Article.subhead AS subhead,Article.introduction AS article_introduction,Article.author AS author,Article.type1 AS type1,Article.type2 AS type2,Article.type3 AS type3,Article.collectnum AS collectnum,Article.readnum AS readnum,Article.createtime AS article_createtime,User.id AS user_id,User.username AS username,User.password AS password,User.nickname AS nickname,User.headimage AS headimage,User.rank AS rank,User.jobs AS jobs,User.company AS company,User.introduction AS user_introduction,User.createtime AS user_createtime FROM article Article LEFT JOIN user User ON Article.author=User.id WHERE Article.id = '6' LIMIT 1   [ RunTime:0.0010s ]
INFO: [ view_parse ] --START--
INFO: [ template_filter ] --START--
INFO: Run Behavior\ContentReplaceBehavior [ RunTime:0.000000s ]
INFO: [ template_filter ] --END-- [ RunTime:0.000000s ]
INFO: Run Behavior\ParseTemplateBehavior [ RunTime:0.025001s ]
INFO: [ view_parse ] --END-- [ RunTime:0.026001s ]
INFO: [ view_filter ] --START--
INFO: Run Behavior\WriteHtmlCacheBehavior [ RunTime:0.001000s ]
INFO: [ view_filter ] --END-- [ RunTime:0.001000s ]
INFO: [ app_end ] --START--
INFO: Run Behavior\ShowPageTraceBehavior [ RunTime:0.001000s ]
INFO: [ app_end ] --END-- [ RunTime:0.001000s ]

[ 2016-06-19T00:03:33+08:00 ] ::1 /luoji/index.php/Home/Content/index/type/articles/specialId/2/articleId/8/artListIndex/2.html
INFO: [ app_init ] --START--
INFO: Run Behavior\BuildLiteBehavior [ RunTime:0.001000s ]
INFO: [ app_init ] --END-- [ RunTime:0.002000s ]
INFO: [ app_begin ] --START--
INFO: Run Behavior\ReadHtmlCacheBehavior [ RunTime:0.002000s ]
INFO: [ app_begin ] --END-- [ RunTime:0.002000s ]
SQL: SHOW COLUMNS FROM `user` [ RunTime:0.0100s ]
SQL: SHOW COLUMNS FROM `special` [ RunTime:0.0080s ]
SQL: SHOW COLUMNS FROM `include` [ RunTime:0.0080s ]
SQL: SHOW COLUMNS FROM `article` [ RunTime:0.0080s ]
SQL: SELECT Special.id AS special_id,Special.maintitle AS specical_maintitle,Special.subhead AS specical_subhead,Special.introduction AS specical_introduction,Special.coverimage AS specical_coverimage,Special.type1 AS specical_type1,Special.type2 AS specical_type2,Special.type3 AS specical_type3,Special.createtime AS specical_createtime,Include.createtime AS include_createtime,Article.id AS article_id,Article.mainimage AS mainimage,Article.coverimage AS article_coverimage,Article.maintitle AS article_maintitle,Article.subhead AS article_subhead,Article.introduction AS article_introduction,Article.author AS author,Article.type1 AS article_type1,Article.type2 AS article_type2,Article.type3 AS article_type3,Article.collectnum AS collectnum,Article.readnum AS readnum,Article.createtime AS article_createtime FROM special Special RIGHT JOIN include Include ON Special.id=Include.special_id LEFT JOIN article Article ON Article.id=Include.article_id WHERE Special.id = '2'  [ RunTime:0.0010s ]
SQL: SELECT Article.id AS article_id,Article.mainimage AS mainimage,Article.coverimage AS coverimage,Article.maintitle AS maintitle,Article.subhead AS subhead,Article.introduction AS article_introduction,Article.author AS author,Article.type1 AS type1,Article.type2 AS type2,Article.type3 AS type3,Article.collectnum AS collectnum,Article.readnum AS readnum,Article.createtime AS article_createtime,User.id AS user_id,User.username AS username,User.password AS password,User.nickname AS nickname,User.headimage AS headimage,User.rank AS rank,User.jobs AS jobs,User.company AS company,User.introduction AS user_introduction,User.createtime AS user_createtime FROM article Article LEFT JOIN user User ON Article.author=User.id WHERE Article.id = '8' LIMIT 1   [ RunTime:0.0010s ]
INFO: [ view_parse ] --START--
INFO: [ template_filter ] --START--
INFO: Run Behavior\ContentReplaceBehavior [ RunTime:0.000000s ]
INFO: [ template_filter ] --END-- [ RunTime:0.000000s ]
INFO: Run Behavior\ParseTemplateBehavior [ RunTime:0.019001s ]
INFO: [ view_parse ] --END-- [ RunTime:0.019001s ]
INFO: [ view_filter ] --START--
INFO: Run Behavior\WriteHtmlCacheBehavior [ RunTime:0.001000s ]
INFO: [ view_filter ] --END-- [ RunTime:0.001000s ]
INFO: [ app_end ] --START--
INFO: Run Behavior\ShowPageTraceBehavior [ RunTime:0.001000s ]
INFO: [ app_end ] --END-- [ RunTime:0.001000s ]

