[ 2016-07-04T14:01:25+08:00 ] 127.0.0.1 /luoji/
INFO: [ app_init ] --START--
INFO: Run Behavior\BuildLiteBehavior [ RunTime:0.000977s ]
INFO: [ app_init ] --END-- [ RunTime:0.184571s ]
INFO: [ app_begin ] --START--
INFO: Run Behavior\ReadHtmlCacheBehavior [ RunTime:0.002930s ]
INFO: [ app_begin ] --END-- [ RunTime:0.004883s ]
NOTIC: [8] Undefined index: category D:\wamp\www\luoji\Application\Home\Controller\IndexController.class.php 第 8 行.
SQL: SHOW COLUMNS FROM `special` [ RunTime:0.7891s ]
SQL: SELECT * FROM `special` LIMIT 5   [ RunTime:0.1455s ]
NOTIC: [8] Undefined index: category D:\wamp\www\luoji\Application\Home\Controller\IndexController.class.php 第 8 行.
NOTIC: [8] Undefined index: p D:\wamp\www\luoji\Application\Home\Controller\IndexController.class.php 第 18 行.
NOTIC: [8] Undefined variable: condition D:\wamp\www\luoji\Application\Home\Controller\IndexController.class.php 第 50 行.
SQL: SHOW COLUMNS FROM `article` [ RunTime:0.0137s ]
SQL: SHOW COLUMNS FROM `user` [ RunTime:0.0137s ]
SQL: SELECT Article.id AS article_id,Article.mainimage AS mainimage,Article.coverimage AS coverimage,Article.maintitle AS maintitle,Article.subhead AS subhead,Article.introduction AS article_introduction,Article.author AS author,Article.type1 AS type1,Article.type2 AS type2,Article.type3 AS type3,Article.collectnum AS collectnum,Article.readnum AS readnum,Article.createtime AS article_createtime,User.id AS user_id,User.username AS username,User.password AS password,User.nickname AS nickname,User.headimage AS headimage,User.rank AS rank,User.jobs AS jobs,User.company AS company,User.introduction AS user_introduction,User.createtime AS user_createtime FROM article Article LEFT JOIN user User ON Article.author=User.id LIMIT 0,10   [ RunTime:0.1113s ]
SQL: SHOW COLUMNS FROM `collect` [ RunTime:0.0176s ]
SQL: SELECT * FROM `collect` WHERE `user_id` = null AND `article_id` = '1' LIMIT 1   [ RunTime:0.0166s ]
SQL: SELECT * FROM `collect` WHERE `user_id` = null AND `article_id` = '6' LIMIT 1   [ RunTime:0.0020s ]
SQL: SELECT * FROM `collect` WHERE `user_id` = null AND `article_id` = '11' LIMIT 1   [ RunTime:0.0010s ]
SQL: SELECT * FROM `collect` WHERE `user_id` = null AND `article_id` = '16' LIMIT 1   [ RunTime:0.0010s ]
SQL: SELECT * FROM `collect` WHERE `user_id` = null AND `article_id` = '21' LIMIT 1   [ RunTime:0.0000s ]
SQL: SELECT * FROM `collect` WHERE `user_id` = null AND `article_id` = '2' LIMIT 1   [ RunTime:0.0049s ]
SQL: SELECT * FROM `collect` WHERE `user_id` = null AND `article_id` = '8' LIMIT 1   [ RunTime:0.0029s ]
SQL: SELECT * FROM `collect` WHERE `user_id` = null AND `article_id` = '12' LIMIT 1   [ RunTime:0.0010s ]
SQL: SELECT * FROM `collect` WHERE `user_id` = null AND `article_id` = '17' LIMIT 1   [ RunTime:0.0010s ]
SQL: SELECT * FROM `collect` WHERE `user_id` = null AND `article_id` = '22' LIMIT 1   [ RunTime:0.0010s ]
NOTIC: [8] Undefined index: category D:\wamp\www\luoji\Application\Home\Controller\IndexController.class.php 第 8 行.
NOTIC: [8] Undefined variable: condition D:\wamp\www\luoji\Application\Home\Controller\IndexController.class.php 第 106 行.
SQL: SELECT COUNT(*) AS tp_count FROM article Article LEFT JOIN user User ON Article.author=User.id LIMIT 1   [ RunTime:0.1084s ]
NOTIC: [8] Undefined variable: condition D:\wamp\www\luoji\Application\Home\Controller\IndexController.class.php 第 108 行.
NOTIC: [2] Invalid argument supplied for foreach() D:\wamp\www\luoji\Application\Home\Controller\IndexController.class.php 第 108 行.
SQL: SELECT * FROM `user` LIMIT 5   [ RunTime:0.0020s ]
NOTIC: [8] Undefined index: jods D:\wamp\www\luoji\Application\Home\Controller\IndexController.class.php 第 122 行.
NOTIC: [8] Undefined index: jods D:\wamp\www\luoji\Application\Home\Controller\IndexController.class.php 第 122 行.
NOTIC: [8] Undefined index: jods D:\wamp\www\luoji\Application\Home\Controller\IndexController.class.php 第 122 行.
NOTIC: [8] Undefined index: jods D:\wamp\www\luoji\Application\Home\Controller\IndexController.class.php 第 122 行.
NOTIC: [8] Undefined index: jods D:\wamp\www\luoji\Application\Home\Controller\IndexController.class.php 第 122 行.
INFO: [ view_parse ] --START--
INFO: [ template_filter ] --START--
INFO: Run Behavior\ContentReplaceBehavior [ RunTime:0.031250s ]
INFO: [ template_filter ] --END-- [ RunTime:0.033203s ]
INFO: Run Behavior\ParseTemplateBehavior [ RunTime:0.334961s ]
INFO: [ view_parse ] --END-- [ RunTime:0.336914s ]
INFO: [ view_filter ] --START--
INFO: Run Behavior\WriteHtmlCacheBehavior [ RunTime:0.028320s ]
INFO: [ view_filter ] --END-- [ RunTime:0.030274s ]
INFO: [ app_end ] --START--
INFO: Run Behavior\ShowPageTraceBehavior [ RunTime:0.012696s ]
INFO: [ app_end ] --END-- [ RunTime:0.019531s ]

[ 2016-07-04T14:01:33+08:00 ] 127.0.0.1 /luoji/index.php/Home/Content/index/type/article/articleId/11.html
INFO: [ app_init ] --START--
INFO: Run Behavior\BuildLiteBehavior [ RunTime:0.000000s ]
INFO: [ app_init ] --END-- [ RunTime:0.001954s ]
INFO: [ app_begin ] --START--
INFO: Run Behavior\ReadHtmlCacheBehavior [ RunTime:0.001953s ]
INFO: [ app_begin ] --END-- [ RunTime:0.003906s ]
SQL: SHOW COLUMNS FROM `article` [ RunTime:0.0322s ]
SQL: SHOW COLUMNS FROM `user` [ RunTime:0.0068s ]
SQL: SELECT Article.id AS article_id,Article.mainimage AS mainimage,Article.coverimage AS coverimage,Article.maintitle AS maintitle,Article.subhead AS subhead,Article.introduction AS article_introduction,Article.author AS author,Article.type1 AS type1,Article.type2 AS type2,Article.type3 AS type3,Article.collectnum AS collectnum,Article.readnum AS readnum,Article.createtime AS article_createtime,User.id AS user_id,User.username AS username,User.password AS password,User.nickname AS nickname,User.headimage AS headimage,User.rank AS rank,User.jobs AS jobs,User.company AS company,User.introduction AS user_introduction,User.createtime AS user_createtime FROM article Article LEFT JOIN user User ON Article.author=User.id WHERE Article.id = '11' LIMIT 1   [ RunTime:0.0313s ]
INFO: [ view_parse ] --START--
INFO: [ template_filter ] --START--
INFO: Run Behavior\ContentReplaceBehavior [ RunTime:0.001953s ]
INFO: [ template_filter ] --END-- [ RunTime:0.002930s ]
NOTIC: [8] Undefined variable: artListTitle D:\wamp\www\luoji\Application\Runtime\Cache\Home\05c25a47e280706f416be77c1b8978f8.php 第 79 行.
INFO: Run Behavior\ParseTemplateBehavior [ RunTime:0.167968s ]
INFO: [ view_parse ] --END-- [ RunTime:0.169922s ]
INFO: [ view_filter ] --START--
INFO: Run Behavior\WriteHtmlCacheBehavior [ RunTime:0.001953s ]
INFO: [ view_filter ] --END-- [ RunTime:0.003906s ]
INFO: [ app_end ] --START--
INFO: Run Behavior\ShowPageTraceBehavior [ RunTime:0.001953s ]
INFO: [ app_end ] --END-- [ RunTime:0.003906s ]

[ 2016-07-04T14:01:45+08:00 ] 127.0.0.1 /luoji/index.php/Home/Collect/collect.html
INFO: [ app_init ] --START--
INFO: Run Behavior\BuildLiteBehavior [ RunTime:0.000000s ]
INFO: [ app_init ] --END-- [ RunTime:0.002930s ]
INFO: [ app_begin ] --START--
INFO: Run Behavior\ReadHtmlCacheBehavior [ RunTime:0.001953s ]
INFO: [ app_begin ] --END-- [ RunTime:0.003906s ]
SQL: SHOW COLUMNS FROM `collect` [ RunTime:0.0059s ]
SQL: SELECT * FROM `collect` WHERE `user_id` = null AND `article_id` = '6' LIMIT 1   [ RunTime:0.0000s ]
ERR: 1048:Le champ 'user_id' ne peut être vide (null)
 [ SQL语句 ] : INSERT INTO `collect` (`user_id`,`article_id`,`createtime`) VALUES (NULL,'6','2016-07-04 14:01:45')
ERR: 1048:Le champ 'user_id' ne peut être vide (null)
 [ SQL语句 ] : INSERT INTO `collect` (`user_id`,`article_id`,`createtime`) VALUES (NULL,'6','2016-07-04 14:01:45')

[ 2016-07-04T14:03:28+08:00 ] 127.0.0.1 /luoji/index.php/Home/Content/index/type/article/articleId/16.html
INFO: [ app_init ] --START--
INFO: Run Behavior\BuildLiteBehavior [ RunTime:0.000976s ]
INFO: [ app_init ] --END-- [ RunTime:0.002930s ]
INFO: [ app_begin ] --START--
INFO: Run Behavior\ReadHtmlCacheBehavior [ RunTime:0.002930s ]
INFO: [ app_begin ] --END-- [ RunTime:0.006836s ]
SQL: SHOW COLUMNS FROM `article` [ RunTime:0.0420s ]
SQL: SHOW COLUMNS FROM `user` [ RunTime:0.0107s ]
SQL: SELECT Article.id AS article_id,Article.mainimage AS mainimage,Article.coverimage AS coverimage,Article.maintitle AS maintitle,Article.subhead AS subhead,Article.introduction AS article_introduction,Article.author AS author,Article.type1 AS type1,Article.type2 AS type2,Article.type3 AS type3,Article.collectnum AS collectnum,Article.readnum AS readnum,Article.createtime AS article_createtime,User.id AS user_id,User.username AS username,User.password AS password,User.nickname AS nickname,User.headimage AS headimage,User.rank AS rank,User.jobs AS jobs,User.company AS company,User.introduction AS user_introduction,User.createtime AS user_createtime FROM article Article LEFT JOIN user User ON Article.author=User.id WHERE Article.id = '16' LIMIT 1   [ RunTime:0.0020s ]
INFO: [ view_parse ] --START--
INFO: [ template_filter ] --START--
INFO: Run Behavior\ContentReplaceBehavior [ RunTime:0.004882s ]
INFO: [ template_filter ] --END-- [ RunTime:0.007813s ]
NOTIC: [8] Undefined variable: artListTitle D:\wamp\www\luoji\Application\Runtime\Cache\Home\05c25a47e280706f416be77c1b8978f8.php 第 79 行.
INFO: Run Behavior\ParseTemplateBehavior [ RunTime:0.109375s ]
INFO: [ view_parse ] --END-- [ RunTime:0.111328s ]
INFO: [ view_filter ] --START--
INFO: Run Behavior\WriteHtmlCacheBehavior [ RunTime:0.001953s ]
INFO: [ view_filter ] --END-- [ RunTime:0.003906s ]
INFO: [ app_end ] --START--
INFO: Run Behavior\ShowPageTraceBehavior [ RunTime:0.001953s ]
INFO: [ app_end ] --END-- [ RunTime:0.003906s ]

[ 2016-07-04T14:03:33+08:00 ] 127.0.0.1 /luoji/index.php/Home/Content/index/type/article/articleId/1.html
INFO: [ app_init ] --START--
INFO: Run Behavior\BuildLiteBehavior [ RunTime:0.000000s ]
INFO: [ app_init ] --END-- [ RunTime:0.008789s ]
INFO: [ app_begin ] --START--
INFO: Run Behavior\ReadHtmlCacheBehavior [ RunTime:0.002929s ]
INFO: [ app_begin ] --END-- [ RunTime:0.003906s ]
SQL: SHOW COLUMNS FROM `article` [ RunTime:0.0078s ]
SQL: SHOW COLUMNS FROM `user` [ RunTime:0.0078s ]
SQL: SELECT Article.id AS article_id,Article.mainimage AS mainimage,Article.coverimage AS coverimage,Article.maintitle AS maintitle,Article.subhead AS subhead,Article.introduction AS article_introduction,Article.author AS author,Article.type1 AS type1,Article.type2 AS type2,Article.type3 AS type3,Article.collectnum AS collectnum,Article.readnum AS readnum,Article.createtime AS article_createtime,User.id AS user_id,User.username AS username,User.password AS password,User.nickname AS nickname,User.headimage AS headimage,User.rank AS rank,User.jobs AS jobs,User.company AS company,User.introduction AS user_introduction,User.createtime AS user_createtime FROM article Article LEFT JOIN user User ON Article.author=User.id WHERE Article.id = '1' LIMIT 1   [ RunTime:0.0020s ]
INFO: [ view_parse ] --START--
INFO: [ template_filter ] --START--
INFO: Run Behavior\ContentReplaceBehavior [ RunTime:0.000977s ]
INFO: [ template_filter ] --END-- [ RunTime:0.002930s ]
NOTIC: [8] Undefined variable: artListTitle D:\wamp\www\luoji\Application\Runtime\Cache\Home\05c25a47e280706f416be77c1b8978f8.php 第 79 行.
INFO: Run Behavior\ParseTemplateBehavior [ RunTime:0.103516s ]
INFO: [ view_parse ] --END-- [ RunTime:0.106446s ]
INFO: [ view_filter ] --START--
INFO: Run Behavior\WriteHtmlCacheBehavior [ RunTime:0.001953s ]
INFO: [ view_filter ] --END-- [ RunTime:0.003906s ]
INFO: [ app_end ] --START--
INFO: Run Behavior\ShowPageTraceBehavior [ RunTime:0.001953s ]
INFO: [ app_end ] --END-- [ RunTime:0.003906s ]

[ 2016-07-04T14:03:37+08:00 ] 127.0.0.1 /luoji/index.php/Home/Content/index/type/article/articleId/12.html
INFO: [ app_init ] --START--
INFO: Run Behavior\BuildLiteBehavior [ RunTime:0.000977s ]
INFO: [ app_init ] --END-- [ RunTime:0.002929s ]
INFO: [ app_begin ] --START--
INFO: Run Behavior\ReadHtmlCacheBehavior [ RunTime:0.002930s ]
INFO: [ app_begin ] --END-- [ RunTime:0.008789s ]
SQL: SHOW COLUMNS FROM `article` [ RunTime:0.0068s ]
SQL: SHOW COLUMNS FROM `user` [ RunTime:0.0078s ]
SQL: SELECT Article.id AS article_id,Article.mainimage AS mainimage,Article.coverimage AS coverimage,Article.maintitle AS maintitle,Article.subhead AS subhead,Article.introduction AS article_introduction,Article.author AS author,Article.type1 AS type1,Article.type2 AS type2,Article.type3 AS type3,Article.collectnum AS collectnum,Article.readnum AS readnum,Article.createtime AS article_createtime,User.id AS user_id,User.username AS username,User.password AS password,User.nickname AS nickname,User.headimage AS headimage,User.rank AS rank,User.jobs AS jobs,User.company AS company,User.introduction AS user_introduction,User.createtime AS user_createtime FROM article Article LEFT JOIN user User ON Article.author=User.id WHERE Article.id = '12' LIMIT 1   [ RunTime:0.0010s ]
INFO: [ view_parse ] --START--
INFO: [ template_filter ] --START--
INFO: Run Behavior\ContentReplaceBehavior [ RunTime:0.000976s ]
INFO: [ template_filter ] --END-- [ RunTime:0.001953s ]
NOTIC: [8] Undefined variable: artListTitle D:\wamp\www\luoji\Application\Runtime\Cache\Home\05c25a47e280706f416be77c1b8978f8.php 第 79 行.
INFO: Run Behavior\ParseTemplateBehavior [ RunTime:0.108399s ]
INFO: [ view_parse ] --END-- [ RunTime:0.111328s ]
INFO: [ view_filter ] --START--
INFO: Run Behavior\WriteHtmlCacheBehavior [ RunTime:0.000976s ]
INFO: [ view_filter ] --END-- [ RunTime:0.003906s ]
INFO: [ app_end ] --START--
INFO: Run Behavior\ShowPageTraceBehavior [ RunTime:0.001953s ]
INFO: [ app_end ] --END-- [ RunTime:0.003906s ]

[ 2016-07-04T14:19:11+08:00 ] 127.0.0.1 /luoji/
INFO: [ app_init ] --START--
INFO: Run Behavior\BuildLiteBehavior [ RunTime:0.000000s ]
INFO: [ app_init ] --END-- [ RunTime:0.003906s ]
INFO: [ app_begin ] --START--
INFO: Run Behavior\ReadHtmlCacheBehavior [ RunTime:0.001953s ]
INFO: [ app_begin ] --END-- [ RunTime:0.004883s ]
NOTIC: [8] Undefined index: category D:\wamp\www\luoji\Application\Home\Controller\IndexController.class.php 第 8 行.
SQL: SHOW COLUMNS FROM `special` [ RunTime:0.0127s ]
SQL: SELECT * FROM `special` LIMIT 5   [ RunTime:0.0020s ]
NOTIC: [8] Undefined index: category D:\wamp\www\luoji\Application\Home\Controller\IndexController.class.php 第 8 行.
NOTIC: [8] Undefined index: p D:\wamp\www\luoji\Application\Home\Controller\IndexController.class.php 第 18 行.
NOTIC: [8] Undefined variable: condition D:\wamp\www\luoji\Application\Home\Controller\IndexController.class.php 第 50 行.
SQL: SHOW COLUMNS FROM `article` [ RunTime:0.0068s ]
SQL: SHOW COLUMNS FROM `user` [ RunTime:0.0156s ]
SQL: SELECT Article.id AS article_id,Article.mainimage AS mainimage,Article.coverimage AS coverimage,Article.maintitle AS maintitle,Article.subhead AS subhead,Article.introduction AS article_introduction,Article.author AS author,Article.type1 AS type1,Article.type2 AS type2,Article.type3 AS type3,Article.collectnum AS collectnum,Article.readnum AS readnum,Article.createtime AS article_createtime,User.id AS user_id,User.username AS username,User.password AS password,User.nickname AS nickname,User.headimage AS headimage,User.rank AS rank,User.jobs AS jobs,User.company AS company,User.introduction AS user_introduction,User.createtime AS user_createtime FROM article Article LEFT JOIN user User ON Article.author=User.id LIMIT 0,10   [ RunTime:0.0068s ]
SQL: SHOW COLUMNS FROM `collect` [ RunTime:0.0068s ]
SQL: SELECT * FROM `collect` WHERE `user_id` = null AND `article_id` = '1' LIMIT 1   [ RunTime:0.0010s ]
SQL: SELECT * FROM `collect` WHERE `user_id` = null AND `article_id` = '6' LIMIT 1   [ RunTime:0.0010s ]
SQL: SELECT * FROM `collect` WHERE `user_id` = null AND `article_id` = '11' LIMIT 1   [ RunTime:0.0010s ]
SQL: SELECT * FROM `collect` WHERE `user_id` = null AND `article_id` = '16' LIMIT 1   [ RunTime:0.0010s ]
SQL: SELECT * FROM `collect` WHERE `user_id` = null AND `article_id` = '21' LIMIT 1   [ RunTime:0.0010s ]
SQL: SELECT * FROM `collect` WHERE `user_id` = null AND `article_id` = '2' LIMIT 1   [ RunTime:0.0010s ]
SQL: SELECT * FROM `collect` WHERE `user_id` = null AND `article_id` = '8' LIMIT 1   [ RunTime:0.0010s ]
SQL: SELECT * FROM `collect` WHERE `user_id` = null AND `article_id` = '12' LIMIT 1   [ RunTime:0.0010s ]
SQL: SELECT * FROM `collect` WHERE `user_id` = null AND `article_id` = '17' LIMIT 1   [ RunTime:0.0010s ]
SQL: SELECT * FROM `collect` WHERE `user_id` = null AND `article_id` = '22' LIMIT 1   [ RunTime:0.0020s ]
NOTIC: [8] Undefined index: category D:\wamp\www\luoji\Application\Home\Controller\IndexController.class.php 第 8 行.
NOTIC: [8] Undefined variable: condition D:\wamp\www\luoji\Application\Home\Controller\IndexController.class.php 第 106 行.
SQL: SELECT COUNT(*) AS tp_count FROM article Article LEFT JOIN user User ON Article.author=User.id LIMIT 1   [ RunTime:0.0010s ]
NOTIC: [8] Undefined variable: condition D:\wamp\www\luoji\Application\Home\Controller\IndexController.class.php 第 108 行.
NOTIC: [2] Invalid argument supplied for foreach() D:\wamp\www\luoji\Application\Home\Controller\IndexController.class.php 第 108 行.
SQL: SELECT * FROM `user` LIMIT 5   [ RunTime:0.0010s ]
NOTIC: [8] Undefined index: jods D:\wamp\www\luoji\Application\Home\Controller\IndexController.class.php 第 122 行.
NOTIC: [8] Undefined index: jods D:\wamp\www\luoji\Application\Home\Controller\IndexController.class.php 第 122 行.
NOTIC: [8] Undefined index: jods D:\wamp\www\luoji\Application\Home\Controller\IndexController.class.php 第 122 行.
NOTIC: [8] Undefined index: jods D:\wamp\www\luoji\Application\Home\Controller\IndexController.class.php 第 122 行.
NOTIC: [8] Undefined index: jods D:\wamp\www\luoji\Application\Home\Controller\IndexController.class.php 第 122 行.
INFO: [ view_parse ] --START--
INFO: [ template_filter ] --START--
INFO: Run Behavior\ContentReplaceBehavior [ RunTime:0.000977s ]
INFO: [ template_filter ] --END-- [ RunTime:0.002929s ]
INFO: Run Behavior\ParseTemplateBehavior [ RunTime:0.180664s ]
INFO: [ view_parse ] --END-- [ RunTime:0.182617s ]
INFO: [ view_filter ] --START--
INFO: Run Behavior\WriteHtmlCacheBehavior [ RunTime:0.009766s ]
INFO: [ view_filter ] --END-- [ RunTime:0.010742s ]
INFO: [ app_end ] --START--
INFO: Run Behavior\ShowPageTraceBehavior [ RunTime:0.007812s ]
INFO: [ app_end ] --END-- [ RunTime:0.009766s ]

[ 2016-07-04T14:19:17+08:00 ] 127.0.0.1 /luoji/index.php/Home/Collect/collect.html
INFO: [ app_init ] --START--
INFO: Run Behavior\BuildLiteBehavior [ RunTime:0.000977s ]
INFO: [ app_init ] --END-- [ RunTime:0.002930s ]
INFO: [ app_begin ] --START--
INFO: Run Behavior\ReadHtmlCacheBehavior [ RunTime:0.000977s ]
INFO: [ app_begin ] --END-- [ RunTime:0.002929s ]

[ 2016-07-04T14:19:22+08:00 ] 127.0.0.1 /luoji/index.php/Home/Collect/collect.html
INFO: [ app_init ] --START--
INFO: Run Behavior\BuildLiteBehavior [ RunTime:0.000977s ]
INFO: [ app_init ] --END-- [ RunTime:0.002930s ]
INFO: [ app_begin ] --START--
INFO: Run Behavior\ReadHtmlCacheBehavior [ RunTime:0.001953s ]
INFO: [ app_begin ] --END-- [ RunTime:0.004883s ]

[ 2016-07-04T14:19:26+08:00 ] 127.0.0.1 /luoji/index.php/Home/Account/index/operation/0.html
INFO: [ app_init ] --START--
INFO: Run Behavior\BuildLiteBehavior [ RunTime:0.000976s ]
INFO: [ app_init ] --END-- [ RunTime:0.002930s ]
INFO: [ app_begin ] --START--
INFO: Run Behavior\ReadHtmlCacheBehavior [ RunTime:0.001953s ]
INFO: [ app_begin ] --END-- [ RunTime:0.005859s ]
INFO: [ view_parse ] --START--
INFO: [ template_filter ] --START--
INFO: Run Behavior\ContentReplaceBehavior [ RunTime:0.000976s ]
INFO: [ template_filter ] --END-- [ RunTime:0.003906s ]
INFO: Run Behavior\ParseTemplateBehavior [ RunTime:0.114258s ]
INFO: [ view_parse ] --END-- [ RunTime:0.116211s ]
INFO: [ view_filter ] --START--
INFO: Run Behavior\WriteHtmlCacheBehavior [ RunTime:0.000976s ]
INFO: [ view_filter ] --END-- [ RunTime:0.002930s ]
INFO: [ app_end ] --START--
INFO: Run Behavior\ShowPageTraceBehavior [ RunTime:0.001953s ]
INFO: [ app_end ] --END-- [ RunTime:0.003906s ]

[ 2016-07-04T14:19:26+08:00 ] 127.0.0.1 /luoji/index.php/Home/Account/verify.html
INFO: [ app_init ] --START--
INFO: Run Behavior\BuildLiteBehavior [ RunTime:0.000976s ]
INFO: [ app_init ] --END-- [ RunTime:0.003907s ]
INFO: [ app_begin ] --START--
INFO: Run Behavior\ReadHtmlCacheBehavior [ RunTime:0.002930s ]
INFO: [ app_begin ] --END-- [ RunTime:0.004883s ]
INFO: [ app_end ] --START--
INFO: Run Behavior\ShowPageTraceBehavior [ RunTime:0.004883s ]
INFO: [ app_end ] --END-- [ RunTime:0.008789s ]

[ 2016-07-04T14:19:43+08:00 ] 127.0.0.1 /luoji/index.php/Home/Account/login.html
INFO: [ app_init ] --START--
INFO: Run Behavior\BuildLiteBehavior [ RunTime:0.000000s ]
INFO: [ app_init ] --END-- [ RunTime:0.002929s ]
INFO: [ app_begin ] --START--
INFO: Run Behavior\ReadHtmlCacheBehavior [ RunTime:0.001953s ]
INFO: [ app_begin ] --END-- [ RunTime:0.002930s ]
SQL: SHOW COLUMNS FROM `user` [ RunTime:0.0059s ]
SQL: SELECT * FROM `user` WHERE `username` = 'xuyuanfan1' LIMIT 1   [ RunTime:0.0879s ]

[ 2016-07-04T14:20:18+08:00 ] 127.0.0.1 /luoji/index.php/Home/Account/verify.html?0.8291685413902408
INFO: [ app_init ] --START--
INFO: Run Behavior\BuildLiteBehavior [ RunTime:0.000000s ]
INFO: [ app_init ] --END-- [ RunTime:0.002930s ]
INFO: [ app_begin ] --START--
INFO: Run Behavior\ReadHtmlCacheBehavior [ RunTime:0.001953s ]
INFO: [ app_begin ] --END-- [ RunTime:0.003907s ]
INFO: [ app_end ] --START--
INFO: Run Behavior\ShowPageTraceBehavior [ RunTime:0.001953s ]
INFO: [ app_end ] --END-- [ RunTime:0.003906s ]

[ 2016-07-04T14:20:26+08:00 ] 127.0.0.1 /luoji/index.php/Home/Account/login.html
INFO: [ app_init ] --START--
INFO: Run Behavior\BuildLiteBehavior [ RunTime:0.000000s ]
INFO: [ app_init ] --END-- [ RunTime:0.002929s ]
INFO: [ app_begin ] --START--
INFO: Run Behavior\ReadHtmlCacheBehavior [ RunTime:0.002930s ]
INFO: [ app_begin ] --END-- [ RunTime:0.004883s ]
SQL: SHOW COLUMNS FROM `user` [ RunTime:0.0059s ]
SQL: SELECT * FROM `user` WHERE `username` = 'xuyuanfan11' LIMIT 1   [ RunTime:0.0010s ]

[ 2016-07-04T14:20:37+08:00 ] 127.0.0.1 /luoji/index.php/Home/Account/verify.html?0.8291685413902408&random=0.12249286563858641
INFO: [ app_init ] --START--
INFO: Run Behavior\BuildLiteBehavior [ RunTime:0.000000s ]
INFO: [ app_init ] --END-- [ RunTime:0.002929s ]
INFO: [ app_begin ] --START--
INFO: Run Behavior\ReadHtmlCacheBehavior [ RunTime:0.001953s ]
INFO: [ app_begin ] --END-- [ RunTime:0.004883s ]
INFO: [ app_end ] --START--
INFO: Run Behavior\ShowPageTraceBehavior [ RunTime:0.001953s ]
INFO: [ app_end ] --END-- [ RunTime:0.003906s ]

[ 2016-07-04T14:20:38+08:00 ] 127.0.0.1 /luoji/index.php/Home/Account/verify.html?0.8291685413902408&random=0.12249286563858641&random=0.19684753813496392
INFO: [ app_init ] --START--
INFO: Run Behavior\BuildLiteBehavior [ RunTime:0.000977s ]
INFO: [ app_init ] --END-- [ RunTime:0.002929s ]
INFO: [ app_begin ] --START--
INFO: Run Behavior\ReadHtmlCacheBehavior [ RunTime:0.001953s ]
INFO: [ app_begin ] --END-- [ RunTime:0.003906s ]
INFO: [ app_end ] --START--
INFO: Run Behavior\ShowPageTraceBehavior [ RunTime:0.000977s ]
INFO: [ app_end ] --END-- [ RunTime:0.003906s ]

[ 2016-07-04T14:20:40+08:00 ] 127.0.0.1 /luoji/index.php/Home/Account/verify.html?0.8291685413902408&random=0.12249286563858641&random=0.19684753813496392&random=0.4508633332126073
INFO: [ app_init ] --START--
INFO: Run Behavior\BuildLiteBehavior [ RunTime:0.000000s ]
INFO: [ app_init ] --END-- [ RunTime:0.002930s ]
INFO: [ app_begin ] --START--
INFO: Run Behavior\ReadHtmlCacheBehavior [ RunTime:0.001953s ]
INFO: [ app_begin ] --END-- [ RunTime:0.003906s ]
INFO: [ app_end ] --START--
INFO: Run Behavior\ShowPageTraceBehavior [ RunTime:0.002929s ]
INFO: [ app_end ] --END-- [ RunTime:0.005860s ]

[ 2016-07-04T14:20:51+08:00 ] 127.0.0.1 /luoji/index.php/Home/Account/login.html
INFO: [ app_init ] --START--
INFO: Run Behavior\BuildLiteBehavior [ RunTime:0.000000s ]
INFO: [ app_init ] --END-- [ RunTime:0.003906s ]
INFO: [ app_begin ] --START--
INFO: Run Behavior\ReadHtmlCacheBehavior [ RunTime:0.001954s ]
INFO: [ app_begin ] --END-- [ RunTime:0.003906s ]
SQL: SHOW COLUMNS FROM `user` [ RunTime:0.0059s ]
SQL: SELECT * FROM `user` WHERE `username` = 'xuyuanfan11' LIMIT 1   [ RunTime:0.0010s ]

[ 2016-07-04T14:20:51+08:00 ] 127.0.0.1 /luoji/
INFO: [ app_init ] --START--
INFO: Run Behavior\BuildLiteBehavior [ RunTime:0.000000s ]
INFO: [ app_init ] --END-- [ RunTime:0.002930s ]
INFO: [ app_begin ] --START--
INFO: Run Behavior\ReadHtmlCacheBehavior [ RunTime:0.000977s ]
INFO: [ app_begin ] --END-- [ RunTime:0.002930s ]
NOTIC: [8] Undefined index: category D:\wamp\www\luoji\Application\Home\Controller\IndexController.class.php 第 8 行.
SQL: SHOW COLUMNS FROM `special` [ RunTime:0.0107s ]
SQL: SELECT * FROM `special` LIMIT 5   [ RunTime:0.0010s ]
NOTIC: [8] Undefined index: category D:\wamp\www\luoji\Application\Home\Controller\IndexController.class.php 第 8 行.
NOTIC: [8] Undefined index: p D:\wamp\www\luoji\Application\Home\Controller\IndexController.class.php 第 18 行.
NOTIC: [8] Undefined variable: condition D:\wamp\www\luoji\Application\Home\Controller\IndexController.class.php 第 50 行.
SQL: SHOW COLUMNS FROM `article` [ RunTime:0.0059s ]
SQL: SHOW COLUMNS FROM `user` [ RunTime:0.0068s ]
SQL: SELECT Article.id AS article_id,Article.mainimage AS mainimage,Article.coverimage AS coverimage,Article.maintitle AS maintitle,Article.subhead AS subhead,Article.introduction AS article_introduction,Article.author AS author,Article.type1 AS type1,Article.type2 AS type2,Article.type3 AS type3,Article.collectnum AS collectnum,Article.readnum AS readnum,Article.createtime AS article_createtime,User.id AS user_id,User.username AS username,User.password AS password,User.nickname AS nickname,User.headimage AS headimage,User.rank AS rank,User.jobs AS jobs,User.company AS company,User.introduction AS user_introduction,User.createtime AS user_createtime FROM article Article LEFT JOIN user User ON Article.author=User.id LIMIT 0,10   [ RunTime:0.0010s ]
SQL: SHOW COLUMNS FROM `collect` [ RunTime:0.0059s ]
SQL: SELECT * FROM `collect` WHERE `user_id` = '26' AND `article_id` = '1' LIMIT 1   [ RunTime:0.0410s ]
SQL: SELECT * FROM `collect` WHERE `user_id` = '26' AND `article_id` = '6' LIMIT 1   [ RunTime:0.0010s ]
SQL: SELECT * FROM `collect` WHERE `user_id` = '26' AND `article_id` = '11' LIMIT 1   [ RunTime:0.0010s ]
SQL: SELECT * FROM `collect` WHERE `user_id` = '26' AND `article_id` = '16' LIMIT 1   [ RunTime:0.0010s ]
SQL: SELECT * FROM `collect` WHERE `user_id` = '26' AND `article_id` = '21' LIMIT 1   [ RunTime:0.0000s ]
SQL: SELECT * FROM `collect` WHERE `user_id` = '26' AND `article_id` = '2' LIMIT 1   [ RunTime:0.0000s ]
SQL: SELECT * FROM `collect` WHERE `user_id` = '26' AND `article_id` = '8' LIMIT 1   [ RunTime:0.0010s ]
SQL: SELECT * FROM `collect` WHERE `user_id` = '26' AND `article_id` = '12' LIMIT 1   [ RunTime:0.0010s ]
SQL: SELECT * FROM `collect` WHERE `user_id` = '26' AND `article_id` = '17' LIMIT 1   [ RunTime:0.0010s ]
SQL: SELECT * FROM `collect` WHERE `user_id` = '26' AND `article_id` = '22' LIMIT 1   [ RunTime:0.0010s ]
NOTIC: [8] Undefined index: category D:\wamp\www\luoji\Application\Home\Controller\IndexController.class.php 第 8 行.
NOTIC: [8] Undefined variable: condition D:\wamp\www\luoji\Application\Home\Controller\IndexController.class.php 第 106 行.
SQL: SELECT COUNT(*) AS tp_count FROM article Article LEFT JOIN user User ON Article.author=User.id LIMIT 1   [ RunTime:0.0010s ]
NOTIC: [8] Undefined variable: condition D:\wamp\www\luoji\Application\Home\Controller\IndexController.class.php 第 108 行.
NOTIC: [2] Invalid argument supplied for foreach() D:\wamp\www\luoji\Application\Home\Controller\IndexController.class.php 第 108 行.
SQL: SELECT * FROM `user` LIMIT 5   [ RunTime:0.0020s ]
NOTIC: [8] Undefined index: jods D:\wamp\www\luoji\Application\Home\Controller\IndexController.class.php 第 122 行.
NOTIC: [8] Undefined index: jods D:\wamp\www\luoji\Application\Home\Controller\IndexController.class.php 第 122 行.
NOTIC: [8] Undefined index: jods D:\wamp\www\luoji\Application\Home\Controller\IndexController.class.php 第 122 行.
NOTIC: [8] Undefined index: jods D:\wamp\www\luoji\Application\Home\Controller\IndexController.class.php 第 122 行.
NOTIC: [8] Undefined index: jods D:\wamp\www\luoji\Application\Home\Controller\IndexController.class.php 第 122 行.
INFO: [ view_parse ] --START--
INFO: [ template_filter ] --START--
INFO: Run Behavior\ContentReplaceBehavior [ RunTime:0.000976s ]
INFO: [ template_filter ] --END-- [ RunTime:0.002930s ]
INFO: Run Behavior\ParseTemplateBehavior [ RunTime:0.124023s ]
INFO: [ view_parse ] --END-- [ RunTime:0.126953s ]
INFO: [ view_filter ] --START--
INFO: Run Behavior\WriteHtmlCacheBehavior [ RunTime:0.001953s ]
INFO: [ view_filter ] --END-- [ RunTime:0.002930s ]
INFO: [ app_end ] --START--
INFO: Run Behavior\ShowPageTraceBehavior [ RunTime:0.002930s ]
INFO: [ app_end ] --END-- [ RunTime:0.004883s ]

[ 2016-07-04T14:20:55+08:00 ] 127.0.0.1 /luoji/index.php/Home/Collect/collect.html
INFO: [ app_init ] --START--
INFO: Run Behavior\BuildLiteBehavior [ RunTime:0.000000s ]
INFO: [ app_init ] --END-- [ RunTime:0.003906s ]
INFO: [ app_begin ] --START--
INFO: Run Behavior\ReadHtmlCacheBehavior [ RunTime:0.000976s ]
INFO: [ app_begin ] --END-- [ RunTime:0.002930s ]
SQL: SHOW COLUMNS FROM `collect` [ RunTime:0.0059s ]
SQL: SELECT * FROM `collect` WHERE `user_id` = '26' AND `article_id` = '1' LIMIT 1   [ RunTime:0.0010s ]
SQL: INSERT INTO `collect` (`user_id`,`article_id`,`createtime`) VALUES ('26','1','2016-07-04 14:20:55') [ RunTime:0.1494s ]

[ 2016-07-04T14:20:57+08:00 ] 127.0.0.1 /luoji/index.php/Home/Collect/collect.html
INFO: [ app_init ] --START--
INFO: Run Behavior\BuildLiteBehavior [ RunTime:0.000977s ]
INFO: [ app_init ] --END-- [ RunTime:0.002929s ]
INFO: [ app_begin ] --START--
INFO: Run Behavior\ReadHtmlCacheBehavior [ RunTime:0.001954s ]
INFO: [ app_begin ] --END-- [ RunTime:0.004883s ]
SQL: SHOW COLUMNS FROM `collect` [ RunTime:0.0068s ]
SQL: SELECT * FROM `collect` WHERE `user_id` = '26' AND `article_id` = '6' LIMIT 1   [ RunTime:0.0020s ]
SQL: INSERT INTO `collect` (`user_id`,`article_id`,`createtime`) VALUES ('26','6','2016-07-04 14:20:57') [ RunTime:0.0801s ]

[ 2016-07-04T14:21:00+08:00 ] 127.0.0.1 /luoji/index.php/Home/Collect/collect.html
INFO: [ app_init ] --START--
INFO: Run Behavior\BuildLiteBehavior [ RunTime:0.000000s ]
INFO: [ app_init ] --END-- [ RunTime:0.002930s ]
INFO: [ app_begin ] --START--
INFO: Run Behavior\ReadHtmlCacheBehavior [ RunTime:0.001953s ]
INFO: [ app_begin ] --END-- [ RunTime:0.002930s ]
SQL: SHOW COLUMNS FROM `collect` [ RunTime:0.0088s ]
SQL: SELECT * FROM `collect` WHERE `user_id` = '26' AND `article_id` = '6' LIMIT 1   [ RunTime:0.0010s ]
NOTIC: [2] Illegal offset type in isset or empty D:\wamp\www\luoji\ThinkPHP\Library\Think\Model.class.php 第 511 行.
SQL: DELETE FROM `collect` WHERE `user_id` = '26' AND `article_id` = '6' [ RunTime:0.0742s ]

[ 2016-07-04T14:21:02+08:00 ] 127.0.0.1 /luoji/index.php/Home/Collect/collect.html
INFO: [ app_init ] --START--
INFO: Run Behavior\BuildLiteBehavior [ RunTime:0.000000s ]
INFO: [ app_init ] --END-- [ RunTime:0.003906s ]
INFO: [ app_begin ] --START--
INFO: Run Behavior\ReadHtmlCacheBehavior [ RunTime:0.001953s ]
INFO: [ app_begin ] --END-- [ RunTime:0.002930s ]
SQL: SHOW COLUMNS FROM `collect` [ RunTime:0.0068s ]
SQL: SELECT * FROM `collect` WHERE `user_id` = '26' AND `article_id` = '1' LIMIT 1   [ RunTime:0.0020s ]
NOTIC: [2] Illegal offset type in isset or empty D:\wamp\www\luoji\ThinkPHP\Library\Think\Model.class.php 第 511 行.
SQL: DELETE FROM `collect` WHERE `user_id` = '26' AND `article_id` = '1' [ RunTime:0.1016s ]

[ 2016-07-04T14:21:06+08:00 ] 127.0.0.1 /luoji/index.php/Home/Collect/collect.html
INFO: [ app_init ] --START--
INFO: Run Behavior\BuildLiteBehavior [ RunTime:0.000000s ]
INFO: [ app_init ] --END-- [ RunTime:0.002929s ]
INFO: [ app_begin ] --START--
INFO: Run Behavior\ReadHtmlCacheBehavior [ RunTime:0.001953s ]
INFO: [ app_begin ] --END-- [ RunTime:0.003906s ]
SQL: SHOW COLUMNS FROM `collect` [ RunTime:0.0059s ]
SQL: SELECT * FROM `collect` WHERE `user_id` = '26' AND `article_id` = '1' LIMIT 1   [ RunTime:0.0010s ]
SQL: INSERT INTO `collect` (`user_id`,`article_id`,`createtime`) VALUES ('26','1','2016-07-04 14:21:06') [ RunTime:0.0439s ]

[ 2016-07-04T14:21:08+08:00 ] 127.0.0.1 /luoji/index.php/Home/Collect/collect.html
INFO: [ app_init ] --START--
INFO: Run Behavior\BuildLiteBehavior [ RunTime:0.000000s ]
INFO: [ app_init ] --END-- [ RunTime:0.002929s ]
INFO: [ app_begin ] --START--
INFO: Run Behavior\ReadHtmlCacheBehavior [ RunTime:0.001953s ]
INFO: [ app_begin ] --END-- [ RunTime:0.003906s ]
SQL: SHOW COLUMNS FROM `collect` [ RunTime:0.0088s ]
SQL: SELECT * FROM `collect` WHERE `user_id` = '26' AND `article_id` = '6' LIMIT 1   [ RunTime:0.0010s ]
SQL: INSERT INTO `collect` (`user_id`,`article_id`,`createtime`) VALUES ('26','6','2016-07-04 14:21:08') [ RunTime:0.0381s ]

[ 2016-07-04T14:21:10+08:00 ] 127.0.0.1 /luoji/index.php/Home/Collect/index.html
INFO: [ app_init ] --START--
INFO: Run Behavior\BuildLiteBehavior [ RunTime:0.000977s ]
INFO: [ app_init ] --END-- [ RunTime:0.002930s ]
INFO: [ app_begin ] --START--
INFO: Run Behavior\ReadHtmlCacheBehavior [ RunTime:0.000977s ]
INFO: [ app_begin ] --END-- [ RunTime:0.003906s ]
NOTIC: [8] Undefined index: p D:\wamp\www\luoji\Application\Home\Controller\CollectController.class.php 第 8 行.
SQL: SHOW COLUMNS FROM `user` [ RunTime:0.0068s ]
SQL: SHOW COLUMNS FROM `collect` [ RunTime:0.0059s ]
SQL: SHOW COLUMNS FROM `article` [ RunTime:0.0078s ]
SQL: SELECT User.id AS user_id,User.username AS username,User.password AS password,User.nickname AS nickname,User.headimage AS headimage,User.rank AS rank,User.jobs AS jobs,User.company AS company,User.introduction AS user_introduction,User.createtime AS user_createtime,Collect.createtime AS collect_createtime,Article.id AS article_id,Article.mainimage AS mainimage,Article.coverimage AS coverimage,Article.maintitle AS maintitle,Article.subhead AS subhead,Article.introduction AS article_introduction,Article.author AS author,Article.type1 AS type1,Article.type2 AS type2,Article.type3 AS type3,Article.collectnum AS collectnum,Article.readnum AS readnum,Article.createtime AS article_createtime FROM user User RIGHT JOIN collect Collect ON User.id=Collect.user_id LEFT JOIN article Article ON Article.id=Collect.article_id WHERE User.id = '26' LIMIT 0,8   [ RunTime:0.0078s ]
SQL: SELECT COUNT(*) AS tp_count FROM user User RIGHT JOIN collect Collect ON User.id=Collect.user_id LEFT JOIN article Article ON Article.id=Collect.article_id WHERE User.id = '26' LIMIT 1   [ RunTime:0.0020s ]
NOTIC: [2] urlencode() expects parameter 1 to be string, array given D:\wamp\www\luoji\Application\Home\Controller\CollectController.class.php 第 42 行.
INFO: [ view_parse ] --START--
INFO: [ template_filter ] --START--
INFO: Run Behavior\ContentReplaceBehavior [ RunTime:0.000977s ]
INFO: [ template_filter ] --END-- [ RunTime:0.002929s ]
NOTIC: [8] Undefined offset: 2 D:\wamp\www\luoji\Application\Runtime\Cache\Home\9e36972ea747cc8d5634ea23f9d781c9.php 第 55 行.
NOTIC: [8] Undefined offset: 3 D:\wamp\www\luoji\Application\Runtime\Cache\Home\9e36972ea747cc8d5634ea23f9d781c9.php 第 55 行.
NOTIC: [8] Undefined offset: 4 D:\wamp\www\luoji\Application\Runtime\Cache\Home\9e36972ea747cc8d5634ea23f9d781c9.php 第 55 行.
NOTIC: [8] Undefined offset: 5 D:\wamp\www\luoji\Application\Runtime\Cache\Home\9e36972ea747cc8d5634ea23f9d781c9.php 第 55 行.
NOTIC: [8] Undefined offset: 6 D:\wamp\www\luoji\Application\Runtime\Cache\Home\9e36972ea747cc8d5634ea23f9d781c9.php 第 55 行.
NOTIC: [8] Undefined offset: 7 D:\wamp\www\luoji\Application\Runtime\Cache\Home\9e36972ea747cc8d5634ea23f9d781c9.php 第 55 行.
INFO: Run Behavior\ParseTemplateBehavior [ RunTime:0.116210s ]
INFO: [ view_parse ] --END-- [ RunTime:0.118164s ]
INFO: [ view_filter ] --START--
INFO: Run Behavior\WriteHtmlCacheBehavior [ RunTime:0.002930s ]
INFO: [ view_filter ] --END-- [ RunTime:0.004882s ]
INFO: [ app_end ] --START--
INFO: Run Behavior\ShowPageTraceBehavior [ RunTime:0.001953s ]
INFO: [ app_end ] --END-- [ RunTime:0.002930s ]

[ 2016-07-04T14:21:13+08:00 ] 127.0.0.1 /luoji/index.php/Home/Index/index/category/0.html
INFO: [ app_init ] --START--
INFO: Run Behavior\BuildLiteBehavior [ RunTime:0.000976s ]
INFO: [ app_init ] --END-- [ RunTime:0.003906s ]
INFO: [ app_begin ] --START--
INFO: Run Behavior\ReadHtmlCacheBehavior [ RunTime:0.003906s ]
INFO: [ app_begin ] --END-- [ RunTime:0.006836s ]
SQL: SHOW COLUMNS FROM `special` [ RunTime:0.0098s ]
SQL: SELECT * FROM `special` LIMIT 5   [ RunTime:0.0010s ]
NOTIC: [8] Undefined index: p D:\wamp\www\luoji\Application\Home\Controller\IndexController.class.php 第 18 行.
NOTIC: [8] Undefined variable: condition D:\wamp\www\luoji\Application\Home\Controller\IndexController.class.php 第 50 行.
SQL: SHOW COLUMNS FROM `article` [ RunTime:0.0059s ]
SQL: SHOW COLUMNS FROM `user` [ RunTime:0.0068s ]
SQL: SELECT Article.id AS article_id,Article.mainimage AS mainimage,Article.coverimage AS coverimage,Article.maintitle AS maintitle,Article.subhead AS subhead,Article.introduction AS article_introduction,Article.author AS author,Article.type1 AS type1,Article.type2 AS type2,Article.type3 AS type3,Article.collectnum AS collectnum,Article.readnum AS readnum,Article.createtime AS article_createtime,User.id AS user_id,User.username AS username,User.password AS password,User.nickname AS nickname,User.headimage AS headimage,User.rank AS rank,User.jobs AS jobs,User.company AS company,User.introduction AS user_introduction,User.createtime AS user_createtime FROM article Article LEFT JOIN user User ON Article.author=User.id LIMIT 0,10   [ RunTime:0.0020s ]
SQL: SHOW COLUMNS FROM `collect` [ RunTime:0.0059s ]
SQL: SELECT * FROM `collect` WHERE `user_id` = '26' AND `article_id` = '1' LIMIT 1   [ RunTime:0.0010s ]
SQL: SELECT * FROM `collect` WHERE `user_id` = '26' AND `article_id` = '6' LIMIT 1   [ RunTime:0.0010s ]
SQL: SELECT * FROM `collect` WHERE `user_id` = '26' AND `article_id` = '11' LIMIT 1   [ RunTime:0.0010s ]
SQL: SELECT * FROM `collect` WHERE `user_id` = '26' AND `article_id` = '16' LIMIT 1   [ RunTime:0.0000s ]
SQL: SELECT * FROM `collect` WHERE `user_id` = '26' AND `article_id` = '21' LIMIT 1   [ RunTime:0.0010s ]
SQL: SELECT * FROM `collect` WHERE `user_id` = '26' AND `article_id` = '2' LIMIT 1   [ RunTime:0.0010s ]
SQL: SELECT * FROM `collect` WHERE `user_id` = '26' AND `article_id` = '8' LIMIT 1   [ RunTime:0.0010s ]
SQL: SELECT * FROM `collect` WHERE `user_id` = '26' AND `article_id` = '12' LIMIT 1   [ RunTime:0.0020s ]
SQL: SELECT * FROM `collect` WHERE `user_id` = '26' AND `article_id` = '17' LIMIT 1   [ RunTime:0.0010s ]
SQL: SELECT * FROM `collect` WHERE `user_id` = '26' AND `article_id` = '22' LIMIT 1   [ RunTime:0.0010s ]
NOTIC: [8] Undefined variable: condition D:\wamp\www\luoji\Application\Home\Controller\IndexController.class.php 第 106 行.
SQL: SELECT COUNT(*) AS tp_count FROM article Article LEFT JOIN user User ON Article.author=User.id LIMIT 1   [ RunTime:0.0010s ]
NOTIC: [8] Undefined variable: condition D:\wamp\www\luoji\Application\Home\Controller\IndexController.class.php 第 108 行.
NOTIC: [2] Invalid argument supplied for foreach() D:\wamp\www\luoji\Application\Home\Controller\IndexController.class.php 第 108 行.
SQL: SELECT * FROM `user` LIMIT 5   [ RunTime:0.0010s ]
NOTIC: [8] Undefined index: jods D:\wamp\www\luoji\Application\Home\Controller\IndexController.class.php 第 122 行.
NOTIC: [8] Undefined index: jods D:\wamp\www\luoji\Application\Home\Controller\IndexController.class.php 第 122 行.
NOTIC: [8] Undefined index: jods D:\wamp\www\luoji\Application\Home\Controller\IndexController.class.php 第 122 行.
NOTIC: [8] Undefined index: jods D:\wamp\www\luoji\Application\Home\Controller\IndexController.class.php 第 122 行.
NOTIC: [8] Undefined index: jods D:\wamp\www\luoji\Application\Home\Controller\IndexController.class.php 第 122 行.
INFO: [ view_parse ] --START--
INFO: [ template_filter ] --START--
INFO: Run Behavior\ContentReplaceBehavior [ RunTime:0.000000s ]
INFO: [ template_filter ] --END-- [ RunTime:0.002929s ]
INFO: Run Behavior\ParseTemplateBehavior [ RunTime:0.122070s ]
INFO: [ view_parse ] --END-- [ RunTime:0.124024s ]
INFO: [ view_filter ] --START--
INFO: Run Behavior\WriteHtmlCacheBehavior [ RunTime:0.001953s ]
INFO: [ view_filter ] --END-- [ RunTime:0.003907s ]
INFO: [ app_end ] --START--
INFO: Run Behavior\ShowPageTraceBehavior [ RunTime:0.003907s ]
INFO: [ app_end ] --END-- [ RunTime:0.005859s ]

[ 2016-07-04T14:21:17+08:00 ] 127.0.0.1 /luoji/index.php/Home/Collect/collect.html
INFO: [ app_init ] --START--
INFO: Run Behavior\BuildLiteBehavior [ RunTime:0.000977s ]
INFO: [ app_init ] --END-- [ RunTime:0.005860s ]
INFO: [ app_begin ] --START--
INFO: Run Behavior\ReadHtmlCacheBehavior [ RunTime:0.000977s ]
INFO: [ app_begin ] --END-- [ RunTime:0.002929s ]
SQL: SHOW COLUMNS FROM `collect` [ RunTime:0.0078s ]
SQL: SELECT * FROM `collect` WHERE `user_id` = '26' AND `article_id` = '11' LIMIT 1   [ RunTime:0.0010s ]
SQL: INSERT INTO `collect` (`user_id`,`article_id`,`createtime`) VALUES ('26','11','2016-07-04 14:21:17') [ RunTime:0.0703s ]

[ 2016-07-04T14:21:19+08:00 ] 127.0.0.1 /luoji/index.php/Home/Collect/collect.html
INFO: [ app_init ] --START--
INFO: Run Behavior\BuildLiteBehavior [ RunTime:0.000000s ]
INFO: [ app_init ] --END-- [ RunTime:0.003906s ]
INFO: [ app_begin ] --START--
INFO: Run Behavior\ReadHtmlCacheBehavior [ RunTime:0.001953s ]
INFO: [ app_begin ] --END-- [ RunTime:0.002930s ]
SQL: SHOW COLUMNS FROM `collect` [ RunTime:0.0059s ]
SQL: SELECT * FROM `collect` WHERE `user_id` = '26' AND `article_id` = '16' LIMIT 1   [ RunTime:0.0010s ]
SQL: INSERT INTO `collect` (`user_id`,`article_id`,`createtime`) VALUES ('26','16','2016-07-04 14:21:19') [ RunTime:0.0332s ]

[ 2016-07-04T14:21:21+08:00 ] 127.0.0.1 /luoji/index.php/Home/Collect/index.html
INFO: [ app_init ] --START--
INFO: Run Behavior\BuildLiteBehavior [ RunTime:0.000000s ]
INFO: [ app_init ] --END-- [ RunTime:0.002929s ]
INFO: [ app_begin ] --START--
INFO: Run Behavior\ReadHtmlCacheBehavior [ RunTime:0.001953s ]
INFO: [ app_begin ] --END-- [ RunTime:0.006836s ]
NOTIC: [8] Undefined index: p D:\wamp\www\luoji\Application\Home\Controller\CollectController.class.php 第 8 行.
SQL: SHOW COLUMNS FROM `user` [ RunTime:0.0166s ]
SQL: SHOW COLUMNS FROM `collect` [ RunTime:0.0059s ]
SQL: SHOW COLUMNS FROM `article` [ RunTime:0.0059s ]
SQL: SELECT User.id AS user_id,User.username AS username,User.password AS password,User.nickname AS nickname,User.headimage AS headimage,User.rank AS rank,User.jobs AS jobs,User.company AS company,User.introduction AS user_introduction,User.createtime AS user_createtime,Collect.createtime AS collect_createtime,Article.id AS article_id,Article.mainimage AS mainimage,Article.coverimage AS coverimage,Article.maintitle AS maintitle,Article.subhead AS subhead,Article.introduction AS article_introduction,Article.author AS author,Article.type1 AS type1,Article.type2 AS type2,Article.type3 AS type3,Article.collectnum AS collectnum,Article.readnum AS readnum,Article.createtime AS article_createtime FROM user User RIGHT JOIN collect Collect ON User.id=Collect.user_id LEFT JOIN article Article ON Article.id=Collect.article_id WHERE User.id = '26' LIMIT 0,8   [ RunTime:0.0010s ]
SQL: SELECT COUNT(*) AS tp_count FROM user User RIGHT JOIN collect Collect ON User.id=Collect.user_id LEFT JOIN article Article ON Article.id=Collect.article_id WHERE User.id = '26' LIMIT 1   [ RunTime:0.0039s ]
NOTIC: [2] urlencode() expects parameter 1 to be string, array given D:\wamp\www\luoji\Application\Home\Controller\CollectController.class.php 第 42 行.
INFO: [ view_parse ] --START--
INFO: [ template_filter ] --START--
INFO: Run Behavior\ContentReplaceBehavior [ RunTime:0.000977s ]
INFO: [ template_filter ] --END-- [ RunTime:0.002930s ]
NOTIC: [8] Undefined offset: 4 D:\wamp\www\luoji\Application\Runtime\Cache\Home\9e36972ea747cc8d5634ea23f9d781c9.php 第 55 行.
NOTIC: [8] Undefined offset: 5 D:\wamp\www\luoji\Application\Runtime\Cache\Home\9e36972ea747cc8d5634ea23f9d781c9.php 第 55 行.
NOTIC: [8] Undefined offset: 6 D:\wamp\www\luoji\Application\Runtime\Cache\Home\9e36972ea747cc8d5634ea23f9d781c9.php 第 55 行.
NOTIC: [8] Undefined offset: 7 D:\wamp\www\luoji\Application\Runtime\Cache\Home\9e36972ea747cc8d5634ea23f9d781c9.php 第 55 行.
INFO: Run Behavior\ParseTemplateBehavior [ RunTime:0.109375s ]
INFO: [ view_parse ] --END-- [ RunTime:0.111328s ]
INFO: [ view_filter ] --START--
INFO: Run Behavior\WriteHtmlCacheBehavior [ RunTime:0.002930s ]
INFO: [ view_filter ] --END-- [ RunTime:0.004883s ]
INFO: [ app_end ] --START--
INFO: Run Behavior\ShowPageTraceBehavior [ RunTime:0.001954s ]
INFO: [ app_end ] --END-- [ RunTime:0.004883s ]

[ 2016-07-04T14:21:26+08:00 ] 127.0.0.1 /luoji/index.php/Home/Content/index/type/article/articleId/1.html
INFO: [ app_init ] --START--
INFO: Run Behavior\BuildLiteBehavior [ RunTime:0.000000s ]
INFO: [ app_init ] --END-- [ RunTime:0.001953s ]
INFO: [ app_begin ] --START--
INFO: Run Behavior\ReadHtmlCacheBehavior [ RunTime:0.001953s ]
INFO: [ app_begin ] --END-- [ RunTime:0.003906s ]
SQL: SHOW COLUMNS FROM `article` [ RunTime:0.0059s ]
SQL: SHOW COLUMNS FROM `user` [ RunTime:0.0068s ]
SQL: SELECT Article.id AS article_id,Article.mainimage AS mainimage,Article.coverimage AS coverimage,Article.maintitle AS maintitle,Article.subhead AS subhead,Article.introduction AS article_introduction,Article.author AS author,Article.type1 AS type1,Article.type2 AS type2,Article.type3 AS type3,Article.collectnum AS collectnum,Article.readnum AS readnum,Article.createtime AS article_createtime,User.id AS user_id,User.username AS username,User.password AS password,User.nickname AS nickname,User.headimage AS headimage,User.rank AS rank,User.jobs AS jobs,User.company AS company,User.introduction AS user_introduction,User.createtime AS user_createtime FROM article Article LEFT JOIN user User ON Article.author=User.id WHERE Article.id = '1' LIMIT 1   [ RunTime:0.0020s ]
INFO: [ view_parse ] --START--
INFO: [ template_filter ] --START--
INFO: Run Behavior\ContentReplaceBehavior [ RunTime:0.000000s ]
INFO: [ template_filter ] --END-- [ RunTime:0.001953s ]
NOTIC: [8] Undefined variable: artListTitle D:\wamp\www\luoji\Application\Runtime\Cache\Home\05c25a47e280706f416be77c1b8978f8.php 第 79 行.
INFO: Run Behavior\ParseTemplateBehavior [ RunTime:0.105469s ]
INFO: [ view_parse ] --END-- [ RunTime:0.108399s ]
INFO: [ view_filter ] --START--
INFO: Run Behavior\WriteHtmlCacheBehavior [ RunTime:0.001953s ]
INFO: [ view_filter ] --END-- [ RunTime:0.003907s ]
INFO: [ app_end ] --START--
INFO: Run Behavior\ShowPageTraceBehavior [ RunTime:0.001953s ]
INFO: [ app_end ] --END-- [ RunTime:0.003907s ]

[ 2016-07-04T14:21:38+08:00 ] 127.0.0.1 /luoji/index.php/Home/Information/index.html
INFO: [ app_init ] --START--
INFO: Run Behavior\BuildLiteBehavior [ RunTime:0.000000s ]
INFO: [ app_init ] --END-- [ RunTime:0.003906s ]
INFO: [ app_begin ] --START--
INFO: Run Behavior\ReadHtmlCacheBehavior [ RunTime:0.002930s ]
INFO: [ app_begin ] --END-- [ RunTime:0.004883s ]
SQL: SHOW COLUMNS FROM `user` [ RunTime:0.0068s ]
SQL: SELECT * FROM `user` WHERE `id` = '26' LIMIT 1   [ RunTime:0.0010s ]
INFO: [ view_parse ] --START--
INFO: [ template_filter ] --START--
INFO: Run Behavior\ContentReplaceBehavior [ RunTime:0.000000s ]
INFO: [ template_filter ] --END-- [ RunTime:0.001953s ]
INFO: Run Behavior\ParseTemplateBehavior [ RunTime:0.110351s ]
INFO: [ view_parse ] --END-- [ RunTime:0.112305s ]
INFO: [ view_filter ] --START--
INFO: Run Behavior\WriteHtmlCacheBehavior [ RunTime:0.001953s ]
INFO: [ view_filter ] --END-- [ RunTime:0.003906s ]
INFO: [ app_end ] --START--
INFO: Run Behavior\ShowPageTraceBehavior [ RunTime:0.001953s ]
INFO: [ app_end ] --END-- [ RunTime:0.003906s ]

[ 2016-07-04T14:21:51+08:00 ] 127.0.0.1 /luoji/index.php/Home/Collect/index.html
INFO: [ app_init ] --START--
INFO: Run Behavior\BuildLiteBehavior [ RunTime:0.000000s ]
INFO: [ app_init ] --END-- [ RunTime:0.002929s ]
INFO: [ app_begin ] --START--
INFO: Run Behavior\ReadHtmlCacheBehavior [ RunTime:0.003906s ]
INFO: [ app_begin ] --END-- [ RunTime:0.005859s ]
NOTIC: [8] Undefined index: p D:\wamp\www\luoji\Application\Home\Controller\CollectController.class.php 第 8 行.
SQL: SHOW COLUMNS FROM `user` [ RunTime:0.0059s ]
SQL: SHOW COLUMNS FROM `collect` [ RunTime:0.0068s ]
SQL: SHOW COLUMNS FROM `article` [ RunTime:0.0059s ]
SQL: SELECT User.id AS user_id,User.username AS username,User.password AS password,User.nickname AS nickname,User.headimage AS headimage,User.rank AS rank,User.jobs AS jobs,User.company AS company,User.introduction AS user_introduction,User.createtime AS user_createtime,Collect.createtime AS collect_createtime,Article.id AS article_id,Article.mainimage AS mainimage,Article.coverimage AS coverimage,Article.maintitle AS maintitle,Article.subhead AS subhead,Article.introduction AS article_introduction,Article.author AS author,Article.type1 AS type1,Article.type2 AS type2,Article.type3 AS type3,Article.collectnum AS collectnum,Article.readnum AS readnum,Article.createtime AS article_createtime FROM user User RIGHT JOIN collect Collect ON User.id=Collect.user_id LEFT JOIN article Article ON Article.id=Collect.article_id WHERE User.id = '26' LIMIT 0,8   [ RunTime:0.0010s ]
SQL: SELECT COUNT(*) AS tp_count FROM user User RIGHT JOIN collect Collect ON User.id=Collect.user_id LEFT JOIN article Article ON Article.id=Collect.article_id WHERE User.id = '26' LIMIT 1   [ RunTime:0.0010s ]
NOTIC: [2] urlencode() expects parameter 1 to be string, array given D:\wamp\www\luoji\Application\Home\Controller\CollectController.class.php 第 42 行.
INFO: [ view_parse ] --START--
INFO: [ template_filter ] --START--
INFO: Run Behavior\ContentReplaceBehavior [ RunTime:0.000976s ]
INFO: [ template_filter ] --END-- [ RunTime:0.002930s ]
NOTIC: [8] Undefined offset: 4 D:\wamp\www\luoji\Application\Runtime\Cache\Home\9e36972ea747cc8d5634ea23f9d781c9.php 第 55 行.
NOTIC: [8] Undefined offset: 5 D:\wamp\www\luoji\Application\Runtime\Cache\Home\9e36972ea747cc8d5634ea23f9d781c9.php 第 55 行.
NOTIC: [8] Undefined offset: 6 D:\wamp\www\luoji\Application\Runtime\Cache\Home\9e36972ea747cc8d5634ea23f9d781c9.php 第 55 行.
NOTIC: [8] Undefined offset: 7 D:\wamp\www\luoji\Application\Runtime\Cache\Home\9e36972ea747cc8d5634ea23f9d781c9.php 第 55 行.
INFO: Run Behavior\ParseTemplateBehavior [ RunTime:0.103515s ]
INFO: [ view_parse ] --END-- [ RunTime:0.109375s ]
INFO: [ view_filter ] --START--
INFO: Run Behavior\WriteHtmlCacheBehavior [ RunTime:0.001953s ]
INFO: [ view_filter ] --END-- [ RunTime:0.003907s ]
INFO: [ app_end ] --START--
INFO: Run Behavior\ShowPageTraceBehavior [ RunTime:0.003906s ]
INFO: [ app_end ] --END-- [ RunTime:0.005859s ]

[ 2016-07-04T14:21:53+08:00 ] 127.0.0.1 /luoji/index.php/Home/Content/index/type/article/articleId/1.html
INFO: [ app_init ] --START--
INFO: Run Behavior\BuildLiteBehavior [ RunTime:0.000000s ]
INFO: [ app_init ] --END-- [ RunTime:0.002930s ]
INFO: [ app_begin ] --START--
INFO: Run Behavior\ReadHtmlCacheBehavior [ RunTime:0.001953s ]
INFO: [ app_begin ] --END-- [ RunTime:0.003906s ]
SQL: SHOW COLUMNS FROM `article` [ RunTime:0.0068s ]
SQL: SHOW COLUMNS FROM `user` [ RunTime:0.0078s ]
SQL: SELECT Article.id AS article_id,Article.mainimage AS mainimage,Article.coverimage AS coverimage,Article.maintitle AS maintitle,Article.subhead AS subhead,Article.introduction AS article_introduction,Article.author AS author,Article.type1 AS type1,Article.type2 AS type2,Article.type3 AS type3,Article.collectnum AS collectnum,Article.readnum AS readnum,Article.createtime AS article_createtime,User.id AS user_id,User.username AS username,User.password AS password,User.nickname AS nickname,User.headimage AS headimage,User.rank AS rank,User.jobs AS jobs,User.company AS company,User.introduction AS user_introduction,User.createtime AS user_createtime FROM article Article LEFT JOIN user User ON Article.author=User.id WHERE Article.id = '1' LIMIT 1   [ RunTime:0.0010s ]
INFO: [ view_parse ] --START--
INFO: [ template_filter ] --START--
INFO: Run Behavior\ContentReplaceBehavior [ RunTime:0.000976s ]
INFO: [ template_filter ] --END-- [ RunTime:0.002930s ]
NOTIC: [8] Undefined variable: artListTitle D:\wamp\www\luoji\Application\Runtime\Cache\Home\05c25a47e280706f416be77c1b8978f8.php 第 79 行.
INFO: Run Behavior\ParseTemplateBehavior [ RunTime:0.101562s ]
INFO: [ view_parse ] --END-- [ RunTime:0.103516s ]
INFO: [ view_filter ] --START--
INFO: Run Behavior\WriteHtmlCacheBehavior [ RunTime:0.001953s ]
INFO: [ view_filter ] --END-- [ RunTime:0.002930s ]
INFO: [ app_end ] --START--
INFO: Run Behavior\ShowPageTraceBehavior [ RunTime:0.001953s ]
INFO: [ app_end ] --END-- [ RunTime:0.003906s ]

[ 2016-07-04T14:36:35+08:00 ] 127.0.0.1 /luoji/index.php/Home/Index/index/category/0.html
INFO: [ app_init ] --START--
INFO: Run Behavior\BuildLiteBehavior [ RunTime:0.000000s ]
INFO: [ app_init ] --END-- [ RunTime:0.002930s ]
INFO: [ app_begin ] --START--
INFO: Run Behavior\ReadHtmlCacheBehavior [ RunTime:0.002930s ]
INFO: [ app_begin ] --END-- [ RunTime:0.003906s ]
SQL: SHOW COLUMNS FROM `special` [ RunTime:0.0068s ]
SQL: SELECT * FROM `special` LIMIT 5   [ RunTime:0.0010s ]
NOTIC: [8] Undefined index: p D:\wamp\www\luoji\Application\Home\Controller\IndexController.class.php 第 18 行.
NOTIC: [8] Undefined variable: condition D:\wamp\www\luoji\Application\Home\Controller\IndexController.class.php 第 50 行.
SQL: SHOW COLUMNS FROM `article` [ RunTime:0.0059s ]
SQL: SHOW COLUMNS FROM `user` [ RunTime:0.0117s ]
SQL: SELECT Article.id AS article_id,Article.mainimage AS mainimage,Article.coverimage AS coverimage,Article.maintitle AS maintitle,Article.subhead AS subhead,Article.introduction AS article_introduction,Article.author AS author,Article.type1 AS type1,Article.type2 AS type2,Article.type3 AS type3,Article.collectnum AS collectnum,Article.readnum AS readnum,Article.createtime AS article_createtime,User.id AS user_id,User.username AS username,User.password AS password,User.nickname AS nickname,User.headimage AS headimage,User.rank AS rank,User.jobs AS jobs,User.company AS company,User.introduction AS user_introduction,User.createtime AS user_createtime FROM article Article LEFT JOIN user User ON Article.author=User.id LIMIT 0,10   [ RunTime:0.0010s ]
SQL: SHOW COLUMNS FROM `collect` [ RunTime:0.0078s ]
SQL: SELECT * FROM `collect` WHERE `user_id` = '26' AND `article_id` = '1' LIMIT 1   [ RunTime:0.0010s ]
SQL: SELECT * FROM `collect` WHERE `user_id` = '26' AND `article_id` = '6' LIMIT 1   [ RunTime:0.0000s ]
SQL: SELECT * FROM `collect` WHERE `user_id` = '26' AND `article_id` = '11' LIMIT 1   [ RunTime:0.0010s ]
SQL: SELECT * FROM `collect` WHERE `user_id` = '26' AND `article_id` = '16' LIMIT 1   [ RunTime:0.0010s ]
SQL: SELECT * FROM `collect` WHERE `user_id` = '26' AND `article_id` = '21' LIMIT 1   [ RunTime:0.0010s ]
SQL: SELECT * FROM `collect` WHERE `user_id` = '26' AND `article_id` = '2' LIMIT 1   [ RunTime:0.0000s ]
SQL: SELECT * FROM `collect` WHERE `user_id` = '26' AND `article_id` = '8' LIMIT 1   [ RunTime:0.0010s ]
SQL: SELECT * FROM `collect` WHERE `user_id` = '26' AND `article_id` = '12' LIMIT 1   [ RunTime:0.0020s ]
SQL: SELECT * FROM `collect` WHERE `user_id` = '26' AND `article_id` = '17' LIMIT 1   [ RunTime:0.0000s ]
SQL: SELECT * FROM `collect` WHERE `user_id` = '26' AND `article_id` = '22' LIMIT 1   [ RunTime:0.0010s ]
NOTIC: [8] Undefined variable: condition D:\wamp\www\luoji\Application\Home\Controller\IndexController.class.php 第 106 行.
SQL: SELECT COUNT(*) AS tp_count FROM article Article LEFT JOIN user User ON Article.author=User.id LIMIT 1   [ RunTime:0.0010s ]
NOTIC: [8] Undefined variable: condition D:\wamp\www\luoji\Application\Home\Controller\IndexController.class.php 第 108 行.
NOTIC: [2] Invalid argument supplied for foreach() D:\wamp\www\luoji\Application\Home\Controller\IndexController.class.php 第 108 行.
SQL: SELECT * FROM `user` LIMIT 5   [ RunTime:0.0010s ]
NOTIC: [8] Undefined index: jods D:\wamp\www\luoji\Application\Home\Controller\IndexController.class.php 第 122 行.
NOTIC: [8] Undefined index: jods D:\wamp\www\luoji\Application\Home\Controller\IndexController.class.php 第 122 行.
NOTIC: [8] Undefined index: jods D:\wamp\www\luoji\Application\Home\Controller\IndexController.class.php 第 122 行.
NOTIC: [8] Undefined index: jods D:\wamp\www\luoji\Application\Home\Controller\IndexController.class.php 第 122 行.
NOTIC: [8] Undefined index: jods D:\wamp\www\luoji\Application\Home\Controller\IndexController.class.php 第 122 行.
INFO: [ view_parse ] --START--
INFO: [ template_filter ] --START--
INFO: Run Behavior\ContentReplaceBehavior [ RunTime:0.001953s ]
INFO: [ template_filter ] --END-- [ RunTime:0.003906s ]
INFO: Run Behavior\ParseTemplateBehavior [ RunTime:0.118165s ]
INFO: [ view_parse ] --END-- [ RunTime:0.121094s ]
INFO: [ view_filter ] --START--
INFO: Run Behavior\WriteHtmlCacheBehavior [ RunTime:0.000976s ]
INFO: [ view_filter ] --END-- [ RunTime:0.003906s ]
INFO: [ app_end ] --START--
INFO: Run Behavior\ShowPageTraceBehavior [ RunTime:0.002930s ]
INFO: [ app_end ] --END-- [ RunTime:0.009766s ]

[ 2016-07-04T14:42:41+08:00 ] 127.0.0.1 /luoji/index.php/Home/Content/index/type/article/articleId/6.html
INFO: [ app_init ] --START--
INFO: Run Behavior\BuildLiteBehavior [ RunTime:0.000977s ]
INFO: [ app_init ] --END-- [ RunTime:0.009765s ]
INFO: [ app_begin ] --START--
INFO: Run Behavior\ReadHtmlCacheBehavior [ RunTime:0.001953s ]
INFO: [ app_begin ] --END-- [ RunTime:0.004883s ]
SQL: SHOW COLUMNS FROM `article` [ RunTime:0.0059s ]
SQL: SHOW COLUMNS FROM `user` [ RunTime:0.0059s ]
SQL: SELECT Article.id AS article_id,Article.mainimage AS mainimage,Article.coverimage AS coverimage,Article.maintitle AS maintitle,Article.subhead AS subhead,Article.introduction AS article_introduction,Article.author AS author,Article.type1 AS type1,Article.type2 AS type2,Article.type3 AS type3,Article.collectnum AS collectnum,Article.readnum AS readnum,Article.createtime AS article_createtime,User.id AS user_id,User.username AS username,User.password AS password,User.nickname AS nickname,User.headimage AS headimage,User.rank AS rank,User.jobs AS jobs,User.company AS company,User.introduction AS user_introduction,User.createtime AS user_createtime FROM article Article LEFT JOIN user User ON Article.author=User.id WHERE Article.id = '6' LIMIT 1   [ RunTime:0.0010s ]
INFO: [ view_parse ] --START--
INFO: [ template_filter ] --START--
INFO: Run Behavior\ContentReplaceBehavior [ RunTime:0.000977s ]
INFO: [ template_filter ] --END-- [ RunTime:0.002930s ]
NOTIC: [8] Undefined variable: artListTitle D:\wamp\www\luoji\Application\Runtime\Cache\Home\05c25a47e280706f416be77c1b8978f8.php 第 79 行.
INFO: Run Behavior\ParseTemplateBehavior [ RunTime:0.124024s ]
INFO: [ view_parse ] --END-- [ RunTime:0.126953s ]
INFO: [ view_filter ] --START--
INFO: Run Behavior\WriteHtmlCacheBehavior [ RunTime:0.001953s ]
INFO: [ view_filter ] --END-- [ RunTime:0.003906s ]
INFO: [ app_end ] --START--
INFO: Run Behavior\ShowPageTraceBehavior [ RunTime:0.003907s ]
INFO: [ app_end ] --END-- [ RunTime:0.005859s ]

[ 2016-07-04T15:12:20+08:00 ] 127.0.0.1 /luoji/index.php/Home/Collect/collect.html
INFO: [ app_init ] --START--
INFO: Run Behavior\BuildLiteBehavior [ RunTime:0.000977s ]
INFO: [ app_init ] --END-- [ RunTime:0.003906s ]
INFO: [ app_begin ] --START--
INFO: Run Behavior\ReadHtmlCacheBehavior [ RunTime:0.002930s ]
INFO: [ app_begin ] --END-- [ RunTime:0.005859s ]
SQL: SHOW COLUMNS FROM `collect` [ RunTime:0.0059s ]
SQL: SELECT * FROM `collect` WHERE `user_id` = '26' AND `article_id` = '21' LIMIT 1   [ RunTime:0.0010s ]
SQL: INSERT INTO `collect` (`user_id`,`article_id`,`createtime`) VALUES ('26','21','2016-07-04 15:12:20') [ RunTime:0.0479s ]

[ 2016-07-04T15:12:24+08:00 ] 127.0.0.1 /luoji/index.php/Home/Account/logout.html
INFO: [ app_init ] --START--
INFO: Run Behavior\BuildLiteBehavior [ RunTime:0.000000s ]
INFO: [ app_init ] --END-- [ RunTime:0.002930s ]
INFO: [ app_begin ] --START--
INFO: Run Behavior\ReadHtmlCacheBehavior [ RunTime:0.001953s ]
INFO: [ app_begin ] --END-- [ RunTime:0.003906s ]

[ 2016-07-04T15:12:25+08:00 ] 127.0.0.1 /luoji/index.php/Home/Account/index/operation/0.html
INFO: [ app_init ] --START--
INFO: Run Behavior\BuildLiteBehavior [ RunTime:0.000977s ]
INFO: [ app_init ] --END-- [ RunTime:0.004883s ]
INFO: [ app_begin ] --START--
INFO: Run Behavior\ReadHtmlCacheBehavior [ RunTime:0.001954s ]
INFO: [ app_begin ] --END-- [ RunTime:0.004883s ]
INFO: [ view_parse ] --START--
INFO: [ template_filter ] --START--
INFO: Run Behavior\ContentReplaceBehavior [ RunTime:0.000977s ]
INFO: [ template_filter ] --END-- [ RunTime:0.002930s ]
INFO: Run Behavior\ParseTemplateBehavior [ RunTime:0.194336s ]
INFO: [ view_parse ] --END-- [ RunTime:0.197265s ]
INFO: [ view_filter ] --START--
INFO: Run Behavior\WriteHtmlCacheBehavior [ RunTime:0.018555s ]
INFO: [ view_filter ] --END-- [ RunTime:0.020508s ]
INFO: [ app_end ] --START--
INFO: Run Behavior\ShowPageTraceBehavior [ RunTime:0.003907s ]
INFO: [ app_end ] --END-- [ RunTime:0.005859s ]

[ 2016-07-04T15:12:25+08:00 ] 127.0.0.1 /luoji/index.php/Home/Account/verify.html
INFO: [ app_init ] --START--
INFO: Run Behavior\BuildLiteBehavior [ RunTime:0.000000s ]
INFO: [ app_init ] --END-- [ RunTime:0.002929s ]
INFO: [ app_begin ] --START--
INFO: Run Behavior\ReadHtmlCacheBehavior [ RunTime:0.001953s ]
INFO: [ app_begin ] --END-- [ RunTime:0.004883s ]
INFO: [ app_end ] --START--
INFO: Run Behavior\ShowPageTraceBehavior [ RunTime:0.001953s ]
INFO: [ app_end ] --END-- [ RunTime:0.003907s ]

[ 2016-07-04T15:12:28+08:00 ] 127.0.0.1 /luoji/index.php/Home/Index/index/category/0.html
INFO: [ app_init ] --START--
INFO: Run Behavior\BuildLiteBehavior [ RunTime:0.000977s ]
INFO: [ app_init ] --END-- [ RunTime:0.005860s ]
INFO: [ app_begin ] --START--
INFO: Run Behavior\ReadHtmlCacheBehavior [ RunTime:0.001953s ]
INFO: [ app_begin ] --END-- [ RunTime:0.003906s ]
SQL: SHOW COLUMNS FROM `special` [ RunTime:0.0137s ]
SQL: SELECT * FROM `special` LIMIT 5   [ RunTime:0.0010s ]
NOTIC: [8] Undefined index: p D:\wamp\www\luoji\Application\Home\Controller\IndexController.class.php 第 18 行.
NOTIC: [8] Undefined variable: condition D:\wamp\www\luoji\Application\Home\Controller\IndexController.class.php 第 50 行.
SQL: SHOW COLUMNS FROM `article` [ RunTime:0.0068s ]
SQL: SHOW COLUMNS FROM `user` [ RunTime:0.0068s ]
SQL: SELECT Article.id AS article_id,Article.mainimage AS mainimage,Article.coverimage AS coverimage,Article.maintitle AS maintitle,Article.subhead AS subhead,Article.introduction AS article_introduction,Article.author AS author,Article.type1 AS type1,Article.type2 AS type2,Article.type3 AS type3,Article.collectnum AS collectnum,Article.readnum AS readnum,Article.createtime AS article_createtime,User.id AS user_id,User.username AS username,User.password AS password,User.nickname AS nickname,User.headimage AS headimage,User.rank AS rank,User.jobs AS jobs,User.company AS company,User.introduction AS user_introduction,User.createtime AS user_createtime FROM article Article LEFT JOIN user User ON Article.author=User.id LIMIT 0,10   [ RunTime:0.0010s ]
SQL: SHOW COLUMNS FROM `collect` [ RunTime:0.0059s ]
SQL: SELECT * FROM `collect` WHERE `user_id` = null AND `article_id` = '1' LIMIT 1   [ RunTime:0.0010s ]
SQL: SELECT * FROM `collect` WHERE `user_id` = null AND `article_id` = '6' LIMIT 1   [ RunTime:0.0010s ]
SQL: SELECT * FROM `collect` WHERE `user_id` = null AND `article_id` = '11' LIMIT 1   [ RunTime:0.0020s ]
SQL: SELECT * FROM `collect` WHERE `user_id` = null AND `article_id` = '16' LIMIT 1   [ RunTime:0.0010s ]
SQL: SELECT * FROM `collect` WHERE `user_id` = null AND `article_id` = '21' LIMIT 1   [ RunTime:0.0010s ]
SQL: SELECT * FROM `collect` WHERE `user_id` = null AND `article_id` = '2' LIMIT 1   [ RunTime:0.0020s ]
SQL: SELECT * FROM `collect` WHERE `user_id` = null AND `article_id` = '8' LIMIT 1   [ RunTime:0.0000s ]
SQL: SELECT * FROM `collect` WHERE `user_id` = null AND `article_id` = '12' LIMIT 1   [ RunTime:0.0000s ]
SQL: SELECT * FROM `collect` WHERE `user_id` = null AND `article_id` = '17' LIMIT 1   [ RunTime:0.0000s ]
SQL: SELECT * FROM `collect` WHERE `user_id` = null AND `article_id` = '22' LIMIT 1   [ RunTime:0.0000s ]
NOTIC: [8] Undefined variable: condition D:\wamp\www\luoji\Application\Home\Controller\IndexController.class.php 第 106 行.
SQL: SELECT COUNT(*) AS tp_count FROM article Article LEFT JOIN user User ON Article.author=User.id LIMIT 1   [ RunTime:0.0010s ]
NOTIC: [8] Undefined variable: condition D:\wamp\www\luoji\Application\Home\Controller\IndexController.class.php 第 108 行.
NOTIC: [2] Invalid argument supplied for foreach() D:\wamp\www\luoji\Application\Home\Controller\IndexController.class.php 第 108 行.
SQL: SELECT * FROM `user` LIMIT 5   [ RunTime:0.0020s ]
NOTIC: [8] Undefined index: jods D:\wamp\www\luoji\Application\Home\Controller\IndexController.class.php 第 122 行.
NOTIC: [8] Undefined index: jods D:\wamp\www\luoji\Application\Home\Controller\IndexController.class.php 第 122 行.
NOTIC: [8] Undefined index: jods D:\wamp\www\luoji\Application\Home\Controller\IndexController.class.php 第 122 行.
NOTIC: [8] Undefined index: jods D:\wamp\www\luoji\Application\Home\Controller\IndexController.class.php 第 122 行.
NOTIC: [8] Undefined index: jods D:\wamp\www\luoji\Application\Home\Controller\IndexController.class.php 第 122 行.
INFO: [ view_parse ] --START--
INFO: [ template_filter ] --START--
INFO: Run Behavior\ContentReplaceBehavior [ RunTime:0.000977s ]
INFO: [ template_filter ] --END-- [ RunTime:0.003907s ]
INFO: Run Behavior\ParseTemplateBehavior [ RunTime:0.137695s ]
INFO: [ view_parse ] --END-- [ RunTime:0.139649s ]
INFO: [ view_filter ] --START--
INFO: Run Behavior\WriteHtmlCacheBehavior [ RunTime:0.000976s ]
INFO: [ view_filter ] --END-- [ RunTime:0.002930s ]
INFO: [ app_end ] --START--
INFO: Run Behavior\ShowPageTraceBehavior [ RunTime:0.002929s ]
INFO: [ app_end ] --END-- [ RunTime:0.005859s ]

[ 2016-07-04T15:12:31+08:00 ] 127.0.0.1 /luoji/index.php/Home/Collect/collect.html
INFO: [ app_init ] --START--
INFO: Run Behavior\BuildLiteBehavior [ RunTime:0.000977s ]
INFO: [ app_init ] --END-- [ RunTime:0.003906s ]
INFO: [ app_begin ] --START--
INFO: Run Behavior\ReadHtmlCacheBehavior [ RunTime:0.001953s ]
INFO: [ app_begin ] --END-- [ RunTime:0.002929s ]

[ 2016-07-04T15:25:08+08:00 ] 127.0.0.1 /luoji/index.php/Home/Index/index/category/0.html
INFO: [ app_init ] --START--
INFO: Run Behavior\BuildLiteBehavior [ RunTime:0.000000s ]
INFO: [ app_init ] --END-- [ RunTime:0.003907s ]
INFO: [ app_begin ] --START--
INFO: Run Behavior\ReadHtmlCacheBehavior [ RunTime:0.002930s ]
INFO: [ app_begin ] --END-- [ RunTime:0.004883s ]
SQL: SHOW COLUMNS FROM `special` [ RunTime:0.0068s ]
SQL: SELECT * FROM `special` LIMIT 5   [ RunTime:0.0020s ]
NOTIC: [8] Undefined index: p D:\wamp\www\luoji\Application\Home\Controller\IndexController.class.php 第 18 行.
NOTIC: [8] Undefined variable: condition D:\wamp\www\luoji\Application\Home\Controller\IndexController.class.php 第 50 行.
SQL: SHOW COLUMNS FROM `article` [ RunTime:0.0059s ]
SQL: SHOW COLUMNS FROM `user` [ RunTime:0.0137s ]
SQL: SELECT Article.id AS article_id,Article.mainimage AS mainimage,Article.coverimage AS coverimage,Article.maintitle AS maintitle,Article.subhead AS subhead,Article.introduction AS article_introduction,Article.author AS author,Article.type1 AS type1,Article.type2 AS type2,Article.type3 AS type3,Article.collectnum AS collectnum,Article.readnum AS readnum,Article.createtime AS article_createtime,User.id AS user_id,User.username AS username,User.password AS password,User.nickname AS nickname,User.headimage AS headimage,User.rank AS rank,User.jobs AS jobs,User.company AS company,User.introduction AS user_introduction,User.createtime AS user_createtime FROM article Article LEFT JOIN user User ON Article.author=User.id LIMIT 0,10   [ RunTime:0.0010s ]
SQL: SHOW COLUMNS FROM `collect` [ RunTime:0.0068s ]
SQL: SELECT * FROM `collect` WHERE `user_id` = null AND `article_id` = '1' LIMIT 1   [ RunTime:0.0020s ]
SQL: SELECT * FROM `collect` WHERE `user_id` = null AND `article_id` = '6' LIMIT 1   [ RunTime:0.0010s ]
SQL: SELECT * FROM `collect` WHERE `user_id` = null AND `article_id` = '11' LIMIT 1   [ RunTime:0.0010s ]
SQL: SELECT * FROM `collect` WHERE `user_id` = null AND `article_id` = '16' LIMIT 1   [ RunTime:0.0010s ]
SQL: SELECT * FROM `collect` WHERE `user_id` = null AND `article_id` = '21' LIMIT 1   [ RunTime:0.0010s ]
SQL: SELECT * FROM `collect` WHERE `user_id` = null AND `article_id` = '2' LIMIT 1   [ RunTime:0.0010s ]
SQL: SELECT * FROM `collect` WHERE `user_id` = null AND `article_id` = '8' LIMIT 1   [ RunTime:0.0010s ]
SQL: SELECT * FROM `collect` WHERE `user_id` = null AND `article_id` = '12' LIMIT 1   [ RunTime:0.0000s ]
SQL: SELECT * FROM `collect` WHERE `user_id` = null AND `article_id` = '17' LIMIT 1   [ RunTime:0.0010s ]
SQL: SELECT * FROM `collect` WHERE `user_id` = null AND `article_id` = '22' LIMIT 1   [ RunTime:0.0020s ]
NOTIC: [8] Undefined variable: condition D:\wamp\www\luoji\Application\Home\Controller\IndexController.class.php 第 106 行.
SQL: SELECT COUNT(*) AS tp_count FROM article Article LEFT JOIN user User ON Article.author=User.id LIMIT 1   [ RunTime:0.0010s ]
NOTIC: [8] Undefined variable: condition D:\wamp\www\luoji\Application\Home\Controller\IndexController.class.php 第 108 行.
NOTIC: [2] Invalid argument supplied for foreach() D:\wamp\www\luoji\Application\Home\Controller\IndexController.class.php 第 108 行.
SQL: SELECT * FROM `user` LIMIT 5   [ RunTime:0.0010s ]
NOTIC: [8] Undefined index: jods D:\wamp\www\luoji\Application\Home\Controller\IndexController.class.php 第 122 行.
NOTIC: [8] Undefined index: jods D:\wamp\www\luoji\Application\Home\Controller\IndexController.class.php 第 122 行.
NOTIC: [8] Undefined index: jods D:\wamp\www\luoji\Application\Home\Controller\IndexController.class.php 第 122 行.
NOTIC: [8] Undefined index: jods D:\wamp\www\luoji\Application\Home\Controller\IndexController.class.php 第 122 行.
NOTIC: [8] Undefined index: jods D:\wamp\www\luoji\Application\Home\Controller\IndexController.class.php 第 122 行.
INFO: [ view_parse ] --START--
INFO: [ template_filter ] --START--
INFO: Run Behavior\ContentReplaceBehavior [ RunTime:0.000977s ]
INFO: [ template_filter ] --END-- [ RunTime:0.002929s ]
INFO: Run Behavior\ParseTemplateBehavior [ RunTime:0.184570s ]
INFO: [ view_parse ] --END-- [ RunTime:0.187500s ]
INFO: [ view_filter ] --START--
INFO: Run Behavior\WriteHtmlCacheBehavior [ RunTime:0.018554s ]
INFO: [ view_filter ] --END-- [ RunTime:0.020508s ]
INFO: [ app_end ] --START--
INFO: Run Behavior\ShowPageTraceBehavior [ RunTime:0.021484s ]
INFO: [ app_end ] --END-- [ RunTime:0.023438s ]

