[ 2016-07-15T09:16:24+08:00 ] 127.0.0.1 /luoji/
INFO: [ app_init ] --START--
INFO: Run Behavior\BuildLiteBehavior [ RunTime:0.000000s ]
INFO: [ app_init ] --END-- [ RunTime:0.007812s ]
INFO: [ app_begin ] --START--
INFO: Run Behavior\ReadHtmlCacheBehavior [ RunTime:0.007812s ]
INFO: [ app_begin ] --END-- [ RunTime:0.007812s ]
NOTIC: [8] Undefined index: category D:\wamp\www\luoji\Application\Home\Controller\IndexController.class.php 第 8 行.
SQL: SHOW COLUMNS FROM `special` [ RunTime:0.0547s ]
SQL: SELECT * FROM `special` LIMIT 5   [ RunTime:0.0000s ]
NOTIC: [8] Undefined offset: 0 D:\wamp\www\luoji\Application\Home\Controller\IndexController.class.php 第 31 行.
NOTIC: [8] Undefined offset: 0 D:\wamp\www\luoji\Application\Home\Controller\IndexController.class.php 第 32 行.
NOTIC: [8] Undefined offset: 0 D:\wamp\www\luoji\Application\Home\Controller\IndexController.class.php 第 33 行.
NOTIC: [8] Undefined offset: 0 D:\wamp\www\luoji\Application\Home\Controller\IndexController.class.php 第 34 行.
NOTIC: [8] Undefined offset: 1 D:\wamp\www\luoji\Application\Home\Controller\IndexController.class.php 第 31 行.
NOTIC: [8] Undefined offset: 1 D:\wamp\www\luoji\Application\Home\Controller\IndexController.class.php 第 32 行.
NOTIC: [8] Undefined offset: 1 D:\wamp\www\luoji\Application\Home\Controller\IndexController.class.php 第 33 行.
NOTIC: [8] Undefined offset: 1 D:\wamp\www\luoji\Application\Home\Controller\IndexController.class.php 第 34 行.
NOTIC: [8] Undefined offset: 2 D:\wamp\www\luoji\Application\Home\Controller\IndexController.class.php 第 31 行.
NOTIC: [8] Undefined offset: 2 D:\wamp\www\luoji\Application\Home\Controller\IndexController.class.php 第 32 行.
NOTIC: [8] Undefined offset: 2 D:\wamp\www\luoji\Application\Home\Controller\IndexController.class.php 第 33 行.
NOTIC: [8] Undefined offset: 2 D:\wamp\www\luoji\Application\Home\Controller\IndexController.class.php 第 34 行.
NOTIC: [8] Undefined offset: 3 D:\wamp\www\luoji\Application\Home\Controller\IndexController.class.php 第 31 行.
NOTIC: [8] Undefined offset: 3 D:\wamp\www\luoji\Application\Home\Controller\IndexController.class.php 第 32 行.
NOTIC: [8] Undefined offset: 3 D:\wamp\www\luoji\Application\Home\Controller\IndexController.class.php 第 33 行.
NOTIC: [8] Undefined offset: 3 D:\wamp\www\luoji\Application\Home\Controller\IndexController.class.php 第 34 行.
NOTIC: [8] Undefined offset: 4 D:\wamp\www\luoji\Application\Home\Controller\IndexController.class.php 第 31 行.
NOTIC: [8] Undefined offset: 4 D:\wamp\www\luoji\Application\Home\Controller\IndexController.class.php 第 32 行.
NOTIC: [8] Undefined offset: 4 D:\wamp\www\luoji\Application\Home\Controller\IndexController.class.php 第 33 行.
NOTIC: [8] Undefined offset: 4 D:\wamp\www\luoji\Application\Home\Controller\IndexController.class.php 第 34 行.
NOTIC: [8] Undefined index: category D:\wamp\www\luoji\Application\Home\Controller\IndexController.class.php 第 8 行.
NOTIC: [8] Undefined index: p D:\wamp\www\luoji\Application\Home\Controller\IndexController.class.php 第 18 行.
NOTIC: [8] Undefined variable: condition D:\wamp\www\luoji\Application\Home\Controller\IndexController.class.php 第 50 行.
SQL: SHOW COLUMNS FROM `article` [ RunTime:0.0469s ]
SQL: SHOW COLUMNS FROM `user` [ RunTime:0.0391s ]
SQL: SELECT Article.id AS article_id,Article.mainimage AS mainimage,Article.coverimage AS coverimage,Article.maintitle AS maintitle,Article.subhead AS subhead,Article.introduction AS article_introduction,Article.author AS author,Article.type1 AS type1,Article.type2 AS type2,Article.type3 AS type3,Article.collectnum AS collectnum,Article.readnum AS readnum,Article.createtime AS article_createtime,User.id AS user_id,User.username AS username,User.password AS password,User.nickname AS nickname,User.headimage AS headimage,User.rank AS rank,User.jobs AS jobs,User.company AS company,User.introduction AS user_introduction,User.createtime AS user_createtime FROM article Article LEFT JOIN user User ON Article.author=User.id LIMIT 0,10   [ RunTime:0.0000s ]
NOTIC: [8] Undefined variable: articleCoverImage D:\wamp\www\luoji\Application\Home\Controller\IndexController.class.php 第 89 行.
NOTIC: [8] Undefined variable: articleClassification D:\wamp\www\luoji\Application\Home\Controller\IndexController.class.php 第 90 行.
NOTIC: [8] Undefined variable: articleCollect D:\wamp\www\luoji\Application\Home\Controller\IndexController.class.php 第 91 行.
NOTIC: [8] Undefined variable: articleId D:\wamp\www\luoji\Application\Home\Controller\IndexController.class.php 第 92 行.
NOTIC: [8] Undefined variable: articleHref D:\wamp\www\luoji\Application\Home\Controller\IndexController.class.php 第 93 行.
NOTIC: [8] Undefined variable: articleMaintitle D:\wamp\www\luoji\Application\Home\Controller\IndexController.class.php 第 94 行.
NOTIC: [8] Undefined variable: articleIntroduction D:\wamp\www\luoji\Application\Home\Controller\IndexController.class.php 第 95 行.
NOTIC: [8] Undefined variable: articleReadnum D:\wamp\www\luoji\Application\Home\Controller\IndexController.class.php 第 96 行.
NOTIC: [8] Undefined variable: articleNickname D:\wamp\www\luoji\Application\Home\Controller\IndexController.class.php 第 97 行.
NOTIC: [8] Undefined variable: expertHref D:\wamp\www\luoji\Application\Home\Controller\IndexController.class.php 第 98 行.
NOTIC: [8] Undefined index: category D:\wamp\www\luoji\Application\Home\Controller\IndexController.class.php 第 8 行.
NOTIC: [8] Undefined variable: condition D:\wamp\www\luoji\Application\Home\Controller\IndexController.class.php 第 108 行.
SQL: SELECT COUNT(*) AS tp_count FROM article Article LEFT JOIN user User ON Article.author=User.id LIMIT 1   [ RunTime:0.0000s ]
NOTIC: [8] Undefined variable: condition D:\wamp\www\luoji\Application\Home\Controller\IndexController.class.php 第 110 行.
NOTIC: [2] Invalid argument supplied for foreach() D:\wamp\www\luoji\Application\Home\Controller\IndexController.class.php 第 110 行.
INFO: [ view_parse ] --START--
INFO: [ template_filter ] --START--
INFO: Run Behavior\ContentReplaceBehavior [ RunTime:0.026367s ]
INFO: [ template_filter ] --END-- [ RunTime:0.027344s ]
SQL: SELECT * FROM `special` ORDER BY readnum desc LIMIT 5   [ RunTime:0.0010s ]
NOTIC: [8] Undefined offset: 0 D:\wamp\www\luoji\Application\Home\Widget\SpecialWidget.class.php 第 12 行.
NOTIC: [8] Undefined offset: 0 D:\wamp\www\luoji\Application\Home\Widget\SpecialWidget.class.php 第 13 行.
NOTIC: [8] Undefined offset: 0 D:\wamp\www\luoji\Application\Home\Widget\SpecialWidget.class.php 第 14 行.
NOTIC: [8] Undefined offset: 0 D:\wamp\www\luoji\Application\Home\Widget\SpecialWidget.class.php 第 15 行.
NOTIC: [8] Undefined offset: 1 D:\wamp\www\luoji\Application\Home\Widget\SpecialWidget.class.php 第 12 行.
NOTIC: [8] Undefined offset: 1 D:\wamp\www\luoji\Application\Home\Widget\SpecialWidget.class.php 第 13 行.
NOTIC: [8] Undefined offset: 1 D:\wamp\www\luoji\Application\Home\Widget\SpecialWidget.class.php 第 14 行.
NOTIC: [8] Undefined offset: 1 D:\wamp\www\luoji\Application\Home\Widget\SpecialWidget.class.php 第 15 行.
NOTIC: [8] Undefined offset: 2 D:\wamp\www\luoji\Application\Home\Widget\SpecialWidget.class.php 第 12 行.
NOTIC: [8] Undefined offset: 2 D:\wamp\www\luoji\Application\Home\Widget\SpecialWidget.class.php 第 13 行.
NOTIC: [8] Undefined offset: 2 D:\wamp\www\luoji\Application\Home\Widget\SpecialWidget.class.php 第 14 行.
NOTIC: [8] Undefined offset: 2 D:\wamp\www\luoji\Application\Home\Widget\SpecialWidget.class.php 第 15 行.
INFO: [ view_parse ] --START--
INFO: [ template_filter ] --START--
INFO: Run Behavior\ContentReplaceBehavior [ RunTime:0.000000s ]
INFO: [ template_filter ] --END-- [ RunTime:-0.171875s ]
INFO: Run Behavior\ParseTemplateBehavior [ RunTime:0.045899s ]
INFO: [ view_parse ] --END-- [ RunTime:0.046875s ]
INFO: [ view_filter ] --START--
INFO: Run Behavior\WriteHtmlCacheBehavior [ RunTime:0.036133s ]
INFO: [ view_filter ] --END-- [ RunTime:0.036133s ]
SQL: SELECT * FROM `article` ORDER BY readnum desc LIMIT 8   [ RunTime:0.0000s ]
NOTIC: [8] Undefined offset: 0 D:\wamp\www\luoji\Application\Home\Widget\ArticleWidget.class.php 第 12 行.
NOTIC: [8] Undefined offset: 0 D:\wamp\www\luoji\Application\Home\Widget\ArticleWidget.class.php 第 13 行.
NOTIC: [8] Undefined offset: 1 D:\wamp\www\luoji\Application\Home\Widget\ArticleWidget.class.php 第 12 行.
NOTIC: [8] Undefined offset: 1 D:\wamp\www\luoji\Application\Home\Widget\ArticleWidget.class.php 第 13 行.
NOTIC: [8] Undefined offset: 2 D:\wamp\www\luoji\Application\Home\Widget\ArticleWidget.class.php 第 12 行.
NOTIC: [8] Undefined offset: 2 D:\wamp\www\luoji\Application\Home\Widget\ArticleWidget.class.php 第 13 行.
NOTIC: [8] Undefined offset: 3 D:\wamp\www\luoji\Application\Home\Widget\ArticleWidget.class.php 第 12 行.
NOTIC: [8] Undefined offset: 3 D:\wamp\www\luoji\Application\Home\Widget\ArticleWidget.class.php 第 13 行.
NOTIC: [8] Undefined offset: 4 D:\wamp\www\luoji\Application\Home\Widget\ArticleWidget.class.php 第 12 行.
NOTIC: [8] Undefined offset: 4 D:\wamp\www\luoji\Application\Home\Widget\ArticleWidget.class.php 第 13 行.
NOTIC: [8] Undefined offset: 5 D:\wamp\www\luoji\Application\Home\Widget\ArticleWidget.class.php 第 12 行.
NOTIC: [8] Undefined offset: 5 D:\wamp\www\luoji\Application\Home\Widget\ArticleWidget.class.php 第 13 行.
NOTIC: [8] Undefined offset: 6 D:\wamp\www\luoji\Application\Home\Widget\ArticleWidget.class.php 第 12 行.
NOTIC: [8] Undefined offset: 6 D:\wamp\www\luoji\Application\Home\Widget\ArticleWidget.class.php 第 13 行.
NOTIC: [8] Undefined offset: 7 D:\wamp\www\luoji\Application\Home\Widget\ArticleWidget.class.php 第 12 行.
NOTIC: [8] Undefined offset: 7 D:\wamp\www\luoji\Application\Home\Widget\ArticleWidget.class.php 第 13 行.
INFO: [ view_parse ] --START--
INFO: [ template_filter ] --START--
INFO: Run Behavior\ContentReplaceBehavior [ RunTime:0.000977s ]
INFO: [ template_filter ] --END-- [ RunTime:-0.352539s ]
INFO: Run Behavior\ParseTemplateBehavior [ RunTime:0.041992s ]
INFO: [ view_parse ] --END-- [ RunTime:-0.140625s ]
INFO: [ view_filter ] --START--
INFO: Run Behavior\WriteHtmlCacheBehavior [ RunTime:0.000000s ]
INFO: [ view_filter ] --END-- [ RunTime:-0.150390s ]
SQL: SELECT * FROM `user` ORDER BY rank desc LIMIT 5   [ RunTime:0.0078s ]
NOTIC: [8] Undefined offset: 1 D:\wamp\www\luoji\Application\Home\Widget\ExpertsWidget.class.php 第 12 行.
NOTIC: [8] Undefined offset: 1 D:\wamp\www\luoji\Application\Home\Widget\ExpertsWidget.class.php 第 13 行.
NOTIC: [8] Undefined offset: 1 D:\wamp\www\luoji\Application\Home\Widget\ExpertsWidget.class.php 第 14 行.
NOTIC: [8] Undefined offset: 1 D:\wamp\www\luoji\Application\Home\Widget\ExpertsWidget.class.php 第 15 行.
NOTIC: [8] Undefined offset: 1 D:\wamp\www\luoji\Application\Home\Widget\ExpertsWidget.class.php 第 16 行.
NOTIC: [8] Undefined offset: 2 D:\wamp\www\luoji\Application\Home\Widget\ExpertsWidget.class.php 第 12 行.
NOTIC: [8] Undefined offset: 2 D:\wamp\www\luoji\Application\Home\Widget\ExpertsWidget.class.php 第 13 行.
NOTIC: [8] Undefined offset: 2 D:\wamp\www\luoji\Application\Home\Widget\ExpertsWidget.class.php 第 14 行.
NOTIC: [8] Undefined offset: 2 D:\wamp\www\luoji\Application\Home\Widget\ExpertsWidget.class.php 第 15 行.
NOTIC: [8] Undefined offset: 2 D:\wamp\www\luoji\Application\Home\Widget\ExpertsWidget.class.php 第 16 行.
NOTIC: [8] Undefined offset: 3 D:\wamp\www\luoji\Application\Home\Widget\ExpertsWidget.class.php 第 12 行.
NOTIC: [8] Undefined offset: 3 D:\wamp\www\luoji\Application\Home\Widget\ExpertsWidget.class.php 第 13 行.
NOTIC: [8] Undefined offset: 3 D:\wamp\www\luoji\Application\Home\Widget\ExpertsWidget.class.php 第 14 行.
NOTIC: [8] Undefined offset: 3 D:\wamp\www\luoji\Application\Home\Widget\ExpertsWidget.class.php 第 15 行.
NOTIC: [8] Undefined offset: 3 D:\wamp\www\luoji\Application\Home\Widget\ExpertsWidget.class.php 第 16 行.
NOTIC: [8] Undefined offset: 4 D:\wamp\www\luoji\Application\Home\Widget\ExpertsWidget.class.php 第 12 行.
NOTIC: [8] Undefined offset: 4 D:\wamp\www\luoji\Application\Home\Widget\ExpertsWidget.class.php 第 13 行.
NOTIC: [8] Undefined offset: 4 D:\wamp\www\luoji\Application\Home\Widget\ExpertsWidget.class.php 第 14 行.
NOTIC: [8] Undefined offset: 4 D:\wamp\www\luoji\Application\Home\Widget\ExpertsWidget.class.php 第 15 行.
NOTIC: [8] Undefined offset: 4 D:\wamp\www\luoji\Application\Home\Widget\ExpertsWidget.class.php 第 16 行.
INFO: [ view_parse ] --START--
INFO: [ template_filter ] --START--
INFO: Run Behavior\ContentReplaceBehavior [ RunTime:0.000000s ]
INFO: [ template_filter ] --END-- [ RunTime:-0.492187s ]
INFO: Run Behavior\ParseTemplateBehavior [ RunTime:0.028320s ]
INFO: [ view_parse ] --END-- [ RunTime:-0.286133s ]
INFO: [ view_filter ] --START--
INFO: Run Behavior\WriteHtmlCacheBehavior [ RunTime:0.000977s ]
INFO: [ view_filter ] --END-- [ RunTime:-0.281250s ]
INFO: Run Behavior\ParseTemplateBehavior [ RunTime:0.035156s ]
INFO: [ view_parse ] --END-- [ RunTime:-0.286133s ]
INFO: [ view_filter ] --START--
INFO: Run Behavior\WriteHtmlCacheBehavior [ RunTime:0.000000s ]
INFO: [ view_filter ] --END-- [ RunTime:-0.288085s ]
INFO: [ app_end ] --START--
INFO: Run Behavior\ShowPageTraceBehavior [ RunTime:0.017579s ]
INFO: [ app_end ] --END-- [ RunTime:0.019531s ]

[ 2016-07-15T09:17:22+08:00 ] 127.0.0.1 /luoji/
INFO: [ app_init ] --START--
INFO: Run Behavior\BuildLiteBehavior [ RunTime:0.000000s ]
INFO: [ app_init ] --END-- [ RunTime:0.000000s ]
INFO: [ app_begin ] --START--
INFO: Run Behavior\ReadHtmlCacheBehavior [ RunTime:0.000000s ]
INFO: [ app_begin ] --END-- [ RunTime:0.007813s ]
NOTIC: [8] Undefined index: category D:\wamp\www\luoji\Application\Home\Controller\IndexController.class.php 第 8 行.
SQL: SHOW COLUMNS FROM `special` [ RunTime:0.0000s ]
SQL: SELECT * FROM `special` LIMIT 5   [ RunTime:0.0000s ]
NOTIC: [8] Undefined offset: 0 D:\wamp\www\luoji\Application\Home\Controller\IndexController.class.php 第 31 行.
NOTIC: [8] Undefined offset: 0 D:\wamp\www\luoji\Application\Home\Controller\IndexController.class.php 第 32 行.
NOTIC: [8] Undefined offset: 0 D:\wamp\www\luoji\Application\Home\Controller\IndexController.class.php 第 33 行.
NOTIC: [8] Undefined offset: 0 D:\wamp\www\luoji\Application\Home\Controller\IndexController.class.php 第 34 行.
NOTIC: [8] Undefined offset: 1 D:\wamp\www\luoji\Application\Home\Controller\IndexController.class.php 第 31 行.
NOTIC: [8] Undefined offset: 1 D:\wamp\www\luoji\Application\Home\Controller\IndexController.class.php 第 32 行.
NOTIC: [8] Undefined offset: 1 D:\wamp\www\luoji\Application\Home\Controller\IndexController.class.php 第 33 行.
NOTIC: [8] Undefined offset: 1 D:\wamp\www\luoji\Application\Home\Controller\IndexController.class.php 第 34 行.
NOTIC: [8] Undefined offset: 2 D:\wamp\www\luoji\Application\Home\Controller\IndexController.class.php 第 31 行.
NOTIC: [8] Undefined offset: 2 D:\wamp\www\luoji\Application\Home\Controller\IndexController.class.php 第 32 行.
NOTIC: [8] Undefined offset: 2 D:\wamp\www\luoji\Application\Home\Controller\IndexController.class.php 第 33 行.
NOTIC: [8] Undefined offset: 2 D:\wamp\www\luoji\Application\Home\Controller\IndexController.class.php 第 34 行.
NOTIC: [8] Undefined offset: 3 D:\wamp\www\luoji\Application\Home\Controller\IndexController.class.php 第 31 行.
NOTIC: [8] Undefined offset: 3 D:\wamp\www\luoji\Application\Home\Controller\IndexController.class.php 第 32 行.
NOTIC: [8] Undefined offset: 3 D:\wamp\www\luoji\Application\Home\Controller\IndexController.class.php 第 33 行.
NOTIC: [8] Undefined offset: 3 D:\wamp\www\luoji\Application\Home\Controller\IndexController.class.php 第 34 行.
NOTIC: [8] Undefined offset: 4 D:\wamp\www\luoji\Application\Home\Controller\IndexController.class.php 第 31 行.
NOTIC: [8] Undefined offset: 4 D:\wamp\www\luoji\Application\Home\Controller\IndexController.class.php 第 32 行.
NOTIC: [8] Undefined offset: 4 D:\wamp\www\luoji\Application\Home\Controller\IndexController.class.php 第 33 行.
NOTIC: [8] Undefined offset: 4 D:\wamp\www\luoji\Application\Home\Controller\IndexController.class.php 第 34 行.
NOTIC: [8] Undefined index: category D:\wamp\www\luoji\Application\Home\Controller\IndexController.class.php 第 8 行.
NOTIC: [8] Undefined index: p D:\wamp\www\luoji\Application\Home\Controller\IndexController.class.php 第 18 行.
NOTIC: [8] Undefined variable: condition D:\wamp\www\luoji\Application\Home\Controller\IndexController.class.php 第 50 行.
SQL: SHOW COLUMNS FROM `article` [ RunTime:0.0078s ]
SQL: SHOW COLUMNS FROM `user` [ RunTime:0.0078s ]
SQL: SELECT Article.id AS article_id,Article.mainimage AS mainimage,Article.coverimage AS coverimage,Article.maintitle AS maintitle,Article.subhead AS subhead,Article.introduction AS article_introduction,Article.author AS author,Article.type1 AS type1,Article.type2 AS type2,Article.type3 AS type3,Article.collectnum AS collectnum,Article.readnum AS readnum,Article.createtime AS article_createtime,User.id AS user_id,User.username AS username,User.password AS password,User.nickname AS nickname,User.headimage AS headimage,User.rank AS rank,User.jobs AS jobs,User.company AS company,User.introduction AS user_introduction,User.createtime AS user_createtime FROM article Article LEFT JOIN user User ON Article.author=User.id LIMIT 0,10   [ RunTime:0.0000s ]
SQL: SHOW COLUMNS FROM `collect` [ RunTime:0.0078s ]
SQL: SELECT * FROM `collect` WHERE `user_id` = null AND `article_id` = '23' LIMIT 1   [ RunTime:0.0000s ]
NOTIC: [8] Undefined index: category D:\wamp\www\luoji\Application\Home\Controller\IndexController.class.php 第 8 行.
NOTIC: [8] Undefined variable: condition D:\wamp\www\luoji\Application\Home\Controller\IndexController.class.php 第 108 行.
SQL: SELECT COUNT(*) AS tp_count FROM article Article LEFT JOIN user User ON Article.author=User.id LIMIT 1   [ RunTime:0.0000s ]
NOTIC: [8] Undefined variable: condition D:\wamp\www\luoji\Application\Home\Controller\IndexController.class.php 第 110 行.
NOTIC: [2] Invalid argument supplied for foreach() D:\wamp\www\luoji\Application\Home\Controller\IndexController.class.php 第 110 行.
INFO: [ view_parse ] --START--
INFO: [ template_filter ] --START--
INFO: Run Behavior\ContentReplaceBehavior [ RunTime:0.000000s ]
INFO: [ template_filter ] --END-- [ RunTime:0.007813s ]
NOTIC: [8] Undefined offset: 1 D:\wamp\www\luoji\Application\Runtime\Cache\Home\2a94b8bda04ff446dcedd42276fc99ee.php 第 100 行.
NOTIC: [8] Undefined offset: 2 D:\wamp\www\luoji\Application\Runtime\Cache\Home\2a94b8bda04ff446dcedd42276fc99ee.php 第 100 行.
NOTIC: [8] Undefined offset: 3 D:\wamp\www\luoji\Application\Runtime\Cache\Home\2a94b8bda04ff446dcedd42276fc99ee.php 第 100 行.
NOTIC: [8] Undefined offset: 4 D:\wamp\www\luoji\Application\Runtime\Cache\Home\2a94b8bda04ff446dcedd42276fc99ee.php 第 100 行.
NOTIC: [8] Undefined offset: 5 D:\wamp\www\luoji\Application\Runtime\Cache\Home\2a94b8bda04ff446dcedd42276fc99ee.php 第 100 行.
NOTIC: [8] Undefined offset: 6 D:\wamp\www\luoji\Application\Runtime\Cache\Home\2a94b8bda04ff446dcedd42276fc99ee.php 第 100 行.
NOTIC: [8] Undefined offset: 7 D:\wamp\www\luoji\Application\Runtime\Cache\Home\2a94b8bda04ff446dcedd42276fc99ee.php 第 100 行.
NOTIC: [8] Undefined offset: 8 D:\wamp\www\luoji\Application\Runtime\Cache\Home\2a94b8bda04ff446dcedd42276fc99ee.php 第 100 行.
NOTIC: [8] Undefined offset: 9 D:\wamp\www\luoji\Application\Runtime\Cache\Home\2a94b8bda04ff446dcedd42276fc99ee.php 第 100 行.
SQL: SELECT * FROM `special` ORDER BY readnum desc LIMIT 5   [ RunTime:0.0000s ]
NOTIC: [8] Undefined offset: 0 D:\wamp\www\luoji\Application\Home\Widget\SpecialWidget.class.php 第 12 行.
NOTIC: [8] Undefined offset: 0 D:\wamp\www\luoji\Application\Home\Widget\SpecialWidget.class.php 第 13 行.
NOTIC: [8] Undefined offset: 0 D:\wamp\www\luoji\Application\Home\Widget\SpecialWidget.class.php 第 14 行.
NOTIC: [8] Undefined offset: 0 D:\wamp\www\luoji\Application\Home\Widget\SpecialWidget.class.php 第 15 行.
NOTIC: [8] Undefined offset: 1 D:\wamp\www\luoji\Application\Home\Widget\SpecialWidget.class.php 第 12 行.
NOTIC: [8] Undefined offset: 1 D:\wamp\www\luoji\Application\Home\Widget\SpecialWidget.class.php 第 13 行.
NOTIC: [8] Undefined offset: 1 D:\wamp\www\luoji\Application\Home\Widget\SpecialWidget.class.php 第 14 行.
NOTIC: [8] Undefined offset: 1 D:\wamp\www\luoji\Application\Home\Widget\SpecialWidget.class.php 第 15 行.
NOTIC: [8] Undefined offset: 2 D:\wamp\www\luoji\Application\Home\Widget\SpecialWidget.class.php 第 12 行.
NOTIC: [8] Undefined offset: 2 D:\wamp\www\luoji\Application\Home\Widget\SpecialWidget.class.php 第 13 行.
NOTIC: [8] Undefined offset: 2 D:\wamp\www\luoji\Application\Home\Widget\SpecialWidget.class.php 第 14 行.
NOTIC: [8] Undefined offset: 2 D:\wamp\www\luoji\Application\Home\Widget\SpecialWidget.class.php 第 15 行.
INFO: [ view_parse ] --START--
INFO: [ template_filter ] --START--
INFO: Run Behavior\ContentReplaceBehavior [ RunTime:0.000000s ]
INFO: [ template_filter ] --END-- [ RunTime:-0.093750s ]
INFO: Run Behavior\ParseTemplateBehavior [ RunTime:0.031250s ]
INFO: [ view_parse ] --END-- [ RunTime:0.031250s ]
INFO: [ view_filter ] --START--
INFO: Run Behavior\WriteHtmlCacheBehavior [ RunTime:0.000000s ]
INFO: [ view_filter ] --END-- [ RunTime:0.000000s ]
SQL: SELECT * FROM `article` ORDER BY readnum desc LIMIT 8   [ RunTime:0.0078s ]
NOTIC: [8] Undefined offset: 1 D:\wamp\www\luoji\Application\Home\Widget\ArticleWidget.class.php 第 12 行.
NOTIC: [8] Undefined offset: 1 D:\wamp\www\luoji\Application\Home\Widget\ArticleWidget.class.php 第 13 行.
NOTIC: [8] Undefined offset: 2 D:\wamp\www\luoji\Application\Home\Widget\ArticleWidget.class.php 第 12 行.
NOTIC: [8] Undefined offset: 2 D:\wamp\www\luoji\Application\Home\Widget\ArticleWidget.class.php 第 13 行.
NOTIC: [8] Undefined offset: 3 D:\wamp\www\luoji\Application\Home\Widget\ArticleWidget.class.php 第 12 行.
NOTIC: [8] Undefined offset: 3 D:\wamp\www\luoji\Application\Home\Widget\ArticleWidget.class.php 第 13 行.
NOTIC: [8] Undefined offset: 4 D:\wamp\www\luoji\Application\Home\Widget\ArticleWidget.class.php 第 12 行.
NOTIC: [8] Undefined offset: 4 D:\wamp\www\luoji\Application\Home\Widget\ArticleWidget.class.php 第 13 行.
NOTIC: [8] Undefined offset: 5 D:\wamp\www\luoji\Application\Home\Widget\ArticleWidget.class.php 第 12 行.
NOTIC: [8] Undefined offset: 5 D:\wamp\www\luoji\Application\Home\Widget\ArticleWidget.class.php 第 13 行.
NOTIC: [8] Undefined offset: 6 D:\wamp\www\luoji\Application\Home\Widget\ArticleWidget.class.php 第 12 行.
NOTIC: [8] Undefined offset: 6 D:\wamp\www\luoji\Application\Home\Widget\ArticleWidget.class.php 第 13 行.
NOTIC: [8] Undefined offset: 7 D:\wamp\www\luoji\Application\Home\Widget\ArticleWidget.class.php 第 12 行.
NOTIC: [8] Undefined offset: 7 D:\wamp\www\luoji\Application\Home\Widget\ArticleWidget.class.php 第 13 行.
INFO: [ view_parse ] --START--
INFO: [ template_filter ] --START--
INFO: Run Behavior\ContentReplaceBehavior [ RunTime:0.000000s ]
INFO: [ template_filter ] --END-- [ RunTime:-0.179687s ]
INFO: Run Behavior\ParseTemplateBehavior [ RunTime:0.023438s ]
INFO: [ view_parse ] --END-- [ RunTime:-0.054687s ]
INFO: [ view_filter ] --START--
INFO: Run Behavior\WriteHtmlCacheBehavior [ RunTime:0.000000s ]
INFO: [ view_filter ] --END-- [ RunTime:-0.078125s ]
SQL: SELECT * FROM `user` ORDER BY rank desc LIMIT 5   [ RunTime:0.0000s ]
NOTIC: [8] Undefined offset: 1 D:\wamp\www\luoji\Application\Home\Widget\ExpertsWidget.class.php 第 12 行.
NOTIC: [8] Undefined offset: 1 D:\wamp\www\luoji\Application\Home\Widget\ExpertsWidget.class.php 第 13 行.
NOTIC: [8] Undefined offset: 1 D:\wamp\www\luoji\Application\Home\Widget\ExpertsWidget.class.php 第 14 行.
NOTIC: [8] Undefined offset: 1 D:\wamp\www\luoji\Application\Home\Widget\ExpertsWidget.class.php 第 15 行.
NOTIC: [8] Undefined offset: 1 D:\wamp\www\luoji\Application\Home\Widget\ExpertsWidget.class.php 第 16 行.
NOTIC: [8] Undefined offset: 2 D:\wamp\www\luoji\Application\Home\Widget\ExpertsWidget.class.php 第 12 行.
NOTIC: [8] Undefined offset: 2 D:\wamp\www\luoji\Application\Home\Widget\ExpertsWidget.class.php 第 13 行.
NOTIC: [8] Undefined offset: 2 D:\wamp\www\luoji\Application\Home\Widget\ExpertsWidget.class.php 第 14 行.
NOTIC: [8] Undefined offset: 2 D:\wamp\www\luoji\Application\Home\Widget\ExpertsWidget.class.php 第 15 行.
NOTIC: [8] Undefined offset: 2 D:\wamp\www\luoji\Application\Home\Widget\ExpertsWidget.class.php 第 16 行.
NOTIC: [8] Undefined offset: 3 D:\wamp\www\luoji\Application\Home\Widget\ExpertsWidget.class.php 第 12 行.
NOTIC: [8] Undefined offset: 3 D:\wamp\www\luoji\Application\Home\Widget\ExpertsWidget.class.php 第 13 行.
NOTIC: [8] Undefined offset: 3 D:\wamp\www\luoji\Application\Home\Widget\ExpertsWidget.class.php 第 14 行.
NOTIC: [8] Undefined offset: 3 D:\wamp\www\luoji\Application\Home\Widget\ExpertsWidget.class.php 第 15 行.
NOTIC: [8] Undefined offset: 3 D:\wamp\www\luoji\Application\Home\Widget\ExpertsWidget.class.php 第 16 行.
NOTIC: [8] Undefined offset: 4 D:\wamp\www\luoji\Application\Home\Widget\ExpertsWidget.class.php 第 12 行.
NOTIC: [8] Undefined offset: 4 D:\wamp\www\luoji\Application\Home\Widget\ExpertsWidget.class.php 第 13 行.
NOTIC: [8] Undefined offset: 4 D:\wamp\www\luoji\Application\Home\Widget\ExpertsWidget.class.php 第 14 行.
NOTIC: [8] Undefined offset: 4 D:\wamp\www\luoji\Application\Home\Widget\ExpertsWidget.class.php 第 15 行.
NOTIC: [8] Undefined offset: 4 D:\wamp\www\luoji\Application\Home\Widget\ExpertsWidget.class.php 第 16 行.
INFO: [ view_parse ] --START--
INFO: [ template_filter ] --START--
INFO: Run Behavior\ContentReplaceBehavior [ RunTime:0.000977s ]
INFO: [ template_filter ] --END-- [ RunTime:-0.280273s ]
INFO: Run Behavior\ParseTemplateBehavior [ RunTime:0.042969s ]
INFO: [ view_parse ] --END-- [ RunTime:-0.143555s ]
INFO: [ view_filter ] --START--
INFO: Run Behavior\WriteHtmlCacheBehavior [ RunTime:0.000000s ]
INFO: [ view_filter ] --END-- [ RunTime:-0.196289s ]
INFO: Run Behavior\ParseTemplateBehavior [ RunTime:0.050781s ]
INFO: [ view_parse ] --END-- [ RunTime:-0.143555s ]
INFO: [ view_filter ] --START--
INFO: Run Behavior\WriteHtmlCacheBehavior [ RunTime:0.000000s ]
INFO: [ view_filter ] --END-- [ RunTime:-0.204102s ]
INFO: [ app_end ] --START--
INFO: Run Behavior\ShowPageTraceBehavior [ RunTime:0.000000s ]
INFO: [ app_end ] --END-- [ RunTime:0.015625s ]

[ 2016-07-15T09:21:15+08:00 ] 127.0.0.1 /luoji/
INFO: [ app_init ] --START--
INFO: Run Behavior\BuildLiteBehavior [ RunTime:0.000977s ]
INFO: [ app_init ] --END-- [ RunTime:0.003906s ]
INFO: [ app_begin ] --START--
INFO: Run Behavior\ReadHtmlCacheBehavior [ RunTime:0.004882s ]
INFO: [ app_begin ] --END-- [ RunTime:0.007813s ]
NOTIC: [8] Undefined index: category D:\wamp\www\luoji\Application\Home\Controller\IndexController.class.php 第 8 行.
SQL: SHOW COLUMNS FROM `special` [ RunTime:0.0049s ]
SQL: SELECT * FROM `special` LIMIT 5   [ RunTime:0.0010s ]
NOTIC: [8] Undefined offset: 0 D:\wamp\www\luoji\Application\Home\Controller\IndexController.class.php 第 31 行.
NOTIC: [8] Undefined offset: 0 D:\wamp\www\luoji\Application\Home\Controller\IndexController.class.php 第 32 行.
NOTIC: [8] Undefined offset: 0 D:\wamp\www\luoji\Application\Home\Controller\IndexController.class.php 第 33 行.
NOTIC: [8] Undefined offset: 0 D:\wamp\www\luoji\Application\Home\Controller\IndexController.class.php 第 34 行.
NOTIC: [8] Undefined index: category D:\wamp\www\luoji\Application\Home\Controller\IndexController.class.php 第 8 行.
NOTIC: [8] Undefined index: p D:\wamp\www\luoji\Application\Home\Controller\IndexController.class.php 第 18 行.
NOTIC: [8] Undefined variable: condition D:\wamp\www\luoji\Application\Home\Controller\IndexController.class.php 第 50 行.
SQL: SHOW COLUMNS FROM `article` [ RunTime:0.0059s ]
SQL: SHOW COLUMNS FROM `user` [ RunTime:0.0059s ]
SQL: SELECT Article.id AS article_id,Article.mainimage AS mainimage,Article.coverimage AS coverimage,Article.maintitle AS maintitle,Article.subhead AS subhead,Article.introduction AS article_introduction,Article.author AS author,Article.type1 AS type1,Article.type2 AS type2,Article.type3 AS type3,Article.collectnum AS collectnum,Article.readnum AS readnum,Article.createtime AS article_createtime,User.id AS user_id,User.username AS username,User.password AS password,User.nickname AS nickname,User.headimage AS headimage,User.rank AS rank,User.jobs AS jobs,User.company AS company,User.introduction AS user_introduction,User.createtime AS user_createtime FROM article Article LEFT JOIN user User ON Article.author=User.id LIMIT 0,10   [ RunTime:0.0010s ]
SQL: SHOW COLUMNS FROM `collect` [ RunTime:0.0068s ]
SQL: SELECT * FROM `collect` WHERE `user_id` = null AND `article_id` = '23' LIMIT 1   [ RunTime:0.0010s ]
NOTIC: [8] Undefined index: category D:\wamp\www\luoji\Application\Home\Controller\IndexController.class.php 第 8 行.
NOTIC: [8] Undefined variable: condition D:\wamp\www\luoji\Application\Home\Controller\IndexController.class.php 第 108 行.
SQL: SELECT COUNT(*) AS tp_count FROM article Article LEFT JOIN user User ON Article.author=User.id LIMIT 1   [ RunTime:0.0010s ]
NOTIC: [8] Undefined variable: condition D:\wamp\www\luoji\Application\Home\Controller\IndexController.class.php 第 110 行.
NOTIC: [2] Invalid argument supplied for foreach() D:\wamp\www\luoji\Application\Home\Controller\IndexController.class.php 第 110 行.
INFO: [ view_parse ] --START--
INFO: [ template_filter ] --START--
INFO: Run Behavior\ContentReplaceBehavior [ RunTime:0.000976s ]
INFO: [ template_filter ] --END-- [ RunTime:0.002930s ]
NOTIC: [8] Undefined offset: 1 D:\wamp\www\luoji\Application\Runtime\Cache\Home\2a94b8bda04ff446dcedd42276fc99ee.php 第 80 行.
NOTIC: [8] Undefined offset: 2 D:\wamp\www\luoji\Application\Runtime\Cache\Home\2a94b8bda04ff446dcedd42276fc99ee.php 第 80 行.
NOTIC: [8] Undefined offset: 3 D:\wamp\www\luoji\Application\Runtime\Cache\Home\2a94b8bda04ff446dcedd42276fc99ee.php 第 80 行.
NOTIC: [8] Undefined offset: 4 D:\wamp\www\luoji\Application\Runtime\Cache\Home\2a94b8bda04ff446dcedd42276fc99ee.php 第 80 行.
NOTIC: [8] Undefined offset: 1 D:\wamp\www\luoji\Application\Runtime\Cache\Home\2a94b8bda04ff446dcedd42276fc99ee.php 第 100 行.
NOTIC: [8] Undefined offset: 2 D:\wamp\www\luoji\Application\Runtime\Cache\Home\2a94b8bda04ff446dcedd42276fc99ee.php 第 100 行.
NOTIC: [8] Undefined offset: 3 D:\wamp\www\luoji\Application\Runtime\Cache\Home\2a94b8bda04ff446dcedd42276fc99ee.php 第 100 行.
NOTIC: [8] Undefined offset: 4 D:\wamp\www\luoji\Application\Runtime\Cache\Home\2a94b8bda04ff446dcedd42276fc99ee.php 第 100 行.
NOTIC: [8] Undefined offset: 5 D:\wamp\www\luoji\Application\Runtime\Cache\Home\2a94b8bda04ff446dcedd42276fc99ee.php 第 100 行.
NOTIC: [8] Undefined offset: 6 D:\wamp\www\luoji\Application\Runtime\Cache\Home\2a94b8bda04ff446dcedd42276fc99ee.php 第 100 行.
NOTIC: [8] Undefined offset: 7 D:\wamp\www\luoji\Application\Runtime\Cache\Home\2a94b8bda04ff446dcedd42276fc99ee.php 第 100 行.
NOTIC: [8] Undefined offset: 8 D:\wamp\www\luoji\Application\Runtime\Cache\Home\2a94b8bda04ff446dcedd42276fc99ee.php 第 100 行.
NOTIC: [8] Undefined offset: 9 D:\wamp\www\luoji\Application\Runtime\Cache\Home\2a94b8bda04ff446dcedd42276fc99ee.php 第 100 行.
SQL: SELECT * FROM `special` ORDER BY readnum desc LIMIT 5   [ RunTime:0.0000s ]
NOTIC: [8] Undefined offset: 0 D:\wamp\www\luoji\Application\Home\Widget\SpecialWidget.class.php 第 12 行.
NOTIC: [8] Undefined offset: 0 D:\wamp\www\luoji\Application\Home\Widget\SpecialWidget.class.php 第 13 行.
NOTIC: [8] Undefined offset: 0 D:\wamp\www\luoji\Application\Home\Widget\SpecialWidget.class.php 第 14 行.
NOTIC: [8] Undefined offset: 0 D:\wamp\www\luoji\Application\Home\Widget\SpecialWidget.class.php 第 15 行.
NOTIC: [8] Undefined offset: 1 D:\wamp\www\luoji\Application\Home\Widget\SpecialWidget.class.php 第 12 行.
NOTIC: [8] Undefined offset: 1 D:\wamp\www\luoji\Application\Home\Widget\SpecialWidget.class.php 第 13 行.
NOTIC: [8] Undefined offset: 1 D:\wamp\www\luoji\Application\Home\Widget\SpecialWidget.class.php 第 14 行.
NOTIC: [8] Undefined offset: 1 D:\wamp\www\luoji\Application\Home\Widget\SpecialWidget.class.php 第 15 行.
NOTIC: [8] Undefined offset: 2 D:\wamp\www\luoji\Application\Home\Widget\SpecialWidget.class.php 第 12 行.
NOTIC: [8] Undefined offset: 2 D:\wamp\www\luoji\Application\Home\Widget\SpecialWidget.class.php 第 13 行.
NOTIC: [8] Undefined offset: 2 D:\wamp\www\luoji\Application\Home\Widget\SpecialWidget.class.php 第 14 行.
NOTIC: [8] Undefined offset: 2 D:\wamp\www\luoji\Application\Home\Widget\SpecialWidget.class.php 第 15 行.
INFO: [ view_parse ] --START--
INFO: [ template_filter ] --START--
INFO: Run Behavior\ContentReplaceBehavior [ RunTime:0.000977s ]
INFO: [ template_filter ] --END-- [ RunTime:-0.112305s ]
INFO: Run Behavior\ParseTemplateBehavior [ RunTime:0.032226s ]
INFO: [ view_parse ] --END-- [ RunTime:0.033203s ]
INFO: [ view_filter ] --START--
INFO: Run Behavior\WriteHtmlCacheBehavior [ RunTime:0.001953s ]
INFO: [ view_filter ] --END-- [ RunTime:0.003906s ]
SQL: SELECT * FROM `article` ORDER BY readnum desc LIMIT 8   [ RunTime:0.0010s ]
NOTIC: [8] Undefined offset: 1 D:\wamp\www\luoji\Application\Home\Widget\ArticleWidget.class.php 第 12 行.
NOTIC: [8] Undefined offset: 1 D:\wamp\www\luoji\Application\Home\Widget\ArticleWidget.class.php 第 13 行.
NOTIC: [8] Undefined offset: 2 D:\wamp\www\luoji\Application\Home\Widget\ArticleWidget.class.php 第 12 行.
NOTIC: [8] Undefined offset: 2 D:\wamp\www\luoji\Application\Home\Widget\ArticleWidget.class.php 第 13 行.
NOTIC: [8] Undefined offset: 3 D:\wamp\www\luoji\Application\Home\Widget\ArticleWidget.class.php 第 12 行.
NOTIC: [8] Undefined offset: 3 D:\wamp\www\luoji\Application\Home\Widget\ArticleWidget.class.php 第 13 行.
NOTIC: [8] Undefined offset: 4 D:\wamp\www\luoji\Application\Home\Widget\ArticleWidget.class.php 第 12 行.
NOTIC: [8] Undefined offset: 4 D:\wamp\www\luoji\Application\Home\Widget\ArticleWidget.class.php 第 13 行.
NOTIC: [8] Undefined offset: 5 D:\wamp\www\luoji\Application\Home\Widget\ArticleWidget.class.php 第 12 行.
NOTIC: [8] Undefined offset: 5 D:\wamp\www\luoji\Application\Home\Widget\ArticleWidget.class.php 第 13 行.
NOTIC: [8] Undefined offset: 6 D:\wamp\www\luoji\Application\Home\Widget\ArticleWidget.class.php 第 12 行.
NOTIC: [8] Undefined offset: 6 D:\wamp\www\luoji\Application\Home\Widget\ArticleWidget.class.php 第 13 行.
NOTIC: [8] Undefined offset: 7 D:\wamp\www\luoji\Application\Home\Widget\ArticleWidget.class.php 第 12 行.
NOTIC: [8] Undefined offset: 7 D:\wamp\www\luoji\Application\Home\Widget\ArticleWidget.class.php 第 13 行.
INFO: [ view_parse ] --START--
INFO: [ template_filter ] --START--
INFO: Run Behavior\ContentReplaceBehavior [ RunTime:0.000976s ]
INFO: [ template_filter ] --END-- [ RunTime:-0.197266s ]
INFO: Run Behavior\ParseTemplateBehavior [ RunTime:0.028320s ]
INFO: [ view_parse ] --END-- [ RunTime:-0.054688s ]
INFO: [ view_filter ] --START--
INFO: Run Behavior\WriteHtmlCacheBehavior [ RunTime:0.000976s ]
INFO: [ view_filter ] --END-- [ RunTime:-0.081055s ]
SQL: SELECT * FROM `user` ORDER BY rank desc LIMIT 5   [ RunTime:0.0010s ]
NOTIC: [8] Undefined offset: 1 D:\wamp\www\luoji\Application\Home\Widget\ExpertsWidget.class.php 第 12 行.
NOTIC: [8] Undefined offset: 1 D:\wamp\www\luoji\Application\Home\Widget\ExpertsWidget.class.php 第 13 行.
NOTIC: [8] Undefined offset: 1 D:\wamp\www\luoji\Application\Home\Widget\ExpertsWidget.class.php 第 14 行.
NOTIC: [8] Undefined offset: 1 D:\wamp\www\luoji\Application\Home\Widget\ExpertsWidget.class.php 第 15 行.
NOTIC: [8] Undefined offset: 1 D:\wamp\www\luoji\Application\Home\Widget\ExpertsWidget.class.php 第 16 行.
NOTIC: [8] Undefined offset: 2 D:\wamp\www\luoji\Application\Home\Widget\ExpertsWidget.class.php 第 12 行.
NOTIC: [8] Undefined offset: 2 D:\wamp\www\luoji\Application\Home\Widget\ExpertsWidget.class.php 第 13 行.
NOTIC: [8] Undefined offset: 2 D:\wamp\www\luoji\Application\Home\Widget\ExpertsWidget.class.php 第 14 行.
NOTIC: [8] Undefined offset: 2 D:\wamp\www\luoji\Application\Home\Widget\ExpertsWidget.class.php 第 15 行.
NOTIC: [8] Undefined offset: 2 D:\wamp\www\luoji\Application\Home\Widget\ExpertsWidget.class.php 第 16 行.
NOTIC: [8] Undefined offset: 3 D:\wamp\www\luoji\Application\Home\Widget\ExpertsWidget.class.php 第 12 行.
NOTIC: [8] Undefined offset: 3 D:\wamp\www\luoji\Application\Home\Widget\ExpertsWidget.class.php 第 13 行.
NOTIC: [8] Undefined offset: 3 D:\wamp\www\luoji\Application\Home\Widget\ExpertsWidget.class.php 第 14 行.
NOTIC: [8] Undefined offset: 3 D:\wamp\www\luoji\Application\Home\Widget\ExpertsWidget.class.php 第 15 行.
NOTIC: [8] Undefined offset: 3 D:\wamp\www\luoji\Application\Home\Widget\ExpertsWidget.class.php 第 16 行.
NOTIC: [8] Undefined offset: 4 D:\wamp\www\luoji\Application\Home\Widget\ExpertsWidget.class.php 第 12 行.
NOTIC: [8] Undefined offset: 4 D:\wamp\www\luoji\Application\Home\Widget\ExpertsWidget.class.php 第 13 行.
NOTIC: [8] Undefined offset: 4 D:\wamp\www\luoji\Application\Home\Widget\ExpertsWidget.class.php 第 14 行.
NOTIC: [8] Undefined offset: 4 D:\wamp\www\luoji\Application\Home\Widget\ExpertsWidget.class.php 第 15 行.
NOTIC: [8] Undefined offset: 4 D:\wamp\www\luoji\Application\Home\Widget\ExpertsWidget.class.php 第 16 行.
INFO: [ view_parse ] --START--
INFO: [ template_filter ] --START--
INFO: Run Behavior\ContentReplaceBehavior [ RunTime:0.000977s ]
INFO: [ template_filter ] --END-- [ RunTime:-0.277344s ]
INFO: Run Behavior\ParseTemplateBehavior [ RunTime:0.032227s ]
INFO: [ view_parse ] --END-- [ RunTime:-0.135742s ]
INFO: [ view_filter ] --START--
INFO: Run Behavior\WriteHtmlCacheBehavior [ RunTime:0.000000s ]
INFO: [ view_filter ] --END-- [ RunTime:-0.165039s ]
INFO: Run Behavior\ParseTemplateBehavior [ RunTime:0.039063s ]
INFO: [ view_parse ] --END-- [ RunTime:-0.135742s ]
INFO: [ view_filter ] --START--
INFO: Run Behavior\WriteHtmlCacheBehavior [ RunTime:0.000000s ]
INFO: [ view_filter ] --END-- [ RunTime:-0.171875s ]
INFO: [ app_end ] --START--
INFO: Run Behavior\ShowPageTraceBehavior [ RunTime:0.002930s ]
INFO: [ app_end ] --END-- [ RunTime:0.004882s ]

[ 2016-07-15T09:22:00+08:00 ] 127.0.0.1 /luoji/
INFO: [ app_init ] --START--
INFO: Run Behavior\BuildLiteBehavior [ RunTime:0.000976s ]
INFO: [ app_init ] --END-- [ RunTime:0.003906s ]
INFO: [ app_begin ] --START--
INFO: Run Behavior\ReadHtmlCacheBehavior [ RunTime:0.002930s ]
INFO: [ app_begin ] --END-- [ RunTime:0.009765s ]
NOTIC: [8] Undefined index: category D:\wamp\www\luoji\Application\Home\Controller\IndexController.class.php 第 8 行.
SQL: SHOW COLUMNS FROM `special` [ RunTime:0.0059s ]
SQL: SELECT * FROM `special` LIMIT 5   [ RunTime:0.0000s ]
NOTIC: [8] Undefined variable: specialImages D:\wamp\www\luoji\Application\Home\Controller\IndexController.class.php 第 36 行.
NOTIC: [8] Undefined variable: specialMaintitles D:\wamp\www\luoji\Application\Home\Controller\IndexController.class.php 第 37 行.
NOTIC: [8] Undefined variable: specialSubheads D:\wamp\www\luoji\Application\Home\Controller\IndexController.class.php 第 38 行.
NOTIC: [8] Undefined variable: specialHrefs D:\wamp\www\luoji\Application\Home\Controller\IndexController.class.php 第 39 行.
NOTIC: [8] Undefined index: category D:\wamp\www\luoji\Application\Home\Controller\IndexController.class.php 第 8 行.
NOTIC: [8] Undefined index: p D:\wamp\www\luoji\Application\Home\Controller\IndexController.class.php 第 18 行.
NOTIC: [8] Undefined variable: condition D:\wamp\www\luoji\Application\Home\Controller\IndexController.class.php 第 50 行.
SQL: SHOW COLUMNS FROM `article` [ RunTime:0.0059s ]
SQL: SHOW COLUMNS FROM `user` [ RunTime:0.0059s ]
SQL: SELECT Article.id AS article_id,Article.mainimage AS mainimage,Article.coverimage AS coverimage,Article.maintitle AS maintitle,Article.subhead AS subhead,Article.introduction AS article_introduction,Article.author AS author,Article.type1 AS type1,Article.type2 AS type2,Article.type3 AS type3,Article.collectnum AS collectnum,Article.readnum AS readnum,Article.createtime AS article_createtime,User.id AS user_id,User.username AS username,User.password AS password,User.nickname AS nickname,User.headimage AS headimage,User.rank AS rank,User.jobs AS jobs,User.company AS company,User.introduction AS user_introduction,User.createtime AS user_createtime FROM article Article LEFT JOIN user User ON Article.author=User.id LIMIT 0,10   [ RunTime:0.0010s ]
SQL: SHOW COLUMNS FROM `collect` [ RunTime:0.0068s ]
SQL: SELECT * FROM `collect` WHERE `user_id` = null AND `article_id` = '23' LIMIT 1   [ RunTime:0.0010s ]
NOTIC: [8] Undefined index: category D:\wamp\www\luoji\Application\Home\Controller\IndexController.class.php 第 8 行.
NOTIC: [8] Undefined variable: condition D:\wamp\www\luoji\Application\Home\Controller\IndexController.class.php 第 108 行.
SQL: SELECT COUNT(*) AS tp_count FROM article Article LEFT JOIN user User ON Article.author=User.id LIMIT 1   [ RunTime:0.0010s ]
NOTIC: [8] Undefined variable: condition D:\wamp\www\luoji\Application\Home\Controller\IndexController.class.php 第 110 行.
NOTIC: [2] Invalid argument supplied for foreach() D:\wamp\www\luoji\Application\Home\Controller\IndexController.class.php 第 110 行.
INFO: [ view_parse ] --START--
INFO: [ template_filter ] --START--
INFO: Run Behavior\ContentReplaceBehavior [ RunTime:0.001953s ]
INFO: [ template_filter ] --END-- [ RunTime:0.004883s ]
NOTIC: [8] Undefined offset: 1 D:\wamp\www\luoji\Application\Runtime\Cache\Home\2a94b8bda04ff446dcedd42276fc99ee.php 第 100 行.
NOTIC: [8] Undefined offset: 2 D:\wamp\www\luoji\Application\Runtime\Cache\Home\2a94b8bda04ff446dcedd42276fc99ee.php 第 100 行.
NOTIC: [8] Undefined offset: 3 D:\wamp\www\luoji\Application\Runtime\Cache\Home\2a94b8bda04ff446dcedd42276fc99ee.php 第 100 行.
NOTIC: [8] Undefined offset: 4 D:\wamp\www\luoji\Application\Runtime\Cache\Home\2a94b8bda04ff446dcedd42276fc99ee.php 第 100 行.
NOTIC: [8] Undefined offset: 5 D:\wamp\www\luoji\Application\Runtime\Cache\Home\2a94b8bda04ff446dcedd42276fc99ee.php 第 100 行.
NOTIC: [8] Undefined offset: 6 D:\wamp\www\luoji\Application\Runtime\Cache\Home\2a94b8bda04ff446dcedd42276fc99ee.php 第 100 行.
NOTIC: [8] Undefined offset: 7 D:\wamp\www\luoji\Application\Runtime\Cache\Home\2a94b8bda04ff446dcedd42276fc99ee.php 第 100 行.
NOTIC: [8] Undefined offset: 8 D:\wamp\www\luoji\Application\Runtime\Cache\Home\2a94b8bda04ff446dcedd42276fc99ee.php 第 100 行.
NOTIC: [8] Undefined offset: 9 D:\wamp\www\luoji\Application\Runtime\Cache\Home\2a94b8bda04ff446dcedd42276fc99ee.php 第 100 行.
SQL: SELECT * FROM `special` ORDER BY readnum desc LIMIT 5   [ RunTime:0.0010s ]
NOTIC: [8] Undefined offset: 0 D:\wamp\www\luoji\Application\Home\Widget\SpecialWidget.class.php 第 12 行.
NOTIC: [8] Undefined offset: 0 D:\wamp\www\luoji\Application\Home\Widget\SpecialWidget.class.php 第 13 行.
NOTIC: [8] Undefined offset: 0 D:\wamp\www\luoji\Application\Home\Widget\SpecialWidget.class.php 第 14 行.
NOTIC: [8] Undefined offset: 0 D:\wamp\www\luoji\Application\Home\Widget\SpecialWidget.class.php 第 15 行.
NOTIC: [8] Undefined offset: 1 D:\wamp\www\luoji\Application\Home\Widget\SpecialWidget.class.php 第 12 行.
NOTIC: [8] Undefined offset: 1 D:\wamp\www\luoji\Application\Home\Widget\SpecialWidget.class.php 第 13 行.
NOTIC: [8] Undefined offset: 1 D:\wamp\www\luoji\Application\Home\Widget\SpecialWidget.class.php 第 14 行.
NOTIC: [8] Undefined offset: 1 D:\wamp\www\luoji\Application\Home\Widget\SpecialWidget.class.php 第 15 行.
NOTIC: [8] Undefined offset: 2 D:\wamp\www\luoji\Application\Home\Widget\SpecialWidget.class.php 第 12 行.
NOTIC: [8] Undefined offset: 2 D:\wamp\www\luoji\Application\Home\Widget\SpecialWidget.class.php 第 13 行.
NOTIC: [8] Undefined offset: 2 D:\wamp\www\luoji\Application\Home\Widget\SpecialWidget.class.php 第 14 行.
NOTIC: [8] Undefined offset: 2 D:\wamp\www\luoji\Application\Home\Widget\SpecialWidget.class.php 第 15 行.
INFO: [ view_parse ] --START--
INFO: [ template_filter ] --START--
INFO: Run Behavior\ContentReplaceBehavior [ RunTime:0.000976s ]
INFO: [ template_filter ] --END-- [ RunTime:-0.119141s ]
INFO: Run Behavior\ParseTemplateBehavior [ RunTime:0.031250s ]
INFO: [ view_parse ] --END-- [ RunTime:0.033203s ]
INFO: [ view_filter ] --START--
INFO: Run Behavior\WriteHtmlCacheBehavior [ RunTime:0.001953s ]
INFO: [ view_filter ] --END-- [ RunTime:0.004882s ]
SQL: SELECT * FROM `article` ORDER BY readnum desc LIMIT 8   [ RunTime:0.0010s ]
NOTIC: [8] Undefined offset: 1 D:\wamp\www\luoji\Application\Home\Widget\ArticleWidget.class.php 第 12 行.
NOTIC: [8] Undefined offset: 1 D:\wamp\www\luoji\Application\Home\Widget\ArticleWidget.class.php 第 13 行.
NOTIC: [8] Undefined offset: 2 D:\wamp\www\luoji\Application\Home\Widget\ArticleWidget.class.php 第 12 行.
NOTIC: [8] Undefined offset: 2 D:\wamp\www\luoji\Application\Home\Widget\ArticleWidget.class.php 第 13 行.
NOTIC: [8] Undefined offset: 3 D:\wamp\www\luoji\Application\Home\Widget\ArticleWidget.class.php 第 12 行.
NOTIC: [8] Undefined offset: 3 D:\wamp\www\luoji\Application\Home\Widget\ArticleWidget.class.php 第 13 行.
NOTIC: [8] Undefined offset: 4 D:\wamp\www\luoji\Application\Home\Widget\ArticleWidget.class.php 第 12 行.
NOTIC: [8] Undefined offset: 4 D:\wamp\www\luoji\Application\Home\Widget\ArticleWidget.class.php 第 13 行.
NOTIC: [8] Undefined offset: 5 D:\wamp\www\luoji\Application\Home\Widget\ArticleWidget.class.php 第 12 行.
NOTIC: [8] Undefined offset: 5 D:\wamp\www\luoji\Application\Home\Widget\ArticleWidget.class.php 第 13 行.
NOTIC: [8] Undefined offset: 6 D:\wamp\www\luoji\Application\Home\Widget\ArticleWidget.class.php 第 12 行.
NOTIC: [8] Undefined offset: 6 D:\wamp\www\luoji\Application\Home\Widget\ArticleWidget.class.php 第 13 行.
NOTIC: [8] Undefined offset: 7 D:\wamp\www\luoji\Application\Home\Widget\ArticleWidget.class.php 第 12 行.
NOTIC: [8] Undefined offset: 7 D:\wamp\www\luoji\Application\Home\Widget\ArticleWidget.class.php 第 13 行.
INFO: [ view_parse ] --START--
INFO: [ template_filter ] --START--
INFO: Run Behavior\ContentReplaceBehavior [ RunTime:0.000977s ]
INFO: [ template_filter ] --END-- [ RunTime:-0.208008s ]
INFO: Run Behavior\ParseTemplateBehavior [ RunTime:0.029297s ]
INFO: [ view_parse ] --END-- [ RunTime:-0.057617s ]
INFO: [ view_filter ] --START--
INFO: Run Behavior\WriteHtmlCacheBehavior [ RunTime:0.000000s ]
INFO: [ view_filter ] --END-- [ RunTime:-0.084961s ]
SQL: SELECT * FROM `user` ORDER BY rank desc LIMIT 5   [ RunTime:0.0020s ]
NOTIC: [8] Undefined offset: 1 D:\wamp\www\luoji\Application\Home\Widget\ExpertsWidget.class.php 第 12 行.
NOTIC: [8] Undefined offset: 1 D:\wamp\www\luoji\Application\Home\Widget\ExpertsWidget.class.php 第 13 行.
NOTIC: [8] Undefined offset: 1 D:\wamp\www\luoji\Application\Home\Widget\ExpertsWidget.class.php 第 14 行.
NOTIC: [8] Undefined offset: 1 D:\wamp\www\luoji\Application\Home\Widget\ExpertsWidget.class.php 第 15 行.
NOTIC: [8] Undefined offset: 1 D:\wamp\www\luoji\Application\Home\Widget\ExpertsWidget.class.php 第 16 行.
NOTIC: [8] Undefined offset: 2 D:\wamp\www\luoji\Application\Home\Widget\ExpertsWidget.class.php 第 12 行.
NOTIC: [8] Undefined offset: 2 D:\wamp\www\luoji\Application\Home\Widget\ExpertsWidget.class.php 第 13 行.
NOTIC: [8] Undefined offset: 2 D:\wamp\www\luoji\Application\Home\Widget\ExpertsWidget.class.php 第 14 行.
NOTIC: [8] Undefined offset: 2 D:\wamp\www\luoji\Application\Home\Widget\ExpertsWidget.class.php 第 15 行.
NOTIC: [8] Undefined offset: 2 D:\wamp\www\luoji\Application\Home\Widget\ExpertsWidget.class.php 第 16 行.
NOTIC: [8] Undefined offset: 3 D:\wamp\www\luoji\Application\Home\Widget\ExpertsWidget.class.php 第 12 行.
NOTIC: [8] Undefined offset: 3 D:\wamp\www\luoji\Application\Home\Widget\ExpertsWidget.class.php 第 13 行.
NOTIC: [8] Undefined offset: 3 D:\wamp\www\luoji\Application\Home\Widget\ExpertsWidget.class.php 第 14 行.
NOTIC: [8] Undefined offset: 3 D:\wamp\www\luoji\Application\Home\Widget\ExpertsWidget.class.php 第 15 行.
NOTIC: [8] Undefined offset: 3 D:\wamp\www\luoji\Application\Home\Widget\ExpertsWidget.class.php 第 16 行.
NOTIC: [8] Undefined offset: 4 D:\wamp\www\luoji\Application\Home\Widget\ExpertsWidget.class.php 第 12 行.
NOTIC: [8] Undefined offset: 4 D:\wamp\www\luoji\Application\Home\Widget\ExpertsWidget.class.php 第 13 行.
NOTIC: [8] Undefined offset: 4 D:\wamp\www\luoji\Application\Home\Widget\ExpertsWidget.class.php 第 14 行.
NOTIC: [8] Undefined offset: 4 D:\wamp\www\luoji\Application\Home\Widget\ExpertsWidget.class.php 第 15 行.
NOTIC: [8] Undefined offset: 4 D:\wamp\www\luoji\Application\Home\Widget\ExpertsWidget.class.php 第 16 行.
INFO: [ view_parse ] --START--
INFO: [ template_filter ] --START--
INFO: Run Behavior\ContentReplaceBehavior [ RunTime:0.000000s ]
INFO: [ template_filter ] --END-- [ RunTime:-0.321289s ]
INFO: Run Behavior\ParseTemplateBehavior [ RunTime:0.030273s ]
INFO: [ view_parse ] --END-- [ RunTime:-0.170898s ]
INFO: [ view_filter ] --START--
INFO: Run Behavior\WriteHtmlCacheBehavior [ RunTime:0.000977s ]
INFO: [ view_filter ] --END-- [ RunTime:-0.200196s ]
INFO: Run Behavior\ParseTemplateBehavior [ RunTime:0.040039s ]
INFO: [ view_parse ] --END-- [ RunTime:-0.170898s ]
INFO: [ view_filter ] --START--
INFO: Run Behavior\WriteHtmlCacheBehavior [ RunTime:0.000000s ]
INFO: [ view_filter ] --END-- [ RunTime:-0.208008s ]
INFO: [ app_end ] --START--
INFO: Run Behavior\ShowPageTraceBehavior [ RunTime:0.002930s ]
INFO: [ app_end ] --END-- [ RunTime:0.005859s ]

[ 2016-07-15T09:23:20+08:00 ] 127.0.0.1 /luoji/
INFO: [ app_init ] --START--
INFO: Run Behavior\BuildLiteBehavior [ RunTime:0.000000s ]
INFO: [ app_init ] --END-- [ RunTime:0.008789s ]
INFO: [ app_begin ] --START--
INFO: Run Behavior\ReadHtmlCacheBehavior [ RunTime:0.002930s ]
INFO: [ app_begin ] --END-- [ RunTime:0.004882s ]
NOTIC: [8] Undefined index: category D:\wamp\www\luoji\Application\Home\Controller\IndexController.class.php 第 8 行.
SQL: SHOW COLUMNS FROM `special` [ RunTime:0.0049s ]
SQL: SELECT * FROM `special` LIMIT 5   [ RunTime:0.0010s ]
NOTIC: [8] Undefined variable: specialImages D:\wamp\www\luoji\Application\Home\Controller\IndexController.class.php 第 36 行.
NOTIC: [8] Undefined variable: specialMaintitles D:\wamp\www\luoji\Application\Home\Controller\IndexController.class.php 第 37 行.
NOTIC: [8] Undefined variable: specialSubheads D:\wamp\www\luoji\Application\Home\Controller\IndexController.class.php 第 38 行.
NOTIC: [8] Undefined variable: specialHrefs D:\wamp\www\luoji\Application\Home\Controller\IndexController.class.php 第 39 行.
NOTIC: [8] Undefined index: category D:\wamp\www\luoji\Application\Home\Controller\IndexController.class.php 第 8 行.
NOTIC: [8] Undefined index: p D:\wamp\www\luoji\Application\Home\Controller\IndexController.class.php 第 18 行.
NOTIC: [8] Undefined variable: condition D:\wamp\www\luoji\Application\Home\Controller\IndexController.class.php 第 50 行.
SQL: SHOW COLUMNS FROM `article` [ RunTime:0.0059s ]
SQL: SHOW COLUMNS FROM `user` [ RunTime:0.0068s ]
SQL: SELECT Article.id AS article_id,Article.mainimage AS mainimage,Article.coverimage AS coverimage,Article.maintitle AS maintitle,Article.subhead AS subhead,Article.introduction AS article_introduction,Article.author AS author,Article.type1 AS type1,Article.type2 AS type2,Article.type3 AS type3,Article.collectnum AS collectnum,Article.readnum AS readnum,Article.createtime AS article_createtime,User.id AS user_id,User.username AS username,User.password AS password,User.nickname AS nickname,User.headimage AS headimage,User.rank AS rank,User.jobs AS jobs,User.company AS company,User.introduction AS user_introduction,User.createtime AS user_createtime FROM article Article LEFT JOIN user User ON Article.author=User.id LIMIT 0,10   [ RunTime:0.0010s ]
SQL: SHOW COLUMNS FROM `collect` [ RunTime:0.0059s ]
SQL: SELECT * FROM `collect` WHERE `user_id` = null AND `article_id` = '23' LIMIT 1   [ RunTime:0.0010s ]
NOTIC: [8] Undefined index: category D:\wamp\www\luoji\Application\Home\Controller\IndexController.class.php 第 8 行.
NOTIC: [8] Undefined variable: condition D:\wamp\www\luoji\Application\Home\Controller\IndexController.class.php 第 108 行.
SQL: SELECT COUNT(*) AS tp_count FROM article Article LEFT JOIN user User ON Article.author=User.id LIMIT 1   [ RunTime:0.0010s ]
NOTIC: [8] Undefined variable: condition D:\wamp\www\luoji\Application\Home\Controller\IndexController.class.php 第 110 行.
NOTIC: [2] Invalid argument supplied for foreach() D:\wamp\www\luoji\Application\Home\Controller\IndexController.class.php 第 110 行.
INFO: [ view_parse ] --START--
INFO: [ template_filter ] --START--
INFO: Run Behavior\ContentReplaceBehavior [ RunTime:0.000977s ]
INFO: [ template_filter ] --END-- [ RunTime:0.002929s ]
NOTIC: [8] Undefined offset: 1 D:\wamp\www\luoji\Application\Runtime\Cache\Home\2a94b8bda04ff446dcedd42276fc99ee.php 第 100 行.
NOTIC: [8] Undefined offset: 2 D:\wamp\www\luoji\Application\Runtime\Cache\Home\2a94b8bda04ff446dcedd42276fc99ee.php 第 100 行.
NOTIC: [8] Undefined offset: 3 D:\wamp\www\luoji\Application\Runtime\Cache\Home\2a94b8bda04ff446dcedd42276fc99ee.php 第 100 行.
NOTIC: [8] Undefined offset: 4 D:\wamp\www\luoji\Application\Runtime\Cache\Home\2a94b8bda04ff446dcedd42276fc99ee.php 第 100 行.
NOTIC: [8] Undefined offset: 5 D:\wamp\www\luoji\Application\Runtime\Cache\Home\2a94b8bda04ff446dcedd42276fc99ee.php 第 100 行.
NOTIC: [8] Undefined offset: 6 D:\wamp\www\luoji\Application\Runtime\Cache\Home\2a94b8bda04ff446dcedd42276fc99ee.php 第 100 行.
NOTIC: [8] Undefined offset: 7 D:\wamp\www\luoji\Application\Runtime\Cache\Home\2a94b8bda04ff446dcedd42276fc99ee.php 第 100 行.
NOTIC: [8] Undefined offset: 8 D:\wamp\www\luoji\Application\Runtime\Cache\Home\2a94b8bda04ff446dcedd42276fc99ee.php 第 100 行.
NOTIC: [8] Undefined offset: 9 D:\wamp\www\luoji\Application\Runtime\Cache\Home\2a94b8bda04ff446dcedd42276fc99ee.php 第 100 行.
SQL: SELECT * FROM `special` ORDER BY readnum desc LIMIT 5   [ RunTime:0.0020s ]
NOTIC: [8] Undefined offset: 0 D:\wamp\www\luoji\Application\Home\Widget\SpecialWidget.class.php 第 12 行.
NOTIC: [8] Undefined offset: 0 D:\wamp\www\luoji\Application\Home\Widget\SpecialWidget.class.php 第 13 行.
NOTIC: [8] Undefined offset: 0 D:\wamp\www\luoji\Application\Home\Widget\SpecialWidget.class.php 第 14 行.
NOTIC: [8] Undefined offset: 0 D:\wamp\www\luoji\Application\Home\Widget\SpecialWidget.class.php 第 15 行.
NOTIC: [8] Undefined offset: 1 D:\wamp\www\luoji\Application\Home\Widget\SpecialWidget.class.php 第 12 行.
NOTIC: [8] Undefined offset: 1 D:\wamp\www\luoji\Application\Home\Widget\SpecialWidget.class.php 第 13 行.
NOTIC: [8] Undefined offset: 1 D:\wamp\www\luoji\Application\Home\Widget\SpecialWidget.class.php 第 14 行.
NOTIC: [8] Undefined offset: 1 D:\wamp\www\luoji\Application\Home\Widget\SpecialWidget.class.php 第 15 行.
NOTIC: [8] Undefined offset: 2 D:\wamp\www\luoji\Application\Home\Widget\SpecialWidget.class.php 第 12 行.
NOTIC: [8] Undefined offset: 2 D:\wamp\www\luoji\Application\Home\Widget\SpecialWidget.class.php 第 13 行.
NOTIC: [8] Undefined offset: 2 D:\wamp\www\luoji\Application\Home\Widget\SpecialWidget.class.php 第 14 行.
NOTIC: [8] Undefined offset: 2 D:\wamp\www\luoji\Application\Home\Widget\SpecialWidget.class.php 第 15 行.
INFO: [ view_parse ] --START--
INFO: [ template_filter ] --START--
INFO: Run Behavior\ContentReplaceBehavior [ RunTime:0.000976s ]
INFO: [ template_filter ] --END-- [ RunTime:-0.144532s ]
INFO: Run Behavior\ParseTemplateBehavior [ RunTime:0.041992s ]
INFO: [ view_parse ] --END-- [ RunTime:0.043945s ]
INFO: [ view_filter ] --START--
INFO: Run Behavior\WriteHtmlCacheBehavior [ RunTime:0.001953s ]
INFO: [ view_filter ] --END-- [ RunTime:0.004883s ]
SQL: SELECT * FROM `article` ORDER BY readnum desc LIMIT 8   [ RunTime:0.0039s ]
INFO: [ view_parse ] --START--
INFO: [ template_filter ] --START--
INFO: Run Behavior\ContentReplaceBehavior [ RunTime:0.000977s ]
INFO: [ template_filter ] --END-- [ RunTime:-0.229493s ]
NOTIC: [8] Undefined offset: 1 D:\wamp\www\luoji\Application\Runtime\Cache\Home\2ac6c1276904b87404ed678dbabb985c.php 第 11 行.
NOTIC: [8] Undefined offset: 2 D:\wamp\www\luoji\Application\Runtime\Cache\Home\2ac6c1276904b87404ed678dbabb985c.php 第 11 行.
NOTIC: [8] Undefined offset: 3 D:\wamp\www\luoji\Application\Runtime\Cache\Home\2ac6c1276904b87404ed678dbabb985c.php 第 11 行.
NOTIC: [8] Undefined offset: 4 D:\wamp\www\luoji\Application\Runtime\Cache\Home\2ac6c1276904b87404ed678dbabb985c.php 第 11 行.
NOTIC: [8] Undefined offset: 5 D:\wamp\www\luoji\Application\Runtime\Cache\Home\2ac6c1276904b87404ed678dbabb985c.php 第 11 行.
NOTIC: [8] Undefined offset: 6 D:\wamp\www\luoji\Application\Runtime\Cache\Home\2ac6c1276904b87404ed678dbabb985c.php 第 11 行.
NOTIC: [8] Undefined offset: 7 D:\wamp\www\luoji\Application\Runtime\Cache\Home\2ac6c1276904b87404ed678dbabb985c.php 第 11 行.
INFO: Run Behavior\ParseTemplateBehavior [ RunTime:0.051758s ]
INFO: [ view_parse ] --END-- [ RunTime:-0.039062s ]
INFO: [ view_filter ] --START--
INFO: Run Behavior\WriteHtmlCacheBehavior [ RunTime:0.000976s ]
INFO: [ view_filter ] --END-- [ RunTime:-0.083984s ]
SQL: SELECT * FROM `user` ORDER BY rank desc LIMIT 5   [ RunTime:0.0010s ]
NOTIC: [8] Undefined offset: 1 D:\wamp\www\luoji\Application\Home\Widget\ExpertsWidget.class.php 第 12 行.
NOTIC: [8] Undefined offset: 1 D:\wamp\www\luoji\Application\Home\Widget\ExpertsWidget.class.php 第 13 行.
NOTIC: [8] Undefined offset: 1 D:\wamp\www\luoji\Application\Home\Widget\ExpertsWidget.class.php 第 14 行.
NOTIC: [8] Undefined offset: 1 D:\wamp\www\luoji\Application\Home\Widget\ExpertsWidget.class.php 第 15 行.
NOTIC: [8] Undefined offset: 1 D:\wamp\www\luoji\Application\Home\Widget\ExpertsWidget.class.php 第 16 行.
NOTIC: [8] Undefined offset: 2 D:\wamp\www\luoji\Application\Home\Widget\ExpertsWidget.class.php 第 12 行.
NOTIC: [8] Undefined offset: 2 D:\wamp\www\luoji\Application\Home\Widget\ExpertsWidget.class.php 第 13 行.
NOTIC: [8] Undefined offset: 2 D:\wamp\www\luoji\Application\Home\Widget\ExpertsWidget.class.php 第 14 行.
NOTIC: [8] Undefined offset: 2 D:\wamp\www\luoji\Application\Home\Widget\ExpertsWidget.class.php 第 15 行.
NOTIC: [8] Undefined offset: 2 D:\wamp\www\luoji\Application\Home\Widget\ExpertsWidget.class.php 第 16 行.
NOTIC: [8] Undefined offset: 3 D:\wamp\www\luoji\Application\Home\Widget\ExpertsWidget.class.php 第 12 行.
NOTIC: [8] Undefined offset: 3 D:\wamp\www\luoji\Application\Home\Widget\ExpertsWidget.class.php 第 13 行.
NOTIC: [8] Undefined offset: 3 D:\wamp\www\luoji\Application\Home\Widget\ExpertsWidget.class.php 第 14 行.
NOTIC: [8] Undefined offset: 3 D:\wamp\www\luoji\Application\Home\Widget\ExpertsWidget.class.php 第 15 行.
NOTIC: [8] Undefined offset: 3 D:\wamp\www\luoji\Application\Home\Widget\ExpertsWidget.class.php 第 16 行.
NOTIC: [8] Undefined offset: 4 D:\wamp\www\luoji\Application\Home\Widget\ExpertsWidget.class.php 第 12 行.
NOTIC: [8] Undefined offset: 4 D:\wamp\www\luoji\Application\Home\Widget\ExpertsWidget.class.php 第 13 行.
NOTIC: [8] Undefined offset: 4 D:\wamp\www\luoji\Application\Home\Widget\ExpertsWidget.class.php 第 14 行.
NOTIC: [8] Undefined offset: 4 D:\wamp\www\luoji\Application\Home\Widget\ExpertsWidget.class.php 第 15 行.
NOTIC: [8] Undefined offset: 4 D:\wamp\www\luoji\Application\Home\Widget\ExpertsWidget.class.php 第 16 行.
INFO: [ view_parse ] --START--
INFO: [ template_filter ] --START--
INFO: Run Behavior\ContentReplaceBehavior [ RunTime:0.000976s ]
INFO: [ template_filter ] --END-- [ RunTime:-0.338868s ]
INFO: Run Behavior\ParseTemplateBehavior [ RunTime:0.038086s ]
INFO: [ view_parse ] --END-- [ RunTime:-0.150391s ]
INFO: [ view_filter ] --START--
INFO: Run Behavior\WriteHtmlCacheBehavior [ RunTime:0.000000s ]
INFO: [ view_filter ] --END-- [ RunTime:-0.183593s ]
INFO: Run Behavior\ParseTemplateBehavior [ RunTime:0.044922s ]
INFO: [ view_parse ] --END-- [ RunTime:-0.150391s ]
INFO: [ view_filter ] --START--
INFO: Run Behavior\WriteHtmlCacheBehavior [ RunTime:0.000977s ]
INFO: [ view_filter ] --END-- [ RunTime:-0.189453s ]
INFO: [ app_end ] --START--
INFO: Run Behavior\ShowPageTraceBehavior [ RunTime:0.002930s ]
INFO: [ app_end ] --END-- [ RunTime:0.004882s ]

[ 2016-07-15T09:26:45+08:00 ] 127.0.0.1 /luoji/
INFO: [ app_init ] --START--
INFO: Run Behavior\BuildLiteBehavior [ RunTime:0.000976s ]
INFO: [ app_init ] --END-- [ RunTime:0.003906s ]
INFO: [ app_begin ] --START--
INFO: Run Behavior\ReadHtmlCacheBehavior [ RunTime:0.002930s ]
INFO: [ app_begin ] --END-- [ RunTime:0.004883s ]
NOTIC: [8] Undefined index: category D:\wamp\www\luoji\Application\Home\Controller\IndexController.class.php 第 8 行.
SQL: SHOW COLUMNS FROM `special` [ RunTime:0.0088s ]
SQL: SELECT * FROM `special` LIMIT 5   [ RunTime:0.0020s ]
NOTIC: [8] Undefined variable: specialImages D:\wamp\www\luoji\Application\Home\Controller\IndexController.class.php 第 36 行.
NOTIC: [8] Undefined variable: specialMaintitles D:\wamp\www\luoji\Application\Home\Controller\IndexController.class.php 第 37 行.
NOTIC: [8] Undefined variable: specialSubheads D:\wamp\www\luoji\Application\Home\Controller\IndexController.class.php 第 38 行.
NOTIC: [8] Undefined variable: specialHrefs D:\wamp\www\luoji\Application\Home\Controller\IndexController.class.php 第 39 行.
NOTIC: [8] Undefined index: category D:\wamp\www\luoji\Application\Home\Controller\IndexController.class.php 第 8 行.
NOTIC: [8] Undefined index: p D:\wamp\www\luoji\Application\Home\Controller\IndexController.class.php 第 18 行.
NOTIC: [8] Undefined variable: condition D:\wamp\www\luoji\Application\Home\Controller\IndexController.class.php 第 50 行.
SQL: SHOW COLUMNS FROM `article` [ RunTime:0.0078s ]
SQL: SHOW COLUMNS FROM `user` [ RunTime:0.0068s ]
SQL: SELECT Article.id AS article_id,Article.mainimage AS mainimage,Article.coverimage AS coverimage,Article.maintitle AS maintitle,Article.subhead AS subhead,Article.introduction AS article_introduction,Article.author AS author,Article.type1 AS type1,Article.type2 AS type2,Article.type3 AS type3,Article.collectnum AS collectnum,Article.readnum AS readnum,Article.createtime AS article_createtime,User.id AS user_id,User.username AS username,User.password AS password,User.nickname AS nickname,User.headimage AS headimage,User.rank AS rank,User.jobs AS jobs,User.company AS company,User.introduction AS user_introduction,User.createtime AS user_createtime FROM article Article LEFT JOIN user User ON Article.author=User.id LIMIT 0,10   [ RunTime:0.0020s ]
SQL: SHOW COLUMNS FROM `collect` [ RunTime:0.0059s ]
SQL: SELECT * FROM `collect` WHERE `user_id` = null AND `article_id` = '23' LIMIT 1   [ RunTime:0.0020s ]
NOTIC: [8] Undefined index: category D:\wamp\www\luoji\Application\Home\Controller\IndexController.class.php 第 8 行.
NOTIC: [8] Undefined variable: condition D:\wamp\www\luoji\Application\Home\Controller\IndexController.class.php 第 108 行.
SQL: SELECT COUNT(*) AS tp_count FROM article Article LEFT JOIN user User ON Article.author=User.id LIMIT 1   [ RunTime:0.0010s ]
NOTIC: [8] Undefined variable: condition D:\wamp\www\luoji\Application\Home\Controller\IndexController.class.php 第 110 行.
NOTIC: [2] Invalid argument supplied for foreach() D:\wamp\www\luoji\Application\Home\Controller\IndexController.class.php 第 110 行.
INFO: [ view_parse ] --START--
INFO: [ template_filter ] --START--
INFO: Run Behavior\ContentReplaceBehavior [ RunTime:0.000000s ]
INFO: [ template_filter ] --END-- [ RunTime:0.000000s ]
NOTIC: [8] Undefined offset: 1 D:\wamp\www\luoji\Application\Runtime\Cache\Home\2a94b8bda04ff446dcedd42276fc99ee.php 第 100 行.
NOTIC: [8] Undefined offset: 2 D:\wamp\www\luoji\Application\Runtime\Cache\Home\2a94b8bda04ff446dcedd42276fc99ee.php 第 100 行.
NOTIC: [8] Undefined offset: 3 D:\wamp\www\luoji\Application\Runtime\Cache\Home\2a94b8bda04ff446dcedd42276fc99ee.php 第 100 行.
NOTIC: [8] Undefined offset: 4 D:\wamp\www\luoji\Application\Runtime\Cache\Home\2a94b8bda04ff446dcedd42276fc99ee.php 第 100 行.
NOTIC: [8] Undefined offset: 5 D:\wamp\www\luoji\Application\Runtime\Cache\Home\2a94b8bda04ff446dcedd42276fc99ee.php 第 100 行.
NOTIC: [8] Undefined offset: 6 D:\wamp\www\luoji\Application\Runtime\Cache\Home\2a94b8bda04ff446dcedd42276fc99ee.php 第 100 行.
NOTIC: [8] Undefined offset: 7 D:\wamp\www\luoji\Application\Runtime\Cache\Home\2a94b8bda04ff446dcedd42276fc99ee.php 第 100 行.
NOTIC: [8] Undefined offset: 8 D:\wamp\www\luoji\Application\Runtime\Cache\Home\2a94b8bda04ff446dcedd42276fc99ee.php 第 100 行.
NOTIC: [8] Undefined offset: 9 D:\wamp\www\luoji\Application\Runtime\Cache\Home\2a94b8bda04ff446dcedd42276fc99ee.php 第 100 行.
SQL: SELECT * FROM `special` ORDER BY readnum desc LIMIT 5   [ RunTime:0.0078s ]
NOTIC: [8] Undefined variable: specialImage D:\wamp\www\luoji\Application\Home\Widget\SpecialWidget.class.php 第 17 行.
NOTIC: [8] Undefined variable: specialMaintitle D:\wamp\www\luoji\Application\Home\Widget\SpecialWidget.class.php 第 18 行.
NOTIC: [8] Undefined variable: specialSubhead D:\wamp\www\luoji\Application\Home\Widget\SpecialWidget.class.php 第 19 行.
NOTIC: [8] Undefined variable: specialHrefs D:\wamp\www\luoji\Application\Home\Widget\SpecialWidget.class.php 第 20 行.
INFO: [ view_parse ] --START--
INFO: [ template_filter ] --START--
INFO: Run Behavior\ContentReplaceBehavior [ RunTime:0.000000s ]
INFO: [ template_filter ] --END-- [ RunTime:-0.093750s ]
INFO: Run Behavior\ParseTemplateBehavior [ RunTime:0.031250s ]
INFO: [ view_parse ] --END-- [ RunTime:0.031250s ]
INFO: [ view_filter ] --START--
INFO: Run Behavior\WriteHtmlCacheBehavior [ RunTime:0.000000s ]
INFO: [ view_filter ] --END-- [ RunTime:0.000000s ]
SQL: SELECT * FROM `article` ORDER BY readnum desc LIMIT 8   [ RunTime:0.0000s ]
INFO: [ view_parse ] --START--
INFO: [ template_filter ] --START--
INFO: Run Behavior\ContentReplaceBehavior [ RunTime:0.000000s ]
INFO: [ template_filter ] --END-- [ RunTime:-0.156250s ]
NOTIC: [8] Undefined offset: 1 D:\wamp\www\luoji\Application\Runtime\Cache\Home\2ac6c1276904b87404ed678dbabb985c.php 第 11 行.
NOTIC: [8] Undefined offset: 2 D:\wamp\www\luoji\Application\Runtime\Cache\Home\2ac6c1276904b87404ed678dbabb985c.php 第 11 行.
NOTIC: [8] Undefined offset: 3 D:\wamp\www\luoji\Application\Runtime\Cache\Home\2ac6c1276904b87404ed678dbabb985c.php 第 11 行.
NOTIC: [8] Undefined offset: 4 D:\wamp\www\luoji\Application\Runtime\Cache\Home\2ac6c1276904b87404ed678dbabb985c.php 第 11 行.
NOTIC: [8] Undefined offset: 5 D:\wamp\www\luoji\Application\Runtime\Cache\Home\2ac6c1276904b87404ed678dbabb985c.php 第 11 行.
NOTIC: [8] Undefined offset: 6 D:\wamp\www\luoji\Application\Runtime\Cache\Home\2ac6c1276904b87404ed678dbabb985c.php 第 11 行.
NOTIC: [8] Undefined offset: 7 D:\wamp\www\luoji\Application\Runtime\Cache\Home\2ac6c1276904b87404ed678dbabb985c.php 第 11 行.
INFO: Run Behavior\ParseTemplateBehavior [ RunTime:0.031250s ]
INFO: [ view_parse ] --END-- [ RunTime:-0.031250s ]
INFO: [ view_filter ] --START--
INFO: Run Behavior\WriteHtmlCacheBehavior [ RunTime:0.000000s ]
INFO: [ view_filter ] --END-- [ RunTime:-0.062500s ]
SQL: SELECT * FROM `user` ORDER BY rank desc LIMIT 5   [ RunTime:0.0000s ]
INFO: [ view_parse ] --START--
INFO: [ template_filter ] --START--
INFO: Run Behavior\ContentReplaceBehavior [ RunTime:0.000000s ]
INFO: [ template_filter ] --END-- [ RunTime:-0.226562s ]
NOTIC: [8] Undefined offset: 1 D:\wamp\www\luoji\Application\Runtime\Cache\Home\9b6c7358f1f609cccd1ab9a879243014.php 第 11 行.
NOTIC: [8] Undefined offset: 2 D:\wamp\www\luoji\Application\Runtime\Cache\Home\9b6c7358f1f609cccd1ab9a879243014.php 第 11 行.
NOTIC: [8] Undefined offset: 3 D:\wamp\www\luoji\Application\Runtime\Cache\Home\9b6c7358f1f609cccd1ab9a879243014.php 第 11 行.
NOTIC: [8] Undefined offset: 4 D:\wamp\www\luoji\Application\Runtime\Cache\Home\9b6c7358f1f609cccd1ab9a879243014.php 第 11 行.
INFO: Run Behavior\ParseTemplateBehavior [ RunTime:0.049805s ]
INFO: [ view_parse ] --END-- [ RunTime:-0.085937s ]
INFO: [ view_filter ] --START--
INFO: Run Behavior\WriteHtmlCacheBehavior [ RunTime:0.000976s ]
INFO: [ view_filter ] --END-- [ RunTime:-0.137695s ]
INFO: Run Behavior\ParseTemplateBehavior [ RunTime:0.058594s ]
INFO: [ view_parse ] --END-- [ RunTime:-0.085937s ]
INFO: [ view_filter ] --START--
INFO: Run Behavior\WriteHtmlCacheBehavior [ RunTime:0.000000s ]
INFO: [ view_filter ] --END-- [ RunTime:-0.146484s ]
INFO: [ app_end ] --START--
INFO: Run Behavior\ShowPageTraceBehavior [ RunTime:0.002930s ]
INFO: [ app_end ] --END-- [ RunTime:0.004883s ]

[ 2016-07-15T09:27:01+08:00 ] 127.0.0.1 /luoji/index.php/Home/Content/index/type/article/articleId/23.html
INFO: [ app_init ] --START--
INFO: Run Behavior\BuildLiteBehavior [ RunTime:0.000000s ]
INFO: [ app_init ] --END-- [ RunTime:0.007813s ]
INFO: [ app_begin ] --START--
INFO: Run Behavior\ReadHtmlCacheBehavior [ RunTime:0.006835s ]
INFO: [ app_begin ] --END-- [ RunTime:0.008789s ]
SQL: SHOW COLUMNS FROM `article` [ RunTime:0.0059s ]
SQL: SHOW COLUMNS FROM `user` [ RunTime:0.0068s ]
SQL: SELECT Article.id AS article_id,Article.mainimage AS mainimage,Article.coverimage AS coverimage,Article.maintitle AS maintitle,Article.subhead AS subhead,Article.introduction AS article_introduction,Article.author AS author,Article.type1 AS type1,Article.type2 AS type2,Article.type3 AS type3,Article.collectnum AS collectnum,Article.readnum AS readnum,Article.createtime AS article_createtime,User.id AS user_id,User.username AS username,User.password AS password,User.nickname AS nickname,User.headimage AS headimage,User.rank AS rank,User.jobs AS jobs,User.company AS company,User.introduction AS user_introduction,User.createtime AS user_createtime FROM article Article LEFT JOIN user User ON Article.author=User.id WHERE Article.id = '23' LIMIT 1   [ RunTime:0.0010s ]
INFO: [ view_parse ] --START--
INFO: [ template_filter ] --START--
INFO: Run Behavior\ContentReplaceBehavior [ RunTime:0.007813s ]
INFO: [ template_filter ] --END-- [ RunTime:0.009765s ]
NOTIC: [8] Undefined variable: artListTitle D:\wamp\www\luoji\Application\Runtime\Cache\Home\05c25a47e280706f416be77c1b8978f8.php 第 79 行.
SQL: SHOW COLUMNS FROM `special` [ RunTime:0.0068s ]
SQL: SELECT * FROM `special` ORDER BY readnum desc LIMIT 5   [ RunTime:0.0000s ]
NOTIC: [8] Undefined variable: specialImage D:\wamp\www\luoji\Application\Home\Widget\SpecialWidget.class.php 第 17 行.
NOTIC: [8] Undefined variable: specialMaintitle D:\wamp\www\luoji\Application\Home\Widget\SpecialWidget.class.php 第 18 行.
NOTIC: [8] Undefined variable: specialSubhead D:\wamp\www\luoji\Application\Home\Widget\SpecialWidget.class.php 第 19 行.
NOTIC: [8] Undefined variable: specialHrefs D:\wamp\www\luoji\Application\Home\Widget\SpecialWidget.class.php 第 20 行.
INFO: [ view_parse ] --START--
INFO: [ template_filter ] --START--
INFO: Run Behavior\ContentReplaceBehavior [ RunTime:0.000976s ]
INFO: [ template_filter ] --END-- [ RunTime:-0.092774s ]
INFO: Run Behavior\ParseTemplateBehavior [ RunTime:0.030274s ]
INFO: [ view_parse ] --END-- [ RunTime:0.032226s ]
INFO: [ view_filter ] --START--
INFO: Run Behavior\WriteHtmlCacheBehavior [ RunTime:0.002930s ]
INFO: [ view_filter ] --END-- [ RunTime:0.004883s ]
SQL: SELECT * FROM `article` ORDER BY readnum desc LIMIT 8   [ RunTime:0.0010s ]
INFO: [ view_parse ] --START--
INFO: [ template_filter ] --START--
INFO: Run Behavior\ContentReplaceBehavior [ RunTime:0.000976s ]
INFO: [ template_filter ] --END-- [ RunTime:-0.150391s ]
NOTIC: [8] Undefined offset: 1 D:\wamp\www\luoji\Application\Runtime\Cache\Home\2ac6c1276904b87404ed678dbabb985c.php 第 11 行.
NOTIC: [8] Undefined offset: 2 D:\wamp\www\luoji\Application\Runtime\Cache\Home\2ac6c1276904b87404ed678dbabb985c.php 第 11 行.
NOTIC: [8] Undefined offset: 3 D:\wamp\www\luoji\Application\Runtime\Cache\Home\2ac6c1276904b87404ed678dbabb985c.php 第 11 行.
NOTIC: [8] Undefined offset: 4 D:\wamp\www\luoji\Application\Runtime\Cache\Home\2ac6c1276904b87404ed678dbabb985c.php 第 11 行.
NOTIC: [8] Undefined offset: 5 D:\wamp\www\luoji\Application\Runtime\Cache\Home\2ac6c1276904b87404ed678dbabb985c.php 第 11 行.
NOTIC: [8] Undefined offset: 6 D:\wamp\www\luoji\Application\Runtime\Cache\Home\2ac6c1276904b87404ed678dbabb985c.php 第 11 行.
NOTIC: [8] Undefined offset: 7 D:\wamp\www\luoji\Application\Runtime\Cache\Home\2ac6c1276904b87404ed678dbabb985c.php 第 11 行.
INFO: Run Behavior\ParseTemplateBehavior [ RunTime:0.032226s ]
INFO: [ view_parse ] --END-- [ RunTime:-0.025391s ]
INFO: [ view_filter ] --START--
INFO: Run Behavior\WriteHtmlCacheBehavior [ RunTime:0.000000s ]
INFO: [ view_filter ] --END-- [ RunTime:-0.053711s ]
INFO: Run Behavior\ParseTemplateBehavior [ RunTime:0.039062s ]
INFO: [ view_parse ] --END-- [ RunTime:-0.025391s ]
INFO: [ view_filter ] --START--
INFO: Run Behavior\WriteHtmlCacheBehavior [ RunTime:0.000976s ]
INFO: [ view_filter ] --END-- [ RunTime:-0.060547s ]
INFO: [ app_end ] --START--
INFO: Run Behavior\ShowPageTraceBehavior [ RunTime:0.000976s ]
INFO: [ app_end ] --END-- [ RunTime:0.002930s ]

[ 2016-07-15T09:29:45+08:00 ] 127.0.0.1 /luoji/index.php/Home/User/index/authorId/12.html
INFO: [ app_init ] --START--
INFO: Run Behavior\BuildLiteBehavior [ RunTime:0.000000s ]
INFO: [ app_init ] --END-- [ RunTime:0.007813s ]
INFO: [ app_begin ] --START--
INFO: Run Behavior\ReadHtmlCacheBehavior [ RunTime:0.002930s ]
INFO: [ app_begin ] --END-- [ RunTime:0.004883s ]
SQL: SHOW COLUMNS FROM `user` [ RunTime:0.0098s ]
SQL: SELECT * FROM `user` WHERE `id` = '12' LIMIT 1   [ RunTime:0.0010s ]
SQL: SHOW COLUMNS FROM `article` [ RunTime:0.0059s ]
NOTIC: [8] Undefined index: p D:\wamp\www\luoji\Application\Home\Controller\UserController.class.php 第 7 行.
SQL: SELECT * FROM `article` WHERE `author` = '12' LIMIT 0,8   [ RunTime:0.0010s ]
SQL: SELECT COUNT(*) AS tp_count FROM article Article LEFT JOIN user User ON Article.author=User.id WHERE User.id = '12' LIMIT 1   [ RunTime:0.0010s ]
NOTIC: [2] urlencode() expects parameter 1 to be string, array given D:\wamp\www\luoji\Application\Home\Controller\UserController.class.php 第 90 行.
INFO: [ view_parse ] --START--
INFO: [ template_filter ] --START--
INFO: Run Behavior\ContentReplaceBehavior [ RunTime:0.000977s ]
INFO: [ template_filter ] --END-- [ RunTime:0.002929s ]
SQL: SHOW COLUMNS FROM `special` [ RunTime:0.0059s ]
SQL: SELECT * FROM `special` ORDER BY readnum desc LIMIT 5   [ RunTime:0.0010s ]
NOTIC: [8] Undefined variable: specialImage D:\wamp\www\luoji\Application\Home\Widget\SpecialWidget.class.php 第 17 行.
NOTIC: [8] Undefined variable: specialMaintitle D:\wamp\www\luoji\Application\Home\Widget\SpecialWidget.class.php 第 18 行.
NOTIC: [8] Undefined variable: specialSubhead D:\wamp\www\luoji\Application\Home\Widget\SpecialWidget.class.php 第 19 行.
NOTIC: [8] Undefined variable: specialHrefs D:\wamp\www\luoji\Application\Home\Widget\SpecialWidget.class.php 第 20 行.
INFO: [ view_parse ] --START--
INFO: [ template_filter ] --START--
INFO: Run Behavior\ContentReplaceBehavior [ RunTime:0.000000s ]
INFO: [ template_filter ] --END-- [ RunTime:-0.083008s ]
INFO: Run Behavior\ParseTemplateBehavior [ RunTime:0.029297s ]
INFO: [ view_parse ] --END-- [ RunTime:0.031250s ]
INFO: [ view_filter ] --START--
INFO: Run Behavior\WriteHtmlCacheBehavior [ RunTime:0.001953s ]
INFO: [ view_filter ] --END-- [ RunTime:0.003907s ]
SQL: SELECT * FROM `article` ORDER BY readnum desc LIMIT 8   [ RunTime:0.0010s ]
INFO: [ view_parse ] --START--
INFO: [ template_filter ] --START--
INFO: Run Behavior\ContentReplaceBehavior [ RunTime:0.000000s ]
INFO: [ template_filter ] --END-- [ RunTime:-0.134766s ]
NOTIC: [8] Undefined offset: 1 D:\wamp\www\luoji\Application\Runtime\Cache\Home\2ac6c1276904b87404ed678dbabb985c.php 第 11 行.
NOTIC: [8] Undefined offset: 2 D:\wamp\www\luoji\Application\Runtime\Cache\Home\2ac6c1276904b87404ed678dbabb985c.php 第 11 行.
NOTIC: [8] Undefined offset: 3 D:\wamp\www\luoji\Application\Runtime\Cache\Home\2ac6c1276904b87404ed678dbabb985c.php 第 11 行.
NOTIC: [8] Undefined offset: 4 D:\wamp\www\luoji\Application\Runtime\Cache\Home\2ac6c1276904b87404ed678dbabb985c.php 第 11 行.
NOTIC: [8] Undefined offset: 5 D:\wamp\www\luoji\Application\Runtime\Cache\Home\2ac6c1276904b87404ed678dbabb985c.php 第 11 行.
NOTIC: [8] Undefined offset: 6 D:\wamp\www\luoji\Application\Runtime\Cache\Home\2ac6c1276904b87404ed678dbabb985c.php 第 11 行.
NOTIC: [8] Undefined offset: 7 D:\wamp\www\luoji\Application\Runtime\Cache\Home\2ac6c1276904b87404ed678dbabb985c.php 第 11 行.
INFO: Run Behavior\ParseTemplateBehavior [ RunTime:0.030273s ]
INFO: [ view_parse ] --END-- [ RunTime:-0.022461s ]
INFO: [ view_filter ] --START--
INFO: Run Behavior\WriteHtmlCacheBehavior [ RunTime:0.000976s ]
INFO: [ view_filter ] --END-- [ RunTime:-0.049804s ]
SQL: SELECT * FROM `user` ORDER BY rank desc LIMIT 5   [ RunTime:0.0010s ]
INFO: [ view_parse ] --START--
INFO: [ template_filter ] --START--
INFO: Run Behavior\ContentReplaceBehavior [ RunTime:0.000976s ]
INFO: [ template_filter ] --END-- [ RunTime:-0.192383s ]
NOTIC: [8] Undefined offset: 1 D:\wamp\www\luoji\Application\Runtime\Cache\Home\9b6c7358f1f609cccd1ab9a879243014.php 第 11 行.
NOTIC: [8] Undefined offset: 2 D:\wamp\www\luoji\Application\Runtime\Cache\Home\9b6c7358f1f609cccd1ab9a879243014.php 第 11 行.
NOTIC: [8] Undefined offset: 3 D:\wamp\www\luoji\Application\Runtime\Cache\Home\9b6c7358f1f609cccd1ab9a879243014.php 第 11 行.
NOTIC: [8] Undefined offset: 4 D:\wamp\www\luoji\Application\Runtime\Cache\Home\9b6c7358f1f609cccd1ab9a879243014.php 第 11 行.
INFO: Run Behavior\ParseTemplateBehavior [ RunTime:0.036133s ]
INFO: [ view_parse ] --END-- [ RunTime:-0.075195s ]
INFO: [ view_filter ] --START--
INFO: Run Behavior\WriteHtmlCacheBehavior [ RunTime:0.000976s ]
INFO: [ view_filter ] --END-- [ RunTime:-0.108398s ]
NOTIC: [8] Undefined offset: 1 D:\wamp\www\luoji\Application\Runtime\Cache\Home\6830cbac89ff06451c77cd8769d6d4ca.php 第 85 行.
NOTIC: [8] Undefined offset: 2 D:\wamp\www\luoji\Application\Runtime\Cache\Home\6830cbac89ff06451c77cd8769d6d4ca.php 第 85 行.
NOTIC: [8] Undefined offset: 3 D:\wamp\www\luoji\Application\Runtime\Cache\Home\6830cbac89ff06451c77cd8769d6d4ca.php 第 85 行.
NOTIC: [8] Undefined offset: 4 D:\wamp\www\luoji\Application\Runtime\Cache\Home\6830cbac89ff06451c77cd8769d6d4ca.php 第 85 行.
NOTIC: [8] Undefined offset: 5 D:\wamp\www\luoji\Application\Runtime\Cache\Home\6830cbac89ff06451c77cd8769d6d4ca.php 第 85 行.
NOTIC: [8] Undefined offset: 6 D:\wamp\www\luoji\Application\Runtime\Cache\Home\6830cbac89ff06451c77cd8769d6d4ca.php 第 85 行.
NOTIC: [8] Undefined offset: 7 D:\wamp\www\luoji\Application\Runtime\Cache\Home\6830cbac89ff06451c77cd8769d6d4ca.php 第 85 行.
INFO: Run Behavior\ParseTemplateBehavior [ RunTime:0.050781s ]
INFO: [ view_parse ] --END-- [ RunTime:-0.075195s ]
INFO: [ view_filter ] --START--
INFO: Run Behavior\WriteHtmlCacheBehavior [ RunTime:0.000000s ]
INFO: [ view_filter ] --END-- [ RunTime:-0.123046s ]
INFO: [ app_end ] --START--
INFO: Run Behavior\ShowPageTraceBehavior [ RunTime:0.002930s ]
INFO: [ app_end ] --END-- [ RunTime:0.004882s ]

[ 2016-07-15T09:30:08+08:00 ] 127.0.0.1 /luoji/index.php/Home/Account/index/operation/0.html
INFO: [ app_init ] --START--
INFO: Run Behavior\BuildLiteBehavior [ RunTime:0.000000s ]
INFO: [ app_init ] --END-- [ RunTime:0.002930s ]
INFO: [ app_begin ] --START--
INFO: Run Behavior\ReadHtmlCacheBehavior [ RunTime:0.001953s ]
INFO: [ app_begin ] --END-- [ RunTime:0.002930s ]
INFO: [ view_parse ] --START--
INFO: [ template_filter ] --START--
INFO: Run Behavior\ContentReplaceBehavior [ RunTime:0.000976s ]
INFO: [ template_filter ] --END-- [ RunTime:0.002930s ]
INFO: Run Behavior\ParseTemplateBehavior [ RunTime:0.120117s ]
INFO: [ view_parse ] --END-- [ RunTime:0.123047s ]
INFO: [ view_filter ] --START--
INFO: Run Behavior\WriteHtmlCacheBehavior [ RunTime:0.001954s ]
INFO: [ view_filter ] --END-- [ RunTime:0.002930s ]
INFO: [ app_end ] --START--
INFO: Run Behavior\ShowPageTraceBehavior [ RunTime:0.001954s ]
INFO: [ app_end ] --END-- [ RunTime:0.003906s ]

[ 2016-07-15T09:30:08+08:00 ] 127.0.0.1 /luoji/index.php/Home/Account/verify.html
INFO: [ app_init ] --START--
INFO: Run Behavior\BuildLiteBehavior [ RunTime:0.000000s ]
INFO: [ app_init ] --END-- [ RunTime:0.004882s ]
INFO: [ app_begin ] --START--
INFO: Run Behavior\ReadHtmlCacheBehavior [ RunTime:0.001954s ]
INFO: [ app_begin ] --END-- [ RunTime:0.004883s ]
INFO: [ app_end ] --START--
INFO: Run Behavior\ShowPageTraceBehavior [ RunTime:0.000976s ]
INFO: [ app_end ] --END-- [ RunTime:0.002930s ]

[ 2016-07-15T09:30:22+08:00 ] 127.0.0.1 /luoji/index.php/Home/Account/verify.html?0.7564517979323475
INFO: [ app_init ] --START--
INFO: Run Behavior\BuildLiteBehavior [ RunTime:0.000000s ]
INFO: [ app_init ] --END-- [ RunTime:0.002930s ]
INFO: [ app_begin ] --START--
INFO: Run Behavior\ReadHtmlCacheBehavior [ RunTime:0.001953s ]
INFO: [ app_begin ] --END-- [ RunTime:0.003906s ]
INFO: [ app_end ] --START--
INFO: Run Behavior\ShowPageTraceBehavior [ RunTime:0.001953s ]
INFO: [ app_end ] --END-- [ RunTime:0.003907s ]

[ 2016-07-15T09:30:32+08:00 ] 127.0.0.1 /luoji/index.php/Home/Account/login.html
INFO: [ app_init ] --START--
INFO: Run Behavior\BuildLiteBehavior [ RunTime:0.000000s ]
INFO: [ app_init ] --END-- [ RunTime:0.002930s ]
INFO: [ app_begin ] --START--
INFO: Run Behavior\ReadHtmlCacheBehavior [ RunTime:0.001954s ]
INFO: [ app_begin ] --END-- [ RunTime:0.003906s ]
SQL: SHOW COLUMNS FROM `user` [ RunTime:0.0059s ]
SQL: SELECT * FROM `user` WHERE `username` = 'xuyuanfan1' LIMIT 1   [ RunTime:0.0010s ]

[ 2016-07-15T09:30:32+08:00 ] 127.0.0.1 /luoji/index.php/Home/User/index/authorId/12.html
INFO: [ app_init ] --START--
INFO: Run Behavior\BuildLiteBehavior [ RunTime:0.000977s ]
INFO: [ app_init ] --END-- [ RunTime:0.002929s ]
INFO: [ app_begin ] --START--
INFO: Run Behavior\ReadHtmlCacheBehavior [ RunTime:0.001953s ]
INFO: [ app_begin ] --END-- [ RunTime:0.004883s ]
SQL: SHOW COLUMNS FROM `user` [ RunTime:0.0059s ]
SQL: SELECT * FROM `user` WHERE `id` = '12' LIMIT 1   [ RunTime:0.0010s ]
SQL: SHOW COLUMNS FROM `article` [ RunTime:0.0059s ]
NOTIC: [8] Undefined index: p D:\wamp\www\luoji\Application\Home\Controller\UserController.class.php 第 7 行.
SQL: SELECT * FROM `article` WHERE `author` = '12' LIMIT 0,8   [ RunTime:0.0010s ]
SQL: SELECT COUNT(*) AS tp_count FROM article Article LEFT JOIN user User ON Article.author=User.id WHERE User.id = '12' LIMIT 1   [ RunTime:0.0010s ]
NOTIC: [2] urlencode() expects parameter 1 to be string, array given D:\wamp\www\luoji\Application\Home\Controller\UserController.class.php 第 90 行.
INFO: [ view_parse ] --START--
INFO: [ template_filter ] --START--
INFO: Run Behavior\ContentReplaceBehavior [ RunTime:0.000977s ]
INFO: [ template_filter ] --END-- [ RunTime:0.002930s ]
SQL: SHOW COLUMNS FROM `special` [ RunTime:0.0049s ]
SQL: SELECT * FROM `special` ORDER BY readnum desc LIMIT 5   [ RunTime:0.0000s ]
NOTIC: [8] Undefined variable: specialImage D:\wamp\www\luoji\Application\Home\Widget\SpecialWidget.class.php 第 17 行.
NOTIC: [8] Undefined variable: specialMaintitle D:\wamp\www\luoji\Application\Home\Widget\SpecialWidget.class.php 第 18 行.
NOTIC: [8] Undefined variable: specialSubhead D:\wamp\www\luoji\Application\Home\Widget\SpecialWidget.class.php 第 19 行.
NOTIC: [8] Undefined variable: specialHrefs D:\wamp\www\luoji\Application\Home\Widget\SpecialWidget.class.php 第 20 行.
INFO: [ view_parse ] --START--
INFO: [ template_filter ] --START--
INFO: Run Behavior\ContentReplaceBehavior [ RunTime:0.000977s ]
INFO: [ template_filter ] --END-- [ RunTime:-0.083007s ]
INFO: Run Behavior\ParseTemplateBehavior [ RunTime:0.030274s ]
INFO: [ view_parse ] --END-- [ RunTime:0.032226s ]
INFO: [ view_filter ] --START--
INFO: Run Behavior\WriteHtmlCacheBehavior [ RunTime:0.000977s ]
INFO: [ view_filter ] --END-- [ RunTime:0.002929s ]
SQL: SELECT * FROM `article` ORDER BY readnum desc LIMIT 8   [ RunTime:0.0010s ]
INFO: [ view_parse ] --START--
INFO: [ template_filter ] --START--
INFO: Run Behavior\ContentReplaceBehavior [ RunTime:0.000976s ]
INFO: [ template_filter ] --END-- [ RunTime:-0.134765s ]
NOTIC: [8] Undefined offset: 1 D:\wamp\www\luoji\Application\Runtime\Cache\Home\2ac6c1276904b87404ed678dbabb985c.php 第 11 行.
NOTIC: [8] Undefined offset: 2 D:\wamp\www\luoji\Application\Runtime\Cache\Home\2ac6c1276904b87404ed678dbabb985c.php 第 11 行.
NOTIC: [8] Undefined offset: 3 D:\wamp\www\luoji\Application\Runtime\Cache\Home\2ac6c1276904b87404ed678dbabb985c.php 第 11 行.
NOTIC: [8] Undefined offset: 4 D:\wamp\www\luoji\Application\Runtime\Cache\Home\2ac6c1276904b87404ed678dbabb985c.php 第 11 行.
NOTIC: [8] Undefined offset: 5 D:\wamp\www\luoji\Application\Runtime\Cache\Home\2ac6c1276904b87404ed678dbabb985c.php 第 11 行.
NOTIC: [8] Undefined offset: 6 D:\wamp\www\luoji\Application\Runtime\Cache\Home\2ac6c1276904b87404ed678dbabb985c.php 第 11 行.
NOTIC: [8] Undefined offset: 7 D:\wamp\www\luoji\Application\Runtime\Cache\Home\2ac6c1276904b87404ed678dbabb985c.php 第 11 行.
INFO: Run Behavior\ParseTemplateBehavior [ RunTime:0.033203s ]
INFO: [ view_parse ] --END-- [ RunTime:-0.020508s ]
INFO: [ view_filter ] --START--
INFO: Run Behavior\WriteHtmlCacheBehavior [ RunTime:0.000977s ]
INFO: [ view_filter ] --END-- [ RunTime:-0.052735s ]
SQL: SELECT * FROM `user` ORDER BY rank desc LIMIT 5   [ RunTime:0.0010s ]
INFO: [ view_parse ] --START--
INFO: [ template_filter ] --START--
INFO: Run Behavior\ContentReplaceBehavior [ RunTime:0.000977s ]
INFO: [ template_filter ] --END-- [ RunTime:-0.198242s ]
NOTIC: [8] Undefined offset: 1 D:\wamp\www\luoji\Application\Runtime\Cache\Home\9b6c7358f1f609cccd1ab9a879243014.php 第 11 行.
NOTIC: [8] Undefined offset: 2 D:\wamp\www\luoji\Application\Runtime\Cache\Home\9b6c7358f1f609cccd1ab9a879243014.php 第 11 行.
NOTIC: [8] Undefined offset: 3 D:\wamp\www\luoji\Application\Runtime\Cache\Home\9b6c7358f1f609cccd1ab9a879243014.php 第 11 行.
NOTIC: [8] Undefined offset: 4 D:\wamp\www\luoji\Application\Runtime\Cache\Home\9b6c7358f1f609cccd1ab9a879243014.php 第 11 行.
INFO: Run Behavior\ParseTemplateBehavior [ RunTime:0.036133s ]
INFO: [ view_parse ] --END-- [ RunTime:-0.079102s ]
INFO: [ view_filter ] --START--
INFO: Run Behavior\WriteHtmlCacheBehavior [ RunTime:0.000976s ]
INFO: [ view_filter ] --END-- [ RunTime:-0.114258s ]
NOTIC: [8] Undefined offset: 1 D:\wamp\www\luoji\Application\Runtime\Cache\Home\6830cbac89ff06451c77cd8769d6d4ca.php 第 85 行.
NOTIC: [8] Undefined offset: 2 D:\wamp\www\luoji\Application\Runtime\Cache\Home\6830cbac89ff06451c77cd8769d6d4ca.php 第 85 行.
NOTIC: [8] Undefined offset: 3 D:\wamp\www\luoji\Application\Runtime\Cache\Home\6830cbac89ff06451c77cd8769d6d4ca.php 第 85 行.
NOTIC: [8] Undefined offset: 4 D:\wamp\www\luoji\Application\Runtime\Cache\Home\6830cbac89ff06451c77cd8769d6d4ca.php 第 85 行.
NOTIC: [8] Undefined offset: 5 D:\wamp\www\luoji\Application\Runtime\Cache\Home\6830cbac89ff06451c77cd8769d6d4ca.php 第 85 行.
NOTIC: [8] Undefined offset: 6 D:\wamp\www\luoji\Application\Runtime\Cache\Home\6830cbac89ff06451c77cd8769d6d4ca.php 第 85 行.
NOTIC: [8] Undefined offset: 7 D:\wamp\www\luoji\Application\Runtime\Cache\Home\6830cbac89ff06451c77cd8769d6d4ca.php 第 85 行.
INFO: Run Behavior\ParseTemplateBehavior [ RunTime:0.048828s ]
INFO: [ view_parse ] --END-- [ RunTime:-0.079102s ]
INFO: [ view_filter ] --START--
INFO: Run Behavior\WriteHtmlCacheBehavior [ RunTime:0.000977s ]
INFO: [ view_filter ] --END-- [ RunTime:-0.126954s ]
INFO: [ app_end ] --START--
INFO: Run Behavior\ShowPageTraceBehavior [ RunTime:0.001953s ]
INFO: [ app_end ] --END-- [ RunTime:0.003907s ]

[ 2016-07-15T09:30:59+08:00 ] 127.0.0.1 /luoji/index.php/Home/Manuscript/index.html
INFO: [ app_init ] --START--
INFO: Run Behavior\BuildLiteBehavior [ RunTime:0.000000s ]
INFO: [ app_init ] --END-- [ RunTime:0.002930s ]
INFO: [ app_begin ] --START--
INFO: Run Behavior\ReadHtmlCacheBehavior [ RunTime:0.001953s ]
INFO: [ app_begin ] --END-- [ RunTime:0.002930s ]
SQL: SHOW COLUMNS FROM `manuscript` [ RunTime:0.0059s ]
NOTIC: [8] Undefined index: p D:\wamp\www\luoji\Application\Home\Controller\ManuscriptController.class.php 第 8 行.
SQL: SELECT * FROM `manuscript` WHERE `author` = '12' LIMIT 0,8   [ RunTime:0.0010s ]
SQL: SELECT COUNT(*) AS tp_count FROM `manuscript` WHERE `author` = '12' LIMIT 1   [ RunTime:0.0010s ]
NOTIC: [2] urlencode() expects parameter 1 to be string, array given D:\wamp\www\luoji\Application\Home\Controller\ManuscriptController.class.php 第 60 行.
INFO: [ view_parse ] --START--
INFO: [ template_filter ] --START--
INFO: Run Behavior\ContentReplaceBehavior [ RunTime:0.001953s ]
INFO: [ template_filter ] --END-- [ RunTime:0.003907s ]
NOTIC: [8] Undefined offset: 1 D:\wamp\www\luoji\Application\Runtime\Cache\Home\96c51e0521bbc0ec92fcc429dbc9db99.php 第 53 行.
NOTIC: [8] Undefined offset: 2 D:\wamp\www\luoji\Application\Runtime\Cache\Home\96c51e0521bbc0ec92fcc429dbc9db99.php 第 53 行.
NOTIC: [8] Undefined offset: 3 D:\wamp\www\luoji\Application\Runtime\Cache\Home\96c51e0521bbc0ec92fcc429dbc9db99.php 第 53 行.
NOTIC: [8] Undefined offset: 4 D:\wamp\www\luoji\Application\Runtime\Cache\Home\96c51e0521bbc0ec92fcc429dbc9db99.php 第 53 行.
NOTIC: [8] Undefined offset: 5 D:\wamp\www\luoji\Application\Runtime\Cache\Home\96c51e0521bbc0ec92fcc429dbc9db99.php 第 53 行.
NOTIC: [8] Undefined offset: 6 D:\wamp\www\luoji\Application\Runtime\Cache\Home\96c51e0521bbc0ec92fcc429dbc9db99.php 第 53 行.
NOTIC: [8] Undefined offset: 7 D:\wamp\www\luoji\Application\Runtime\Cache\Home\96c51e0521bbc0ec92fcc429dbc9db99.php 第 53 行.
INFO: Run Behavior\ParseTemplateBehavior [ RunTime:0.120117s ]
INFO: [ view_parse ] --END-- [ RunTime:0.122070s ]
INFO: [ view_filter ] --START--
INFO: Run Behavior\WriteHtmlCacheBehavior [ RunTime:0.001953s ]
INFO: [ view_filter ] --END-- [ RunTime:0.003906s ]
INFO: [ app_end ] --START--
INFO: Run Behavior\ShowPageTraceBehavior [ RunTime:0.001953s ]
INFO: [ app_end ] --END-- [ RunTime:0.003907s ]

[ 2016-07-15T09:31:08+08:00 ] 127.0.0.1 /luoji/index.php/Home/Content/index/type/manuscript/articleId/20.html
INFO: [ app_init ] --START--
INFO: Run Behavior\BuildLiteBehavior [ RunTime:0.000976s ]
INFO: [ app_init ] --END-- [ RunTime:0.003906s ]
INFO: [ app_begin ] --START--
INFO: Run Behavior\ReadHtmlCacheBehavior [ RunTime:0.002930s ]
INFO: [ app_begin ] --END-- [ RunTime:0.009766s ]
SQL: SHOW COLUMNS FROM `manuscript` [ RunTime:0.0078s ]
SQL: SHOW COLUMNS FROM `user` [ RunTime:0.0059s ]
SQL: SELECT Manuscript.id AS manuscript_id,Manuscript.mainimage AS mainimage,Manuscript.maintitle AS maintitle,Manuscript.subhead AS subhead,Manuscript.introduction AS manuscript_introduction,Manuscript.author AS author,Manuscript.type1 AS type1,Manuscript.type2 AS type2,Manuscript.type3 AS type3,Manuscript.createtime AS manuscript_createtime,User.id AS user_id,User.username AS username,User.password AS password,User.nickname AS nickname,User.headimage AS headimage,User.rank AS rank,User.jobs AS jobs,User.company AS company,User.introduction AS user_introduction,User.createtime AS user_createtime FROM manuscript Manuscript LEFT JOIN user User ON Manuscript.author=User.id WHERE Manuscript.id = '20' LIMIT 1   [ RunTime:0.0020s ]
INFO: [ view_parse ] --START--
INFO: [ template_filter ] --START--
INFO: Run Behavior\ContentReplaceBehavior [ RunTime:0.000976s ]
INFO: [ template_filter ] --END-- [ RunTime:0.003907s ]
NOTIC: [8] Undefined variable: artListTitle D:\wamp\www\luoji\Application\Runtime\Cache\Home\05c25a47e280706f416be77c1b8978f8.php 第 79 行.
SQL: SHOW COLUMNS FROM `special` [ RunTime:0.0098s ]
SQL: SELECT * FROM `special` ORDER BY readnum desc LIMIT 5   [ RunTime:0.0020s ]
NOTIC: [8] Undefined variable: specialImage D:\wamp\www\luoji\Application\Home\Widget\SpecialWidget.class.php 第 17 行.
NOTIC: [8] Undefined variable: specialMaintitle D:\wamp\www\luoji\Application\Home\Widget\SpecialWidget.class.php 第 18 行.
NOTIC: [8] Undefined variable: specialSubhead D:\wamp\www\luoji\Application\Home\Widget\SpecialWidget.class.php 第 19 行.
NOTIC: [8] Undefined variable: specialHrefs D:\wamp\www\luoji\Application\Home\Widget\SpecialWidget.class.php 第 20 行.
INFO: [ view_parse ] --START--
INFO: [ template_filter ] --START--
INFO: Run Behavior\ContentReplaceBehavior [ RunTime:0.000977s ]
INFO: [ template_filter ] --END-- [ RunTime:-0.118164s ]
INFO: Run Behavior\ParseTemplateBehavior [ RunTime:0.041992s ]
INFO: [ view_parse ] --END-- [ RunTime:0.043945s ]
INFO: [ view_filter ] --START--
INFO: Run Behavior\WriteHtmlCacheBehavior [ RunTime:0.001953s ]
INFO: [ view_filter ] --END-- [ RunTime:0.003907s ]
SQL: SHOW COLUMNS FROM `article` [ RunTime:0.0098s ]
SQL: SELECT * FROM `article` ORDER BY readnum desc LIMIT 8   [ RunTime:0.0020s ]
INFO: [ view_parse ] --START--
INFO: [ template_filter ] --START--
INFO: Run Behavior\ContentReplaceBehavior [ RunTime:0.000976s ]
INFO: [ template_filter ] --END-- [ RunTime:-0.207031s ]
NOTIC: [8] Undefined offset: 1 D:\wamp\www\luoji\Application\Runtime\Cache\Home\2ac6c1276904b87404ed678dbabb985c.php 第 11 行.
NOTIC: [8] Undefined offset: 2 D:\wamp\www\luoji\Application\Runtime\Cache\Home\2ac6c1276904b87404ed678dbabb985c.php 第 11 行.
NOTIC: [8] Undefined offset: 3 D:\wamp\www\luoji\Application\Runtime\Cache\Home\2ac6c1276904b87404ed678dbabb985c.php 第 11 行.
NOTIC: [8] Undefined offset: 4 D:\wamp\www\luoji\Application\Runtime\Cache\Home\2ac6c1276904b87404ed678dbabb985c.php 第 11 行.
NOTIC: [8] Undefined offset: 5 D:\wamp\www\luoji\Application\Runtime\Cache\Home\2ac6c1276904b87404ed678dbabb985c.php 第 11 行.
NOTIC: [8] Undefined offset: 6 D:\wamp\www\luoji\Application\Runtime\Cache\Home\2ac6c1276904b87404ed678dbabb985c.php 第 11 行.
NOTIC: [8] Undefined offset: 7 D:\wamp\www\luoji\Application\Runtime\Cache\Home\2ac6c1276904b87404ed678dbabb985c.php 第 11 行.
INFO: Run Behavior\ParseTemplateBehavior [ RunTime:0.037109s ]
INFO: [ view_parse ] --END-- [ RunTime:-0.049805s ]
INFO: [ view_filter ] --START--
INFO: Run Behavior\WriteHtmlCacheBehavior [ RunTime:0.000000s ]
INFO: [ view_filter ] --END-- [ RunTime:-0.085937s ]
INFO: Run Behavior\ParseTemplateBehavior [ RunTime:0.048828s ]
INFO: [ view_parse ] --END-- [ RunTime:-0.049805s ]
INFO: [ view_filter ] --START--
INFO: Run Behavior\WriteHtmlCacheBehavior [ RunTime:0.000976s ]
INFO: [ view_filter ] --END-- [ RunTime:-0.097656s ]
INFO: [ app_end ] --START--
INFO: Run Behavior\ShowPageTraceBehavior [ RunTime:0.002930s ]
INFO: [ app_end ] --END-- [ RunTime:0.004883s ]

