[ 2016-06-15T08:42:07+08:00 ] 127.0.0.1 /luoji/
INFO: [ app_init ] --START--
INFO: Run Behavior\BuildLiteBehavior [ RunTime:0.001000s ]
INFO: [ app_init ] --END-- [ RunTime:0.025001s ]
INFO: [ app_begin ] --START--
INFO: Run Behavior\ReadHtmlCacheBehavior [ RunTime:0.002000s ]
INFO: [ app_begin ] --END-- [ RunTime:0.004000s ]
SQL: SHOW COLUMNS FROM `image` [ RunTime:0.0510s ]
SQL: SHOW COLUMNS FROM `user` [ RunTime:0.0160s ]
SQL: SHOW COLUMNS FROM `album` [ RunTime:0.0540s ]
NOTIC: [8] Undefined index: p D:\wamp\www\luoji\Application\Home\Controller\IndexController.class.php 第 13 行.
NOTIC: [8] Undefined index: sort D:\wamp\www\luoji\Application\Home\Controller\IndexController.class.php 第 18 行.
SQL: SELECT * FROM `image` WHERE `state` = 1 LIMIT 0,10   [ RunTime:0.0040s ]
SQL: SELECT * FROM `user` WHERE ( username="xuyuanfan1" ) LIMIT 1   [ RunTime:0.0200s ]
SQL: SELECT * FROM `user` WHERE ( username="xuyuanfan2" ) LIMIT 1   [ RunTime:0.0010s ]
SQL: SELECT * FROM `user` WHERE ( username="xuyuanfan3" ) LIMIT 1   [ RunTime:0.0010s ]
SQL: SELECT * FROM `user` WHERE ( username="xuyuanfan4" ) LIMIT 1   [ RunTime:0.0010s ]
SQL: SELECT * FROM `user` WHERE ( username="xuyuanfan5" ) LIMIT 1   [ RunTime:0.0010s ]
SQL: SELECT * FROM `user` WHERE ( username="xuyuanfan1" ) LIMIT 1   [ RunTime:0.0010s ]
SQL: SELECT * FROM `user` WHERE ( username="xuyuanfan2" ) LIMIT 1   [ RunTime:0.0010s ]
SQL: SELECT * FROM `user` WHERE ( username="xuyuanfan3" ) LIMIT 1   [ RunTime:0.0010s ]
SQL: SELECT * FROM `user` WHERE ( username="xuyuanfan4" ) LIMIT 1   [ RunTime:0.0000s ]
SQL: SELECT * FROM `user` WHERE ( username="xuyuanfan5" ) LIMIT 1   [ RunTime:0.0010s ]
SQL: SELECT COUNT(*) AS tp_count FROM `image` WHERE `state` = 1 LIMIT 1   [ RunTime:0.0010s ]
NOTIC: [2] urlencode() expects parameter 1 to be string, array given D:\wamp\www\luoji\Application\Home\Controller\IndexController.class.php 第 85 行.
SQL: SELECT * FROM `album` LIMIT 5   [ RunTime:0.0010s ]
SQL: SELECT * FROM `user` LIMIT 5   [ RunTime:0.0000s ]
INFO: [ view_parse ] --START--
INFO: [ template_filter ] --START--
INFO: Run Behavior\ContentReplaceBehavior [ RunTime:0.038002s ]
INFO: [ template_filter ] --END-- [ RunTime:0.039002s ]
INFO: Run Behavior\ParseTemplateBehavior [ RunTime:0.286016s ]
INFO: [ view_parse ] --END-- [ RunTime:0.288017s ]
INFO: [ view_filter ] --START--
INFO: Run Behavior\WriteHtmlCacheBehavior [ RunTime:0.017001s ]
INFO: [ view_filter ] --END-- [ RunTime:0.019001s ]
INFO: [ app_end ] --START--
INFO: Run Behavior\ShowPageTraceBehavior [ RunTime:0.005000s ]
INFO: [ app_end ] --END-- [ RunTime:0.006000s ]

[ 2016-06-15T08:42:09+08:00 ] 127.0.0.1 /luoji/index.php/Home/Content/index/type/articles/id/1.html
INFO: [ app_init ] --START--
INFO: Run Behavior\BuildLiteBehavior [ RunTime:0.000000s ]
INFO: [ app_init ] --END-- [ RunTime:0.003000s ]
INFO: [ app_begin ] --START--
INFO: Run Behavior\ReadHtmlCacheBehavior [ RunTime:0.002000s ]
INFO: [ app_begin ] --END-- [ RunTime:0.004000s ]

[ 2016-06-15T08:42:21+08:00 ] 127.0.0.1 /luoji/
INFO: [ app_init ] --START--
INFO: Run Behavior\BuildLiteBehavior [ RunTime:0.001000s ]
INFO: [ app_init ] --END-- [ RunTime:0.002000s ]
INFO: [ app_begin ] --START--
INFO: Run Behavior\ReadHtmlCacheBehavior [ RunTime:0.001000s ]
INFO: [ app_begin ] --END-- [ RunTime:0.003000s ]
SQL: SHOW COLUMNS FROM `image` [ RunTime:0.0040s ]
SQL: SHOW COLUMNS FROM `user` [ RunTime:0.0040s ]
SQL: SHOW COLUMNS FROM `album` [ RunTime:0.0030s ]
NOTIC: [8] Undefined index: p D:\wamp\www\luoji\Application\Home\Controller\IndexController.class.php 第 13 行.
NOTIC: [8] Undefined index: sort D:\wamp\www\luoji\Application\Home\Controller\IndexController.class.php 第 18 行.
SQL: SELECT * FROM `image` WHERE `state` = 1 LIMIT 0,10   [ RunTime:0.0010s ]
SQL: SELECT * FROM `user` WHERE ( username="xuyuanfan1" ) LIMIT 1   [ RunTime:0.0010s ]
SQL: SELECT * FROM `user` WHERE ( username="xuyuanfan2" ) LIMIT 1   [ RunTime:0.0010s ]
SQL: SELECT * FROM `user` WHERE ( username="xuyuanfan3" ) LIMIT 1   [ RunTime:0.0000s ]
SQL: SELECT * FROM `user` WHERE ( username="xuyuanfan4" ) LIMIT 1   [ RunTime:0.0010s ]
SQL: SELECT * FROM `user` WHERE ( username="xuyuanfan5" ) LIMIT 1   [ RunTime:0.0000s ]
SQL: SELECT * FROM `user` WHERE ( username="xuyuanfan1" ) LIMIT 1   [ RunTime:0.0010s ]
SQL: SELECT * FROM `user` WHERE ( username="xuyuanfan2" ) LIMIT 1   [ RunTime:0.0000s ]
SQL: SELECT * FROM `user` WHERE ( username="xuyuanfan3" ) LIMIT 1   [ RunTime:0.0000s ]
SQL: SELECT * FROM `user` WHERE ( username="xuyuanfan4" ) LIMIT 1   [ RunTime:0.0010s ]
SQL: SELECT * FROM `user` WHERE ( username="xuyuanfan5" ) LIMIT 1   [ RunTime:0.0010s ]
SQL: SELECT COUNT(*) AS tp_count FROM `image` WHERE `state` = 1 LIMIT 1   [ RunTime:0.0000s ]
NOTIC: [2] urlencode() expects parameter 1 to be string, array given D:\wamp\www\luoji\Application\Home\Controller\IndexController.class.php 第 85 行.
SQL: SELECT * FROM `album` LIMIT 5   [ RunTime:0.0010s ]
SQL: SELECT * FROM `user` LIMIT 5   [ RunTime:0.0010s ]
INFO: [ view_parse ] --START--
INFO: [ template_filter ] --START--
INFO: Run Behavior\ContentReplaceBehavior [ RunTime:0.001000s ]
INFO: [ template_filter ] --END-- [ RunTime:0.003000s ]
INFO: Run Behavior\ParseTemplateBehavior [ RunTime:0.161009s ]
INFO: [ view_parse ] --END-- [ RunTime:0.163010s ]
INFO: [ view_filter ] --START--
INFO: Run Behavior\WriteHtmlCacheBehavior [ RunTime:0.001000s ]
INFO: [ view_filter ] --END-- [ RunTime:0.003000s ]
INFO: [ app_end ] --START--
INFO: Run Behavior\ShowPageTraceBehavior [ RunTime:0.002001s ]
INFO: [ app_end ] --END-- [ RunTime:0.003001s ]

[ 2016-06-15T08:42:23+08:00 ] 127.0.0.1 /luoji/index.php/Home/Content/index/type/articles/id/1.html
INFO: [ app_init ] --START--
INFO: Run Behavior\BuildLiteBehavior [ RunTime:0.000000s ]
INFO: [ app_init ] --END-- [ RunTime:0.002000s ]
INFO: [ app_begin ] --START--
INFO: Run Behavior\ReadHtmlCacheBehavior [ RunTime:0.002000s ]
INFO: [ app_begin ] --END-- [ RunTime:0.003000s ]
SQL: SHOW COLUMNS FROM `image` [ RunTime:0.0040s ]
SQL: SHOW COLUMNS FROM `user` [ RunTime:0.0030s ]
SQL: SHOW COLUMNS FROM `album` [ RunTime:0.0030s ]
SQL: SHOW COLUMNS FROM `combination` [ RunTime:0.0220s ]
SQL: SELECT * FROM `combination` WHERE ( albumid=1 )  [ RunTime:0.0320s ]
SQL: SELECT * FROM `image` WHERE ( mainimage="1" ) LIMIT 1   [ RunTime:0.0000s ]
SQL: SELECT * FROM `image` WHERE ( mainimage="2" ) LIMIT 1   [ RunTime:0.0010s ]
SQL: SELECT * FROM `image` WHERE ( mainimage="3" ) LIMIT 1   [ RunTime:0.0010s ]
SQL: SELECT * FROM `image` WHERE ( mainimage="4" ) LIMIT 1   [ RunTime:0.0010s ]
SQL: SELECT * FROM `image` WHERE ( mainimage="5" ) LIMIT 1   [ RunTime:0.0010s ]
SQL: SELECT * FROM `image` WHERE ( mainimage="1" ) LIMIT 1   [ RunTime:0.0000s ]
SQL: SELECT * FROM `user` WHERE ( username="xuyuanfan1" ) LIMIT 1   [ RunTime:0.0010s ]
INFO: [ view_parse ] --START--
INFO: [ template_filter ] --START--
INFO: Run Behavior\ContentReplaceBehavior [ RunTime:0.001000s ]
INFO: [ template_filter ] --END-- [ RunTime:0.002000s ]
INFO: Run Behavior\ParseTemplateBehavior [ RunTime:0.068003s ]
INFO: [ view_parse ] --END-- [ RunTime:0.069003s ]
INFO: [ view_filter ] --START--
INFO: Run Behavior\WriteHtmlCacheBehavior [ RunTime:0.001000s ]
INFO: [ view_filter ] --END-- [ RunTime:0.003000s ]
INFO: [ app_end ] --START--
INFO: Run Behavior\ShowPageTraceBehavior [ RunTime:0.001000s ]
INFO: [ app_end ] --END-- [ RunTime:0.003000s ]

[ 2016-06-15T08:42:33+08:00 ] 127.0.0.1 /luoji/index.php/Home/Content/index/type/article/id/1.html
INFO: [ app_init ] --START--
INFO: Run Behavior\BuildLiteBehavior [ RunTime:0.001000s ]
INFO: [ app_init ] --END-- [ RunTime:0.002000s ]
INFO: [ app_begin ] --START--
INFO: Run Behavior\ReadHtmlCacheBehavior [ RunTime:0.001000s ]
INFO: [ app_begin ] --END-- [ RunTime:0.003000s ]
SQL: SHOW COLUMNS FROM `image` [ RunTime:0.0040s ]
SQL: SHOW COLUMNS FROM `user` [ RunTime:0.0060s ]
SQL: SHOW COLUMNS FROM `album` [ RunTime:0.0040s ]
SQL: SHOW COLUMNS FROM `combination` [ RunTime:0.0050s ]
SQL: SELECT * FROM `image` WHERE ( mainimage="1" ) LIMIT 1   [ RunTime:0.0010s ]
SQL: SELECT * FROM `user` WHERE ( username="xuyuanfan1" ) LIMIT 1   [ RunTime:0.0010s ]
INFO: [ view_parse ] --START--
INFO: [ template_filter ] --START--
INFO: Run Behavior\ContentReplaceBehavior [ RunTime:0.000000s ]
INFO: [ template_filter ] --END-- [ RunTime:0.002000s ]
NOTIC: [8] Undefined variable: catalog D:\wamp\www\luoji\Application\Runtime\Cache\Home\05c25a47e280706f416be77c1b8978f8.php 第 81 行.
NOTIC: [8] Undefined variable: user D:\wamp\www\luoji\Application\Runtime\Cache\Home\05c25a47e280706f416be77c1b8978f8.php 第 95 行.
NOTIC: [8] Undefined variable: user D:\wamp\www\luoji\Application\Runtime\Cache\Home\05c25a47e280706f416be77c1b8978f8.php 第 96 行.
NOTIC: [8] Undefined variable: user D:\wamp\www\luoji\Application\Runtime\Cache\Home\05c25a47e280706f416be77c1b8978f8.php 第 97 行.
NOTIC: [8] Undefined variable: user D:\wamp\www\luoji\Application\Runtime\Cache\Home\05c25a47e280706f416be77c1b8978f8.php 第 98 行.
INFO: Run Behavior\ParseTemplateBehavior [ RunTime:0.062004s ]
INFO: [ view_parse ] --END-- [ RunTime:0.064004s ]
INFO: [ view_filter ] --START--
INFO: Run Behavior\WriteHtmlCacheBehavior [ RunTime:0.001000s ]
INFO: [ view_filter ] --END-- [ RunTime:0.003000s ]
INFO: [ app_end ] --START--
INFO: Run Behavior\ShowPageTraceBehavior [ RunTime:0.002000s ]
INFO: [ app_end ] --END-- [ RunTime:0.003000s ]

[ 2016-06-15T08:44:42+08:00 ] 127.0.0.1 /luoji/index.php/Home/Content/index/type/article/id/1.html
INFO: [ app_init ] --START--
INFO: Run Behavior\BuildLiteBehavior [ RunTime:0.001000s ]
INFO: [ app_init ] --END-- [ RunTime:0.002000s ]
INFO: [ app_begin ] --START--
INFO: Run Behavior\ReadHtmlCacheBehavior [ RunTime:0.002000s ]
INFO: [ app_begin ] --END-- [ RunTime:0.003000s ]
SQL: SHOW COLUMNS FROM `image` [ RunTime:0.0040s ]
SQL: SHOW COLUMNS FROM `user` [ RunTime:0.0040s ]
SQL: SHOW COLUMNS FROM `album` [ RunTime:0.0040s ]
SQL: SHOW COLUMNS FROM `combination` [ RunTime:0.0040s ]
SQL: SELECT * FROM `image` WHERE ( mainimage="1" ) LIMIT 1   [ RunTime:0.0000s ]
SQL: SELECT * FROM `user` WHERE ( username="xuyuanfan1" ) LIMIT 1   [ RunTime:0.0000s ]
INFO: [ view_parse ] --START--
INFO: [ template_filter ] --START--
INFO: Run Behavior\ContentReplaceBehavior [ RunTime:0.000000s ]
INFO: [ template_filter ] --END-- [ RunTime:0.002000s ]
NOTIC: [8] Undefined variable: catalog D:\wamp\www\luoji\Application\Runtime\Cache\Home\05c25a47e280706f416be77c1b8978f8.php 第 81 行.
INFO: Run Behavior\ParseTemplateBehavior [ RunTime:0.061003s ]
INFO: [ view_parse ] --END-- [ RunTime:0.062003s ]
INFO: [ view_filter ] --START--
INFO: Run Behavior\WriteHtmlCacheBehavior [ RunTime:0.001000s ]
INFO: [ view_filter ] --END-- [ RunTime:0.003000s ]
INFO: [ app_end ] --START--
INFO: Run Behavior\ShowPageTraceBehavior [ RunTime:0.001000s ]
INFO: [ app_end ] --END-- [ RunTime:0.003000s ]

[ 2016-06-15T08:44:47+08:00 ] 127.0.0.1 /luoji/index.php/Home/Content/index/type/articles/id/1.html
INFO: [ app_init ] --START--
INFO: Run Behavior\BuildLiteBehavior [ RunTime:0.000000s ]
INFO: [ app_init ] --END-- [ RunTime:0.002001s ]
INFO: [ app_begin ] --START--
INFO: Run Behavior\ReadHtmlCacheBehavior [ RunTime:0.001000s ]
INFO: [ app_begin ] --END-- [ RunTime:0.003000s ]
SQL: SHOW COLUMNS FROM `image` [ RunTime:0.0040s ]
SQL: SHOW COLUMNS FROM `user` [ RunTime:0.0040s ]
SQL: SHOW COLUMNS FROM `album` [ RunTime:0.0040s ]
SQL: SHOW COLUMNS FROM `combination` [ RunTime:0.0040s ]
SQL: SELECT * FROM `combination` WHERE ( albumid=1 )  [ RunTime:0.0000s ]
SQL: SELECT * FROM `image` WHERE ( mainimage="1" ) LIMIT 1   [ RunTime:0.0010s ]
SQL: SELECT * FROM `image` WHERE ( mainimage="2" ) LIMIT 1   [ RunTime:0.0010s ]
SQL: SELECT * FROM `image` WHERE ( mainimage="3" ) LIMIT 1   [ RunTime:0.0010s ]
SQL: SELECT * FROM `image` WHERE ( mainimage="4" ) LIMIT 1   [ RunTime:0.0010s ]
SQL: SELECT * FROM `image` WHERE ( mainimage="5" ) LIMIT 1   [ RunTime:0.0010s ]
SQL: SELECT * FROM `image` WHERE ( mainimage="1" ) LIMIT 1   [ RunTime:0.0010s ]
SQL: SELECT * FROM `user` WHERE ( username="xuyuanfan1" ) LIMIT 1   [ RunTime:0.0010s ]
INFO: [ view_parse ] --START--
INFO: [ template_filter ] --START--
INFO: Run Behavior\ContentReplaceBehavior [ RunTime:0.001000s ]
INFO: [ template_filter ] --END-- [ RunTime:0.002000s ]
INFO: Run Behavior\ParseTemplateBehavior [ RunTime:0.058004s ]
INFO: [ view_parse ] --END-- [ RunTime:0.059004s ]
INFO: [ view_filter ] --START--
INFO: Run Behavior\WriteHtmlCacheBehavior [ RunTime:0.002000s ]
INFO: [ view_filter ] --END-- [ RunTime:0.002000s ]
INFO: [ app_end ] --START--
INFO: Run Behavior\ShowPageTraceBehavior [ RunTime:0.001000s ]
INFO: [ app_end ] --END-- [ RunTime:0.003000s ]

[ 2016-06-15T08:48:13+08:00 ] 127.0.0.1 /luoji/
INFO: [ app_init ] --START--
INFO: Run Behavior\BuildLiteBehavior [ RunTime:0.000000s ]
INFO: [ app_init ] --END-- [ RunTime:0.003000s ]
INFO: [ app_begin ] --START--
INFO: Run Behavior\ReadHtmlCacheBehavior [ RunTime:0.002000s ]
INFO: [ app_begin ] --END-- [ RunTime:0.004000s ]
SQL: SHOW COLUMNS FROM `image` [ RunTime:0.0050s ]
SQL: SHOW COLUMNS FROM `user` [ RunTime:0.0040s ]
SQL: SHOW COLUMNS FROM `album` [ RunTime:0.0050s ]
NOTIC: [8] Undefined index: p D:\wamp\www\luoji\Application\Home\Controller\IndexController.class.php 第 13 行.
NOTIC: [8] Undefined index: sort D:\wamp\www\luoji\Application\Home\Controller\IndexController.class.php 第 18 行.
SQL: SELECT * FROM `image` WHERE `state` = 1 LIMIT 0,10   [ RunTime:0.0010s ]
SQL: SELECT * FROM `user` WHERE ( username="xuyuanfan1" ) LIMIT 1   [ RunTime:0.0020s ]
SQL: SELECT * FROM `user` WHERE ( username="xuyuanfan2" ) LIMIT 1   [ RunTime:0.0010s ]
SQL: SELECT * FROM `user` WHERE ( username="xuyuanfan3" ) LIMIT 1   [ RunTime:0.0010s ]
SQL: SELECT * FROM `user` WHERE ( username="xuyuanfan4" ) LIMIT 1   [ RunTime:0.0020s ]
SQL: SELECT * FROM `user` WHERE ( username="xuyuanfan5" ) LIMIT 1   [ RunTime:0.0030s ]
SQL: SELECT * FROM `user` WHERE ( username="xuyuanfan1" ) LIMIT 1   [ RunTime:0.0020s ]
SQL: SELECT * FROM `user` WHERE ( username="xuyuanfan2" ) LIMIT 1   [ RunTime:0.0010s ]
SQL: SELECT * FROM `user` WHERE ( username="xuyuanfan3" ) LIMIT 1   [ RunTime:0.0020s ]
SQL: SELECT * FROM `user` WHERE ( username="xuyuanfan4" ) LIMIT 1   [ RunTime:0.0010s ]
SQL: SELECT * FROM `user` WHERE ( username="xuyuanfan5" ) LIMIT 1   [ RunTime:0.0010s ]
SQL: SELECT COUNT(*) AS tp_count FROM `image` WHERE `state` = 1 LIMIT 1   [ RunTime:0.0010s ]
NOTIC: [2] urlencode() expects parameter 1 to be string, array given D:\wamp\www\luoji\Application\Home\Controller\IndexController.class.php 第 85 行.
SQL: SELECT * FROM `album` LIMIT 5   [ RunTime:0.0010s ]
SQL: SELECT * FROM `user` LIMIT 5   [ RunTime:0.0010s ]
INFO: [ view_parse ] --START--
INFO: [ template_filter ] --START--
INFO: Run Behavior\ContentReplaceBehavior [ RunTime:0.002000s ]
INFO: [ template_filter ] --END-- [ RunTime:0.003000s ]
INFO: Run Behavior\ParseTemplateBehavior [ RunTime:0.257015s ]
INFO: [ view_parse ] --END-- [ RunTime:0.258015s ]
INFO: [ view_filter ] --START--
INFO: Run Behavior\WriteHtmlCacheBehavior [ RunTime:0.002000s ]
INFO: [ view_filter ] --END-- [ RunTime:0.003000s ]
INFO: [ app_end ] --START--
INFO: Run Behavior\ShowPageTraceBehavior [ RunTime:0.002000s ]
INFO: [ app_end ] --END-- [ RunTime:0.003000s ]

[ 2016-06-15T08:48:14+08:00 ] 127.0.0.1 /luoji/index.php/Home/Content/index/type/articles/id/1.html
INFO: [ app_init ] --START--
INFO: Run Behavior\BuildLiteBehavior [ RunTime:0.000000s ]
INFO: [ app_init ] --END-- [ RunTime:0.003000s ]
INFO: [ app_begin ] --START--
INFO: Run Behavior\ReadHtmlCacheBehavior [ RunTime:0.002000s ]
INFO: [ app_begin ] --END-- [ RunTime:0.003000s ]
SQL: SHOW COLUMNS FROM `image` [ RunTime:0.0060s ]
SQL: SHOW COLUMNS FROM `user` [ RunTime:0.0060s ]
SQL: SHOW COLUMNS FROM `album` [ RunTime:0.0040s ]
SQL: SHOW COLUMNS FROM `combination` [ RunTime:0.0040s ]
NOTIC: [8] Undefined index: albumid D:\wamp\www\luoji\Application\Home\Controller\ContentController.class.php 第 16 行.
ERR: 1064:Erreur de syntaxe près de ')' à la ligne 1
 [ SQL语句 ] : SELECT * FROM `combination` WHERE ( albumid= ) 
ERR: 1064:Erreur de syntaxe près de ')' à la ligne 1
 [ SQL语句 ] : SELECT * FROM `combination` WHERE ( albumid= ) 

[ 2016-06-15T08:53:07+08:00 ] 127.0.0.1 /luoji/
INFO: [ app_init ] --START--
INFO: Run Behavior\BuildLiteBehavior [ RunTime:0.000000s ]
INFO: [ app_init ] --END-- [ RunTime:0.002000s ]
INFO: [ app_begin ] --START--
INFO: Run Behavior\ReadHtmlCacheBehavior [ RunTime:0.001000s ]
INFO: [ app_begin ] --END-- [ RunTime:0.003000s ]
SQL: SHOW COLUMNS FROM `image` [ RunTime:0.0040s ]
SQL: SHOW COLUMNS FROM `user` [ RunTime:0.0040s ]
SQL: SHOW COLUMNS FROM `album` [ RunTime:0.0040s ]
NOTIC: [8] Undefined index: p D:\wamp\www\luoji\Application\Home\Controller\IndexController.class.php 第 13 行.
NOTIC: [8] Undefined index: sort D:\wamp\www\luoji\Application\Home\Controller\IndexController.class.php 第 18 行.
SQL: SELECT * FROM `image` WHERE `state` = 1 LIMIT 0,10   [ RunTime:0.0000s ]
SQL: SELECT * FROM `user` WHERE ( username="xuyuanfan1" ) LIMIT 1   [ RunTime:0.0010s ]
SQL: SELECT * FROM `user` WHERE ( username="xuyuanfan2" ) LIMIT 1   [ RunTime:0.0010s ]
SQL: SELECT * FROM `user` WHERE ( username="xuyuanfan3" ) LIMIT 1   [ RunTime:0.0010s ]
SQL: SELECT * FROM `user` WHERE ( username="xuyuanfan4" ) LIMIT 1   [ RunTime:0.0010s ]
SQL: SELECT * FROM `user` WHERE ( username="xuyuanfan5" ) LIMIT 1   [ RunTime:0.0000s ]
SQL: SELECT * FROM `user` WHERE ( username="xuyuanfan1" ) LIMIT 1   [ RunTime:0.0000s ]
SQL: SELECT * FROM `user` WHERE ( username="xuyuanfan2" ) LIMIT 1   [ RunTime:0.0010s ]
SQL: SELECT * FROM `user` WHERE ( username="xuyuanfan3" ) LIMIT 1   [ RunTime:0.0010s ]
SQL: SELECT * FROM `user` WHERE ( username="xuyuanfan4" ) LIMIT 1   [ RunTime:0.0000s ]
SQL: SELECT * FROM `user` WHERE ( username="xuyuanfan5" ) LIMIT 1   [ RunTime:0.0000s ]
SQL: SELECT COUNT(*) AS tp_count FROM `image` WHERE `state` = 1 LIMIT 1   [ RunTime:0.0000s ]
NOTIC: [2] urlencode() expects parameter 1 to be string, array given D:\wamp\www\luoji\Application\Home\Controller\IndexController.class.php 第 85 行.
SQL: SELECT * FROM `album` LIMIT 5   [ RunTime:0.0010s ]
SQL: SELECT * FROM `user` LIMIT 5   [ RunTime:0.0010s ]
INFO: [ view_parse ] --START--
INFO: [ template_filter ] --START--
INFO: Run Behavior\ContentReplaceBehavior [ RunTime:0.001000s ]
INFO: [ template_filter ] --END-- [ RunTime:0.002000s ]
INFO: Run Behavior\ParseTemplateBehavior [ RunTime:0.147009s ]
INFO: [ view_parse ] --END-- [ RunTime:0.149009s ]
INFO: [ view_filter ] --START--
INFO: Run Behavior\WriteHtmlCacheBehavior [ RunTime:0.001000s ]
INFO: [ view_filter ] --END-- [ RunTime:0.003000s ]
INFO: [ app_end ] --START--
INFO: Run Behavior\ShowPageTraceBehavior [ RunTime:0.002000s ]
INFO: [ app_end ] --END-- [ RunTime:0.003000s ]

[ 2016-06-15T08:53:09+08:00 ] 127.0.0.1 /luoji/index.php/Home/Content/index/type/articles/albumid/1/id/0.html
INFO: [ app_init ] --START--
INFO: Run Behavior\BuildLiteBehavior [ RunTime:0.000000s ]
INFO: [ app_init ] --END-- [ RunTime:0.002000s ]
INFO: [ app_begin ] --START--
INFO: Run Behavior\ReadHtmlCacheBehavior [ RunTime:0.002000s ]
INFO: [ app_begin ] --END-- [ RunTime:0.003000s ]
SQL: SHOW COLUMNS FROM `image` [ RunTime:0.0050s ]
SQL: SHOW COLUMNS FROM `user` [ RunTime:0.0060s ]
SQL: SHOW COLUMNS FROM `album` [ RunTime:0.0110s ]
SQL: SHOW COLUMNS FROM `combination` [ RunTime:0.0160s ]
SQL: SELECT * FROM `combination` WHERE ( albumid=1 )  [ RunTime:0.0010s ]
SQL: SELECT * FROM `image` WHERE ( mainimage="1" ) LIMIT 1   [ RunTime:0.0010s ]
SQL: SELECT * FROM `image` WHERE ( mainimage="2" ) LIMIT 1   [ RunTime:0.0010s ]
SQL: SELECT * FROM `image` WHERE ( mainimage="3" ) LIMIT 1   [ RunTime:0.0010s ]
SQL: SELECT * FROM `image` WHERE ( mainimage="4" ) LIMIT 1   [ RunTime:0.0010s ]
SQL: SELECT * FROM `image` WHERE ( mainimage="5" ) LIMIT 1   [ RunTime:0.0010s ]
SQL: SELECT * FROM `image` WHERE ( mainimage="1" ) LIMIT 1   [ RunTime:0.0010s ]
SQL: SELECT * FROM `user` WHERE ( username="xuyuanfan1" ) LIMIT 1   [ RunTime:0.0010s ]
INFO: [ view_parse ] --START--
INFO: [ template_filter ] --START--
INFO: Run Behavior\ContentReplaceBehavior [ RunTime:0.001000s ]
INFO: [ template_filter ] --END-- [ RunTime:0.002000s ]
INFO: Run Behavior\ParseTemplateBehavior [ RunTime:0.076004s ]
INFO: [ view_parse ] --END-- [ RunTime:0.079004s ]
INFO: [ view_filter ] --START--
INFO: Run Behavior\WriteHtmlCacheBehavior [ RunTime:0.002001s ]
INFO: [ view_filter ] --END-- [ RunTime:0.003001s ]
INFO: [ app_end ] --START--
INFO: Run Behavior\ShowPageTraceBehavior [ RunTime:0.001000s ]
INFO: [ app_end ] --END-- [ RunTime:0.003000s ]

[ 2016-06-15T08:59:32+08:00 ] 127.0.0.1 /luoji/
INFO: [ app_init ] --START--
INFO: Run Behavior\BuildLiteBehavior [ RunTime:0.000000s ]
INFO: [ app_init ] --END-- [ RunTime:0.002000s ]
INFO: [ app_begin ] --START--
INFO: Run Behavior\ReadHtmlCacheBehavior [ RunTime:0.002000s ]
INFO: [ app_begin ] --END-- [ RunTime:0.003000s ]
SQL: SHOW COLUMNS FROM `image` [ RunTime:0.0030s ]
SQL: SHOW COLUMNS FROM `user` [ RunTime:0.0040s ]
SQL: SHOW COLUMNS FROM `album` [ RunTime:0.0040s ]
NOTIC: [8] Undefined index: p D:\wamp\www\luoji\Application\Home\Controller\IndexController.class.php 第 13 行.
NOTIC: [8] Undefined index: sort D:\wamp\www\luoji\Application\Home\Controller\IndexController.class.php 第 18 行.
SQL: SELECT * FROM `image` WHERE `state` = 1 LIMIT 0,10   [ RunTime:0.0010s ]
SQL: SELECT * FROM `user` WHERE ( username="xuyuanfan1" ) LIMIT 1   [ RunTime:0.0010s ]
SQL: SELECT * FROM `user` WHERE ( username="xuyuanfan2" ) LIMIT 1   [ RunTime:0.0010s ]
SQL: SELECT * FROM `user` WHERE ( username="xuyuanfan3" ) LIMIT 1   [ RunTime:0.0010s ]
SQL: SELECT * FROM `user` WHERE ( username="xuyuanfan4" ) LIMIT 1   [ RunTime:0.0000s ]
SQL: SELECT * FROM `user` WHERE ( username="xuyuanfan5" ) LIMIT 1   [ RunTime:0.0010s ]
SQL: SELECT * FROM `user` WHERE ( username="xuyuanfan1" ) LIMIT 1   [ RunTime:0.0010s ]
SQL: SELECT * FROM `user` WHERE ( username="xuyuanfan2" ) LIMIT 1   [ RunTime:0.0000s ]
SQL: SELECT * FROM `user` WHERE ( username="xuyuanfan3" ) LIMIT 1   [ RunTime:0.0010s ]
SQL: SELECT * FROM `user` WHERE ( username="xuyuanfan4" ) LIMIT 1   [ RunTime:0.0010s ]
SQL: SELECT * FROM `user` WHERE ( username="xuyuanfan5" ) LIMIT 1   [ RunTime:0.0010s ]
SQL: SELECT COUNT(*) AS tp_count FROM `image` WHERE `state` = 1 LIMIT 1   [ RunTime:0.0010s ]
NOTIC: [2] urlencode() expects parameter 1 to be string, array given D:\wamp\www\luoji\Application\Home\Controller\IndexController.class.php 第 85 行.
SQL: SELECT * FROM `album` LIMIT 5   [ RunTime:0.0000s ]
SQL: SELECT * FROM `user` LIMIT 5   [ RunTime:0.0000s ]
INFO: [ view_parse ] --START--
INFO: [ template_filter ] --START--
INFO: Run Behavior\ContentReplaceBehavior [ RunTime:0.001000s ]
INFO: [ template_filter ] --END-- [ RunTime:0.002000s ]
INFO: Run Behavior\ParseTemplateBehavior [ RunTime:0.160009s ]
INFO: [ view_parse ] --END-- [ RunTime:0.161009s ]
INFO: [ view_filter ] --START--
INFO: Run Behavior\WriteHtmlCacheBehavior [ RunTime:0.001000s ]
INFO: [ view_filter ] --END-- [ RunTime:0.003000s ]
INFO: [ app_end ] --START--
INFO: Run Behavior\ShowPageTraceBehavior [ RunTime:0.001001s ]
INFO: [ app_end ] --END-- [ RunTime:0.003001s ]

[ 2016-06-15T08:59:34+08:00 ] 127.0.0.1 /luoji/index.php/Home/Content/index/type/articles/albumid/1/id/0.html
INFO: [ app_init ] --START--
INFO: Run Behavior\BuildLiteBehavior [ RunTime:0.000000s ]
INFO: [ app_init ] --END-- [ RunTime:0.002000s ]
INFO: [ app_begin ] --START--
INFO: Run Behavior\ReadHtmlCacheBehavior [ RunTime:0.001000s ]
INFO: [ app_begin ] --END-- [ RunTime:0.003000s ]
SQL: SHOW COLUMNS FROM `image` [ RunTime:0.0050s ]
SQL: SHOW COLUMNS FROM `user` [ RunTime:0.0040s ]
SQL: SHOW COLUMNS FROM `album` [ RunTime:0.0040s ]
SQL: SHOW COLUMNS FROM `combination` [ RunTime:0.0040s ]
SQL: SELECT * FROM `combination` WHERE ( albumid=1 )  [ RunTime:0.0010s ]
SQL: SELECT * FROM `image` WHERE ( mainimage="1" ) LIMIT 1   [ RunTime:0.0010s ]
SQL: SELECT * FROM `image` WHERE ( mainimage="2" ) LIMIT 1   [ RunTime:0.0010s ]
SQL: SELECT * FROM `image` WHERE ( mainimage="3" ) LIMIT 1   [ RunTime:0.0010s ]
SQL: SELECT * FROM `image` WHERE ( mainimage="4" ) LIMIT 1   [ RunTime:0.0010s ]
SQL: SELECT * FROM `image` WHERE ( mainimage="5" ) LIMIT 1   [ RunTime:0.0010s ]
SQL: SELECT * FROM `image` WHERE ( mainimage="1" ) LIMIT 1   [ RunTime:0.0000s ]
SQL: SELECT * FROM `user` WHERE ( username="xuyuanfan1" ) LIMIT 1   [ RunTime:0.0010s ]
INFO: [ view_parse ] --START--
INFO: [ template_filter ] --START--
INFO: Run Behavior\ContentReplaceBehavior [ RunTime:0.001000s ]
INFO: [ template_filter ] --END-- [ RunTime:0.002000s ]
INFO: Run Behavior\ParseTemplateBehavior [ RunTime:0.064004s ]
INFO: [ view_parse ] --END-- [ RunTime:0.065004s ]
INFO: [ view_filter ] --START--
INFO: Run Behavior\WriteHtmlCacheBehavior [ RunTime:0.001000s ]
INFO: [ view_filter ] --END-- [ RunTime:0.003000s ]
INFO: [ app_end ] --START--
INFO: Run Behavior\ShowPageTraceBehavior [ RunTime:0.002000s ]
INFO: [ app_end ] --END-- [ RunTime:0.003000s ]

[ 2016-06-15T09:00:15+08:00 ] 127.0.0.1 /luoji/
INFO: [ app_init ] --START--
INFO: Run Behavior\BuildLiteBehavior [ RunTime:0.000000s ]
INFO: [ app_init ] --END-- [ RunTime:0.003000s ]
INFO: [ app_begin ] --START--
INFO: Run Behavior\ReadHtmlCacheBehavior [ RunTime:0.002001s ]
INFO: [ app_begin ] --END-- [ RunTime:0.003001s ]
SQL: SHOW COLUMNS FROM `image` [ RunTime:0.0040s ]
SQL: SHOW COLUMNS FROM `user` [ RunTime:0.0030s ]
SQL: SHOW COLUMNS FROM `album` [ RunTime:0.0030s ]
NOTIC: [8] Undefined index: p D:\wamp\www\luoji\Application\Home\Controller\IndexController.class.php 第 13 行.
NOTIC: [8] Undefined index: sort D:\wamp\www\luoji\Application\Home\Controller\IndexController.class.php 第 18 行.
SQL: SELECT * FROM `image` WHERE `state` = 1 LIMIT 0,10   [ RunTime:0.0010s ]
SQL: SELECT * FROM `user` WHERE ( username="xuyuanfan1" ) LIMIT 1   [ RunTime:0.0000s ]
SQL: SELECT * FROM `user` WHERE ( username="xuyuanfan2" ) LIMIT 1   [ RunTime:0.0000s ]
SQL: SELECT * FROM `user` WHERE ( username="xuyuanfan3" ) LIMIT 1   [ RunTime:0.0000s ]
SQL: SELECT * FROM `user` WHERE ( username="xuyuanfan4" ) LIMIT 1   [ RunTime:0.0000s ]
SQL: SELECT * FROM `user` WHERE ( username="xuyuanfan5" ) LIMIT 1   [ RunTime:0.0000s ]
SQL: SELECT * FROM `user` WHERE ( username="xuyuanfan1" ) LIMIT 1   [ RunTime:0.0010s ]
SQL: SELECT * FROM `user` WHERE ( username="xuyuanfan2" ) LIMIT 1   [ RunTime:0.0010s ]
SQL: SELECT * FROM `user` WHERE ( username="xuyuanfan3" ) LIMIT 1   [ RunTime:0.0010s ]
SQL: SELECT * FROM `user` WHERE ( username="xuyuanfan4" ) LIMIT 1   [ RunTime:0.0010s ]
SQL: SELECT * FROM `user` WHERE ( username="xuyuanfan5" ) LIMIT 1   [ RunTime:0.0010s ]
SQL: SELECT COUNT(*) AS tp_count FROM `image` WHERE `state` = 1 LIMIT 1   [ RunTime:0.0010s ]
NOTIC: [2] urlencode() expects parameter 1 to be string, array given D:\wamp\www\luoji\Application\Home\Controller\IndexController.class.php 第 85 行.
SQL: SELECT * FROM `album` LIMIT 5   [ RunTime:0.0000s ]
SQL: SELECT * FROM `user` LIMIT 5   [ RunTime:0.0010s ]
INFO: [ view_parse ] --START--
INFO: [ template_filter ] --START--
INFO: Run Behavior\ContentReplaceBehavior [ RunTime:0.001000s ]
INFO: [ template_filter ] --END-- [ RunTime:0.002000s ]
INFO: Run Behavior\ParseTemplateBehavior [ RunTime:0.145008s ]
INFO: [ view_parse ] --END-- [ RunTime:0.147008s ]
INFO: [ view_filter ] --START--
INFO: Run Behavior\WriteHtmlCacheBehavior [ RunTime:0.001000s ]
INFO: [ view_filter ] --END-- [ RunTime:0.003000s ]
INFO: [ app_end ] --START--
INFO: Run Behavior\ShowPageTraceBehavior [ RunTime:0.001000s ]
INFO: [ app_end ] --END-- [ RunTime:0.003000s ]

[ 2016-06-15T09:00:17+08:00 ] 127.0.0.1 /luoji/index.php/Home/Content/index/type/articles/albumid/1/id/0.html
INFO: [ app_init ] --START--
INFO: Run Behavior\BuildLiteBehavior [ RunTime:0.000000s ]
INFO: [ app_init ] --END-- [ RunTime:0.002000s ]
INFO: [ app_begin ] --START--
INFO: Run Behavior\ReadHtmlCacheBehavior [ RunTime:0.001000s ]
INFO: [ app_begin ] --END-- [ RunTime:0.003000s ]
SQL: SHOW COLUMNS FROM `image` [ RunTime:0.0040s ]
SQL: SHOW COLUMNS FROM `user` [ RunTime:0.0050s ]
SQL: SHOW COLUMNS FROM `album` [ RunTime:0.0040s ]
SQL: SHOW COLUMNS FROM `combination` [ RunTime:0.0030s ]
SQL: SELECT * FROM `combination` WHERE ( albumid=1 )  [ RunTime:0.0010s ]
SQL: SELECT * FROM `image` WHERE ( mainimage="1" ) LIMIT 1   [ RunTime:0.0010s ]
SQL: SELECT * FROM `image` WHERE ( mainimage="2" ) LIMIT 1   [ RunTime:0.0010s ]
SQL: SELECT * FROM `image` WHERE ( mainimage="3" ) LIMIT 1   [ RunTime:0.0010s ]
SQL: SELECT * FROM `image` WHERE ( mainimage="4" ) LIMIT 1   [ RunTime:0.0010s ]
SQL: SELECT * FROM `image` WHERE ( mainimage="5" ) LIMIT 1   [ RunTime:0.0000s ]
SQL: SELECT * FROM `image` WHERE ( mainimage="1" ) LIMIT 1   [ RunTime:0.0000s ]
SQL: SELECT * FROM `user` WHERE ( username="xuyuanfan1" ) LIMIT 1   [ RunTime:0.0010s ]
INFO: [ view_parse ] --START--
INFO: [ template_filter ] --START--
INFO: Run Behavior\ContentReplaceBehavior [ RunTime:0.000000s ]
INFO: [ template_filter ] --END-- [ RunTime:0.002000s ]
INFO: Run Behavior\ParseTemplateBehavior [ RunTime:0.077005s ]
INFO: [ view_parse ] --END-- [ RunTime:0.079005s ]
INFO: [ view_filter ] --START--
INFO: Run Behavior\WriteHtmlCacheBehavior [ RunTime:0.002000s ]
INFO: [ view_filter ] --END-- [ RunTime:0.002000s ]
INFO: [ app_end ] --START--
INFO: Run Behavior\ShowPageTraceBehavior [ RunTime:0.001000s ]
INFO: [ app_end ] --END-- [ RunTime:0.003000s ]

[ 2016-06-15T09:00:20+08:00 ] 127.0.0.1 /luoji/index.php/Home/Content/index/type/articles/albumid/1/id/1.html
INFO: [ app_init ] --START--
INFO: Run Behavior\BuildLiteBehavior [ RunTime:0.000000s ]
INFO: [ app_init ] --END-- [ RunTime:0.002000s ]
INFO: [ app_begin ] --START--
INFO: Run Behavior\ReadHtmlCacheBehavior [ RunTime:0.002000s ]
INFO: [ app_begin ] --END-- [ RunTime:0.002000s ]
SQL: SHOW COLUMNS FROM `image` [ RunTime:0.0040s ]
SQL: SHOW COLUMNS FROM `user` [ RunTime:0.0030s ]
SQL: SHOW COLUMNS FROM `album` [ RunTime:0.0040s ]
SQL: SHOW COLUMNS FROM `combination` [ RunTime:0.0030s ]
SQL: SELECT * FROM `combination` WHERE ( albumid=1 )  [ RunTime:0.0010s ]
SQL: SELECT * FROM `image` WHERE ( mainimage="1" ) LIMIT 1   [ RunTime:0.0000s ]
SQL: SELECT * FROM `image` WHERE ( mainimage="2" ) LIMIT 1   [ RunTime:0.0000s ]
SQL: SELECT * FROM `image` WHERE ( mainimage="3" ) LIMIT 1   [ RunTime:0.0000s ]
SQL: SELECT * FROM `image` WHERE ( mainimage="4" ) LIMIT 1   [ RunTime:0.0010s ]
SQL: SELECT * FROM `image` WHERE ( mainimage="5" ) LIMIT 1   [ RunTime:0.0010s ]
SQL: SELECT * FROM `image` WHERE ( mainimage="2" ) LIMIT 1   [ RunTime:0.0010s ]
SQL: SELECT * FROM `user` WHERE ( username="xuyuanfan2" ) LIMIT 1   [ RunTime:0.0020s ]
INFO: [ view_parse ] --START--
INFO: [ template_filter ] --START--
INFO: Run Behavior\ContentReplaceBehavior [ RunTime:0.000000s ]
INFO: [ template_filter ] --END-- [ RunTime:0.002000s ]
INFO: Run Behavior\ParseTemplateBehavior [ RunTime:0.073004s ]
INFO: [ view_parse ] --END-- [ RunTime:0.074004s ]
INFO: [ view_filter ] --START--
INFO: Run Behavior\WriteHtmlCacheBehavior [ RunTime:0.001000s ]
INFO: [ view_filter ] --END-- [ RunTime:0.002000s ]
INFO: [ app_end ] --START--
INFO: Run Behavior\ShowPageTraceBehavior [ RunTime:0.002000s ]
INFO: [ app_end ] --END-- [ RunTime:0.003001s ]

[ 2016-06-15T09:00:25+08:00 ] 127.0.0.1 /luoji/index.php/Home/Content/index/type/articles/albumid/1/id/2.html
INFO: [ app_init ] --START--
INFO: Run Behavior\BuildLiteBehavior [ RunTime:0.000000s ]
INFO: [ app_init ] --END-- [ RunTime:0.002000s ]
INFO: [ app_begin ] --START--
INFO: Run Behavior\ReadHtmlCacheBehavior [ RunTime:0.001000s ]
INFO: [ app_begin ] --END-- [ RunTime:0.003000s ]
SQL: SHOW COLUMNS FROM `image` [ RunTime:0.0060s ]
SQL: SHOW COLUMNS FROM `user` [ RunTime:0.0030s ]
SQL: SHOW COLUMNS FROM `album` [ RunTime:0.0040s ]
SQL: SHOW COLUMNS FROM `combination` [ RunTime:0.0040s ]
SQL: SELECT * FROM `combination` WHERE ( albumid=1 )  [ RunTime:0.0010s ]
SQL: SELECT * FROM `image` WHERE ( mainimage="1" ) LIMIT 1   [ RunTime:0.0000s ]
SQL: SELECT * FROM `image` WHERE ( mainimage="2" ) LIMIT 1   [ RunTime:0.0000s ]
SQL: SELECT * FROM `image` WHERE ( mainimage="3" ) LIMIT 1   [ RunTime:0.0010s ]
SQL: SELECT * FROM `image` WHERE ( mainimage="4" ) LIMIT 1   [ RunTime:0.0000s ]
SQL: SELECT * FROM `image` WHERE ( mainimage="5" ) LIMIT 1   [ RunTime:0.0010s ]
SQL: SELECT * FROM `image` WHERE ( mainimage="3" ) LIMIT 1   [ RunTime:0.0010s ]
SQL: SELECT * FROM `user` WHERE ( username="xuyuanfan1" ) LIMIT 1   [ RunTime:0.0010s ]
INFO: [ view_parse ] --START--
INFO: [ template_filter ] --START--
INFO: Run Behavior\ContentReplaceBehavior [ RunTime:0.001000s ]
INFO: [ template_filter ] --END-- [ RunTime:0.002000s ]
INFO: Run Behavior\ParseTemplateBehavior [ RunTime:0.075004s ]
INFO: [ view_parse ] --END-- [ RunTime:0.077004s ]
INFO: [ view_filter ] --START--
INFO: Run Behavior\WriteHtmlCacheBehavior [ RunTime:0.001000s ]
INFO: [ view_filter ] --END-- [ RunTime:0.003001s ]
INFO: [ app_end ] --START--
INFO: Run Behavior\ShowPageTraceBehavior [ RunTime:0.001000s ]
INFO: [ app_end ] --END-- [ RunTime:0.002000s ]

[ 2016-06-15T09:00:29+08:00 ] 127.0.0.1 /luoji/index.php/Home/Content/index/type/articles/albumid/1/id/4.html
INFO: [ app_init ] --START--
INFO: Run Behavior\BuildLiteBehavior [ RunTime:0.001000s ]
INFO: [ app_init ] --END-- [ RunTime:0.003000s ]
INFO: [ app_begin ] --START--
INFO: Run Behavior\ReadHtmlCacheBehavior [ RunTime:0.001000s ]
INFO: [ app_begin ] --END-- [ RunTime:0.003000s ]
SQL: SHOW COLUMNS FROM `image` [ RunTime:0.0060s ]
SQL: SHOW COLUMNS FROM `user` [ RunTime:0.0030s ]
SQL: SHOW COLUMNS FROM `album` [ RunTime:0.0040s ]
SQL: SHOW COLUMNS FROM `combination` [ RunTime:0.0030s ]
SQL: SELECT * FROM `combination` WHERE ( albumid=1 )  [ RunTime:0.0010s ]
SQL: SELECT * FROM `image` WHERE ( mainimage="1" ) LIMIT 1   [ RunTime:0.0010s ]
SQL: SELECT * FROM `image` WHERE ( mainimage="2" ) LIMIT 1   [ RunTime:0.0010s ]
SQL: SELECT * FROM `image` WHERE ( mainimage="3" ) LIMIT 1   [ RunTime:0.0000s ]
SQL: SELECT * FROM `image` WHERE ( mainimage="4" ) LIMIT 1   [ RunTime:0.0010s ]
SQL: SELECT * FROM `image` WHERE ( mainimage="5" ) LIMIT 1   [ RunTime:0.0000s ]
SQL: SELECT * FROM `image` WHERE ( mainimage="5" ) LIMIT 1   [ RunTime:0.0010s ]
SQL: SELECT * FROM `user` WHERE ( username="xuyuanfan3" ) LIMIT 1   [ RunTime:0.0010s ]
INFO: [ view_parse ] --START--
INFO: [ template_filter ] --START--
INFO: Run Behavior\ContentReplaceBehavior [ RunTime:0.001000s ]
INFO: [ template_filter ] --END-- [ RunTime:0.002000s ]
INFO: Run Behavior\ParseTemplateBehavior [ RunTime:0.076004s ]
INFO: [ view_parse ] --END-- [ RunTime:0.077004s ]
INFO: [ view_filter ] --START--
INFO: Run Behavior\WriteHtmlCacheBehavior [ RunTime:0.001000s ]
INFO: [ view_filter ] --END-- [ RunTime:0.003000s ]
INFO: [ app_end ] --START--
INFO: Run Behavior\ShowPageTraceBehavior [ RunTime:0.001000s ]
INFO: [ app_end ] --END-- [ RunTime:0.003000s ]

[ 2016-06-15T09:01:16+08:00 ] 127.0.0.1 /luoji/
INFO: [ app_init ] --START--
INFO: Run Behavior\BuildLiteBehavior [ RunTime:0.000000s ]
INFO: [ app_init ] --END-- [ RunTime:0.002000s ]
INFO: [ app_begin ] --START--
INFO: Run Behavior\ReadHtmlCacheBehavior [ RunTime:0.001000s ]
INFO: [ app_begin ] --END-- [ RunTime:0.003000s ]
SQL: SHOW COLUMNS FROM `image` [ RunTime:0.0040s ]
SQL: SHOW COLUMNS FROM `user` [ RunTime:0.0040s ]
SQL: SHOW COLUMNS FROM `album` [ RunTime:0.0040s ]
NOTIC: [8] Undefined index: p D:\wamp\www\luoji\Application\Home\Controller\IndexController.class.php 第 13 行.
NOTIC: [8] Undefined index: sort D:\wamp\www\luoji\Application\Home\Controller\IndexController.class.php 第 18 行.
SQL: SELECT * FROM `image` WHERE `state` = 1 LIMIT 0,10   [ RunTime:0.0000s ]
SQL: SELECT * FROM `user` WHERE ( username="xuyuanfan1" ) LIMIT 1   [ RunTime:0.0010s ]
SQL: SELECT * FROM `user` WHERE ( username="xuyuanfan2" ) LIMIT 1   [ RunTime:0.0010s ]
SQL: SELECT * FROM `user` WHERE ( username="xuyuanfan3" ) LIMIT 1   [ RunTime:0.0010s ]
SQL: SELECT * FROM `user` WHERE ( username="xuyuanfan4" ) LIMIT 1   [ RunTime:0.0000s ]
SQL: SELECT * FROM `user` WHERE ( username="xuyuanfan5" ) LIMIT 1   [ RunTime:0.0000s ]
SQL: SELECT * FROM `user` WHERE ( username="xuyuanfan1" ) LIMIT 1   [ RunTime:0.0000s ]
SQL: SELECT * FROM `user` WHERE ( username="xuyuanfan2" ) LIMIT 1   [ RunTime:0.0000s ]
SQL: SELECT * FROM `user` WHERE ( username="xuyuanfan3" ) LIMIT 1   [ RunTime:0.0000s ]
SQL: SELECT * FROM `user` WHERE ( username="xuyuanfan4" ) LIMIT 1   [ RunTime:0.0010s ]
SQL: SELECT * FROM `user` WHERE ( username="xuyuanfan5" ) LIMIT 1   [ RunTime:0.0010s ]
SQL: SELECT COUNT(*) AS tp_count FROM `image` WHERE `state` = 1 LIMIT 1   [ RunTime:0.0000s ]
NOTIC: [2] urlencode() expects parameter 1 to be string, array given D:\wamp\www\luoji\Application\Home\Controller\IndexController.class.php 第 85 行.
SQL: SELECT * FROM `album` LIMIT 5   [ RunTime:0.0010s ]
SQL: SELECT * FROM `user` LIMIT 5   [ RunTime:0.0010s ]
INFO: [ view_parse ] --START--
INFO: [ template_filter ] --START--
INFO: Run Behavior\ContentReplaceBehavior [ RunTime:0.001000s ]
INFO: [ template_filter ] --END-- [ RunTime:0.002001s ]
INFO: Run Behavior\ParseTemplateBehavior [ RunTime:0.150008s ]
INFO: [ view_parse ] --END-- [ RunTime:0.151008s ]
INFO: [ view_filter ] --START--
INFO: Run Behavior\WriteHtmlCacheBehavior [ RunTime:0.001000s ]
INFO: [ view_filter ] --END-- [ RunTime:0.003001s ]
INFO: [ app_end ] --START--
INFO: Run Behavior\ShowPageTraceBehavior [ RunTime:0.002000s ]
INFO: [ app_end ] --END-- [ RunTime:0.003000s ]

[ 2016-06-15T09:01:18+08:00 ] 127.0.0.1 /luoji/index.php/Home/Content/index/type/articles/albumid/1/id/0.html
INFO: [ app_init ] --START--
INFO: Run Behavior\BuildLiteBehavior [ RunTime:0.000000s ]
INFO: [ app_init ] --END-- [ RunTime:0.002000s ]
INFO: [ app_begin ] --START--
INFO: Run Behavior\ReadHtmlCacheBehavior [ RunTime:0.001000s ]
INFO: [ app_begin ] --END-- [ RunTime:0.003000s ]
SQL: SHOW COLUMNS FROM `image` [ RunTime:0.0040s ]
SQL: SHOW COLUMNS FROM `user` [ RunTime:0.0040s ]
SQL: SHOW COLUMNS FROM `album` [ RunTime:0.0040s ]
SQL: SHOW COLUMNS FROM `combination` [ RunTime:0.0040s ]
SQL: SELECT * FROM `combination` WHERE ( albumid=1 )  [ RunTime:0.0000s ]
SQL: SELECT * FROM `image` WHERE ( mainimage="1" ) LIMIT 1   [ RunTime:0.0000s ]
SQL: SELECT * FROM `image` WHERE ( mainimage="2" ) LIMIT 1   [ RunTime:0.0000s ]
SQL: SELECT * FROM `image` WHERE ( mainimage="3" ) LIMIT 1   [ RunTime:0.0010s ]
SQL: SELECT * FROM `image` WHERE ( mainimage="4" ) LIMIT 1   [ RunTime:0.0010s ]
SQL: SELECT * FROM `image` WHERE ( mainimage="5" ) LIMIT 1   [ RunTime:0.0000s ]
SQL: SELECT * FROM `image` WHERE ( mainimage="1" ) LIMIT 1   [ RunTime:0.0010s ]
SQL: SELECT * FROM `user` WHERE ( username="xuyuanfan1" ) LIMIT 1   [ RunTime:0.0000s ]
INFO: [ view_parse ] --START--
INFO: [ template_filter ] --START--
INFO: Run Behavior\ContentReplaceBehavior [ RunTime:0.001000s ]
INFO: [ template_filter ] --END-- [ RunTime:0.002000s ]
INFO: Run Behavior\ParseTemplateBehavior [ RunTime:0.073004s ]
INFO: [ view_parse ] --END-- [ RunTime:0.075004s ]
INFO: [ view_filter ] --START--
INFO: Run Behavior\WriteHtmlCacheBehavior [ RunTime:0.001000s ]
INFO: [ view_filter ] --END-- [ RunTime:0.003000s ]
INFO: [ app_end ] --START--
INFO: Run Behavior\ShowPageTraceBehavior [ RunTime:0.001000s ]
INFO: [ app_end ] --END-- [ RunTime:0.002000s ]

[ 2016-06-15T09:01:21+08:00 ] 127.0.0.1 /luoji/index.php/Home/Content/index/type/articles/albumid/1/id/1.html
INFO: [ app_init ] --START--
INFO: Run Behavior\BuildLiteBehavior [ RunTime:0.000000s ]
INFO: [ app_init ] --END-- [ RunTime:0.003000s ]
INFO: [ app_begin ] --START--
INFO: Run Behavior\ReadHtmlCacheBehavior [ RunTime:0.001000s ]
INFO: [ app_begin ] --END-- [ RunTime:0.003000s ]
SQL: SHOW COLUMNS FROM `image` [ RunTime:0.0170s ]
SQL: SHOW COLUMNS FROM `user` [ RunTime:0.0060s ]
SQL: SHOW COLUMNS FROM `album` [ RunTime:0.0040s ]
SQL: SHOW COLUMNS FROM `combination` [ RunTime:0.0050s ]
SQL: SELECT * FROM `combination` WHERE ( albumid=1 )  [ RunTime:0.0010s ]
SQL: SELECT * FROM `image` WHERE ( mainimage="1" ) LIMIT 1   [ RunTime:0.0000s ]
SQL: SELECT * FROM `image` WHERE ( mainimage="2" ) LIMIT 1   [ RunTime:0.0010s ]
SQL: SELECT * FROM `image` WHERE ( mainimage="3" ) LIMIT 1   [ RunTime:0.0010s ]
SQL: SELECT * FROM `image` WHERE ( mainimage="4" ) LIMIT 1   [ RunTime:0.0010s ]
SQL: SELECT * FROM `image` WHERE ( mainimage="5" ) LIMIT 1   [ RunTime:0.0010s ]
SQL: SELECT * FROM `image` WHERE ( mainimage="2" ) LIMIT 1   [ RunTime:0.0000s ]
SQL: SELECT * FROM `user` WHERE ( username="xuyuanfan2" ) LIMIT 1   [ RunTime:0.0000s ]
INFO: [ view_parse ] --START--
INFO: [ template_filter ] --START--
INFO: Run Behavior\ContentReplaceBehavior [ RunTime:0.001000s ]
INFO: [ template_filter ] --END-- [ RunTime:0.002000s ]
INFO: Run Behavior\ParseTemplateBehavior [ RunTime:0.073004s ]
INFO: [ view_parse ] --END-- [ RunTime:0.076004s ]
INFO: [ view_filter ] --START--
INFO: Run Behavior\WriteHtmlCacheBehavior [ RunTime:0.002000s ]
INFO: [ view_filter ] --END-- [ RunTime:0.002000s ]
INFO: [ app_end ] --START--
INFO: Run Behavior\ShowPageTraceBehavior [ RunTime:0.001000s ]
INFO: [ app_end ] --END-- [ RunTime:0.003000s ]

[ 2016-06-15T09:01:24+08:00 ] 127.0.0.1 /luoji/index.php/Home/Content/index/type/articles/albumid/1/id/4.html
INFO: [ app_init ] --START--
INFO: Run Behavior\BuildLiteBehavior [ RunTime:0.000000s ]
INFO: [ app_init ] --END-- [ RunTime:0.002001s ]
INFO: [ app_begin ] --START--
INFO: Run Behavior\ReadHtmlCacheBehavior [ RunTime:0.001000s ]
INFO: [ app_begin ] --END-- [ RunTime:0.003000s ]
SQL: SHOW COLUMNS FROM `image` [ RunTime:0.0040s ]
SQL: SHOW COLUMNS FROM `user` [ RunTime:0.0040s ]
SQL: SHOW COLUMNS FROM `album` [ RunTime:0.0040s ]
SQL: SHOW COLUMNS FROM `combination` [ RunTime:0.0040s ]
SQL: SELECT * FROM `combination` WHERE ( albumid=1 )  [ RunTime:0.0010s ]
SQL: SELECT * FROM `image` WHERE ( mainimage="1" ) LIMIT 1   [ RunTime:0.0010s ]
SQL: SELECT * FROM `image` WHERE ( mainimage="2" ) LIMIT 1   [ RunTime:0.0010s ]
SQL: SELECT * FROM `image` WHERE ( mainimage="3" ) LIMIT 1   [ RunTime:0.0010s ]
SQL: SELECT * FROM `image` WHERE ( mainimage="4" ) LIMIT 1   [ RunTime:0.0010s ]
SQL: SELECT * FROM `image` WHERE ( mainimage="5" ) LIMIT 1   [ RunTime:0.0010s ]
SQL: SELECT * FROM `image` WHERE ( mainimage="5" ) LIMIT 1   [ RunTime:0.0010s ]
SQL: SELECT * FROM `user` WHERE ( username="xuyuanfan3" ) LIMIT 1   [ RunTime:0.0010s ]
INFO: [ view_parse ] --START--
INFO: [ template_filter ] --START--
INFO: Run Behavior\ContentReplaceBehavior [ RunTime:0.001000s ]
INFO: [ template_filter ] --END-- [ RunTime:0.002000s ]
INFO: Run Behavior\ParseTemplateBehavior [ RunTime:0.073005s ]
INFO: [ view_parse ] --END-- [ RunTime:0.074005s ]
INFO: [ view_filter ] --START--
INFO: Run Behavior\WriteHtmlCacheBehavior [ RunTime:0.001000s ]
INFO: [ view_filter ] --END-- [ RunTime:0.002000s ]
INFO: [ app_end ] --START--
INFO: Run Behavior\ShowPageTraceBehavior [ RunTime:0.001000s ]
INFO: [ app_end ] --END-- [ RunTime:0.003000s ]

[ 2016-06-15T09:01:28+08:00 ] 127.0.0.1 /luoji/index.php/Home/Content/index/type/articles/albumid/1/id/0.html
INFO: [ app_init ] --START--
INFO: Run Behavior\BuildLiteBehavior [ RunTime:0.000000s ]
INFO: [ app_init ] --END-- [ RunTime:0.002001s ]
INFO: [ app_begin ] --START--
INFO: Run Behavior\ReadHtmlCacheBehavior [ RunTime:0.002000s ]
INFO: [ app_begin ] --END-- [ RunTime:0.002000s ]
SQL: SHOW COLUMNS FROM `image` [ RunTime:0.0030s ]
SQL: SHOW COLUMNS FROM `user` [ RunTime:0.0050s ]
SQL: SHOW COLUMNS FROM `album` [ RunTime:0.0040s ]
SQL: SHOW COLUMNS FROM `combination` [ RunTime:0.0050s ]
SQL: SELECT * FROM `combination` WHERE ( albumid=1 )  [ RunTime:0.0010s ]
SQL: SELECT * FROM `image` WHERE ( mainimage="1" ) LIMIT 1   [ RunTime:0.0010s ]
SQL: SELECT * FROM `image` WHERE ( mainimage="2" ) LIMIT 1   [ RunTime:0.0010s ]
SQL: SELECT * FROM `image` WHERE ( mainimage="3" ) LIMIT 1   [ RunTime:0.0010s ]
SQL: SELECT * FROM `image` WHERE ( mainimage="4" ) LIMIT 1   [ RunTime:0.0010s ]
SQL: SELECT * FROM `image` WHERE ( mainimage="5" ) LIMIT 1   [ RunTime:0.0010s ]
SQL: SELECT * FROM `image` WHERE ( mainimage="1" ) LIMIT 1   [ RunTime:0.0010s ]
SQL: SELECT * FROM `user` WHERE ( username="xuyuanfan1" ) LIMIT 1   [ RunTime:0.0000s ]
INFO: [ view_parse ] --START--
INFO: [ template_filter ] --START--
INFO: Run Behavior\ContentReplaceBehavior [ RunTime:0.000000s ]
INFO: [ template_filter ] --END-- [ RunTime:0.002000s ]
INFO: Run Behavior\ParseTemplateBehavior [ RunTime:0.073005s ]
INFO: [ view_parse ] --END-- [ RunTime:0.074005s ]
INFO: [ view_filter ] --START--
INFO: Run Behavior\WriteHtmlCacheBehavior [ RunTime:0.002000s ]
INFO: [ view_filter ] --END-- [ RunTime:0.003000s ]
INFO: [ app_end ] --START--
INFO: Run Behavior\ShowPageTraceBehavior [ RunTime:0.001000s ]
INFO: [ app_end ] --END-- [ RunTime:0.003000s ]

[ 2016-06-15T09:01:31+08:00 ] 127.0.0.1 /luoji/index.php/Home/Index/index/sort/0.html
INFO: [ app_init ] --START--
INFO: Run Behavior\BuildLiteBehavior [ RunTime:0.001000s ]
INFO: [ app_init ] --END-- [ RunTime:0.004000s ]
INFO: [ app_begin ] --START--
INFO: Run Behavior\ReadHtmlCacheBehavior [ RunTime:0.001000s ]
INFO: [ app_begin ] --END-- [ RunTime:0.003000s ]
SQL: SHOW COLUMNS FROM `image` [ RunTime:0.0040s ]
SQL: SHOW COLUMNS FROM `user` [ RunTime:0.0040s ]
SQL: SHOW COLUMNS FROM `album` [ RunTime:0.0040s ]
NOTIC: [8] Undefined index: p D:\wamp\www\luoji\Application\Home\Controller\IndexController.class.php 第 13 行.
SQL: SELECT * FROM `image` WHERE `state` = 1 LIMIT 0,10   [ RunTime:0.0010s ]
SQL: SELECT * FROM `user` WHERE ( username="xuyuanfan1" ) LIMIT 1   [ RunTime:0.0010s ]
SQL: SELECT * FROM `user` WHERE ( username="xuyuanfan2" ) LIMIT 1   [ RunTime:0.0000s ]
SQL: SELECT * FROM `user` WHERE ( username="xuyuanfan3" ) LIMIT 1   [ RunTime:0.0000s ]
SQL: SELECT * FROM `user` WHERE ( username="xuyuanfan4" ) LIMIT 1   [ RunTime:0.0000s ]
SQL: SELECT * FROM `user` WHERE ( username="xuyuanfan5" ) LIMIT 1   [ RunTime:0.0000s ]
SQL: SELECT * FROM `user` WHERE ( username="xuyuanfan1" ) LIMIT 1   [ RunTime:0.0000s ]
SQL: SELECT * FROM `user` WHERE ( username="xuyuanfan2" ) LIMIT 1   [ RunTime:0.0010s ]
SQL: SELECT * FROM `user` WHERE ( username="xuyuanfan3" ) LIMIT 1   [ RunTime:0.0010s ]
SQL: SELECT * FROM `user` WHERE ( username="xuyuanfan4" ) LIMIT 1   [ RunTime:0.0000s ]
SQL: SELECT * FROM `user` WHERE ( username="xuyuanfan5" ) LIMIT 1   [ RunTime:0.0010s ]
SQL: SELECT COUNT(*) AS tp_count FROM `image` WHERE `state` = 1 LIMIT 1   [ RunTime:0.0010s ]
NOTIC: [2] urlencode() expects parameter 1 to be string, array given D:\wamp\www\luoji\Application\Home\Controller\IndexController.class.php 第 85 行.
SQL: SELECT * FROM `album` LIMIT 5   [ RunTime:0.0000s ]
SQL: SELECT * FROM `user` LIMIT 5   [ RunTime:0.0010s ]
INFO: [ view_parse ] --START--
INFO: [ template_filter ] --START--
INFO: Run Behavior\ContentReplaceBehavior [ RunTime:0.001000s ]
INFO: [ template_filter ] --END-- [ RunTime:0.002000s ]
INFO: Run Behavior\ParseTemplateBehavior [ RunTime:0.146009s ]
INFO: [ view_parse ] --END-- [ RunTime:0.146009s ]
INFO: [ view_filter ] --START--
INFO: Run Behavior\WriteHtmlCacheBehavior [ RunTime:0.001000s ]
INFO: [ view_filter ] --END-- [ RunTime:0.002000s ]
INFO: [ app_end ] --START--
INFO: Run Behavior\ShowPageTraceBehavior [ RunTime:0.002000s ]
INFO: [ app_end ] --END-- [ RunTime:0.003000s ]

[ 2016-06-15T09:01:33+08:00 ] 127.0.0.1 /luoji/index.php/Home/Content/index/type/article/id/10.html
INFO: [ app_init ] --START--
INFO: Run Behavior\BuildLiteBehavior [ RunTime:0.000000s ]
INFO: [ app_init ] --END-- [ RunTime:0.002001s ]
INFO: [ app_begin ] --START--
INFO: Run Behavior\ReadHtmlCacheBehavior [ RunTime:0.002000s ]
INFO: [ app_begin ] --END-- [ RunTime:0.003000s ]
SQL: SHOW COLUMNS FROM `image` [ RunTime:0.0040s ]
SQL: SHOW COLUMNS FROM `user` [ RunTime:0.0040s ]
SQL: SHOW COLUMNS FROM `album` [ RunTime:0.0040s ]
SQL: SHOW COLUMNS FROM `combination` [ RunTime:0.0060s ]
NOTIC: [8] Undefined index: albumid D:\wamp\www\luoji\Application\Home\Controller\ContentController.class.php 第 16 行.
SQL: SELECT * FROM `image` WHERE ( mainimage="10" ) LIMIT 1   [ RunTime:0.0010s ]
SQL: SELECT * FROM `user` WHERE ( username="xuyuanfan2" ) LIMIT 1   [ RunTime:0.0000s ]
INFO: [ view_parse ] --START--
INFO: [ template_filter ] --START--
INFO: Run Behavior\ContentReplaceBehavior [ RunTime:0.000000s ]
INFO: [ template_filter ] --END-- [ RunTime:0.002001s ]
NOTIC: [8] Undefined variable: catalog D:\wamp\www\luoji\Application\Runtime\Cache\Home\05c25a47e280706f416be77c1b8978f8.php 第 81 行.
INFO: Run Behavior\ParseTemplateBehavior [ RunTime:0.061003s ]
INFO: [ view_parse ] --END-- [ RunTime:0.063003s ]
INFO: [ view_filter ] --START--
INFO: Run Behavior\WriteHtmlCacheBehavior [ RunTime:0.002000s ]
INFO: [ view_filter ] --END-- [ RunTime:0.003000s ]
INFO: [ app_end ] --START--
INFO: Run Behavior\ShowPageTraceBehavior [ RunTime:0.001000s ]
INFO: [ app_end ] --END-- [ RunTime:0.003000s ]

[ 2016-06-15T09:02:22+08:00 ] 127.0.0.1 /luoji/index.php/Home/Content/index/type/articles/albumid/1/id/3.html
INFO: [ app_init ] --START--
INFO: Run Behavior\BuildLiteBehavior [ RunTime:0.000000s ]
INFO: [ app_init ] --END-- [ RunTime:0.003000s ]
INFO: [ app_begin ] --START--
INFO: Run Behavior\ReadHtmlCacheBehavior [ RunTime:0.002000s ]
INFO: [ app_begin ] --END-- [ RunTime:0.004000s ]
SQL: SHOW COLUMNS FROM `image` [ RunTime:0.0040s ]
SQL: SHOW COLUMNS FROM `user` [ RunTime:0.0040s ]
SQL: SHOW COLUMNS FROM `album` [ RunTime:0.0030s ]
SQL: SHOW COLUMNS FROM `combination` [ RunTime:0.0050s ]
SQL: SELECT * FROM `combination` WHERE ( albumid=1 )  [ RunTime:0.0010s ]
SQL: SELECT * FROM `image` WHERE ( mainimage="1" ) LIMIT 1   [ RunTime:0.0000s ]
SQL: SELECT * FROM `image` WHERE ( mainimage="2" ) LIMIT 1   [ RunTime:0.0000s ]
SQL: SELECT * FROM `image` WHERE ( mainimage="3" ) LIMIT 1   [ RunTime:0.0010s ]
SQL: SELECT * FROM `image` WHERE ( mainimage="4" ) LIMIT 1   [ RunTime:0.0010s ]
SQL: SELECT * FROM `image` WHERE ( mainimage="5" ) LIMIT 1   [ RunTime:0.0010s ]
SQL: SELECT * FROM `image` WHERE ( mainimage="4" ) LIMIT 1   [ RunTime:0.0000s ]
SQL: SELECT * FROM `user` WHERE ( username="xuyuanfan2" ) LIMIT 1   [ RunTime:0.0010s ]
INFO: [ view_parse ] --START--
INFO: [ template_filter ] --START--
INFO: Run Behavior\ContentReplaceBehavior [ RunTime:0.001000s ]
INFO: [ template_filter ] --END-- [ RunTime:0.002000s ]
INFO: Run Behavior\ParseTemplateBehavior [ RunTime:0.073004s ]
INFO: [ view_parse ] --END-- [ RunTime:0.075005s ]
INFO: [ view_filter ] --START--
INFO: Run Behavior\WriteHtmlCacheBehavior [ RunTime:0.001000s ]
INFO: [ view_filter ] --END-- [ RunTime:0.003000s ]
INFO: [ app_end ] --START--
INFO: Run Behavior\ShowPageTraceBehavior [ RunTime:0.001000s ]
INFO: [ app_end ] --END-- [ RunTime:0.002000s ]

[ 2016-06-15T09:02:26+08:00 ] 127.0.0.1 /luoji/index.php/Home/Content/index/type/articles/albumid/1/id/4.html
INFO: [ app_init ] --START--
INFO: Run Behavior\BuildLiteBehavior [ RunTime:0.000000s ]
INFO: [ app_init ] --END-- [ RunTime:0.003000s ]
INFO: [ app_begin ] --START--
INFO: Run Behavior\ReadHtmlCacheBehavior [ RunTime:0.001000s ]
INFO: [ app_begin ] --END-- [ RunTime:0.003000s ]
SQL: SHOW COLUMNS FROM `image` [ RunTime:0.0050s ]
SQL: SHOW COLUMNS FROM `user` [ RunTime:0.0040s ]
SQL: SHOW COLUMNS FROM `album` [ RunTime:0.0030s ]
SQL: SHOW COLUMNS FROM `combination` [ RunTime:0.0030s ]
SQL: SELECT * FROM `combination` WHERE ( albumid=1 )  [ RunTime:0.0010s ]
SQL: SELECT * FROM `image` WHERE ( mainimage="1" ) LIMIT 1   [ RunTime:0.0010s ]
SQL: SELECT * FROM `image` WHERE ( mainimage="2" ) LIMIT 1   [ RunTime:0.0010s ]
SQL: SELECT * FROM `image` WHERE ( mainimage="3" ) LIMIT 1   [ RunTime:0.0020s ]
SQL: SELECT * FROM `image` WHERE ( mainimage="4" ) LIMIT 1   [ RunTime:0.0000s ]
SQL: SELECT * FROM `image` WHERE ( mainimage="5" ) LIMIT 1   [ RunTime:0.0000s ]
SQL: SELECT * FROM `image` WHERE ( mainimage="5" ) LIMIT 1   [ RunTime:0.0000s ]
SQL: SELECT * FROM `user` WHERE ( username="xuyuanfan3" ) LIMIT 1   [ RunTime:0.0010s ]
INFO: [ view_parse ] --START--
INFO: [ template_filter ] --START--
INFO: Run Behavior\ContentReplaceBehavior [ RunTime:0.001000s ]
INFO: [ template_filter ] --END-- [ RunTime:0.002000s ]
INFO: Run Behavior\ParseTemplateBehavior [ RunTime:0.073004s ]
INFO: [ view_parse ] --END-- [ RunTime:0.074004s ]
INFO: [ view_filter ] --START--
INFO: Run Behavior\WriteHtmlCacheBehavior [ RunTime:0.001000s ]
INFO: [ view_filter ] --END-- [ RunTime:0.003000s ]
INFO: [ app_end ] --START--
INFO: Run Behavior\ShowPageTraceBehavior [ RunTime:0.001000s ]
INFO: [ app_end ] --END-- [ RunTime:0.003000s ]

[ 2016-06-15T09:02:30+08:00 ] 127.0.0.1 /luoji/index.php/Home/Content/index/type/articles/albumid/1/id/0.html
INFO: [ app_init ] --START--
INFO: Run Behavior\BuildLiteBehavior [ RunTime:0.001000s ]
INFO: [ app_init ] --END-- [ RunTime:0.002000s ]
INFO: [ app_begin ] --START--
INFO: Run Behavior\ReadHtmlCacheBehavior [ RunTime:0.002000s ]
INFO: [ app_begin ] --END-- [ RunTime:0.003000s ]
SQL: SHOW COLUMNS FROM `image` [ RunTime:0.0040s ]
SQL: SHOW COLUMNS FROM `user` [ RunTime:0.0040s ]
SQL: SHOW COLUMNS FROM `album` [ RunTime:0.0030s ]
SQL: SHOW COLUMNS FROM `combination` [ RunTime:0.0040s ]
SQL: SELECT * FROM `combination` WHERE ( albumid=1 )  [ RunTime:0.0010s ]
SQL: SELECT * FROM `image` WHERE ( mainimage="1" ) LIMIT 1   [ RunTime:0.0000s ]
SQL: SELECT * FROM `image` WHERE ( mainimage="2" ) LIMIT 1   [ RunTime:0.0000s ]
SQL: SELECT * FROM `image` WHERE ( mainimage="3" ) LIMIT 1   [ RunTime:0.0010s ]
SQL: SELECT * FROM `image` WHERE ( mainimage="4" ) LIMIT 1   [ RunTime:0.0010s ]
SQL: SELECT * FROM `image` WHERE ( mainimage="5" ) LIMIT 1   [ RunTime:0.0000s ]
SQL: SELECT * FROM `image` WHERE ( mainimage="1" ) LIMIT 1   [ RunTime:0.0010s ]
SQL: SELECT * FROM `user` WHERE ( username="xuyuanfan1" ) LIMIT 1   [ RunTime:0.0010s ]
INFO: [ view_parse ] --START--
INFO: [ template_filter ] --START--
INFO: Run Behavior\ContentReplaceBehavior [ RunTime:0.001000s ]
INFO: [ template_filter ] --END-- [ RunTime:0.002000s ]
INFO: Run Behavior\ParseTemplateBehavior [ RunTime:0.074004s ]
INFO: [ view_parse ] --END-- [ RunTime:0.075004s ]
INFO: [ view_filter ] --START--
INFO: Run Behavior\WriteHtmlCacheBehavior [ RunTime:0.002000s ]
INFO: [ view_filter ] --END-- [ RunTime:0.002000s ]
INFO: [ app_end ] --START--
INFO: Run Behavior\ShowPageTraceBehavior [ RunTime:0.001000s ]
INFO: [ app_end ] --END-- [ RunTime:0.003000s ]

[ 2016-06-15T09:02:38+08:00 ] 127.0.0.1 /luoji/index.php/Home/Content/index/type/articles/albumid/1/id/4.html
INFO: [ app_init ] --START--
INFO: Run Behavior\BuildLiteBehavior [ RunTime:0.001000s ]
INFO: [ app_init ] --END-- [ RunTime:0.002001s ]
INFO: [ app_begin ] --START--
INFO: Run Behavior\ReadHtmlCacheBehavior [ RunTime:0.002000s ]
INFO: [ app_begin ] --END-- [ RunTime:0.003000s ]
SQL: SHOW COLUMNS FROM `image` [ RunTime:0.0050s ]
SQL: SHOW COLUMNS FROM `user` [ RunTime:0.0040s ]
SQL: SHOW COLUMNS FROM `album` [ RunTime:0.0050s ]
SQL: SHOW COLUMNS FROM `combination` [ RunTime:0.0040s ]
SQL: SELECT * FROM `combination` WHERE ( albumid=1 )  [ RunTime:0.0000s ]
SQL: SELECT * FROM `image` WHERE ( mainimage="1" ) LIMIT 1   [ RunTime:0.0010s ]
SQL: SELECT * FROM `image` WHERE ( mainimage="2" ) LIMIT 1   [ RunTime:0.0000s ]
SQL: SELECT * FROM `image` WHERE ( mainimage="3" ) LIMIT 1   [ RunTime:0.0000s ]
SQL: SELECT * FROM `image` WHERE ( mainimage="4" ) LIMIT 1   [ RunTime:0.0010s ]
SQL: SELECT * FROM `image` WHERE ( mainimage="5" ) LIMIT 1   [ RunTime:0.0030s ]
SQL: SELECT * FROM `image` WHERE ( mainimage="5" ) LIMIT 1   [ RunTime:0.0000s ]
SQL: SELECT * FROM `user` WHERE ( username="xuyuanfan3" ) LIMIT 1   [ RunTime:0.0010s ]
INFO: [ view_parse ] --START--
INFO: [ template_filter ] --START--
INFO: Run Behavior\ContentReplaceBehavior [ RunTime:0.001001s ]
INFO: [ template_filter ] --END-- [ RunTime:0.004001s ]
INFO: Run Behavior\ParseTemplateBehavior [ RunTime:0.074004s ]
INFO: [ view_parse ] --END-- [ RunTime:0.076004s ]
INFO: [ view_filter ] --START--
INFO: Run Behavior\WriteHtmlCacheBehavior [ RunTime:0.001000s ]
INFO: [ view_filter ] --END-- [ RunTime:0.002000s ]
INFO: [ app_end ] --START--
INFO: Run Behavior\ShowPageTraceBehavior [ RunTime:0.003000s ]
INFO: [ app_end ] --END-- [ RunTime:0.003000s ]

[ 2016-06-15T09:05:25+08:00 ] 127.0.0.1 /luoji/index.php/Home/Index/index/sort/1.html
INFO: [ app_init ] --START--
INFO: Run Behavior\BuildLiteBehavior [ RunTime:0.000000s ]
INFO: [ app_init ] --END-- [ RunTime:0.003000s ]
INFO: [ app_begin ] --START--
INFO: Run Behavior\ReadHtmlCacheBehavior [ RunTime:0.002000s ]
INFO: [ app_begin ] --END-- [ RunTime:0.004000s ]
SQL: SHOW COLUMNS FROM `image` [ RunTime:0.0050s ]
SQL: SHOW COLUMNS FROM `user` [ RunTime:0.0030s ]
SQL: SHOW COLUMNS FROM `album` [ RunTime:0.0050s ]
NOTIC: [8] Undefined index: p D:\wamp\www\luoji\Application\Home\Controller\IndexController.class.php 第 13 行.
SQL: SELECT * FROM `image` WHERE `type1` = '1' AND `state` = 1 LIMIT 0,10   [ RunTime:0.0010s ]
SQL: SELECT * FROM `user` WHERE ( username="xuyuanfan1" ) LIMIT 1   [ RunTime:0.0000s ]
SQL: SELECT * FROM `user` WHERE ( username="xuyuanfan4" ) LIMIT 1   [ RunTime:0.0010s ]
SQL: SELECT * FROM `user` WHERE ( username="xuyuanfan2" ) LIMIT 1   [ RunTime:0.0010s ]
SQL: SELECT * FROM `user` WHERE ( username="xuyuanfan3" ) LIMIT 1   [ RunTime:0.0010s ]
SQL: SELECT * FROM `user` WHERE ( username="xuyuanfan1" ) LIMIT 1   [ RunTime:0.0010s ]
SQL: SELECT * FROM `user` WHERE ( username="xuyuanfan3" ) LIMIT 1   [ RunTime:0.0010s ]
SQL: SELECT COUNT(*) AS tp_count FROM `image` WHERE `type1` = '1' AND `state` = 1 LIMIT 1   [ RunTime:0.0000s ]
NOTIC: [2] urlencode() expects parameter 1 to be string, array given D:\wamp\www\luoji\Application\Home\Controller\IndexController.class.php 第 85 行.
NOTIC: [2] urlencode() expects parameter 1 to be string, array given D:\wamp\www\luoji\Application\Home\Controller\IndexController.class.php 第 85 行.
SQL: SELECT * FROM `album` LIMIT 5   [ RunTime:0.0020s ]
SQL: SELECT * FROM `user` LIMIT 5   [ RunTime:0.0010s ]
INFO: [ view_parse ] --START--
INFO: [ template_filter ] --START--
INFO: Run Behavior\ContentReplaceBehavior [ RunTime:0.001000s ]
INFO: [ template_filter ] --END-- [ RunTime:0.002000s ]
NOTIC: [8] Undefined offset: 6 D:\wamp\www\luoji\Application\Runtime\Cache\Home\2a94b8bda04ff446dcedd42276fc99ee.php 第 101 行.
NOTIC: [8] Undefined offset: 7 D:\wamp\www\luoji\Application\Runtime\Cache\Home\2a94b8bda04ff446dcedd42276fc99ee.php 第 101 行.
NOTIC: [8] Undefined offset: 8 D:\wamp\www\luoji\Application\Runtime\Cache\Home\2a94b8bda04ff446dcedd42276fc99ee.php 第 101 行.
NOTIC: [8] Undefined offset: 9 D:\wamp\www\luoji\Application\Runtime\Cache\Home\2a94b8bda04ff446dcedd42276fc99ee.php 第 101 行.
INFO: Run Behavior\ParseTemplateBehavior [ RunTime:0.127007s ]
INFO: [ view_parse ] --END-- [ RunTime:0.129008s ]
INFO: [ view_filter ] --START--
INFO: Run Behavior\WriteHtmlCacheBehavior [ RunTime:0.002000s ]
INFO: [ view_filter ] --END-- [ RunTime:0.002000s ]
INFO: [ app_end ] --START--
INFO: Run Behavior\ShowPageTraceBehavior [ RunTime:0.001000s ]
INFO: [ app_end ] --END-- [ RunTime:0.003000s ]

[ 2016-06-15T09:05:30+08:00 ] 127.0.0.1 /luoji/index.php/Home/Content/index/type/articles/albumid/2/id/0.html
INFO: [ app_init ] --START--
INFO: Run Behavior\BuildLiteBehavior [ RunTime:0.001000s ]
INFO: [ app_init ] --END-- [ RunTime:0.002000s ]
INFO: [ app_begin ] --START--
INFO: Run Behavior\ReadHtmlCacheBehavior [ RunTime:0.001000s ]
INFO: [ app_begin ] --END-- [ RunTime:0.003000s ]
SQL: SHOW COLUMNS FROM `image` [ RunTime:0.0040s ]
SQL: SHOW COLUMNS FROM `user` [ RunTime:0.0050s ]
SQL: SHOW COLUMNS FROM `album` [ RunTime:0.0030s ]
SQL: SHOW COLUMNS FROM `combination` [ RunTime:0.0050s ]
SQL: SELECT * FROM `combination` WHERE ( albumid=2 )  [ RunTime:0.0010s ]
SQL: SELECT * FROM `image` WHERE ( mainimage="6" ) LIMIT 1   [ RunTime:0.0010s ]
SQL: SELECT * FROM `image` WHERE ( mainimage="7" ) LIMIT 1   [ RunTime:0.0000s ]
SQL: SELECT * FROM `image` WHERE ( mainimage="8" ) LIMIT 1   [ RunTime:0.0010s ]
SQL: SELECT * FROM `image` WHERE ( mainimage="6" ) LIMIT 1   [ RunTime:0.0010s ]
SQL: SELECT * FROM `user` WHERE ( username="xuyuanfan4" ) LIMIT 1   [ RunTime:0.0010s ]
INFO: [ view_parse ] --START--
INFO: [ template_filter ] --START--
INFO: Run Behavior\ContentReplaceBehavior [ RunTime:0.001000s ]
INFO: [ template_filter ] --END-- [ RunTime:0.003000s ]
INFO: Run Behavior\ParseTemplateBehavior [ RunTime:0.071004s ]
INFO: [ view_parse ] --END-- [ RunTime:0.072004s ]
INFO: [ view_filter ] --START--
INFO: Run Behavior\WriteHtmlCacheBehavior [ RunTime:0.001000s ]
INFO: [ view_filter ] --END-- [ RunTime:0.003000s ]
INFO: [ app_end ] --START--
INFO: Run Behavior\ShowPageTraceBehavior [ RunTime:0.001000s ]
INFO: [ app_end ] --END-- [ RunTime:0.003000s ]

[ 2016-06-15T09:05:33+08:00 ] 127.0.0.1 /luoji/index.php/Home/Content/index/type/articles/albumid/2/id/1.html
INFO: [ app_init ] --START--
INFO: Run Behavior\BuildLiteBehavior [ RunTime:0.000000s ]
INFO: [ app_init ] --END-- [ RunTime:0.002000s ]
INFO: [ app_begin ] --START--
INFO: Run Behavior\ReadHtmlCacheBehavior [ RunTime:0.002001s ]
INFO: [ app_begin ] --END-- [ RunTime:0.002001s ]
SQL: SHOW COLUMNS FROM `image` [ RunTime:0.0190s ]
SQL: SHOW COLUMNS FROM `user` [ RunTime:0.0040s ]
SQL: SHOW COLUMNS FROM `album` [ RunTime:0.0060s ]
SQL: SHOW COLUMNS FROM `combination` [ RunTime:0.0040s ]
SQL: SELECT * FROM `combination` WHERE ( albumid=2 )  [ RunTime:0.0010s ]
SQL: SELECT * FROM `image` WHERE ( mainimage="6" ) LIMIT 1   [ RunTime:0.0000s ]
SQL: SELECT * FROM `image` WHERE ( mainimage="7" ) LIMIT 1   [ RunTime:0.0010s ]
SQL: SELECT * FROM `image` WHERE ( mainimage="8" ) LIMIT 1   [ RunTime:0.0010s ]
SQL: SELECT * FROM `image` WHERE ( mainimage="7" ) LIMIT 1   [ RunTime:0.0010s ]
SQL: SELECT * FROM `user` WHERE ( username="xuyuanfan5" ) LIMIT 1   [ RunTime:0.0010s ]
INFO: [ view_parse ] --START--
INFO: [ template_filter ] --START--
INFO: Run Behavior\ContentReplaceBehavior [ RunTime:0.001000s ]
INFO: [ template_filter ] --END-- [ RunTime:0.002000s ]
INFO: Run Behavior\ParseTemplateBehavior [ RunTime:0.070004s ]
INFO: [ view_parse ] --END-- [ RunTime:0.073004s ]
INFO: [ view_filter ] --START--
INFO: Run Behavior\WriteHtmlCacheBehavior [ RunTime:0.002000s ]
INFO: [ view_filter ] --END-- [ RunTime:0.003000s ]
INFO: [ app_end ] --START--
INFO: Run Behavior\ShowPageTraceBehavior [ RunTime:0.002000s ]
INFO: [ app_end ] --END-- [ RunTime:0.003000s ]

[ 2016-06-15T09:05:36+08:00 ] 127.0.0.1 /luoji/index.php/Home/Content/index/type/articles/albumid/2/id/2.html
INFO: [ app_init ] --START--
INFO: Run Behavior\BuildLiteBehavior [ RunTime:0.000000s ]
INFO: [ app_init ] --END-- [ RunTime:0.002000s ]
INFO: [ app_begin ] --START--
INFO: Run Behavior\ReadHtmlCacheBehavior [ RunTime:0.001000s ]
INFO: [ app_begin ] --END-- [ RunTime:0.003000s ]
SQL: SHOW COLUMNS FROM `image` [ RunTime:0.0040s ]
SQL: SHOW COLUMNS FROM `user` [ RunTime:0.0040s ]
SQL: SHOW COLUMNS FROM `album` [ RunTime:0.0040s ]
SQL: SHOW COLUMNS FROM `combination` [ RunTime:0.0040s ]
SQL: SELECT * FROM `combination` WHERE ( albumid=2 )  [ RunTime:0.0010s ]
SQL: SELECT * FROM `image` WHERE ( mainimage="6" ) LIMIT 1   [ RunTime:0.0010s ]
SQL: SELECT * FROM `image` WHERE ( mainimage="7" ) LIMIT 1   [ RunTime:0.0010s ]
SQL: SELECT * FROM `image` WHERE ( mainimage="8" ) LIMIT 1   [ RunTime:0.0010s ]
SQL: SELECT * FROM `image` WHERE ( mainimage="8" ) LIMIT 1   [ RunTime:0.0010s ]
SQL: SELECT * FROM `user` WHERE ( username="xuyuanfan1" ) LIMIT 1   [ RunTime:0.0010s ]
INFO: [ view_parse ] --START--
INFO: [ template_filter ] --START--
INFO: Run Behavior\ContentReplaceBehavior [ RunTime:0.001000s ]
INFO: [ template_filter ] --END-- [ RunTime:0.003000s ]
INFO: Run Behavior\ParseTemplateBehavior [ RunTime:0.069004s ]
INFO: [ view_parse ] --END-- [ RunTime:0.070004s ]
INFO: [ view_filter ] --START--
INFO: Run Behavior\WriteHtmlCacheBehavior [ RunTime:0.001000s ]
INFO: [ view_filter ] --END-- [ RunTime:0.003000s ]
INFO: [ app_end ] --START--
INFO: Run Behavior\ShowPageTraceBehavior [ RunTime:0.002000s ]
INFO: [ app_end ] --END-- [ RunTime:0.004001s ]

