[ 2016-07-02T00:03:22+08:00 ] ::1 /luoji/
INFO: [ app_init ] --START--
INFO: Run Behavior\BuildLiteBehavior [ RunTime:0.000000s ]
INFO: [ app_init ] --END-- [ RunTime:0.001000s ]
INFO: [ app_begin ] --START--
INFO: Run Behavior\ReadHtmlCacheBehavior [ RunTime:0.002000s ]
INFO: [ app_begin ] --END-- [ RunTime:0.002000s ]
SQL: SHOW COLUMNS FROM `user` [ RunTime:0.0200s ]
SQL: SHOW COLUMNS FROM `special` [ RunTime:0.0060s ]
NOTIC: [8] Undefined index: p G:\wamp\www\luoji\Application\Home\Controller\IndexController.class.php 第 47 行.
NOTIC: [8] Undefined index: category G:\wamp\www\luoji\Application\Home\Controller\IndexController.class.php 第 52 行.
SQL: SELECT * FROM `special` LIMIT 5   [ RunTime:0.0010s ]
NOTIC: [8] Undefined variable: condition G:\wamp\www\luoji\Application\Home\Controller\IndexController.class.php 第 107 行.
SQL: SHOW COLUMNS FROM `article` [ RunTime:0.0050s ]
SQL: SELECT Article.id AS article_id,Article.mainimage AS mainimage,Article.coverimage AS coverimage,Article.maintitle AS maintitle,Article.subhead AS subhead,Article.introduction AS article_introduction,Article.author AS author,Article.type1 AS type1,Article.type2 AS type2,Article.type3 AS type3,Article.collectnum AS collectnum,Article.readnum AS readnum,Article.createtime AS article_createtime,User.id AS user_id,User.username AS username,User.password AS password,User.nickname AS nickname,User.headimage AS headimage,User.rank AS rank,User.jobs AS jobs,User.company AS company,User.introduction AS user_introduction,User.createtime AS user_createtime FROM article Article LEFT JOIN user User ON Article.author=User.id LIMIT 0,10   [ RunTime:0.0010s ]
NOTIC: [8] Undefined variable: condition G:\wamp\www\luoji\Application\Home\Controller\IndexController.class.php 第 142 行.
SQL: SELECT COUNT(*) AS tp_count FROM article Article LEFT JOIN user User ON Article.author=User.id LIMIT 1   [ RunTime:0.0030s ]
NOTIC: [8] Undefined variable: condition G:\wamp\www\luoji\Application\Home\Controller\IndexController.class.php 第 144 行.
NOTIC: [2] Invalid argument supplied for foreach() G:\wamp\www\luoji\Application\Home\Controller\IndexController.class.php 第 144 行.
SQL: SELECT * FROM `user` LIMIT 5   [ RunTime:0.0010s ]
NOTIC: [8] Undefined index: jods G:\wamp\www\luoji\Application\Home\Controller\IndexController.class.php 第 156 行.
NOTIC: [8] Undefined index: jods G:\wamp\www\luoji\Application\Home\Controller\IndexController.class.php 第 156 行.
NOTIC: [8] Undefined index: jods G:\wamp\www\luoji\Application\Home\Controller\IndexController.class.php 第 156 行.
NOTIC: [8] Undefined index: jods G:\wamp\www\luoji\Application\Home\Controller\IndexController.class.php 第 156 行.
NOTIC: [8] Undefined index: jods G:\wamp\www\luoji\Application\Home\Controller\IndexController.class.php 第 156 行.
INFO: [ view_parse ] --START--
INFO: [ template_filter ] --START--
INFO: Run Behavior\ContentReplaceBehavior [ RunTime:0.000000s ]
INFO: [ template_filter ] --END-- [ RunTime:0.001001s ]
INFO: Run Behavior\ParseTemplateBehavior [ RunTime:0.023001s ]
INFO: [ view_parse ] --END-- [ RunTime:0.023001s ]
INFO: [ view_filter ] --START--
INFO: Run Behavior\WriteHtmlCacheBehavior [ RunTime:0.002000s ]
INFO: [ view_filter ] --END-- [ RunTime:0.002000s ]
INFO: [ app_end ] --START--
INFO: Run Behavior\ShowPageTraceBehavior [ RunTime:0.002000s ]
INFO: [ app_end ] --END-- [ RunTime:0.002000s ]

[ 2016-07-02T00:03:23+08:00 ] ::1 /luoji/
INFO: [ app_init ] --START--
INFO: Run Behavior\BuildLiteBehavior [ RunTime:0.000000s ]
INFO: [ app_init ] --END-- [ RunTime:0.001000s ]
INFO: [ app_begin ] --START--
INFO: Run Behavior\ReadHtmlCacheBehavior [ RunTime:0.001000s ]
INFO: [ app_begin ] --END-- [ RunTime:0.001000s ]
SQL: SHOW COLUMNS FROM `user` [ RunTime:0.0060s ]
SQL: SHOW COLUMNS FROM `special` [ RunTime:0.0070s ]
NOTIC: [8] Undefined index: p G:\wamp\www\luoji\Application\Home\Controller\IndexController.class.php 第 47 行.
NOTIC: [8] Undefined index: category G:\wamp\www\luoji\Application\Home\Controller\IndexController.class.php 第 52 行.
SQL: SELECT * FROM `special` LIMIT 5   [ RunTime:0.0000s ]
NOTIC: [8] Undefined variable: condition G:\wamp\www\luoji\Application\Home\Controller\IndexController.class.php 第 107 行.
SQL: SHOW COLUMNS FROM `article` [ RunTime:0.0070s ]
SQL: SELECT Article.id AS article_id,Article.mainimage AS mainimage,Article.coverimage AS coverimage,Article.maintitle AS maintitle,Article.subhead AS subhead,Article.introduction AS article_introduction,Article.author AS author,Article.type1 AS type1,Article.type2 AS type2,Article.type3 AS type3,Article.collectnum AS collectnum,Article.readnum AS readnum,Article.createtime AS article_createtime,User.id AS user_id,User.username AS username,User.password AS password,User.nickname AS nickname,User.headimage AS headimage,User.rank AS rank,User.jobs AS jobs,User.company AS company,User.introduction AS user_introduction,User.createtime AS user_createtime FROM article Article LEFT JOIN user User ON Article.author=User.id LIMIT 0,10   [ RunTime:0.0220s ]
NOTIC: [8] Undefined variable: condition G:\wamp\www\luoji\Application\Home\Controller\IndexController.class.php 第 142 行.
SQL: SELECT COUNT(*) AS tp_count FROM article Article LEFT JOIN user User ON Article.author=User.id LIMIT 1   [ RunTime:0.0000s ]
NOTIC: [8] Undefined variable: condition G:\wamp\www\luoji\Application\Home\Controller\IndexController.class.php 第 144 行.
NOTIC: [2] Invalid argument supplied for foreach() G:\wamp\www\luoji\Application\Home\Controller\IndexController.class.php 第 144 行.
SQL: SELECT * FROM `user` LIMIT 5   [ RunTime:0.0010s ]
NOTIC: [8] Undefined index: jods G:\wamp\www\luoji\Application\Home\Controller\IndexController.class.php 第 156 行.
NOTIC: [8] Undefined index: jods G:\wamp\www\luoji\Application\Home\Controller\IndexController.class.php 第 156 行.
NOTIC: [8] Undefined index: jods G:\wamp\www\luoji\Application\Home\Controller\IndexController.class.php 第 156 行.
NOTIC: [8] Undefined index: jods G:\wamp\www\luoji\Application\Home\Controller\IndexController.class.php 第 156 行.
NOTIC: [8] Undefined index: jods G:\wamp\www\luoji\Application\Home\Controller\IndexController.class.php 第 156 行.
INFO: [ view_parse ] --START--
INFO: [ template_filter ] --START--
INFO: Run Behavior\ContentReplaceBehavior [ RunTime:0.000000s ]
INFO: [ template_filter ] --END-- [ RunTime:0.001000s ]
INFO: Run Behavior\ParseTemplateBehavior [ RunTime:0.028002s ]
INFO: [ view_parse ] --END-- [ RunTime:0.028002s ]
INFO: [ view_filter ] --START--
INFO: Run Behavior\WriteHtmlCacheBehavior [ RunTime:0.001000s ]
INFO: [ view_filter ] --END-- [ RunTime:0.002000s ]
INFO: [ app_end ] --START--
INFO: Run Behavior\ShowPageTraceBehavior [ RunTime:0.001000s ]
INFO: [ app_end ] --END-- [ RunTime:0.002000s ]

