[ 2016-07-31T12:35:38+08:00 ] ::1 /luoji/
INFO: [ app_init ] --START--
INFO: Run Behavior\BuildLiteBehavior [ RunTime:0.000000s ]
INFO: [ app_init ] --END-- [ RunTime:0.020001s ]
INFO: [ app_begin ] --START--
INFO: Run Behavior\ReadHtmlCacheBehavior [ RunTime:0.021001s ]
INFO: [ app_begin ] --END-- [ RunTime:0.021001s ]
NOTIC: [8] Undefined index: category G:\wamp\www\luoji\Application\Home\Controller\IndexController.class.php 第 8 行.
SQL: SHOW COLUMNS FROM `category` [ RunTime:0.0770s ]
SQL: SELECT * FROM `category` WHERE ( level=1 ) ORDER BY `index`  [ RunTime:0.0500s ]
SQL: SELECT * FROM `category` WHERE ( level=2 ) ORDER BY `parent`,`index`  [ RunTime:0.0010s ]
SQL: SHOW COLUMNS FROM `carouselfigure` [ RunTime:0.1410s ]
SQL: SELECT * FROM `carouselfigure` WHERE `show` = 'yes' ORDER BY ordernum asc LIMIT 8   [ RunTime:0.0010s ]
SQL: SHOW COLUMNS FROM `special` [ RunTime:0.0870s ]
SQL: SELECT * FROM `special` LIMIT 5   [ RunTime:0.0010s ]
NOTIC: [8] Undefined index: category G:\wamp\www\luoji\Application\Home\Controller\IndexController.class.php 第 8 行.
SQL: SELECT * FROM `category` WHERE ( level=2 ) ORDER BY `parent`,`index`  [ RunTime:0.0010s ]
NOTIC: [8] Undefined index: p G:\wamp\www\luoji\Application\Home\Controller\IndexController.class.php 第 18 行.
NOTIC: [8] Undefined variable: condition G:\wamp\www\luoji\Application\Home\Controller\IndexController.class.php 第 86 行.
SQL: SHOW COLUMNS FROM `article` [ RunTime:0.1180s ]
SQL: SHOW COLUMNS FROM `user` [ RunTime:0.1730s ]
SQL: SELECT Article.id AS article_id,Article.mainimage AS mainimage,Article.coverimage AS coverimage,Article.maintitle AS maintitle,Article.subhead AS subhead,Article.introduction AS article_introduction,Article.author AS author,Article.categoryid AS categoryid,Article.collectnum AS collectnum,Article.readnum AS readnum,Article.createtime AS article_createtime,User.id AS user_id,User.username AS username,User.password AS password,User.nickname AS nickname,User.headimage AS headimage,User.rank AS rank,User.jobs AS jobs,User.company AS company,User.introduction AS user_introduction,User.createtime AS user_createtime FROM article Article LEFT JOIN user User ON Article.author=User.id LIMIT 0,10   [ RunTime:0.0010s ]
SQL: SELECT * FROM `category` WHERE `id` = '1' LIMIT 1   [ RunTime:0.0010s ]
SQL: SHOW COLUMNS FROM `collect` [ RunTime:0.4140s ]
SQL: SELECT * FROM `collect` WHERE `user_id` = null AND `article_id` = '23' LIMIT 1   [ RunTime:0.0010s ]
SQL: SELECT * FROM `category` WHERE `id` = '11' LIMIT 1   [ RunTime:0.0010s ]
SQL: SELECT * FROM `collect` WHERE `user_id` = null AND `article_id` = '24' LIMIT 1   [ RunTime:0.0000s ]
SQL: SELECT * FROM `category` WHERE `id` = '10' LIMIT 1   [ RunTime:0.0000s ]
SQL: SELECT * FROM `collect` WHERE `user_id` = null AND `article_id` = '25' LIMIT 1   [ RunTime:0.0010s ]
NOTIC: [8] Undefined index: category G:\wamp\www\luoji\Application\Home\Controller\IndexController.class.php 第 8 行.
NOTIC: [8] Undefined variable: condition G:\wamp\www\luoji\Application\Home\Controller\IndexController.class.php 第 133 行.
SQL: SELECT COUNT(*) AS tp_count FROM article Article LEFT JOIN user User ON Article.author=User.id LIMIT 1   [ RunTime:0.0000s ]
NOTIC: [8] Undefined variable: condition G:\wamp\www\luoji\Application\Home\Controller\IndexController.class.php 第 135 行.
NOTIC: [2] Invalid argument supplied for foreach() G:\wamp\www\luoji\Application\Home\Controller\IndexController.class.php 第 135 行.
INFO: [ view_parse ] --START--
INFO: [ template_filter ] --START--
INFO: Run Behavior\ContentReplaceBehavior [ RunTime:0.002000s ]
INFO: [ template_filter ] --END-- [ RunTime:0.002000s ]
NOTIC: [8] Undefined index: sub G:\wamp\www\luoji\Application\Runtime\Cache\Home\2a94b8bda04ff446dcedd42276fc99ee.php 第 20 行.
NOTIC: [8] Use of undefined constant count - assumed 'count' G:\wamp\www\luoji\Application\Runtime\Cache\Home\2a94b8bda04ff446dcedd42276fc99ee.php 第 20 行.
NOTIC: [8] Use of undefined constant count - assumed 'count' G:\wamp\www\luoji\Application\Runtime\Cache\Home\2a94b8bda04ff446dcedd42276fc99ee.php 第 20 行.
NOTIC: [8] Use of undefined constant count - assumed 'count' G:\wamp\www\luoji\Application\Runtime\Cache\Home\2a94b8bda04ff446dcedd42276fc99ee.php 第 20 行.
NOTIC: [8] Use of undefined constant count - assumed 'count' G:\wamp\www\luoji\Application\Runtime\Cache\Home\2a94b8bda04ff446dcedd42276fc99ee.php 第 20 行.
NOTIC: [8] Undefined index: sub G:\wamp\www\luoji\Application\Runtime\Cache\Home\2a94b8bda04ff446dcedd42276fc99ee.php 第 20 行.
NOTIC: [8] Use of undefined constant count - assumed 'count' G:\wamp\www\luoji\Application\Runtime\Cache\Home\2a94b8bda04ff446dcedd42276fc99ee.php 第 20 行.
NOTIC: [8] Undefined offset: 4 G:\wamp\www\luoji\Application\Runtime\Cache\Home\2a94b8bda04ff446dcedd42276fc99ee.php 第 67 行.
NOTIC: [8] Undefined offset: 5 G:\wamp\www\luoji\Application\Runtime\Cache\Home\2a94b8bda04ff446dcedd42276fc99ee.php 第 67 行.
NOTIC: [8] Undefined offset: 6 G:\wamp\www\luoji\Application\Runtime\Cache\Home\2a94b8bda04ff446dcedd42276fc99ee.php 第 67 行.
NOTIC: [8] Undefined offset: 7 G:\wamp\www\luoji\Application\Runtime\Cache\Home\2a94b8bda04ff446dcedd42276fc99ee.php 第 67 行.
NOTIC: [8] Undefined offset: 4 G:\wamp\www\luoji\Application\Runtime\Cache\Home\2a94b8bda04ff446dcedd42276fc99ee.php 第 72 行.
NOTIC: [8] Undefined offset: 5 G:\wamp\www\luoji\Application\Runtime\Cache\Home\2a94b8bda04ff446dcedd42276fc99ee.php 第 72 行.
NOTIC: [8] Undefined offset: 6 G:\wamp\www\luoji\Application\Runtime\Cache\Home\2a94b8bda04ff446dcedd42276fc99ee.php 第 72 行.
NOTIC: [8] Undefined offset: 7 G:\wamp\www\luoji\Application\Runtime\Cache\Home\2a94b8bda04ff446dcedd42276fc99ee.php 第 72 行.
SQL: SELECT * FROM `special` ORDER BY readnum desc LIMIT 5   [ RunTime:0.0020s ]
INFO: [ view_parse ] --START--
INFO: [ template_filter ] --START--
INFO: Run Behavior\ContentReplaceBehavior [ RunTime:0.000000s ]
INFO: [ template_filter ] --END-- [ RunTime:-0.112006s ]
INFO: Run Behavior\ParseTemplateBehavior [ RunTime:0.027001s ]
INFO: [ view_parse ] --END-- [ RunTime:0.027001s ]
INFO: [ view_filter ] --START--
INFO: Run Behavior\WriteHtmlCacheBehavior [ RunTime:0.010001s ]
INFO: [ view_filter ] --END-- [ RunTime:0.011001s ]
SQL: SELECT * FROM `article` ORDER BY readnum desc LIMIT 8   [ RunTime:0.0010s ]
INFO: [ view_parse ] --START--
INFO: [ template_filter ] --START--
INFO: Run Behavior\ContentReplaceBehavior [ RunTime:0.000000s ]
INFO: [ template_filter ] --END-- [ RunTime:-0.160009s ]
NOTIC: [8] Undefined offset: 3 G:\wamp\www\luoji\Application\Runtime\Cache\Home\2ac6c1276904b87404ed678dbabb985c.php 第 11 行.
NOTIC: [8] Undefined offset: 4 G:\wamp\www\luoji\Application\Runtime\Cache\Home\2ac6c1276904b87404ed678dbabb985c.php 第 11 行.
NOTIC: [8] Undefined offset: 5 G:\wamp\www\luoji\Application\Runtime\Cache\Home\2ac6c1276904b87404ed678dbabb985c.php 第 11 行.
NOTIC: [8] Undefined offset: 6 G:\wamp\www\luoji\Application\Runtime\Cache\Home\2ac6c1276904b87404ed678dbabb985c.php 第 11 行.
NOTIC: [8] Undefined offset: 7 G:\wamp\www\luoji\Application\Runtime\Cache\Home\2ac6c1276904b87404ed678dbabb985c.php 第 11 行.
INFO: Run Behavior\ParseTemplateBehavior [ RunTime:0.011001s ]
INFO: [ view_parse ] --END-- [ RunTime:-0.038002s ]
INFO: [ view_filter ] --START--
INFO: Run Behavior\WriteHtmlCacheBehavior [ RunTime:0.000000s ]
INFO: [ view_filter ] --END-- [ RunTime:-0.038002s ]
SQL: SELECT * FROM `user` ORDER BY rank desc LIMIT 5   [ RunTime:0.0010s ]
INFO: [ view_parse ] --START--
INFO: [ template_filter ] --START--
INFO: Run Behavior\ContentReplaceBehavior [ RunTime:0.001000s ]
INFO: [ template_filter ] --END-- [ RunTime:-0.240013s ]
NOTIC: [8] Undefined offset: 2 G:\wamp\www\luoji\Application\Runtime\Cache\Home\9b6c7358f1f609cccd1ab9a879243014.php 第 11 行.
NOTIC: [8] Undefined offset: 3 G:\wamp\www\luoji\Application\Runtime\Cache\Home\9b6c7358f1f609cccd1ab9a879243014.php 第 11 行.
NOTIC: [8] Undefined offset: 4 G:\wamp\www\luoji\Application\Runtime\Cache\Home\9b6c7358f1f609cccd1ab9a879243014.php 第 11 行.
INFO: Run Behavior\ParseTemplateBehavior [ RunTime:0.018001s ]
INFO: [ view_parse ] --END-- [ RunTime:-0.112007s ]
INFO: [ view_filter ] --START--
INFO: Run Behavior\WriteHtmlCacheBehavior [ RunTime:0.001000s ]
INFO: [ view_filter ] --END-- [ RunTime:-0.118007s ]
NOTIC: [8] Undefined offset: 3 G:\wamp\www\luoji\Application\Runtime\Cache\Home\2a94b8bda04ff446dcedd42276fc99ee.php 第 110 行.
NOTIC: [8] Undefined offset: 4 G:\wamp\www\luoji\Application\Runtime\Cache\Home\2a94b8bda04ff446dcedd42276fc99ee.php 第 110 行.
NOTIC: [8] Undefined offset: 5 G:\wamp\www\luoji\Application\Runtime\Cache\Home\2a94b8bda04ff446dcedd42276fc99ee.php 第 110 行.
NOTIC: [8] Undefined offset: 6 G:\wamp\www\luoji\Application\Runtime\Cache\Home\2a94b8bda04ff446dcedd42276fc99ee.php 第 110 行.
NOTIC: [8] Undefined offset: 7 G:\wamp\www\luoji\Application\Runtime\Cache\Home\2a94b8bda04ff446dcedd42276fc99ee.php 第 110 行.
NOTIC: [8] Undefined offset: 8 G:\wamp\www\luoji\Application\Runtime\Cache\Home\2a94b8bda04ff446dcedd42276fc99ee.php 第 110 行.
NOTIC: [8] Undefined offset: 9 G:\wamp\www\luoji\Application\Runtime\Cache\Home\2a94b8bda04ff446dcedd42276fc99ee.php 第 110 行.
INFO: Run Behavior\ParseTemplateBehavior [ RunTime:0.021001s ]
INFO: [ view_parse ] --END-- [ RunTime:-0.112007s ]
INFO: [ view_filter ] --START--
INFO: Run Behavior\WriteHtmlCacheBehavior [ RunTime:0.000000s ]
INFO: [ view_filter ] --END-- [ RunTime:-0.121007s ]
INFO: [ app_end ] --START--
INFO: Run Behavior\ShowPageTraceBehavior [ RunTime:0.018001s ]
INFO: [ app_end ] --END-- [ RunTime:0.018001s ]

[ 2016-07-31T12:35:51+08:00 ] ::1 /luoji/index.php/Home/Account/index/operation/0.html
INFO: [ app_init ] --START--
INFO: Run Behavior\BuildLiteBehavior [ RunTime:0.000000s ]
INFO: [ app_init ] --END-- [ RunTime:0.003000s ]
INFO: [ app_begin ] --START--
INFO: Run Behavior\ReadHtmlCacheBehavior [ RunTime:0.002000s ]
INFO: [ app_begin ] --END-- [ RunTime:0.003001s ]
SQL: SHOW COLUMNS FROM `category` [ RunTime:0.0120s ]
SQL: SELECT * FROM `category` WHERE ( level=1 ) ORDER BY `index`  [ RunTime:0.0010s ]
SQL: SELECT * FROM `category` WHERE ( level=2 ) ORDER BY `parent`,`index`  [ RunTime:0.0010s ]
INFO: [ view_parse ] --START--
INFO: [ template_filter ] --START--
INFO: Run Behavior\ContentReplaceBehavior [ RunTime:0.014001s ]
INFO: [ template_filter ] --END-- [ RunTime:0.015001s ]
NOTIC: [8] Undefined index: sub G:\wamp\www\luoji\Application\Runtime\Cache\Home\75258512b0102698c3b7c521ff29b9c1.php 第 20 行.
NOTIC: [8] Use of undefined constant count - assumed 'count' G:\wamp\www\luoji\Application\Runtime\Cache\Home\75258512b0102698c3b7c521ff29b9c1.php 第 20 行.
NOTIC: [8] Use of undefined constant count - assumed 'count' G:\wamp\www\luoji\Application\Runtime\Cache\Home\75258512b0102698c3b7c521ff29b9c1.php 第 20 行.
NOTIC: [8] Use of undefined constant count - assumed 'count' G:\wamp\www\luoji\Application\Runtime\Cache\Home\75258512b0102698c3b7c521ff29b9c1.php 第 20 行.
NOTIC: [8] Use of undefined constant count - assumed 'count' G:\wamp\www\luoji\Application\Runtime\Cache\Home\75258512b0102698c3b7c521ff29b9c1.php 第 20 行.
NOTIC: [8] Undefined index: sub G:\wamp\www\luoji\Application\Runtime\Cache\Home\75258512b0102698c3b7c521ff29b9c1.php 第 20 行.
NOTIC: [8] Use of undefined constant count - assumed 'count' G:\wamp\www\luoji\Application\Runtime\Cache\Home\75258512b0102698c3b7c521ff29b9c1.php 第 20 行.
INFO: Run Behavior\ParseTemplateBehavior [ RunTime:0.077005s ]
INFO: [ view_parse ] --END-- [ RunTime:0.077005s ]
INFO: [ view_filter ] --START--
INFO: Run Behavior\WriteHtmlCacheBehavior [ RunTime:0.001000s ]
INFO: [ view_filter ] --END-- [ RunTime:0.002000s ]
INFO: [ app_end ] --START--
INFO: Run Behavior\ShowPageTraceBehavior [ RunTime:0.002000s ]
INFO: [ app_end ] --END-- [ RunTime:0.002000s ]

[ 2016-07-31T12:35:52+08:00 ] ::1 /luoji/index.php/Home/Account/verify.html
INFO: [ app_init ] --START--
INFO: Run Behavior\BuildLiteBehavior [ RunTime:0.000000s ]
INFO: [ app_init ] --END-- [ RunTime:0.001000s ]
INFO: [ app_begin ] --START--
INFO: Run Behavior\ReadHtmlCacheBehavior [ RunTime:0.001000s ]
INFO: [ app_begin ] --END-- [ RunTime:0.002001s ]
INFO: [ app_end ] --START--
INFO: Run Behavior\ShowPageTraceBehavior [ RunTime:0.002000s ]
INFO: [ app_end ] --END-- [ RunTime:0.002000s ]

[ 2016-07-31T12:36:14+08:00 ] ::1 /luoji/index.php/Home/Account/login.html
INFO: [ app_init ] --START--
INFO: Run Behavior\BuildLiteBehavior [ RunTime:0.000000s ]
INFO: [ app_init ] --END-- [ RunTime:0.002000s ]
INFO: [ app_begin ] --START--
INFO: Run Behavior\ReadHtmlCacheBehavior [ RunTime:0.001000s ]
INFO: [ app_begin ] --END-- [ RunTime:0.002000s ]
SQL: SHOW COLUMNS FROM `user` [ RunTime:0.0470s ]
SQL: SELECT * FROM `user` WHERE `username` = 'xuyuanfan1' LIMIT 1   [ RunTime:0.2880s ]

[ 2016-07-31T12:36:15+08:00 ] ::1 /luoji/
INFO: [ app_init ] --START--
INFO: Run Behavior\BuildLiteBehavior [ RunTime:0.000000s ]
INFO: [ app_init ] --END-- [ RunTime:0.001000s ]
INFO: [ app_begin ] --START--
INFO: Run Behavior\ReadHtmlCacheBehavior [ RunTime:0.001000s ]
INFO: [ app_begin ] --END-- [ RunTime:0.001000s ]
NOTIC: [8] Undefined index: category G:\wamp\www\luoji\Application\Home\Controller\IndexController.class.php 第 8 行.
SQL: SHOW COLUMNS FROM `category` [ RunTime:0.0060s ]
SQL: SELECT * FROM `category` WHERE ( level=1 ) ORDER BY `index`  [ RunTime:0.0000s ]
SQL: SELECT * FROM `category` WHERE ( level=2 ) ORDER BY `parent`,`index`  [ RunTime:0.0000s ]
SQL: SHOW COLUMNS FROM `carouselfigure` [ RunTime:0.0060s ]
SQL: SELECT * FROM `carouselfigure` WHERE `show` = 'yes' ORDER BY ordernum asc LIMIT 8   [ RunTime:0.0010s ]
SQL: SHOW COLUMNS FROM `special` [ RunTime:0.0060s ]
SQL: SELECT * FROM `special` LIMIT 5   [ RunTime:0.0000s ]
NOTIC: [8] Undefined index: category G:\wamp\www\luoji\Application\Home\Controller\IndexController.class.php 第 8 行.
SQL: SELECT * FROM `category` WHERE ( level=2 ) ORDER BY `parent`,`index`  [ RunTime:0.0000s ]
NOTIC: [8] Undefined index: p G:\wamp\www\luoji\Application\Home\Controller\IndexController.class.php 第 18 行.
NOTIC: [8] Undefined variable: condition G:\wamp\www\luoji\Application\Home\Controller\IndexController.class.php 第 86 行.
SQL: SHOW COLUMNS FROM `article` [ RunTime:0.0070s ]
SQL: SHOW COLUMNS FROM `user` [ RunTime:0.0050s ]
SQL: SELECT Article.id AS article_id,Article.mainimage AS mainimage,Article.coverimage AS coverimage,Article.maintitle AS maintitle,Article.subhead AS subhead,Article.introduction AS article_introduction,Article.author AS author,Article.categoryid AS categoryid,Article.collectnum AS collectnum,Article.readnum AS readnum,Article.createtime AS article_createtime,User.id AS user_id,User.username AS username,User.password AS password,User.nickname AS nickname,User.headimage AS headimage,User.rank AS rank,User.jobs AS jobs,User.company AS company,User.introduction AS user_introduction,User.createtime AS user_createtime FROM article Article LEFT JOIN user User ON Article.author=User.id LIMIT 0,10   [ RunTime:0.0000s ]
SQL: SELECT * FROM `category` WHERE `id` = '1' LIMIT 1   [ RunTime:0.0000s ]
SQL: SHOW COLUMNS FROM `collect` [ RunTime:0.0050s ]
SQL: SELECT * FROM `collect` WHERE `user_id` = '12' AND `article_id` = '23' LIMIT 1   [ RunTime:0.1440s ]
SQL: SELECT * FROM `category` WHERE `id` = '11' LIMIT 1   [ RunTime:0.0010s ]
SQL: SELECT * FROM `collect` WHERE `user_id` = '12' AND `article_id` = '24' LIMIT 1   [ RunTime:0.0010s ]
SQL: SELECT * FROM `category` WHERE `id` = '10' LIMIT 1   [ RunTime:0.0010s ]
SQL: SELECT * FROM `collect` WHERE `user_id` = '12' AND `article_id` = '25' LIMIT 1   [ RunTime:0.0000s ]
NOTIC: [8] Undefined index: category G:\wamp\www\luoji\Application\Home\Controller\IndexController.class.php 第 8 行.
NOTIC: [8] Undefined variable: condition G:\wamp\www\luoji\Application\Home\Controller\IndexController.class.php 第 133 行.
SQL: SELECT COUNT(*) AS tp_count FROM article Article LEFT JOIN user User ON Article.author=User.id LIMIT 1   [ RunTime:0.0010s ]
NOTIC: [8] Undefined variable: condition G:\wamp\www\luoji\Application\Home\Controller\IndexController.class.php 第 135 行.
NOTIC: [2] Invalid argument supplied for foreach() G:\wamp\www\luoji\Application\Home\Controller\IndexController.class.php 第 135 行.
INFO: [ view_parse ] --START--
INFO: [ template_filter ] --START--
INFO: Run Behavior\ContentReplaceBehavior [ RunTime:0.001000s ]
INFO: [ template_filter ] --END-- [ RunTime:0.001000s ]
NOTIC: [8] Undefined index: sub G:\wamp\www\luoji\Application\Runtime\Cache\Home\2a94b8bda04ff446dcedd42276fc99ee.php 第 20 行.
NOTIC: [8] Use of undefined constant count - assumed 'count' G:\wamp\www\luoji\Application\Runtime\Cache\Home\2a94b8bda04ff446dcedd42276fc99ee.php 第 20 行.
NOTIC: [8] Use of undefined constant count - assumed 'count' G:\wamp\www\luoji\Application\Runtime\Cache\Home\2a94b8bda04ff446dcedd42276fc99ee.php 第 20 行.
NOTIC: [8] Use of undefined constant count - assumed 'count' G:\wamp\www\luoji\Application\Runtime\Cache\Home\2a94b8bda04ff446dcedd42276fc99ee.php 第 20 行.
NOTIC: [8] Use of undefined constant count - assumed 'count' G:\wamp\www\luoji\Application\Runtime\Cache\Home\2a94b8bda04ff446dcedd42276fc99ee.php 第 20 行.
NOTIC: [8] Undefined index: sub G:\wamp\www\luoji\Application\Runtime\Cache\Home\2a94b8bda04ff446dcedd42276fc99ee.php 第 20 行.
NOTIC: [8] Use of undefined constant count - assumed 'count' G:\wamp\www\luoji\Application\Runtime\Cache\Home\2a94b8bda04ff446dcedd42276fc99ee.php 第 20 行.
NOTIC: [8] Undefined offset: 4 G:\wamp\www\luoji\Application\Runtime\Cache\Home\2a94b8bda04ff446dcedd42276fc99ee.php 第 67 行.
NOTIC: [8] Undefined offset: 5 G:\wamp\www\luoji\Application\Runtime\Cache\Home\2a94b8bda04ff446dcedd42276fc99ee.php 第 67 行.
NOTIC: [8] Undefined offset: 6 G:\wamp\www\luoji\Application\Runtime\Cache\Home\2a94b8bda04ff446dcedd42276fc99ee.php 第 67 行.
NOTIC: [8] Undefined offset: 7 G:\wamp\www\luoji\Application\Runtime\Cache\Home\2a94b8bda04ff446dcedd42276fc99ee.php 第 67 行.
NOTIC: [8] Undefined offset: 4 G:\wamp\www\luoji\Application\Runtime\Cache\Home\2a94b8bda04ff446dcedd42276fc99ee.php 第 72 行.
NOTIC: [8] Undefined offset: 5 G:\wamp\www\luoji\Application\Runtime\Cache\Home\2a94b8bda04ff446dcedd42276fc99ee.php 第 72 行.
NOTIC: [8] Undefined offset: 6 G:\wamp\www\luoji\Application\Runtime\Cache\Home\2a94b8bda04ff446dcedd42276fc99ee.php 第 72 行.
NOTIC: [8] Undefined offset: 7 G:\wamp\www\luoji\Application\Runtime\Cache\Home\2a94b8bda04ff446dcedd42276fc99ee.php 第 72 行.
SQL: SELECT * FROM `special` ORDER BY readnum desc LIMIT 5   [ RunTime:0.0010s ]
INFO: [ view_parse ] --START--
INFO: [ template_filter ] --START--
INFO: Run Behavior\ContentReplaceBehavior [ RunTime:0.000000s ]
INFO: [ template_filter ] --END-- [ RunTime:-0.022002s ]
INFO: Run Behavior\ParseTemplateBehavior [ RunTime:0.007001s ]
INFO: [ view_parse ] --END-- [ RunTime:0.008001s ]
INFO: [ view_filter ] --START--
INFO: Run Behavior\WriteHtmlCacheBehavior [ RunTime:0.001000s ]
INFO: [ view_filter ] --END-- [ RunTime:0.001000s ]
SQL: SELECT * FROM `article` ORDER BY readnum desc LIMIT 8   [ RunTime:0.0010s ]
INFO: [ view_parse ] --START--
INFO: [ template_filter ] --START--
INFO: Run Behavior\ContentReplaceBehavior [ RunTime:0.000000s ]
INFO: [ template_filter ] --END-- [ RunTime:-0.038003s ]
NOTIC: [8] Undefined offset: 3 G:\wamp\www\luoji\Application\Runtime\Cache\Home\2ac6c1276904b87404ed678dbabb985c.php 第 11 行.
NOTIC: [8] Undefined offset: 4 G:\wamp\www\luoji\Application\Runtime\Cache\Home\2ac6c1276904b87404ed678dbabb985c.php 第 11 行.
NOTIC: [8] Undefined offset: 5 G:\wamp\www\luoji\Application\Runtime\Cache\Home\2ac6c1276904b87404ed678dbabb985c.php 第 11 行.
NOTIC: [8] Undefined offset: 6 G:\wamp\www\luoji\Application\Runtime\Cache\Home\2ac6c1276904b87404ed678dbabb985c.php 第 11 行.
NOTIC: [8] Undefined offset: 7 G:\wamp\www\luoji\Application\Runtime\Cache\Home\2ac6c1276904b87404ed678dbabb985c.php 第 11 行.
INFO: Run Behavior\ParseTemplateBehavior [ RunTime:0.008001s ]
INFO: [ view_parse ] --END-- [ RunTime:-0.008000s ]
INFO: [ view_filter ] --START--
INFO: Run Behavior\WriteHtmlCacheBehavior [ RunTime:0.000000s ]
INFO: [ view_filter ] --END-- [ RunTime:-0.015001s ]
SQL: SELECT * FROM `user` ORDER BY rank desc LIMIT 5   [ RunTime:0.0010s ]
INFO: [ view_parse ] --START--
INFO: [ template_filter ] --START--
INFO: Run Behavior\ContentReplaceBehavior [ RunTime:0.000000s ]
INFO: [ template_filter ] --END-- [ RunTime:-0.053003s ]
NOTIC: [8] Undefined offset: 2 G:\wamp\www\luoji\Application\Runtime\Cache\Home\9b6c7358f1f609cccd1ab9a879243014.php 第 11 行.
NOTIC: [8] Undefined offset: 3 G:\wamp\www\luoji\Application\Runtime\Cache\Home\9b6c7358f1f609cccd1ab9a879243014.php 第 11 行.
NOTIC: [8] Undefined offset: 4 G:\wamp\www\luoji\Application\Runtime\Cache\Home\9b6c7358f1f609cccd1ab9a879243014.php 第 11 行.
INFO: Run Behavior\ParseTemplateBehavior [ RunTime:0.008001s ]
INFO: [ view_parse ] --END-- [ RunTime:-0.022001s ]
INFO: [ view_filter ] --START--
INFO: Run Behavior\WriteHtmlCacheBehavior [ RunTime:0.000000s ]
INFO: [ view_filter ] --END-- [ RunTime:-0.030002s ]
NOTIC: [8] Undefined offset: 3 G:\wamp\www\luoji\Application\Runtime\Cache\Home\2a94b8bda04ff446dcedd42276fc99ee.php 第 110 行.
NOTIC: [8] Undefined offset: 4 G:\wamp\www\luoji\Application\Runtime\Cache\Home\2a94b8bda04ff446dcedd42276fc99ee.php 第 110 行.
NOTIC: [8] Undefined offset: 5 G:\wamp\www\luoji\Application\Runtime\Cache\Home\2a94b8bda04ff446dcedd42276fc99ee.php 第 110 行.
NOTIC: [8] Undefined offset: 6 G:\wamp\www\luoji\Application\Runtime\Cache\Home\2a94b8bda04ff446dcedd42276fc99ee.php 第 110 行.
NOTIC: [8] Undefined offset: 7 G:\wamp\www\luoji\Application\Runtime\Cache\Home\2a94b8bda04ff446dcedd42276fc99ee.php 第 110 行.
NOTIC: [8] Undefined offset: 8 G:\wamp\www\luoji\Application\Runtime\Cache\Home\2a94b8bda04ff446dcedd42276fc99ee.php 第 110 行.
NOTIC: [8] Undefined offset: 9 G:\wamp\www\luoji\Application\Runtime\Cache\Home\2a94b8bda04ff446dcedd42276fc99ee.php 第 110 行.
INFO: Run Behavior\ParseTemplateBehavior [ RunTime:0.010001s ]
INFO: [ view_parse ] --END-- [ RunTime:-0.022001s ]
INFO: [ view_filter ] --START--
INFO: Run Behavior\WriteHtmlCacheBehavior [ RunTime:0.000000s ]
INFO: [ view_filter ] --END-- [ RunTime:-0.032002s ]
INFO: [ app_end ] --START--
INFO: Run Behavior\ShowPageTraceBehavior [ RunTime:0.001000s ]
INFO: [ app_end ] --END-- [ RunTime:0.001000s ]

[ 2016-07-31T12:36:21+08:00 ] ::1 /luoji/index.php/Home/Information/index.html
INFO: [ app_init ] --START--
INFO: Run Behavior\BuildLiteBehavior [ RunTime:0.000000s ]
INFO: [ app_init ] --END-- [ RunTime:0.001000s ]
INFO: [ app_begin ] --START--
INFO: Run Behavior\ReadHtmlCacheBehavior [ RunTime:0.001000s ]
INFO: [ app_begin ] --END-- [ RunTime:0.002000s ]
SQL: SHOW COLUMNS FROM `category` [ RunTime:0.0120s ]
SQL: SELECT * FROM `category` WHERE ( level=1 ) ORDER BY `index`  [ RunTime:0.0010s ]
SQL: SELECT * FROM `category` WHERE ( level=2 ) ORDER BY `parent`,`index`  [ RunTime:0.0000s ]
SQL: SHOW COLUMNS FROM `user` [ RunTime:0.0130s ]
SQL: SELECT * FROM `user` WHERE `id` = '12' LIMIT 1   [ RunTime:0.0010s ]
INFO: [ view_parse ] --START--
INFO: [ template_filter ] --START--
INFO: Run Behavior\ContentReplaceBehavior [ RunTime:0.000000s ]
INFO: [ template_filter ] --END-- [ RunTime:0.001000s ]
NOTIC: [8] Undefined index: sub G:\wamp\www\luoji\Application\Runtime\Cache\Home\5c4ed62d74554f8a63088a7040024e82.php 第 20 行.
NOTIC: [8] Use of undefined constant count - assumed 'count' G:\wamp\www\luoji\Application\Runtime\Cache\Home\5c4ed62d74554f8a63088a7040024e82.php 第 20 行.
NOTIC: [8] Use of undefined constant count - assumed 'count' G:\wamp\www\luoji\Application\Runtime\Cache\Home\5c4ed62d74554f8a63088a7040024e82.php 第 20 行.
NOTIC: [8] Use of undefined constant count - assumed 'count' G:\wamp\www\luoji\Application\Runtime\Cache\Home\5c4ed62d74554f8a63088a7040024e82.php 第 20 行.
NOTIC: [8] Use of undefined constant count - assumed 'count' G:\wamp\www\luoji\Application\Runtime\Cache\Home\5c4ed62d74554f8a63088a7040024e82.php 第 20 行.
NOTIC: [8] Undefined index: sub G:\wamp\www\luoji\Application\Runtime\Cache\Home\5c4ed62d74554f8a63088a7040024e82.php 第 20 行.
NOTIC: [8] Use of undefined constant count - assumed 'count' G:\wamp\www\luoji\Application\Runtime\Cache\Home\5c4ed62d74554f8a63088a7040024e82.php 第 20 行.
INFO: Run Behavior\ParseTemplateBehavior [ RunTime:0.055003s ]
INFO: [ view_parse ] --END-- [ RunTime:0.056003s ]
INFO: [ view_filter ] --START--
INFO: Run Behavior\WriteHtmlCacheBehavior [ RunTime:0.002000s ]
INFO: [ view_filter ] --END-- [ RunTime:0.003000s ]
INFO: [ app_end ] --START--
INFO: Run Behavior\ShowPageTraceBehavior [ RunTime:0.002001s ]
INFO: [ app_end ] --END-- [ RunTime:0.002001s ]

[ 2016-07-31T12:36:29+08:00 ] ::1 /luoji/index.php/Home/Contribute/index.html
INFO: [ app_init ] --START--
INFO: Run Behavior\BuildLiteBehavior [ RunTime:0.000000s ]
INFO: [ app_init ] --END-- [ RunTime:0.001000s ]
INFO: [ app_begin ] --START--
INFO: Run Behavior\ReadHtmlCacheBehavior [ RunTime:0.002000s ]
INFO: [ app_begin ] --END-- [ RunTime:0.002000s ]
SQL: SHOW COLUMNS FROM `category` [ RunTime:0.0110s ]
SQL: SELECT * FROM `category` WHERE ( level=1 ) ORDER BY `index`  [ RunTime:0.0010s ]
SQL: SELECT * FROM `category` WHERE ( level=2 ) ORDER BY `parent`,`index`  [ RunTime:0.0010s ]
SQL: SHOW COLUMNS FROM `user` [ RunTime:0.0080s ]
SQL: SELECT * FROM `user` WHERE `id` = '12' LIMIT 1   [ RunTime:0.0010s ]
INFO: [ view_parse ] --START--
INFO: [ template_filter ] --START--
INFO: Run Behavior\ContentReplaceBehavior [ RunTime:0.000000s ]
INFO: [ template_filter ] --END-- [ RunTime:0.001000s ]
NOTIC: [8] Undefined index: sub G:\wamp\www\luoji\Application\Runtime\Cache\Home\851481019d5ab8339703538c27ace6b7.php 第 20 行.
NOTIC: [8] Use of undefined constant count - assumed 'count' G:\wamp\www\luoji\Application\Runtime\Cache\Home\851481019d5ab8339703538c27ace6b7.php 第 20 行.
NOTIC: [8] Use of undefined constant count - assumed 'count' G:\wamp\www\luoji\Application\Runtime\Cache\Home\851481019d5ab8339703538c27ace6b7.php 第 20 行.
NOTIC: [8] Use of undefined constant count - assumed 'count' G:\wamp\www\luoji\Application\Runtime\Cache\Home\851481019d5ab8339703538c27ace6b7.php 第 20 行.
NOTIC: [8] Use of undefined constant count - assumed 'count' G:\wamp\www\luoji\Application\Runtime\Cache\Home\851481019d5ab8339703538c27ace6b7.php 第 20 行.
NOTIC: [8] Undefined index: sub G:\wamp\www\luoji\Application\Runtime\Cache\Home\851481019d5ab8339703538c27ace6b7.php 第 20 行.
NOTIC: [8] Use of undefined constant count - assumed 'count' G:\wamp\www\luoji\Application\Runtime\Cache\Home\851481019d5ab8339703538c27ace6b7.php 第 20 行.
INFO: Run Behavior\ParseTemplateBehavior [ RunTime:0.061004s ]
INFO: [ view_parse ] --END-- [ RunTime:0.062004s ]
INFO: [ view_filter ] --START--
INFO: Run Behavior\WriteHtmlCacheBehavior [ RunTime:0.001000s ]
INFO: [ view_filter ] --END-- [ RunTime:0.001000s ]
INFO: [ app_end ] --START--
INFO: Run Behavior\ShowPageTraceBehavior [ RunTime:0.001000s ]
INFO: [ app_end ] --END-- [ RunTime:0.001000s ]

[ 2016-07-31T12:39:48+08:00 ] ::1 /luoji/index.php/Home/Index/index/category/0.html
INFO: [ app_init ] --START--
INFO: Run Behavior\BuildLiteBehavior [ RunTime:0.000000s ]
INFO: [ app_init ] --END-- [ RunTime:0.001000s ]
INFO: [ app_begin ] --START--
INFO: Run Behavior\ReadHtmlCacheBehavior [ RunTime:0.001000s ]
INFO: [ app_begin ] --END-- [ RunTime:0.001000s ]
SQL: SHOW COLUMNS FROM `category` [ RunTime:0.0060s ]
SQL: SELECT * FROM `category` WHERE ( level=1 ) ORDER BY `index`  [ RunTime:0.0000s ]
SQL: SELECT * FROM `category` WHERE ( level=2 ) ORDER BY `parent`,`index`  [ RunTime:0.0000s ]
SQL: SHOW COLUMNS FROM `carouselfigure` [ RunTime:0.0050s ]
SQL: SELECT * FROM `carouselfigure` WHERE `show` = 'yes' ORDER BY ordernum asc LIMIT 8   [ RunTime:0.0010s ]
SQL: SHOW COLUMNS FROM `special` [ RunTime:0.0050s ]
SQL: SELECT * FROM `special` LIMIT 5   [ RunTime:0.0000s ]
SQL: SELECT * FROM `category` WHERE ( level=2 ) ORDER BY `parent`,`index`  [ RunTime:0.0010s ]
NOTIC: [8] Undefined index: p G:\wamp\www\luoji\Application\Home\Controller\IndexController.class.php 第 18 行.
NOTIC: [8] Undefined variable: condition G:\wamp\www\luoji\Application\Home\Controller\IndexController.class.php 第 86 行.
SQL: SHOW COLUMNS FROM `article` [ RunTime:0.0050s ]
SQL: SHOW COLUMNS FROM `user` [ RunTime:0.0060s ]
SQL: SELECT Article.id AS article_id,Article.mainimage AS mainimage,Article.coverimage AS coverimage,Article.maintitle AS maintitle,Article.subhead AS subhead,Article.introduction AS article_introduction,Article.author AS author,Article.categoryid AS categoryid,Article.collectnum AS collectnum,Article.readnum AS readnum,Article.createtime AS article_createtime,User.id AS user_id,User.username AS username,User.password AS password,User.nickname AS nickname,User.headimage AS headimage,User.rank AS rank,User.jobs AS jobs,User.company AS company,User.introduction AS user_introduction,User.createtime AS user_createtime FROM article Article LEFT JOIN user User ON Article.author=User.id LIMIT 0,10   [ RunTime:0.0010s ]
SQL: SELECT * FROM `category` WHERE `id` = '1' LIMIT 1   [ RunTime:0.0010s ]
SQL: SHOW COLUMNS FROM `collect` [ RunTime:0.0050s ]
SQL: SELECT * FROM `collect` WHERE `user_id` = '12' AND `article_id` = '23' LIMIT 1   [ RunTime:0.0010s ]
SQL: SELECT * FROM `category` WHERE `id` = '11' LIMIT 1   [ RunTime:0.0000s ]
SQL: SELECT * FROM `collect` WHERE `user_id` = '12' AND `article_id` = '24' LIMIT 1   [ RunTime:0.0010s ]
SQL: SELECT * FROM `category` WHERE `id` = '10' LIMIT 1   [ RunTime:0.0000s ]
SQL: SELECT * FROM `collect` WHERE `user_id` = '12' AND `article_id` = '25' LIMIT 1   [ RunTime:0.0000s ]
NOTIC: [8] Undefined variable: condition G:\wamp\www\luoji\Application\Home\Controller\IndexController.class.php 第 133 行.
SQL: SELECT COUNT(*) AS tp_count FROM article Article LEFT JOIN user User ON Article.author=User.id LIMIT 1   [ RunTime:0.0000s ]
NOTIC: [8] Undefined variable: condition G:\wamp\www\luoji\Application\Home\Controller\IndexController.class.php 第 135 行.
NOTIC: [2] Invalid argument supplied for foreach() G:\wamp\www\luoji\Application\Home\Controller\IndexController.class.php 第 135 行.
INFO: [ view_parse ] --START--
INFO: [ template_filter ] --START--
INFO: Run Behavior\ContentReplaceBehavior [ RunTime:0.000000s ]
INFO: [ template_filter ] --END-- [ RunTime:0.001001s ]
NOTIC: [8] Undefined index: sub G:\wamp\www\luoji\Application\Runtime\Cache\Home\2a94b8bda04ff446dcedd42276fc99ee.php 第 20 行.
NOTIC: [8] Use of undefined constant count - assumed 'count' G:\wamp\www\luoji\Application\Runtime\Cache\Home\2a94b8bda04ff446dcedd42276fc99ee.php 第 20 行.
NOTIC: [8] Use of undefined constant count - assumed 'count' G:\wamp\www\luoji\Application\Runtime\Cache\Home\2a94b8bda04ff446dcedd42276fc99ee.php 第 20 行.
NOTIC: [8] Use of undefined constant count - assumed 'count' G:\wamp\www\luoji\Application\Runtime\Cache\Home\2a94b8bda04ff446dcedd42276fc99ee.php 第 20 行.
NOTIC: [8] Use of undefined constant count - assumed 'count' G:\wamp\www\luoji\Application\Runtime\Cache\Home\2a94b8bda04ff446dcedd42276fc99ee.php 第 20 行.
NOTIC: [8] Undefined index: sub G:\wamp\www\luoji\Application\Runtime\Cache\Home\2a94b8bda04ff446dcedd42276fc99ee.php 第 20 行.
NOTIC: [8] Use of undefined constant count - assumed 'count' G:\wamp\www\luoji\Application\Runtime\Cache\Home\2a94b8bda04ff446dcedd42276fc99ee.php 第 20 行.
NOTIC: [8] Undefined offset: 4 G:\wamp\www\luoji\Application\Runtime\Cache\Home\2a94b8bda04ff446dcedd42276fc99ee.php 第 67 行.
NOTIC: [8] Undefined offset: 5 G:\wamp\www\luoji\Application\Runtime\Cache\Home\2a94b8bda04ff446dcedd42276fc99ee.php 第 67 行.
NOTIC: [8] Undefined offset: 6 G:\wamp\www\luoji\Application\Runtime\Cache\Home\2a94b8bda04ff446dcedd42276fc99ee.php 第 67 行.
NOTIC: [8] Undefined offset: 7 G:\wamp\www\luoji\Application\Runtime\Cache\Home\2a94b8bda04ff446dcedd42276fc99ee.php 第 67 行.
NOTIC: [8] Undefined offset: 4 G:\wamp\www\luoji\Application\Runtime\Cache\Home\2a94b8bda04ff446dcedd42276fc99ee.php 第 72 行.
NOTIC: [8] Undefined offset: 5 G:\wamp\www\luoji\Application\Runtime\Cache\Home\2a94b8bda04ff446dcedd42276fc99ee.php 第 72 行.
NOTIC: [8] Undefined offset: 6 G:\wamp\www\luoji\Application\Runtime\Cache\Home\2a94b8bda04ff446dcedd42276fc99ee.php 第 72 行.
NOTIC: [8] Undefined offset: 7 G:\wamp\www\luoji\Application\Runtime\Cache\Home\2a94b8bda04ff446dcedd42276fc99ee.php 第 72 行.
SQL: SELECT * FROM `special` ORDER BY readnum desc LIMIT 5   [ RunTime:0.0010s ]
INFO: [ view_parse ] --START--
INFO: [ template_filter ] --START--
INFO: Run Behavior\ContentReplaceBehavior [ RunTime:0.000000s ]
INFO: [ template_filter ] --END-- [ RunTime:-0.015000s ]
INFO: Run Behavior\ParseTemplateBehavior [ RunTime:0.005000s ]
INFO: [ view_parse ] --END-- [ RunTime:0.005000s ]
INFO: [ view_filter ] --START--
INFO: Run Behavior\WriteHtmlCacheBehavior [ RunTime:0.001001s ]
INFO: [ view_filter ] --END-- [ RunTime:0.001001s ]
SQL: SELECT * FROM `article` ORDER BY readnum desc LIMIT 8   [ RunTime:0.0010s ]
INFO: [ view_parse ] --START--
INFO: [ template_filter ] --START--
INFO: Run Behavior\ContentReplaceBehavior [ RunTime:0.000000s ]
INFO: [ template_filter ] --END-- [ RunTime:-0.025001s ]
NOTIC: [8] Undefined offset: 3 G:\wamp\www\luoji\Application\Runtime\Cache\Home\2ac6c1276904b87404ed678dbabb985c.php 第 11 行.
NOTIC: [8] Undefined offset: 4 G:\wamp\www\luoji\Application\Runtime\Cache\Home\2ac6c1276904b87404ed678dbabb985c.php 第 11 行.
NOTIC: [8] Undefined offset: 5 G:\wamp\www\luoji\Application\Runtime\Cache\Home\2ac6c1276904b87404ed678dbabb985c.php 第 11 行.
NOTIC: [8] Undefined offset: 6 G:\wamp\www\luoji\Application\Runtime\Cache\Home\2ac6c1276904b87404ed678dbabb985c.php 第 11 行.
NOTIC: [8] Undefined offset: 7 G:\wamp\www\luoji\Application\Runtime\Cache\Home\2ac6c1276904b87404ed678dbabb985c.php 第 11 行.
INFO: Run Behavior\ParseTemplateBehavior [ RunTime:0.005000s ]
INFO: [ view_parse ] --END-- [ RunTime:-0.005001s ]
INFO: [ view_filter ] --START--
INFO: Run Behavior\WriteHtmlCacheBehavior [ RunTime:0.000000s ]
INFO: [ view_filter ] --END-- [ RunTime:-0.009000s ]
SQL: SELECT * FROM `user` ORDER BY rank desc LIMIT 5   [ RunTime:0.0010s ]
INFO: [ view_parse ] --START--
INFO: [ template_filter ] --START--
INFO: Run Behavior\ContentReplaceBehavior [ RunTime:0.000000s ]
INFO: [ template_filter ] --END-- [ RunTime:-0.035002s ]
NOTIC: [8] Undefined offset: 2 G:\wamp\www\luoji\Application\Runtime\Cache\Home\9b6c7358f1f609cccd1ab9a879243014.php 第 11 行.
NOTIC: [8] Undefined offset: 3 G:\wamp\www\luoji\Application\Runtime\Cache\Home\9b6c7358f1f609cccd1ab9a879243014.php 第 11 行.
NOTIC: [8] Undefined offset: 4 G:\wamp\www\luoji\Application\Runtime\Cache\Home\9b6c7358f1f609cccd1ab9a879243014.php 第 11 行.
INFO: Run Behavior\ParseTemplateBehavior [ RunTime:0.005001s ]
INFO: [ view_parse ] --END-- [ RunTime:-0.015001s ]
INFO: [ view_filter ] --START--
INFO: Run Behavior\WriteHtmlCacheBehavior [ RunTime:0.000000s ]
INFO: [ view_filter ] --END-- [ RunTime:-0.019001s ]
NOTIC: [8] Undefined offset: 3 G:\wamp\www\luoji\Application\Runtime\Cache\Home\2a94b8bda04ff446dcedd42276fc99ee.php 第 110 行.
NOTIC: [8] Undefined offset: 4 G:\wamp\www\luoji\Application\Runtime\Cache\Home\2a94b8bda04ff446dcedd42276fc99ee.php 第 110 行.
NOTIC: [8] Undefined offset: 5 G:\wamp\www\luoji\Application\Runtime\Cache\Home\2a94b8bda04ff446dcedd42276fc99ee.php 第 110 行.
NOTIC: [8] Undefined offset: 6 G:\wamp\www\luoji\Application\Runtime\Cache\Home\2a94b8bda04ff446dcedd42276fc99ee.php 第 110 行.
NOTIC: [8] Undefined offset: 7 G:\wamp\www\luoji\Application\Runtime\Cache\Home\2a94b8bda04ff446dcedd42276fc99ee.php 第 110 行.
NOTIC: [8] Undefined offset: 8 G:\wamp\www\luoji\Application\Runtime\Cache\Home\2a94b8bda04ff446dcedd42276fc99ee.php 第 110 行.
NOTIC: [8] Undefined offset: 9 G:\wamp\www\luoji\Application\Runtime\Cache\Home\2a94b8bda04ff446dcedd42276fc99ee.php 第 110 行.
INFO: Run Behavior\ParseTemplateBehavior [ RunTime:0.006001s ]
INFO: [ view_parse ] --END-- [ RunTime:-0.015001s ]
INFO: [ view_filter ] --START--
INFO: Run Behavior\WriteHtmlCacheBehavior [ RunTime:0.000000s ]
INFO: [ view_filter ] --END-- [ RunTime:-0.020001s ]
INFO: [ app_end ] --START--
INFO: Run Behavior\ShowPageTraceBehavior [ RunTime:0.001000s ]
INFO: [ app_end ] --END-- [ RunTime:0.001000s ]

[ 2016-07-31T12:46:55+08:00 ] ::1 /luoji/index.php/Home/Content/index/type/article/articleId/23.html
INFO: [ app_init ] --START--
INFO: Run Behavior\BuildLiteBehavior [ RunTime:0.000000s ]
INFO: [ app_init ] --END-- [ RunTime:0.002000s ]
INFO: [ app_begin ] --START--
INFO: Run Behavior\ReadHtmlCacheBehavior [ RunTime:0.002000s ]
INFO: [ app_begin ] --END-- [ RunTime:0.002000s ]
SQL: SHOW COLUMNS FROM `category` [ RunTime:0.0200s ]
SQL: SELECT * FROM `category` WHERE ( level=1 ) ORDER BY `index`  [ RunTime:0.0000s ]
SQL: SELECT * FROM `category` WHERE ( level=2 ) ORDER BY `parent`,`index`  [ RunTime:0.0000s ]
SQL: SHOW COLUMNS FROM `article` [ RunTime:0.0070s ]
SQL: SHOW COLUMNS FROM `user` [ RunTime:0.0050s ]
SQL: SELECT Article.id AS article_id,Article.mainimage AS mainimage,Article.coverimage AS coverimage,Article.maintitle AS maintitle,Article.subhead AS subhead,Article.introduction AS article_introduction,Article.author AS author,Article.categoryid AS categoryid,Article.collectnum AS collectnum,Article.readnum AS readnum,Article.createtime AS article_createtime,User.id AS user_id,User.username AS username,User.password AS password,User.nickname AS nickname,User.headimage AS headimage,User.rank AS rank,User.jobs AS jobs,User.company AS company,User.introduction AS user_introduction,User.createtime AS user_createtime FROM article Article LEFT JOIN user User ON Article.author=User.id WHERE Article.id = '23' LIMIT 1   [ RunTime:0.0010s ]
INFO: [ view_parse ] --START--
INFO: [ template_filter ] --START--
INFO: Run Behavior\ContentReplaceBehavior [ RunTime:0.000000s ]
INFO: [ template_filter ] --END-- [ RunTime:0.001000s ]
NOTIC: [8] Undefined index: sub G:\wamp\www\luoji\Application\Runtime\Cache\Home\05c25a47e280706f416be77c1b8978f8.php 第 20 行.
NOTIC: [8] Use of undefined constant count - assumed 'count' G:\wamp\www\luoji\Application\Runtime\Cache\Home\05c25a47e280706f416be77c1b8978f8.php 第 20 行.
NOTIC: [8] Use of undefined constant count - assumed 'count' G:\wamp\www\luoji\Application\Runtime\Cache\Home\05c25a47e280706f416be77c1b8978f8.php 第 20 行.
NOTIC: [8] Use of undefined constant count - assumed 'count' G:\wamp\www\luoji\Application\Runtime\Cache\Home\05c25a47e280706f416be77c1b8978f8.php 第 20 行.
NOTIC: [8] Use of undefined constant count - assumed 'count' G:\wamp\www\luoji\Application\Runtime\Cache\Home\05c25a47e280706f416be77c1b8978f8.php 第 20 行.
NOTIC: [8] Undefined index: sub G:\wamp\www\luoji\Application\Runtime\Cache\Home\05c25a47e280706f416be77c1b8978f8.php 第 20 行.
NOTIC: [8] Use of undefined constant count - assumed 'count' G:\wamp\www\luoji\Application\Runtime\Cache\Home\05c25a47e280706f416be77c1b8978f8.php 第 20 行.
SQL: SHOW COLUMNS FROM `special` [ RunTime:0.0060s ]
SQL: SELECT * FROM `special` ORDER BY readnum desc LIMIT 5   [ RunTime:0.0010s ]
INFO: [ view_parse ] --START--
INFO: [ template_filter ] --START--
INFO: Run Behavior\ContentReplaceBehavior [ RunTime:0.001000s ]
INFO: [ template_filter ] --END-- [ RunTime:-0.019001s ]
INFO: Run Behavior\ParseTemplateBehavior [ RunTime:0.004000s ]
INFO: [ view_parse ] --END-- [ RunTime:0.004000s ]
INFO: [ view_filter ] --START--
INFO: Run Behavior\WriteHtmlCacheBehavior [ RunTime:0.000000s ]
INFO: [ view_filter ] --END-- [ RunTime:0.000000s ]
SQL: SELECT * FROM `article` ORDER BY readnum desc LIMIT 8   [ RunTime:0.0010s ]
INFO: [ view_parse ] --START--
INFO: [ template_filter ] --START--
INFO: Run Behavior\ContentReplaceBehavior [ RunTime:0.000000s ]
INFO: [ template_filter ] --END-- [ RunTime:-0.030002s ]
NOTIC: [8] Undefined offset: 3 G:\wamp\www\luoji\Application\Runtime\Cache\Home\2ac6c1276904b87404ed678dbabb985c.php 第 11 行.
NOTIC: [8] Undefined offset: 4 G:\wamp\www\luoji\Application\Runtime\Cache\Home\2ac6c1276904b87404ed678dbabb985c.php 第 11 行.
NOTIC: [8] Undefined offset: 5 G:\wamp\www\luoji\Application\Runtime\Cache\Home\2ac6c1276904b87404ed678dbabb985c.php 第 11 行.
NOTIC: [8] Undefined offset: 6 G:\wamp\www\luoji\Application\Runtime\Cache\Home\2ac6c1276904b87404ed678dbabb985c.php 第 11 行.
NOTIC: [8] Undefined offset: 7 G:\wamp\www\luoji\Application\Runtime\Cache\Home\2ac6c1276904b87404ed678dbabb985c.php 第 11 行.
INFO: Run Behavior\ParseTemplateBehavior [ RunTime:0.005000s ]
INFO: [ view_parse ] --END-- [ RunTime:-0.006001s ]
INFO: [ view_filter ] --START--
INFO: Run Behavior\WriteHtmlCacheBehavior [ RunTime:0.000000s ]
INFO: [ view_filter ] --END-- [ RunTime:-0.011001s ]
INFO: Run Behavior\ParseTemplateBehavior [ RunTime:0.006000s ]
INFO: [ view_parse ] --END-- [ RunTime:-0.006001s ]
INFO: [ view_filter ] --START--
INFO: Run Behavior\WriteHtmlCacheBehavior [ RunTime:0.000000s ]
INFO: [ view_filter ] --END-- [ RunTime:-0.011001s ]
SQL: UPDATE `article` SET `readnum`=readnum+2 WHERE `id` = '23' [ RunTime:0.4330s ]
INFO: [ app_end ] --START--
INFO: Run Behavior\ShowPageTraceBehavior [ RunTime:0.005000s ]
INFO: [ app_end ] --END-- [ RunTime:0.006000s ]

[ 2016-07-31T12:47:16+08:00 ] ::1 /luoji/index.php/Home/Album/index/specialId/1.html
INFO: [ app_init ] --START--
INFO: Run Behavior\BuildLiteBehavior [ RunTime:0.000000s ]
INFO: [ app_init ] --END-- [ RunTime:0.001000s ]
INFO: [ app_begin ] --START--
INFO: Run Behavior\ReadHtmlCacheBehavior [ RunTime:0.000000s ]
INFO: [ app_begin ] --END-- [ RunTime:0.001000s ]
SQL: SHOW COLUMNS FROM `category` [ RunTime:0.0080s ]
SQL: SELECT * FROM `category` WHERE ( level=1 ) ORDER BY `index`  [ RunTime:0.0010s ]
SQL: SELECT * FROM `category` WHERE ( level=2 ) ORDER BY `parent`,`index`  [ RunTime:0.0000s ]
SQL: SHOW COLUMNS FROM `special` [ RunTime:1.0641s ]
SQL: SELECT * FROM `special` WHERE `id` = '1' LIMIT 1   [ RunTime:0.0010s ]
NOTIC: [8] Undefined index: p G:\wamp\www\luoji\Application\Home\Controller\AlbumController.class.php 第 7 行.
SQL: SHOW COLUMNS FROM `include` [ RunTime:0.6670s ]
SQL: SHOW COLUMNS FROM `article` [ RunTime:0.0140s ]
SQL: SELECT Special.id AS special_id,Special.maintitle AS specical_maintitle,Special.subhead AS specical_subhead,Special.introduction AS specical_introduction,Special.coverimage AS specical_coverimage,Special.categoryid AS specical_categoryid,Special.createtime AS specical_createtime,Include.createtime AS include_createtime,Article.id AS article_id,Article.mainimage AS mainimage,Article.coverimage AS article_coverimage,Article.maintitle AS article_maintitle,Article.subhead AS article_subhead,Article.introduction AS article_introduction,Article.author AS author,Article.categoryid AS article_categoryid,Article.collectnum AS collectnum,Article.readnum AS readnum,Article.createtime AS article_createtime FROM special Special RIGHT JOIN include Include ON Special.id=Include.special_id LEFT JOIN article Article ON Article.id=Include.article_id WHERE Special.id = '1' LIMIT 0,8   [ RunTime:0.5070s ]
SQL: SELECT * FROM `category` WHERE `id` = '1' LIMIT 1   [ RunTime:0.0010s ]
SQL: SHOW COLUMNS FROM `user` [ RunTime:0.0140s ]
SQL: SELECT * FROM `user` WHERE `id` = '12' LIMIT 1   [ RunTime:0.0010s ]
SQL: SELECT * FROM `category` WHERE `id` = '11' LIMIT 1   [ RunTime:0.0010s ]
SQL: SELECT * FROM `user` WHERE `id` = '12' LIMIT 1   [ RunTime:0.0000s ]
SQL: SELECT * FROM `category` WHERE `id` = '10' LIMIT 1   [ RunTime:0.0010s ]
SQL: SELECT * FROM `user` WHERE `id` = '12' LIMIT 1   [ RunTime:0.0010s ]
SQL: SELECT COUNT(*) AS tp_count FROM special Special RIGHT JOIN include Include ON Special.id=Include.special_id LEFT JOIN article Article ON Article.id=Include.article_id WHERE Special.id = '1' LIMIT 1   [ RunTime:0.0010s ]
NOTIC: [2] urlencode() expects parameter 1 to be string, array given G:\wamp\www\luoji\Application\Home\Controller\AlbumController.class.php 第 84 行.
INFO: [ view_parse ] --START--
INFO: [ template_filter ] --START--
INFO: Run Behavior\ContentReplaceBehavior [ RunTime:0.000000s ]
INFO: [ template_filter ] --END-- [ RunTime:0.001000s ]
NOTIC: [8] Undefined index: sub G:\wamp\www\luoji\Application\Runtime\Cache\Home\08e5361cb4cd21b916dc7e31b96a4be4.php 第 20 行.
NOTIC: [8] Use of undefined constant count - assumed 'count' G:\wamp\www\luoji\Application\Runtime\Cache\Home\08e5361cb4cd21b916dc7e31b96a4be4.php 第 20 行.
NOTIC: [8] Use of undefined constant count - assumed 'count' G:\wamp\www\luoji\Application\Runtime\Cache\Home\08e5361cb4cd21b916dc7e31b96a4be4.php 第 20 行.
NOTIC: [8] Use of undefined constant count - assumed 'count' G:\wamp\www\luoji\Application\Runtime\Cache\Home\08e5361cb4cd21b916dc7e31b96a4be4.php 第 20 行.
NOTIC: [8] Use of undefined constant count - assumed 'count' G:\wamp\www\luoji\Application\Runtime\Cache\Home\08e5361cb4cd21b916dc7e31b96a4be4.php 第 20 行.
NOTIC: [8] Undefined index: sub G:\wamp\www\luoji\Application\Runtime\Cache\Home\08e5361cb4cd21b916dc7e31b96a4be4.php 第 20 行.
NOTIC: [8] Use of undefined constant count - assumed 'count' G:\wamp\www\luoji\Application\Runtime\Cache\Home\08e5361cb4cd21b916dc7e31b96a4be4.php 第 20 行.
SQL: SELECT * FROM `special` ORDER BY readnum desc LIMIT 5   [ RunTime:0.0010s ]
INFO: [ view_parse ] --START--
INFO: [ template_filter ] --START--
INFO: Run Behavior\ContentReplaceBehavior [ RunTime:0.000000s ]
INFO: [ template_filter ] --END-- [ RunTime:-0.019001s ]
INFO: Run Behavior\ParseTemplateBehavior [ RunTime:0.007001s ]
INFO: [ view_parse ] --END-- [ RunTime:0.007001s ]
INFO: [ view_filter ] --START--
INFO: Run Behavior\WriteHtmlCacheBehavior [ RunTime:0.001000s ]
INFO: [ view_filter ] --END-- [ RunTime:0.001000s ]
SQL: SELECT * FROM `article` ORDER BY readnum desc LIMIT 8   [ RunTime:0.0010s ]
INFO: [ view_parse ] --START--
INFO: [ template_filter ] --START--
INFO: Run Behavior\ContentReplaceBehavior [ RunTime:0.000000s ]
INFO: [ template_filter ] --END-- [ RunTime:-0.031002s ]
NOTIC: [8] Undefined offset: 3 G:\wamp\www\luoji\Application\Runtime\Cache\Home\2ac6c1276904b87404ed678dbabb985c.php 第 11 行.
NOTIC: [8] Undefined offset: 4 G:\wamp\www\luoji\Application\Runtime\Cache\Home\2ac6c1276904b87404ed678dbabb985c.php 第 11 行.
NOTIC: [8] Undefined offset: 5 G:\wamp\www\luoji\Application\Runtime\Cache\Home\2ac6c1276904b87404ed678dbabb985c.php 第 11 行.
NOTIC: [8] Undefined offset: 6 G:\wamp\www\luoji\Application\Runtime\Cache\Home\2ac6c1276904b87404ed678dbabb985c.php 第 11 行.
NOTIC: [8] Undefined offset: 7 G:\wamp\www\luoji\Application\Runtime\Cache\Home\2ac6c1276904b87404ed678dbabb985c.php 第 11 行.
INFO: Run Behavior\ParseTemplateBehavior [ RunTime:0.005000s ]
INFO: [ view_parse ] --END-- [ RunTime:-0.006000s ]
INFO: [ view_filter ] --START--
INFO: Run Behavior\WriteHtmlCacheBehavior [ RunTime:0.000000s ]
INFO: [ view_filter ] --END-- [ RunTime:-0.010000s ]
SQL: SELECT * FROM `user` ORDER BY rank desc LIMIT 5   [ RunTime:0.0010s ]
INFO: [ view_parse ] --START--
INFO: [ template_filter ] --START--
INFO: Run Behavior\ContentReplaceBehavior [ RunTime:0.000000s ]
INFO: [ template_filter ] --END-- [ RunTime:-0.040003s ]
NOTIC: [8] Undefined offset: 2 G:\wamp\www\luoji\Application\Runtime\Cache\Home\9b6c7358f1f609cccd1ab9a879243014.php 第 11 行.
NOTIC: [8] Undefined offset: 3 G:\wamp\www\luoji\Application\Runtime\Cache\Home\9b6c7358f1f609cccd1ab9a879243014.php 第 11 行.
NOTIC: [8] Undefined offset: 4 G:\wamp\www\luoji\Application\Runtime\Cache\Home\9b6c7358f1f609cccd1ab9a879243014.php 第 11 行.
INFO: Run Behavior\ParseTemplateBehavior [ RunTime:0.006001s ]
INFO: [ view_parse ] --END-- [ RunTime:-0.015000s ]
INFO: [ view_filter ] --START--
INFO: Run Behavior\WriteHtmlCacheBehavior [ RunTime:0.000000s ]
INFO: [ view_filter ] --END-- [ RunTime:-0.020001s ]
NOTIC: [8] Undefined offset: 3 G:\wamp\www\luoji\Application\Runtime\Cache\Home\08e5361cb4cd21b916dc7e31b96a4be4.php 第 74 行.
NOTIC: [8] Undefined offset: 4 G:\wamp\www\luoji\Application\Runtime\Cache\Home\08e5361cb4cd21b916dc7e31b96a4be4.php 第 74 行.
NOTIC: [8] Undefined offset: 5 G:\wamp\www\luoji\Application\Runtime\Cache\Home\08e5361cb4cd21b916dc7e31b96a4be4.php 第 74 行.
NOTIC: [8] Undefined offset: 6 G:\wamp\www\luoji\Application\Runtime\Cache\Home\08e5361cb4cd21b916dc7e31b96a4be4.php 第 74 行.
NOTIC: [8] Undefined offset: 7 G:\wamp\www\luoji\Application\Runtime\Cache\Home\08e5361cb4cd21b916dc7e31b96a4be4.php 第 74 行.
INFO: Run Behavior\ParseTemplateBehavior [ RunTime:0.007001s ]
INFO: [ view_parse ] --END-- [ RunTime:-0.015000s ]
INFO: [ view_filter ] --START--
INFO: Run Behavior\WriteHtmlCacheBehavior [ RunTime:0.000000s ]
INFO: [ view_filter ] --END-- [ RunTime:-0.021001s ]
INFO: [ app_end ] --START--
INFO: Run Behavior\ShowPageTraceBehavior [ RunTime:0.001000s ]
INFO: [ app_end ] --END-- [ RunTime:0.001000s ]

