[ 2016-09-12T10:27:55+08:00 ] ::1 /luoji/
INFO: [ app_init ] --START--
INFO: Run Behavior\BuildLiteBehavior [ RunTime:0.000977s ]
INFO: [ app_init ] --END-- [ RunTime:0.004883s ]
INFO: [ app_begin ] --START--
INFO: Run Behavior\ReadHtmlCacheBehavior [ RunTime:0.001953s ]
INFO: [ app_begin ] --END-- [ RunTime:0.003906s ]
NOTIC: [2] Missing argument 1 for Home\Controller\LayoutController::initLayout(), called in D:\wamp\www\luoji\Application\Home\Controller\IndexController.class.php on line 143 and defined D:\wamp\www\luoji\Application\Home\Controller\LayoutController.class.php 第 6 行.
NOTIC: [8] Undefined variable: title D:\wamp\www\luoji\Application\Home\Controller\LayoutController.class.php 第 8 行.
SQL: SHOW COLUMNS FROM `category` [ RunTime:0.2666s ]
SQL: SELECT * FROM `category` WHERE ( level=1 ) ORDER BY `index`  [ RunTime:0.0029s ]
SQL: SELECT * FROM `category` WHERE ( level=2 ) ORDER BY `parent`,`index`  [ RunTime:0.0020s ]
SQL: SHOW COLUMNS FROM `carouselfigure` [ RunTime:0.0986s ]
SQL: SELECT * FROM `carouselfigure` WHERE `show` = 'yes' ORDER BY ordernum asc LIMIT 8   [ RunTime:0.0010s ]
SQL: SHOW COLUMNS FROM `special` [ RunTime:0.0889s ]
SQL: SELECT * FROM `special` LIMIT 5   [ RunTime:0.0010s ]
NOTIC: [8] Undefined index: category D:\wamp\www\luoji\Application\Home\Controller\IndexController.class.php 第 8 行.
SQL: SELECT * FROM `category` WHERE ( level=2 ) ORDER BY `parent`,`index`  [ RunTime:0.0010s ]
NOTIC: [8] Undefined index: p D:\wamp\www\luoji\Application\Home\Controller\IndexController.class.php 第 18 行.
NOTIC: [8] Undefined variable: condition D:\wamp\www\luoji\Application\Home\Controller\IndexController.class.php 第 86 行.
SQL: SHOW COLUMNS FROM `article` [ RunTime:0.0645s ]
SQL: SHOW COLUMNS FROM `user` [ RunTime:0.0693s ]
SQL: SELECT Article.id AS article_id,Article.mainimage AS mainimage,Article.mainimagealt AS mainimagealt,Article.coverimage AS coverimage,Article.maintitle AS maintitle,Article.subhead AS subhead,Article.introduction AS article_introduction,Article.author AS author,Article.categoryid AS categoryid,Article.collectnum AS collectnum,Article.readnum AS readnum,Article.createtime AS article_createtime,User.id AS user_id,User.username AS username,User.password AS password,User.nickname AS nickname,User.headimage AS headimage,User.rank AS rank,User.jobs AS jobs,User.company AS company,User.introduction AS user_introduction,User.createtime AS user_createtime FROM article Article LEFT JOIN user User ON Article.author=User.id LIMIT 0,10   [ RunTime:0.0029s ]
SQL: SELECT * FROM `category` WHERE `id` = '1' LIMIT 1   [ RunTime:0.0146s ]
SQL: SHOW COLUMNS FROM `collect` [ RunTime:0.0488s ]
SQL: SELECT * FROM `collect` WHERE `user_id` = null AND `article_id` = '23' LIMIT 1   [ RunTime:0.0020s ]
SQL: SELECT * FROM `category` WHERE `id` = '11' LIMIT 1   [ RunTime:0.0010s ]
SQL: SELECT * FROM `collect` WHERE `user_id` = null AND `article_id` = '24' LIMIT 1   [ RunTime:0.0010s ]
SQL: SELECT * FROM `category` WHERE `id` = '10' LIMIT 1   [ RunTime:0.0010s ]
SQL: SELECT * FROM `collect` WHERE `user_id` = null AND `article_id` = '25' LIMIT 1   [ RunTime:0.0010s ]
NOTIC: [8] Undefined index: category D:\wamp\www\luoji\Application\Home\Controller\IndexController.class.php 第 8 行.
NOTIC: [8] Undefined variable: condition D:\wamp\www\luoji\Application\Home\Controller\IndexController.class.php 第 133 行.
SQL: SELECT COUNT(*) AS tp_count FROM article Article LEFT JOIN user User ON Article.author=User.id LIMIT 1   [ RunTime:0.0010s ]
NOTIC: [8] Undefined variable: condition D:\wamp\www\luoji\Application\Home\Controller\IndexController.class.php 第 135 行.
NOTIC: [2] Invalid argument supplied for foreach() D:\wamp\www\luoji\Application\Home\Controller\IndexController.class.php 第 135 行.
INFO: [ view_parse ] --START--
INFO: [ template_filter ] --START--
INFO: Run Behavior\ContentReplaceBehavior [ RunTime:0.000977s ]
INFO: [ template_filter ] --END-- [ RunTime:0.003906s ]
NOTIC: [8] Undefined index: sub D:\wamp\www\luoji\Application\Runtime\Cache\Home\2a94b8bda04ff446dcedd42276fc99ee.php 第 20 行.
NOTIC: [8] Use of undefined constant count - assumed 'count' D:\wamp\www\luoji\Application\Runtime\Cache\Home\2a94b8bda04ff446dcedd42276fc99ee.php 第 20 行.
NOTIC: [8] Use of undefined constant count - assumed 'count' D:\wamp\www\luoji\Application\Runtime\Cache\Home\2a94b8bda04ff446dcedd42276fc99ee.php 第 20 行.
NOTIC: [8] Use of undefined constant count - assumed 'count' D:\wamp\www\luoji\Application\Runtime\Cache\Home\2a94b8bda04ff446dcedd42276fc99ee.php 第 20 行.
NOTIC: [8] Use of undefined constant count - assumed 'count' D:\wamp\www\luoji\Application\Runtime\Cache\Home\2a94b8bda04ff446dcedd42276fc99ee.php 第 20 行.
NOTIC: [8] Undefined index: sub D:\wamp\www\luoji\Application\Runtime\Cache\Home\2a94b8bda04ff446dcedd42276fc99ee.php 第 20 行.
NOTIC: [8] Use of undefined constant count - assumed 'count' D:\wamp\www\luoji\Application\Runtime\Cache\Home\2a94b8bda04ff446dcedd42276fc99ee.php 第 20 行.
NOTIC: [8] Undefined offset: 4 D:\wamp\www\luoji\Application\Runtime\Cache\Home\2a94b8bda04ff446dcedd42276fc99ee.php 第 67 行.
NOTIC: [8] Undefined offset: 5 D:\wamp\www\luoji\Application\Runtime\Cache\Home\2a94b8bda04ff446dcedd42276fc99ee.php 第 67 行.
NOTIC: [8] Undefined offset: 6 D:\wamp\www\luoji\Application\Runtime\Cache\Home\2a94b8bda04ff446dcedd42276fc99ee.php 第 67 行.
NOTIC: [8] Undefined offset: 7 D:\wamp\www\luoji\Application\Runtime\Cache\Home\2a94b8bda04ff446dcedd42276fc99ee.php 第 67 行.
NOTIC: [8] Undefined offset: 4 D:\wamp\www\luoji\Application\Runtime\Cache\Home\2a94b8bda04ff446dcedd42276fc99ee.php 第 72 行.
NOTIC: [8] Undefined offset: 5 D:\wamp\www\luoji\Application\Runtime\Cache\Home\2a94b8bda04ff446dcedd42276fc99ee.php 第 72 行.
NOTIC: [8] Undefined offset: 6 D:\wamp\www\luoji\Application\Runtime\Cache\Home\2a94b8bda04ff446dcedd42276fc99ee.php 第 72 行.
NOTIC: [8] Undefined offset: 7 D:\wamp\www\luoji\Application\Runtime\Cache\Home\2a94b8bda04ff446dcedd42276fc99ee.php 第 72 行.
SQL: SELECT * FROM `special` ORDER BY readnum desc LIMIT 5   [ RunTime:0.0010s ]
INFO: [ view_parse ] --START--
INFO: [ template_filter ] --START--
INFO: Run Behavior\ContentReplaceBehavior [ RunTime:0.000976s ]
INFO: [ template_filter ] --END-- [ RunTime:-0.148437s ]
INFO: Run Behavior\ParseTemplateBehavior [ RunTime:0.042969s ]
INFO: [ view_parse ] --END-- [ RunTime:0.044922s ]
INFO: [ view_filter ] --START--
INFO: Run Behavior\WriteHtmlCacheBehavior [ RunTime:0.001953s ]
INFO: [ view_filter ] --END-- [ RunTime:0.002930s ]
SQL: SELECT * FROM `article` ORDER BY readnum desc LIMIT 8   [ RunTime:0.0010s ]
INFO: [ view_parse ] --START--
INFO: [ template_filter ] --START--
INFO: Run Behavior\ContentReplaceBehavior [ RunTime:0.000976s ]
INFO: [ template_filter ] --END-- [ RunTime:-0.222656s ]
NOTIC: [8] Undefined offset: 3 D:\wamp\www\luoji\Application\Runtime\Cache\Home\2ac6c1276904b87404ed678dbabb985c.php 第 11 行.
NOTIC: [8] Undefined offset: 4 D:\wamp\www\luoji\Application\Runtime\Cache\Home\2ac6c1276904b87404ed678dbabb985c.php 第 11 行.
NOTIC: [8] Undefined offset: 5 D:\wamp\www\luoji\Application\Runtime\Cache\Home\2ac6c1276904b87404ed678dbabb985c.php 第 11 行.
NOTIC: [8] Undefined offset: 6 D:\wamp\www\luoji\Application\Runtime\Cache\Home\2ac6c1276904b87404ed678dbabb985c.php 第 11 行.
NOTIC: [8] Undefined offset: 7 D:\wamp\www\luoji\Application\Runtime\Cache\Home\2ac6c1276904b87404ed678dbabb985c.php 第 11 行.
INFO: Run Behavior\ParseTemplateBehavior [ RunTime:0.059570s ]
INFO: [ view_parse ] --END-- [ RunTime:-0.036132s ]
INFO: [ view_filter ] --START--
INFO: Run Behavior\WriteHtmlCacheBehavior [ RunTime:0.000977s ]
INFO: [ view_filter ] --END-- [ RunTime:-0.094726s ]
SQL: SELECT * FROM `user` ORDER BY rank desc LIMIT 5   [ RunTime:0.0010s ]
INFO: [ view_parse ] --START--
INFO: [ template_filter ] --START--
INFO: Run Behavior\ContentReplaceBehavior [ RunTime:0.000976s ]
INFO: [ template_filter ] --END-- [ RunTime:-0.326172s ]
NOTIC: [8] Undefined offset: 2 D:\wamp\www\luoji\Application\Runtime\Cache\Home\9b6c7358f1f609cccd1ab9a879243014.php 第 11 行.
NOTIC: [8] Undefined offset: 3 D:\wamp\www\luoji\Application\Runtime\Cache\Home\9b6c7358f1f609cccd1ab9a879243014.php 第 11 行.
NOTIC: [8] Undefined offset: 4 D:\wamp\www\luoji\Application\Runtime\Cache\Home\9b6c7358f1f609cccd1ab9a879243014.php 第 11 行.
INFO: Run Behavior\ParseTemplateBehavior [ RunTime:0.048828s ]
INFO: [ view_parse ] --END-- [ RunTime:-0.133789s ]
INFO: [ view_filter ] --START--
INFO: Run Behavior\WriteHtmlCacheBehavior [ RunTime:0.000000s ]
INFO: [ view_filter ] --END-- [ RunTime:-0.180664s ]
NOTIC: [8] Undefined offset: 3 D:\wamp\www\luoji\Application\Runtime\Cache\Home\2a94b8bda04ff446dcedd42276fc99ee.php 第 110 行.
NOTIC: [8] Undefined offset: 4 D:\wamp\www\luoji\Application\Runtime\Cache\Home\2a94b8bda04ff446dcedd42276fc99ee.php 第 110 行.
NOTIC: [8] Undefined offset: 5 D:\wamp\www\luoji\Application\Runtime\Cache\Home\2a94b8bda04ff446dcedd42276fc99ee.php 第 110 行.
NOTIC: [8] Undefined offset: 6 D:\wamp\www\luoji\Application\Runtime\Cache\Home\2a94b8bda04ff446dcedd42276fc99ee.php 第 110 行.
NOTIC: [8] Undefined offset: 7 D:\wamp\www\luoji\Application\Runtime\Cache\Home\2a94b8bda04ff446dcedd42276fc99ee.php 第 110 行.
NOTIC: [8] Undefined offset: 8 D:\wamp\www\luoji\Application\Runtime\Cache\Home\2a94b8bda04ff446dcedd42276fc99ee.php 第 110 行.
NOTIC: [8] Undefined offset: 9 D:\wamp\www\luoji\Application\Runtime\Cache\Home\2a94b8bda04ff446dcedd42276fc99ee.php 第 110 行.
INFO: Run Behavior\ParseTemplateBehavior [ RunTime:0.060547s ]
INFO: [ view_parse ] --END-- [ RunTime:-0.133789s ]
INFO: [ view_filter ] --START--
INFO: Run Behavior\WriteHtmlCacheBehavior [ RunTime:0.000000s ]
INFO: [ view_filter ] --END-- [ RunTime:-0.193359s ]
INFO: [ app_end ] --START--
INFO: Run Behavior\ShowPageTraceBehavior [ RunTime:0.002929s ]
INFO: [ app_end ] --END-- [ RunTime:0.004883s ]

[ 2016-09-12T17:23:13+08:00 ] ::1 /luoji/index.php/Home/Index/changeALot
INFO: [ app_init ] --START--
INFO: Run Behavior\BuildLiteBehavior [ RunTime:0.000000s ]
INFO: [ app_init ] --END-- [ RunTime:0.003906s ]
INFO: [ app_begin ] --START--
INFO: Run Behavior\ReadHtmlCacheBehavior [ RunTime:0.002929s ]
INFO: [ app_begin ] --END-- [ RunTime:0.003906s ]
SQL: SHOW COLUMNS FROM `special` [ RunTime:0.4961s ]
SQL: SELECT * FROM `special` LIMIT 5,5   [ RunTime:0.0508s ]
SQL: SELECT COUNT(*) AS tp_count FROM `special` LIMIT 1   [ RunTime:0.0938s ]

[ 2016-09-12T17:23:14+08:00 ] ::1 /luoji/index.php/Home/Index/changeALot
INFO: [ app_init ] --START--
INFO: Run Behavior\BuildLiteBehavior [ RunTime:0.000977s ]
INFO: [ app_init ] --END-- [ RunTime:0.003906s ]
INFO: [ app_begin ] --START--
INFO: Run Behavior\ReadHtmlCacheBehavior [ RunTime:0.002929s ]
INFO: [ app_begin ] --END-- [ RunTime:0.004883s ]
SQL: SHOW COLUMNS FROM `special` [ RunTime:0.0098s ]
SQL: SELECT * FROM `special` LIMIT 5,5   [ RunTime:0.0010s ]
SQL: SELECT COUNT(*) AS tp_count FROM `special` LIMIT 1   [ RunTime:0.0010s ]

[ 2016-09-12T17:23:16+08:00 ] ::1 /luoji/
INFO: [ app_init ] --START--
INFO: Run Behavior\BuildLiteBehavior [ RunTime:0.001953s ]
INFO: [ app_init ] --END-- [ RunTime:0.003906s ]
INFO: [ app_begin ] --START--
INFO: Run Behavior\ReadHtmlCacheBehavior [ RunTime:0.001953s ]
INFO: [ app_begin ] --END-- [ RunTime:0.004883s ]
NOTIC: [2] Missing argument 1 for Home\Controller\LayoutController::initLayout(), called in D:\wamp\www\luoji\Application\Home\Controller\IndexController.class.php on line 143 and defined D:\wamp\www\luoji\Application\Home\Controller\LayoutController.class.php 第 6 行.
NOTIC: [8] Undefined variable: title D:\wamp\www\luoji\Application\Home\Controller\LayoutController.class.php 第 8 行.
SQL: SHOW COLUMNS FROM `category` [ RunTime:0.0254s ]
SQL: SELECT * FROM `category` WHERE ( level=1 ) ORDER BY `index`  [ RunTime:0.0830s ]
SQL: SELECT * FROM `category` WHERE ( level=2 ) ORDER BY `parent`,`index`  [ RunTime:0.0010s ]
SQL: SHOW COLUMNS FROM `carouselfigure` [ RunTime:0.0127s ]
SQL: SELECT * FROM `carouselfigure` WHERE `show` = 'yes' ORDER BY ordernum asc LIMIT 8   [ RunTime:0.0088s ]
SQL: SHOW COLUMNS FROM `special` [ RunTime:0.0059s ]
SQL: SELECT * FROM `special` LIMIT 5   [ RunTime:0.0010s ]
NOTIC: [8] Undefined index: category D:\wamp\www\luoji\Application\Home\Controller\IndexController.class.php 第 8 行.
SQL: SELECT * FROM `category` WHERE ( level=2 ) ORDER BY `parent`,`index`  [ RunTime:0.0010s ]
NOTIC: [8] Undefined index: p D:\wamp\www\luoji\Application\Home\Controller\IndexController.class.php 第 18 行.
NOTIC: [8] Undefined variable: condition D:\wamp\www\luoji\Application\Home\Controller\IndexController.class.php 第 86 行.
SQL: SHOW COLUMNS FROM `article` [ RunTime:0.0137s ]
SQL: SHOW COLUMNS FROM `user` [ RunTime:0.0156s ]
SQL: SELECT Article.id AS article_id,Article.mainimage AS mainimage,Article.mainimagealt AS mainimagealt,Article.coverimage AS coverimage,Article.maintitle AS maintitle,Article.subhead AS subhead,Article.introduction AS article_introduction,Article.author AS author,Article.categoryid AS categoryid,Article.collectnum AS collectnum,Article.readnum AS readnum,Article.createtime AS article_createtime,User.id AS user_id,User.username AS username,User.password AS password,User.nickname AS nickname,User.headimage AS headimage,User.rank AS rank,User.jobs AS jobs,User.company AS company,User.introduction AS user_introduction,User.createtime AS user_createtime FROM article Article LEFT JOIN user User ON Article.author=User.id LIMIT 0,10   [ RunTime:0.0137s ]
SQL: SELECT * FROM `category` WHERE `id` = '1' LIMIT 1   [ RunTime:0.0020s ]
SQL: SHOW COLUMNS FROM `collect` [ RunTime:0.0059s ]
SQL: SELECT * FROM `collect` WHERE `user_id` = null AND `article_id` = '23' LIMIT 1   [ RunTime:0.0010s ]
SQL: SELECT * FROM `category` WHERE `id` = '11' LIMIT 1   [ RunTime:0.0010s ]
SQL: SELECT * FROM `collect` WHERE `user_id` = null AND `article_id` = '24' LIMIT 1   [ RunTime:0.0010s ]
SQL: SELECT * FROM `category` WHERE `id` = '10' LIMIT 1   [ RunTime:0.0010s ]
SQL: SELECT * FROM `collect` WHERE `user_id` = null AND `article_id` = '25' LIMIT 1   [ RunTime:0.0010s ]
NOTIC: [8] Undefined index: category D:\wamp\www\luoji\Application\Home\Controller\IndexController.class.php 第 8 行.
NOTIC: [8] Undefined variable: condition D:\wamp\www\luoji\Application\Home\Controller\IndexController.class.php 第 133 行.
SQL: SELECT COUNT(*) AS tp_count FROM article Article LEFT JOIN user User ON Article.author=User.id LIMIT 1   [ RunTime:0.0000s ]
NOTIC: [8] Undefined variable: condition D:\wamp\www\luoji\Application\Home\Controller\IndexController.class.php 第 135 行.
NOTIC: [2] Invalid argument supplied for foreach() D:\wamp\www\luoji\Application\Home\Controller\IndexController.class.php 第 135 行.
INFO: [ view_parse ] --START--
INFO: [ template_filter ] --START--
INFO: Run Behavior\ContentReplaceBehavior [ RunTime:0.000977s ]
INFO: [ template_filter ] --END-- [ RunTime:0.002929s ]
NOTIC: [8] Undefined index: sub D:\wamp\www\luoji\Application\Runtime\Cache\Home\2a94b8bda04ff446dcedd42276fc99ee.php 第 20 行.
NOTIC: [8] Use of undefined constant count - assumed 'count' D:\wamp\www\luoji\Application\Runtime\Cache\Home\2a94b8bda04ff446dcedd42276fc99ee.php 第 20 行.
NOTIC: [8] Use of undefined constant count - assumed 'count' D:\wamp\www\luoji\Application\Runtime\Cache\Home\2a94b8bda04ff446dcedd42276fc99ee.php 第 20 行.
NOTIC: [8] Use of undefined constant count - assumed 'count' D:\wamp\www\luoji\Application\Runtime\Cache\Home\2a94b8bda04ff446dcedd42276fc99ee.php 第 20 行.
NOTIC: [8] Use of undefined constant count - assumed 'count' D:\wamp\www\luoji\Application\Runtime\Cache\Home\2a94b8bda04ff446dcedd42276fc99ee.php 第 20 行.
NOTIC: [8] Undefined index: sub D:\wamp\www\luoji\Application\Runtime\Cache\Home\2a94b8bda04ff446dcedd42276fc99ee.php 第 20 行.
NOTIC: [8] Use of undefined constant count - assumed 'count' D:\wamp\www\luoji\Application\Runtime\Cache\Home\2a94b8bda04ff446dcedd42276fc99ee.php 第 20 行.
NOTIC: [8] Undefined offset: 4 D:\wamp\www\luoji\Application\Runtime\Cache\Home\2a94b8bda04ff446dcedd42276fc99ee.php 第 67 行.
NOTIC: [8] Undefined offset: 5 D:\wamp\www\luoji\Application\Runtime\Cache\Home\2a94b8bda04ff446dcedd42276fc99ee.php 第 67 行.
NOTIC: [8] Undefined offset: 6 D:\wamp\www\luoji\Application\Runtime\Cache\Home\2a94b8bda04ff446dcedd42276fc99ee.php 第 67 行.
NOTIC: [8] Undefined offset: 7 D:\wamp\www\luoji\Application\Runtime\Cache\Home\2a94b8bda04ff446dcedd42276fc99ee.php 第 67 行.
NOTIC: [8] Undefined offset: 4 D:\wamp\www\luoji\Application\Runtime\Cache\Home\2a94b8bda04ff446dcedd42276fc99ee.php 第 72 行.
NOTIC: [8] Undefined offset: 5 D:\wamp\www\luoji\Application\Runtime\Cache\Home\2a94b8bda04ff446dcedd42276fc99ee.php 第 72 行.
NOTIC: [8] Undefined offset: 6 D:\wamp\www\luoji\Application\Runtime\Cache\Home\2a94b8bda04ff446dcedd42276fc99ee.php 第 72 行.
NOTIC: [8] Undefined offset: 7 D:\wamp\www\luoji\Application\Runtime\Cache\Home\2a94b8bda04ff446dcedd42276fc99ee.php 第 72 行.
SQL: SELECT * FROM `special` ORDER BY readnum desc LIMIT 5   [ RunTime:0.0010s ]
INFO: [ view_parse ] --START--
INFO: [ template_filter ] --START--
INFO: Run Behavior\ContentReplaceBehavior [ RunTime:0.000976s ]
INFO: [ template_filter ] --END-- [ RunTime:-0.173828s ]
INFO: Run Behavior\ParseTemplateBehavior [ RunTime:0.050781s ]
INFO: [ view_parse ] --END-- [ RunTime:0.052735s ]
INFO: [ view_filter ] --START--
INFO: Run Behavior\WriteHtmlCacheBehavior [ RunTime:0.013672s ]
INFO: [ view_filter ] --END-- [ RunTime:0.015625s ]
SQL: SELECT * FROM `article` ORDER BY readnum desc LIMIT 8   [ RunTime:0.0010s ]
INFO: [ view_parse ] --START--
INFO: [ template_filter ] --START--
INFO: Run Behavior\ContentReplaceBehavior [ RunTime:0.000977s ]
INFO: [ template_filter ] --END-- [ RunTime:-0.291016s ]
NOTIC: [8] Undefined offset: 3 D:\wamp\www\luoji\Application\Runtime\Cache\Home\2ac6c1276904b87404ed678dbabb985c.php 第 11 行.
NOTIC: [8] Undefined offset: 4 D:\wamp\www\luoji\Application\Runtime\Cache\Home\2ac6c1276904b87404ed678dbabb985c.php 第 11 行.
NOTIC: [8] Undefined offset: 5 D:\wamp\www\luoji\Application\Runtime\Cache\Home\2ac6c1276904b87404ed678dbabb985c.php 第 11 行.
NOTIC: [8] Undefined offset: 6 D:\wamp\www\luoji\Application\Runtime\Cache\Home\2ac6c1276904b87404ed678dbabb985c.php 第 11 行.
NOTIC: [8] Undefined offset: 7 D:\wamp\www\luoji\Application\Runtime\Cache\Home\2ac6c1276904b87404ed678dbabb985c.php 第 11 行.
INFO: Run Behavior\ParseTemplateBehavior [ RunTime:0.048828s ]
INFO: [ view_parse ] --END-- [ RunTime:-0.069335s ]
INFO: [ view_filter ] --START--
INFO: Run Behavior\WriteHtmlCacheBehavior [ RunTime:0.000977s ]
INFO: [ view_filter ] --END-- [ RunTime:-0.105469s ]
SQL: SELECT * FROM `user` ORDER BY rank desc LIMIT 5   [ RunTime:0.0010s ]
INFO: [ view_parse ] --START--
INFO: [ template_filter ] --START--
INFO: Run Behavior\ContentReplaceBehavior [ RunTime:0.000977s ]
INFO: [ template_filter ] --END-- [ RunTime:-0.420899s ]
NOTIC: [8] Undefined offset: 2 D:\wamp\www\luoji\Application\Runtime\Cache\Home\9b6c7358f1f609cccd1ab9a879243014.php 第 11 行.
NOTIC: [8] Undefined offset: 3 D:\wamp\www\luoji\Application\Runtime\Cache\Home\9b6c7358f1f609cccd1ab9a879243014.php 第 11 行.
NOTIC: [8] Undefined offset: 4 D:\wamp\www\luoji\Application\Runtime\Cache\Home\9b6c7358f1f609cccd1ab9a879243014.php 第 11 行.
INFO: Run Behavior\ParseTemplateBehavior [ RunTime:0.083985s ]
INFO: [ view_parse ] --END-- [ RunTime:-0.189453s ]
INFO: [ view_filter ] --START--
INFO: Run Behavior\WriteHtmlCacheBehavior [ RunTime:0.000977s ]
INFO: [ view_filter ] --END-- [ RunTime:-0.261719s ]
NOTIC: [8] Undefined offset: 3 D:\wamp\www\luoji\Application\Runtime\Cache\Home\2a94b8bda04ff446dcedd42276fc99ee.php 第 110 行.
NOTIC: [8] Undefined offset: 4 D:\wamp\www\luoji\Application\Runtime\Cache\Home\2a94b8bda04ff446dcedd42276fc99ee.php 第 110 行.
NOTIC: [8] Undefined offset: 5 D:\wamp\www\luoji\Application\Runtime\Cache\Home\2a94b8bda04ff446dcedd42276fc99ee.php 第 110 行.
NOTIC: [8] Undefined offset: 6 D:\wamp\www\luoji\Application\Runtime\Cache\Home\2a94b8bda04ff446dcedd42276fc99ee.php 第 110 行.
NOTIC: [8] Undefined offset: 7 D:\wamp\www\luoji\Application\Runtime\Cache\Home\2a94b8bda04ff446dcedd42276fc99ee.php 第 110 行.
NOTIC: [8] Undefined offset: 8 D:\wamp\www\luoji\Application\Runtime\Cache\Home\2a94b8bda04ff446dcedd42276fc99ee.php 第 110 行.
NOTIC: [8] Undefined offset: 9 D:\wamp\www\luoji\Application\Runtime\Cache\Home\2a94b8bda04ff446dcedd42276fc99ee.php 第 110 行.
INFO: Run Behavior\ParseTemplateBehavior [ RunTime:0.106446s ]
INFO: [ view_parse ] --END-- [ RunTime:-0.189453s ]
INFO: [ view_filter ] --START--
INFO: Run Behavior\WriteHtmlCacheBehavior [ RunTime:0.000976s ]
INFO: [ view_filter ] --END-- [ RunTime:-0.283203s ]
INFO: [ app_end ] --START--
INFO: Run Behavior\ShowPageTraceBehavior [ RunTime:0.031250s ]
INFO: [ app_end ] --END-- [ RunTime:0.033203s ]

[ 2016-09-12T17:23:19+08:00 ] ::1 /luoji/index.php/Home/Index/changeALot
INFO: [ app_init ] --START--
INFO: Run Behavior\BuildLiteBehavior [ RunTime:0.000976s ]
INFO: [ app_init ] --END-- [ RunTime:0.002930s ]
INFO: [ app_begin ] --START--
INFO: Run Behavior\ReadHtmlCacheBehavior [ RunTime:0.001954s ]
INFO: [ app_begin ] --END-- [ RunTime:0.002930s ]
SQL: SHOW COLUMNS FROM `special` [ RunTime:0.0156s ]
SQL: SELECT * FROM `special` LIMIT 5,5   [ RunTime:0.0010s ]
SQL: SELECT COUNT(*) AS tp_count FROM `special` LIMIT 1   [ RunTime:0.0010s ]

[ 2016-09-12T17:23:24+08:00 ] ::1 /luoji/index.php/Home/Index/changeALot
INFO: [ app_init ] --START--
INFO: Run Behavior\BuildLiteBehavior [ RunTime:0.000000s ]
INFO: [ app_init ] --END-- [ RunTime:0.001953s ]
INFO: [ app_begin ] --START--
INFO: Run Behavior\ReadHtmlCacheBehavior [ RunTime:0.001954s ]
INFO: [ app_begin ] --END-- [ RunTime:0.002930s ]
SQL: SHOW COLUMNS FROM `special` [ RunTime:0.0059s ]
SQL: SELECT * FROM `special` LIMIT 0,5   [ RunTime:0.0010s ]
SQL: SELECT COUNT(*) AS tp_count FROM `special` LIMIT 1   [ RunTime:0.0000s ]

