[ 2016-09-15T20:13:13+08:00 ] ::1 /luoji/
INFO: [ app_init ] --START--
INFO: Run Behavior\BuildLiteBehavior [ RunTime:0.000000s ]
INFO: [ app_init ] --END-- [ RunTime:0.001000s ]
INFO: [ app_begin ] --START--
INFO: Run Behavior\ReadHtmlCacheBehavior [ RunTime:0.001000s ]
INFO: [ app_begin ] --END-- [ RunTime:0.001000s ]
NOTIC: [2] Missing argument 1 for Home\Controller\LayoutController::initLayout(), called in G:\wamp\www\luoji\Application\Home\Controller\IndexController.class.php on line 143 and defined G:\wamp\www\luoji\Application\Home\Controller\LayoutController.class.php 第 6 行.
NOTIC: [8] Undefined variable: title G:\wamp\www\luoji\Application\Home\Controller\LayoutController.class.php 第 8 行.
SQL: SHOW COLUMNS FROM `category` [ RunTime:0.0050s ]
SQL: SELECT * FROM `category` WHERE ( level=1 ) ORDER BY `index`  [ RunTime:0.3160s ]
SQL: SELECT * FROM `category` WHERE ( level=2 ) ORDER BY `parent`,`index`  [ RunTime:0.0010s ]
SQL: SHOW COLUMNS FROM `carouselfigure` [ RunTime:0.0520s ]
SQL: SELECT * FROM `carouselfigure` WHERE `show` = 'yes' ORDER BY ordernum asc LIMIT 8   [ RunTime:0.0000s ]
SQL: SHOW COLUMNS FROM `special` [ RunTime:0.0410s ]
SQL: SELECT * FROM `special` LIMIT 5   [ RunTime:0.0550s ]
NOTIC: [8] Undefined index: category G:\wamp\www\luoji\Application\Home\Controller\IndexController.class.php 第 8 行.
SQL: SELECT * FROM `category` WHERE ( level=2 ) ORDER BY `parent`,`index`  [ RunTime:0.0010s ]
NOTIC: [8] Undefined index: p G:\wamp\www\luoji\Application\Home\Controller\IndexController.class.php 第 18 行.
NOTIC: [8] Undefined variable: condition G:\wamp\www\luoji\Application\Home\Controller\IndexController.class.php 第 86 行.
SQL: SHOW COLUMNS FROM `article` [ RunTime:0.0380s ]
SQL: SHOW COLUMNS FROM `user` [ RunTime:0.0160s ]
SQL: SELECT Article.id AS article_id,Article.mainimage AS mainimage,Article.mainimagealt AS mainimagealt,Article.coverimage AS coverimage,Article.maintitle AS maintitle,Article.subhead AS subhead,Article.introduction AS article_introduction,Article.author AS author,Article.categoryid AS categoryid,Article.collectnum AS collectnum,Article.readnum AS readnum,Article.createtime AS article_createtime,User.id AS user_id,User.username AS username,User.password AS password,User.nickname AS nickname,User.headimage AS headimage,User.rank AS rank,User.jobs AS jobs,User.company AS company,User.introduction AS user_introduction,User.createtime AS user_createtime FROM article Article LEFT JOIN user User ON Article.author=User.id LIMIT 0,10   [ RunTime:0.3190s ]
SQL: SELECT * FROM `category` WHERE `id` = '1' LIMIT 1   [ RunTime:0.0010s ]
SQL: SHOW COLUMNS FROM `collect` [ RunTime:0.0150s ]
SQL: SELECT * FROM `collect` WHERE `user_id` = '1' AND `article_id` = '23' LIMIT 1   [ RunTime:0.0480s ]
SQL: SELECT * FROM `category` WHERE `id` = '11' LIMIT 1   [ RunTime:0.0020s ]
SQL: SELECT * FROM `collect` WHERE `user_id` = '1' AND `article_id` = '24' LIMIT 1   [ RunTime:0.0010s ]
SQL: SELECT * FROM `category` WHERE `id` = '10' LIMIT 1   [ RunTime:0.0010s ]
SQL: SELECT * FROM `collect` WHERE `user_id` = '1' AND `article_id` = '25' LIMIT 1   [ RunTime:0.0010s ]
NOTIC: [8] Undefined index: category G:\wamp\www\luoji\Application\Home\Controller\IndexController.class.php 第 8 行.
NOTIC: [8] Undefined variable: condition G:\wamp\www\luoji\Application\Home\Controller\IndexController.class.php 第 133 行.
SQL: SELECT COUNT(*) AS tp_count FROM article Article LEFT JOIN user User ON Article.author=User.id LIMIT 1   [ RunTime:0.0620s ]
NOTIC: [8] Undefined variable: condition G:\wamp\www\luoji\Application\Home\Controller\IndexController.class.php 第 135 行.
NOTIC: [2] Invalid argument supplied for foreach() G:\wamp\www\luoji\Application\Home\Controller\IndexController.class.php 第 135 行.
INFO: [ view_parse ] --START--
INFO: [ template_filter ] --START--
INFO: Run Behavior\ContentReplaceBehavior [ RunTime:0.000000s ]
INFO: [ template_filter ] --END-- [ RunTime:0.001000s ]
NOTIC: [8] Undefined index: sub G:\wamp\www\luoji\Application\Runtime\Cache\Home\2a94b8bda04ff446dcedd42276fc99ee.php 第 20 行.
NOTIC: [8] Use of undefined constant count - assumed 'count' G:\wamp\www\luoji\Application\Runtime\Cache\Home\2a94b8bda04ff446dcedd42276fc99ee.php 第 20 行.
NOTIC: [8] Use of undefined constant count - assumed 'count' G:\wamp\www\luoji\Application\Runtime\Cache\Home\2a94b8bda04ff446dcedd42276fc99ee.php 第 20 行.
NOTIC: [8] Use of undefined constant count - assumed 'count' G:\wamp\www\luoji\Application\Runtime\Cache\Home\2a94b8bda04ff446dcedd42276fc99ee.php 第 20 行.
NOTIC: [8] Use of undefined constant count - assumed 'count' G:\wamp\www\luoji\Application\Runtime\Cache\Home\2a94b8bda04ff446dcedd42276fc99ee.php 第 20 行.
NOTIC: [8] Undefined index: sub G:\wamp\www\luoji\Application\Runtime\Cache\Home\2a94b8bda04ff446dcedd42276fc99ee.php 第 20 行.
NOTIC: [8] Use of undefined constant count - assumed 'count' G:\wamp\www\luoji\Application\Runtime\Cache\Home\2a94b8bda04ff446dcedd42276fc99ee.php 第 20 行.
NOTIC: [8] Undefined offset: 4 G:\wamp\www\luoji\Application\Runtime\Cache\Home\2a94b8bda04ff446dcedd42276fc99ee.php 第 67 行.
NOTIC: [8] Undefined offset: 5 G:\wamp\www\luoji\Application\Runtime\Cache\Home\2a94b8bda04ff446dcedd42276fc99ee.php 第 67 行.
NOTIC: [8] Undefined offset: 6 G:\wamp\www\luoji\Application\Runtime\Cache\Home\2a94b8bda04ff446dcedd42276fc99ee.php 第 67 行.
NOTIC: [8] Undefined offset: 7 G:\wamp\www\luoji\Application\Runtime\Cache\Home\2a94b8bda04ff446dcedd42276fc99ee.php 第 67 行.
NOTIC: [8] Undefined offset: 4 G:\wamp\www\luoji\Application\Runtime\Cache\Home\2a94b8bda04ff446dcedd42276fc99ee.php 第 72 行.
NOTIC: [8] Undefined offset: 5 G:\wamp\www\luoji\Application\Runtime\Cache\Home\2a94b8bda04ff446dcedd42276fc99ee.php 第 72 行.
NOTIC: [8] Undefined offset: 6 G:\wamp\www\luoji\Application\Runtime\Cache\Home\2a94b8bda04ff446dcedd42276fc99ee.php 第 72 行.
NOTIC: [8] Undefined offset: 7 G:\wamp\www\luoji\Application\Runtime\Cache\Home\2a94b8bda04ff446dcedd42276fc99ee.php 第 72 行.
SQL: SELECT * FROM `special` ORDER BY readnum desc LIMIT 5   [ RunTime:0.0010s ]
INFO: [ view_parse ] --START--
INFO: [ template_filter ] --START--
INFO: Run Behavior\ContentReplaceBehavior [ RunTime:0.000000s ]
INFO: [ template_filter ] --END-- [ RunTime:-0.456026s ]
INFO: Run Behavior\ParseTemplateBehavior [ RunTime:0.144008s ]
INFO: [ view_parse ] --END-- [ RunTime:0.145008s ]
INFO: [ view_filter ] --START--
INFO: Run Behavior\WriteHtmlCacheBehavior [ RunTime:0.001000s ]
INFO: [ view_filter ] --END-- [ RunTime:0.003000s ]
SQL: SELECT * FROM `article` ORDER BY readnum desc LIMIT 8   [ RunTime:0.0020s ]
INFO: [ view_parse ] --START--
INFO: [ template_filter ] --START--
INFO: Run Behavior\ContentReplaceBehavior [ RunTime:0.000000s ]
INFO: [ template_filter ] --END-- [ RunTime:-0.592034s ]
NOTIC: [8] Undefined offset: 3 G:\wamp\www\luoji\Application\Runtime\Cache\Home\2ac6c1276904b87404ed678dbabb985c.php 第 11 行.
NOTIC: [8] Undefined offset: 4 G:\wamp\www\luoji\Application\Runtime\Cache\Home\2ac6c1276904b87404ed678dbabb985c.php 第 11 行.
NOTIC: [8] Undefined offset: 5 G:\wamp\www\luoji\Application\Runtime\Cache\Home\2ac6c1276904b87404ed678dbabb985c.php 第 11 行.
NOTIC: [8] Undefined offset: 6 G:\wamp\www\luoji\Application\Runtime\Cache\Home\2ac6c1276904b87404ed678dbabb985c.php 第 11 行.
NOTIC: [8] Undefined offset: 7 G:\wamp\www\luoji\Application\Runtime\Cache\Home\2ac6c1276904b87404ed678dbabb985c.php 第 11 行.
INFO: Run Behavior\ParseTemplateBehavior [ RunTime:0.015001s ]
INFO: [ view_parse ] --END-- [ RunTime:-0.118007s ]
INFO: [ view_filter ] --START--
INFO: Run Behavior\WriteHtmlCacheBehavior [ RunTime:0.000000s ]
INFO: [ view_filter ] --END-- [ RunTime:-0.131008s ]
SQL: SELECT * FROM `user` ORDER BY rank desc LIMIT 5   [ RunTime:0.0010s ]
INFO: [ view_parse ] --START--
INFO: [ template_filter ] --START--
INFO: Run Behavior\ContentReplaceBehavior [ RunTime:0.000000s ]
INFO: [ template_filter ] --END-- [ RunTime:-0.796046s ]
NOTIC: [8] Undefined offset: 3 G:\wamp\www\luoji\Application\Runtime\Cache\Home\9b6c7358f1f609cccd1ab9a879243014.php 第 11 行.
NOTIC: [8] Undefined offset: 4 G:\wamp\www\luoji\Application\Runtime\Cache\Home\9b6c7358f1f609cccd1ab9a879243014.php 第 11 行.
INFO: Run Behavior\ParseTemplateBehavior [ RunTime:0.125007s ]
INFO: [ view_parse ] --END-- [ RunTime:-0.212012s ]
INFO: [ view_filter ] --START--
INFO: Run Behavior\WriteHtmlCacheBehavior [ RunTime:0.000000s ]
INFO: [ view_filter ] --END-- [ RunTime:-0.335019s ]
NOTIC: [8] Undefined offset: 3 G:\wamp\www\luoji\Application\Runtime\Cache\Home\2a94b8bda04ff446dcedd42276fc99ee.php 第 110 行.
NOTIC: [8] Undefined offset: 4 G:\wamp\www\luoji\Application\Runtime\Cache\Home\2a94b8bda04ff446dcedd42276fc99ee.php 第 110 行.
NOTIC: [8] Undefined offset: 5 G:\wamp\www\luoji\Application\Runtime\Cache\Home\2a94b8bda04ff446dcedd42276fc99ee.php 第 110 行.
NOTIC: [8] Undefined offset: 6 G:\wamp\www\luoji\Application\Runtime\Cache\Home\2a94b8bda04ff446dcedd42276fc99ee.php 第 110 行.
NOTIC: [8] Undefined offset: 7 G:\wamp\www\luoji\Application\Runtime\Cache\Home\2a94b8bda04ff446dcedd42276fc99ee.php 第 110 行.
NOTIC: [8] Undefined offset: 8 G:\wamp\www\luoji\Application\Runtime\Cache\Home\2a94b8bda04ff446dcedd42276fc99ee.php 第 110 行.
NOTIC: [8] Undefined offset: 9 G:\wamp\www\luoji\Application\Runtime\Cache\Home\2a94b8bda04ff446dcedd42276fc99ee.php 第 110 行.
INFO: Run Behavior\ParseTemplateBehavior [ RunTime:0.128007s ]
INFO: [ view_parse ] --END-- [ RunTime:-0.212012s ]
INFO: [ view_filter ] --START--
INFO: Run Behavior\WriteHtmlCacheBehavior [ RunTime:0.000000s ]
INFO: [ view_filter ] --END-- [ RunTime:-0.338020s ]
INFO: [ app_end ] --START--
INFO: Run Behavior\ShowPageTraceBehavior [ RunTime:0.002000s ]
INFO: [ app_end ] --END-- [ RunTime:0.003000s ]

[ 2016-09-15T20:17:32+08:00 ] ::1 /luoji/
INFO: [ app_init ] --START--
INFO: Run Behavior\BuildLiteBehavior [ RunTime:0.000000s ]
INFO: [ app_init ] --END-- [ RunTime:0.001000s ]
INFO: [ app_begin ] --START--
INFO: Run Behavior\ReadHtmlCacheBehavior [ RunTime:0.001000s ]
INFO: [ app_begin ] --END-- [ RunTime:0.001000s ]
NOTIC: [2] Missing argument 1 for Home\Controller\LayoutController::initLayout(), called in G:\wamp\www\luoji\Application\Home\Controller\IndexController.class.php on line 143 and defined G:\wamp\www\luoji\Application\Home\Controller\LayoutController.class.php 第 6 行.
NOTIC: [8] Undefined variable: title G:\wamp\www\luoji\Application\Home\Controller\LayoutController.class.php 第 8 行.
SQL: SHOW COLUMNS FROM `category` [ RunTime:0.0080s ]
SQL: SELECT * FROM `category` WHERE ( level=1 ) ORDER BY `index`  [ RunTime:0.0010s ]
SQL: SELECT * FROM `category` WHERE ( level=2 ) ORDER BY `parent`,`index`  [ RunTime:0.0000s ]
SQL: SHOW COLUMNS FROM `carouselfigure` [ RunTime:0.0100s ]
SQL: SELECT * FROM `carouselfigure` WHERE `show` = 'yes' ORDER BY ordernum asc LIMIT 8   [ RunTime:0.0010s ]
SQL: SHOW COLUMNS FROM `special` [ RunTime:0.0080s ]
SQL: SELECT * FROM `special` LIMIT 5   [ RunTime:0.0010s ]
NOTIC: [8] Undefined index: category G:\wamp\www\luoji\Application\Home\Controller\IndexController.class.php 第 8 行.
SQL: SELECT * FROM `category` WHERE ( level=2 ) ORDER BY `parent`,`index`  [ RunTime:0.0010s ]
NOTIC: [8] Undefined index: p G:\wamp\www\luoji\Application\Home\Controller\IndexController.class.php 第 18 行.
NOTIC: [8] Undefined variable: condition G:\wamp\www\luoji\Application\Home\Controller\IndexController.class.php 第 86 行.
SQL: SHOW COLUMNS FROM `article` [ RunTime:0.0060s ]
SQL: SHOW COLUMNS FROM `user` [ RunTime:0.0060s ]
SQL: SELECT Article.id AS article_id,Article.mainimage AS mainimage,Article.mainimagealt AS mainimagealt,Article.coverimage AS coverimage,Article.maintitle AS maintitle,Article.subhead AS subhead,Article.introduction AS article_introduction,Article.author AS author,Article.categoryid AS categoryid,Article.collectnum AS collectnum,Article.readnum AS readnum,Article.createtime AS article_createtime,User.id AS user_id,User.username AS username,User.password AS password,User.nickname AS nickname,User.headimage AS headimage,User.rank AS rank,User.jobs AS jobs,User.company AS company,User.introduction AS user_introduction,User.createtime AS user_createtime FROM article Article LEFT JOIN user User ON Article.author=User.id LIMIT 0,10   [ RunTime:0.0010s ]
SQL: SELECT * FROM `category` WHERE `id` = '1' LIMIT 1   [ RunTime:0.0000s ]
SQL: SHOW COLUMNS FROM `collect` [ RunTime:0.0050s ]
SQL: SELECT * FROM `collect` WHERE `user_id` = '1' AND `article_id` = '23' LIMIT 1   [ RunTime:0.0010s ]
SQL: SELECT * FROM `category` WHERE `id` = '11' LIMIT 1   [ RunTime:0.0000s ]
SQL: SELECT * FROM `collect` WHERE `user_id` = '1' AND `article_id` = '24' LIMIT 1   [ RunTime:0.0000s ]
SQL: SELECT * FROM `category` WHERE `id` = '10' LIMIT 1   [ RunTime:0.0000s ]
SQL: SELECT * FROM `collect` WHERE `user_id` = '1' AND `article_id` = '25' LIMIT 1   [ RunTime:0.0010s ]
NOTIC: [8] Undefined index: category G:\wamp\www\luoji\Application\Home\Controller\IndexController.class.php 第 8 行.
NOTIC: [8] Undefined variable: condition G:\wamp\www\luoji\Application\Home\Controller\IndexController.class.php 第 133 行.
SQL: SELECT COUNT(*) AS tp_count FROM article Article LEFT JOIN user User ON Article.author=User.id LIMIT 1   [ RunTime:0.0010s ]
NOTIC: [8] Undefined variable: condition G:\wamp\www\luoji\Application\Home\Controller\IndexController.class.php 第 135 行.
NOTIC: [2] Invalid argument supplied for foreach() G:\wamp\www\luoji\Application\Home\Controller\IndexController.class.php 第 135 行.
INFO: [ view_parse ] --START--
INFO: [ template_filter ] --START--
INFO: Run Behavior\ContentReplaceBehavior [ RunTime:0.000000s ]
INFO: [ template_filter ] --END-- [ RunTime:0.000000s ]
NOTIC: [8] Undefined index: sub G:\wamp\www\luoji\Application\Runtime\Cache\Home\2a94b8bda04ff446dcedd42276fc99ee.php 第 20 行.
NOTIC: [8] Use of undefined constant count - assumed 'count' G:\wamp\www\luoji\Application\Runtime\Cache\Home\2a94b8bda04ff446dcedd42276fc99ee.php 第 20 行.
NOTIC: [8] Use of undefined constant count - assumed 'count' G:\wamp\www\luoji\Application\Runtime\Cache\Home\2a94b8bda04ff446dcedd42276fc99ee.php 第 20 行.
NOTIC: [8] Use of undefined constant count - assumed 'count' G:\wamp\www\luoji\Application\Runtime\Cache\Home\2a94b8bda04ff446dcedd42276fc99ee.php 第 20 行.
NOTIC: [8] Use of undefined constant count - assumed 'count' G:\wamp\www\luoji\Application\Runtime\Cache\Home\2a94b8bda04ff446dcedd42276fc99ee.php 第 20 行.
NOTIC: [8] Undefined index: sub G:\wamp\www\luoji\Application\Runtime\Cache\Home\2a94b8bda04ff446dcedd42276fc99ee.php 第 20 行.
NOTIC: [8] Use of undefined constant count - assumed 'count' G:\wamp\www\luoji\Application\Runtime\Cache\Home\2a94b8bda04ff446dcedd42276fc99ee.php 第 20 行.
NOTIC: [8] Undefined offset: 4 G:\wamp\www\luoji\Application\Runtime\Cache\Home\2a94b8bda04ff446dcedd42276fc99ee.php 第 67 行.
NOTIC: [8] Undefined offset: 5 G:\wamp\www\luoji\Application\Runtime\Cache\Home\2a94b8bda04ff446dcedd42276fc99ee.php 第 67 行.
NOTIC: [8] Undefined offset: 6 G:\wamp\www\luoji\Application\Runtime\Cache\Home\2a94b8bda04ff446dcedd42276fc99ee.php 第 67 行.
NOTIC: [8] Undefined offset: 7 G:\wamp\www\luoji\Application\Runtime\Cache\Home\2a94b8bda04ff446dcedd42276fc99ee.php 第 67 行.
NOTIC: [8] Undefined offset: 4 G:\wamp\www\luoji\Application\Runtime\Cache\Home\2a94b8bda04ff446dcedd42276fc99ee.php 第 72 行.
NOTIC: [8] Undefined offset: 5 G:\wamp\www\luoji\Application\Runtime\Cache\Home\2a94b8bda04ff446dcedd42276fc99ee.php 第 72 行.
NOTIC: [8] Undefined offset: 6 G:\wamp\www\luoji\Application\Runtime\Cache\Home\2a94b8bda04ff446dcedd42276fc99ee.php 第 72 行.
NOTIC: [8] Undefined offset: 7 G:\wamp\www\luoji\Application\Runtime\Cache\Home\2a94b8bda04ff446dcedd42276fc99ee.php 第 72 行.
SQL: SELECT * FROM `special` ORDER BY readnum desc LIMIT 5   [ RunTime:0.0000s ]
INFO: [ view_parse ] --START--
INFO: [ template_filter ] --START--
INFO: Run Behavior\ContentReplaceBehavior [ RunTime:0.000000s ]
INFO: [ template_filter ] --END-- [ RunTime:-0.016001s ]
INFO: Run Behavior\ParseTemplateBehavior [ RunTime:0.006000s ]
INFO: [ view_parse ] --END-- [ RunTime:0.006000s ]
INFO: [ view_filter ] --START--
INFO: Run Behavior\WriteHtmlCacheBehavior [ RunTime:0.001000s ]
INFO: [ view_filter ] --END-- [ RunTime:0.001000s ]
SQL: SELECT * FROM `article` ORDER BY readnum desc LIMIT 8   [ RunTime:0.0010s ]
INFO: [ view_parse ] --START--
INFO: [ template_filter ] --START--
INFO: Run Behavior\ContentReplaceBehavior [ RunTime:0.001000s ]
INFO: [ template_filter ] --END-- [ RunTime:-0.028002s ]
NOTIC: [8] Undefined offset: 3 G:\wamp\www\luoji\Application\Runtime\Cache\Home\2ac6c1276904b87404ed678dbabb985c.php 第 11 行.
NOTIC: [8] Undefined offset: 4 G:\wamp\www\luoji\Application\Runtime\Cache\Home\2ac6c1276904b87404ed678dbabb985c.php 第 11 行.
NOTIC: [8] Undefined offset: 5 G:\wamp\www\luoji\Application\Runtime\Cache\Home\2ac6c1276904b87404ed678dbabb985c.php 第 11 行.
NOTIC: [8] Undefined offset: 6 G:\wamp\www\luoji\Application\Runtime\Cache\Home\2ac6c1276904b87404ed678dbabb985c.php 第 11 行.
NOTIC: [8] Undefined offset: 7 G:\wamp\www\luoji\Application\Runtime\Cache\Home\2ac6c1276904b87404ed678dbabb985c.php 第 11 行.
INFO: Run Behavior\ParseTemplateBehavior [ RunTime:0.005000s ]
INFO: [ view_parse ] --END-- [ RunTime:-0.006001s ]
INFO: [ view_filter ] --START--
INFO: Run Behavior\WriteHtmlCacheBehavior [ RunTime:0.000000s ]
INFO: [ view_filter ] --END-- [ RunTime:-0.012001s ]
SQL: SELECT * FROM `user` ORDER BY rank desc LIMIT 5   [ RunTime:0.0010s ]
INFO: [ view_parse ] --START--
INFO: [ template_filter ] --START--
INFO: Run Behavior\ContentReplaceBehavior [ RunTime:0.000000s ]
INFO: [ template_filter ] --END-- [ RunTime:-0.040002s ]
NOTIC: [8] Undefined offset: 3 G:\wamp\www\luoji\Application\Runtime\Cache\Home\9b6c7358f1f609cccd1ab9a879243014.php 第 11 行.
NOTIC: [8] Undefined offset: 4 G:\wamp\www\luoji\Application\Runtime\Cache\Home\9b6c7358f1f609cccd1ab9a879243014.php 第 11 行.
INFO: Run Behavior\ParseTemplateBehavior [ RunTime:0.006001s ]
INFO: [ view_parse ] --END-- [ RunTime:-0.018001s ]
INFO: [ view_filter ] --START--
INFO: Run Behavior\WriteHtmlCacheBehavior [ RunTime:0.000000s ]
INFO: [ view_filter ] --END-- [ RunTime:-0.023002s ]
NOTIC: [8] Undefined offset: 3 G:\wamp\www\luoji\Application\Runtime\Cache\Home\2a94b8bda04ff446dcedd42276fc99ee.php 第 110 行.
NOTIC: [8] Undefined offset: 4 G:\wamp\www\luoji\Application\Runtime\Cache\Home\2a94b8bda04ff446dcedd42276fc99ee.php 第 110 行.
NOTIC: [8] Undefined offset: 5 G:\wamp\www\luoji\Application\Runtime\Cache\Home\2a94b8bda04ff446dcedd42276fc99ee.php 第 110 行.
NOTIC: [8] Undefined offset: 6 G:\wamp\www\luoji\Application\Runtime\Cache\Home\2a94b8bda04ff446dcedd42276fc99ee.php 第 110 行.
NOTIC: [8] Undefined offset: 7 G:\wamp\www\luoji\Application\Runtime\Cache\Home\2a94b8bda04ff446dcedd42276fc99ee.php 第 110 行.
NOTIC: [8] Undefined offset: 8 G:\wamp\www\luoji\Application\Runtime\Cache\Home\2a94b8bda04ff446dcedd42276fc99ee.php 第 110 行.
NOTIC: [8] Undefined offset: 9 G:\wamp\www\luoji\Application\Runtime\Cache\Home\2a94b8bda04ff446dcedd42276fc99ee.php 第 110 行.
INFO: Run Behavior\ParseTemplateBehavior [ RunTime:0.007001s ]
INFO: [ view_parse ] --END-- [ RunTime:-0.018001s ]
INFO: [ view_filter ] --START--
INFO: Run Behavior\WriteHtmlCacheBehavior [ RunTime:0.000000s ]
INFO: [ view_filter ] --END-- [ RunTime:-0.024002s ]
INFO: [ app_end ] --START--
INFO: Run Behavior\ShowPageTraceBehavior [ RunTime:0.001000s ]
INFO: [ app_end ] --END-- [ RunTime:0.001000s ]

[ 2016-09-15T20:20:33+08:00 ] ::1 /luoji/index.php/Home/Account/logout.html
INFO: [ app_init ] --START--
INFO: Run Behavior\BuildLiteBehavior [ RunTime:0.000000s ]
INFO: [ app_init ] --END-- [ RunTime:0.001000s ]
INFO: [ app_begin ] --START--
INFO: Run Behavior\ReadHtmlCacheBehavior [ RunTime:0.001000s ]
INFO: [ app_begin ] --END-- [ RunTime:0.001000s ]

[ 2016-09-15T20:20:33+08:00 ] ::1 /luoji/index.php/Home/Account/index/operation/0.html
INFO: [ app_init ] --START--
INFO: Run Behavior\BuildLiteBehavior [ RunTime:0.000000s ]
INFO: [ app_init ] --END-- [ RunTime:0.001000s ]
INFO: [ app_begin ] --START--
INFO: Run Behavior\ReadHtmlCacheBehavior [ RunTime:0.001000s ]
INFO: [ app_begin ] --END-- [ RunTime:0.001000s ]
NOTIC: [2] Missing argument 1 for Home\Controller\LayoutController::initLayout(), called in G:\wamp\www\luoji\Application\Home\Controller\AccountController.class.php on line 20 and defined G:\wamp\www\luoji\Application\Home\Controller\LayoutController.class.php 第 6 行.
NOTIC: [8] Undefined variable: title G:\wamp\www\luoji\Application\Home\Controller\LayoutController.class.php 第 8 行.
SQL: SHOW COLUMNS FROM `category` [ RunTime:0.0050s ]
SQL: SELECT * FROM `category` WHERE ( level=1 ) ORDER BY `index`  [ RunTime:0.0010s ]
SQL: SELECT * FROM `category` WHERE ( level=2 ) ORDER BY `parent`,`index`  [ RunTime:0.0010s ]
INFO: [ view_parse ] --START--
INFO: [ template_filter ] --START--
INFO: Run Behavior\ContentReplaceBehavior [ RunTime:0.000000s ]
INFO: [ template_filter ] --END-- [ RunTime:0.000000s ]
NOTIC: [8] Undefined index: sub G:\wamp\www\luoji\Application\Runtime\Cache\Home\75258512b0102698c3b7c521ff29b9c1.php 第 20 行.
NOTIC: [8] Use of undefined constant count - assumed 'count' G:\wamp\www\luoji\Application\Runtime\Cache\Home\75258512b0102698c3b7c521ff29b9c1.php 第 20 行.
NOTIC: [8] Use of undefined constant count - assumed 'count' G:\wamp\www\luoji\Application\Runtime\Cache\Home\75258512b0102698c3b7c521ff29b9c1.php 第 20 行.
NOTIC: [8] Use of undefined constant count - assumed 'count' G:\wamp\www\luoji\Application\Runtime\Cache\Home\75258512b0102698c3b7c521ff29b9c1.php 第 20 行.
NOTIC: [8] Use of undefined constant count - assumed 'count' G:\wamp\www\luoji\Application\Runtime\Cache\Home\75258512b0102698c3b7c521ff29b9c1.php 第 20 行.
NOTIC: [8] Undefined index: sub G:\wamp\www\luoji\Application\Runtime\Cache\Home\75258512b0102698c3b7c521ff29b9c1.php 第 20 行.
NOTIC: [8] Use of undefined constant count - assumed 'count' G:\wamp\www\luoji\Application\Runtime\Cache\Home\75258512b0102698c3b7c521ff29b9c1.php 第 20 行.
INFO: Run Behavior\ParseTemplateBehavior [ RunTime:0.051002s ]
INFO: [ view_parse ] --END-- [ RunTime:0.052002s ]
INFO: [ view_filter ] --START--
INFO: Run Behavior\WriteHtmlCacheBehavior [ RunTime:0.001001s ]
INFO: [ view_filter ] --END-- [ RunTime:0.002001s ]
INFO: [ app_end ] --START--
INFO: Run Behavior\ShowPageTraceBehavior [ RunTime:0.001000s ]
INFO: [ app_end ] --END-- [ RunTime:0.001000s ]

[ 2016-09-15T20:20:34+08:00 ] ::1 /luoji/index.php/Home/Account/verify.html
INFO: [ app_init ] --START--
INFO: Run Behavior\BuildLiteBehavior [ RunTime:0.000000s ]
INFO: [ app_init ] --END-- [ RunTime:0.000000s ]
INFO: [ app_begin ] --START--
INFO: Run Behavior\ReadHtmlCacheBehavior [ RunTime:0.001000s ]
INFO: [ app_begin ] --END-- [ RunTime:0.001000s ]
INFO: [ app_end ] --START--
INFO: Run Behavior\ShowPageTraceBehavior [ RunTime:0.001000s ]
INFO: [ app_end ] --END-- [ RunTime:0.001000s ]

[ 2016-09-15T20:20:42+08:00 ] ::1 /luoji/index.php/Home/Account/verify.html?0.525076723242841
INFO: [ app_init ] --START--
INFO: Run Behavior\BuildLiteBehavior [ RunTime:0.000000s ]
INFO: [ app_init ] --END-- [ RunTime:0.001000s ]
INFO: [ app_begin ] --START--
INFO: Run Behavior\ReadHtmlCacheBehavior [ RunTime:0.001000s ]
INFO: [ app_begin ] --END-- [ RunTime:0.001000s ]
INFO: [ app_end ] --START--
INFO: Run Behavior\ShowPageTraceBehavior [ RunTime:0.002000s ]
INFO: [ app_end ] --END-- [ RunTime:0.003000s ]

[ 2016-09-15T20:20:50+08:00 ] ::1 /luoji/index.php/Home/Account/login
INFO: [ app_init ] --START--
INFO: Run Behavior\BuildLiteBehavior [ RunTime:0.000000s ]
INFO: [ app_init ] --END-- [ RunTime:0.001000s ]
INFO: [ app_begin ] --START--
INFO: Run Behavior\ReadHtmlCacheBehavior [ RunTime:0.000000s ]
INFO: [ app_begin ] --END-- [ RunTime:0.001000s ]
SQL: SHOW COLUMNS FROM `user` [ RunTime:0.0070s ]
SQL: SELECT * FROM `user` WHERE `username` = 'root' LIMIT 1   [ RunTime:0.0670s ]

[ 2016-09-15T20:21:16+08:00 ] ::1 /luoji/index.php/Home/Account/verify.html?0.525076723242841&random=0.30260723749856333
INFO: [ app_init ] --START--
INFO: Run Behavior\BuildLiteBehavior [ RunTime:0.000000s ]
INFO: [ app_init ] --END-- [ RunTime:0.001000s ]
INFO: [ app_begin ] --START--
INFO: Run Behavior\ReadHtmlCacheBehavior [ RunTime:0.001000s ]
INFO: [ app_begin ] --END-- [ RunTime:0.001000s ]
INFO: [ app_end ] --START--
INFO: Run Behavior\ShowPageTraceBehavior [ RunTime:0.001000s ]
INFO: [ app_end ] --END-- [ RunTime:0.001000s ]

[ 2016-09-15T20:21:18+08:00 ] ::1 /luoji/index.php/Home/Account/verify.html?0.525076723242841&random=0.30260723749856333&random=0.9935417737087984
INFO: [ app_init ] --START--
INFO: Run Behavior\BuildLiteBehavior [ RunTime:0.001000s ]
INFO: [ app_init ] --END-- [ RunTime:0.001000s ]
INFO: [ app_begin ] --START--
INFO: Run Behavior\ReadHtmlCacheBehavior [ RunTime:0.000000s ]
INFO: [ app_begin ] --END-- [ RunTime:0.001000s ]
INFO: [ app_end ] --START--
INFO: Run Behavior\ShowPageTraceBehavior [ RunTime:0.000000s ]
INFO: [ app_end ] --END-- [ RunTime:0.001000s ]

[ 2016-09-15T20:21:20+08:00 ] ::1 /luoji/index.php/Home/Account/verify.html?0.525076723242841&random=0.30260723749856333&random=0.9935417737087984&random=0.2214249454870616
INFO: [ app_init ] --START--
INFO: Run Behavior\BuildLiteBehavior [ RunTime:0.000000s ]
INFO: [ app_init ] --END-- [ RunTime:0.001000s ]
INFO: [ app_begin ] --START--
INFO: Run Behavior\ReadHtmlCacheBehavior [ RunTime:0.001000s ]
INFO: [ app_begin ] --END-- [ RunTime:0.001000s ]
INFO: [ app_end ] --START--
INFO: Run Behavior\ShowPageTraceBehavior [ RunTime:0.001000s ]
INFO: [ app_end ] --END-- [ RunTime:0.001000s ]

[ 2016-09-15T20:21:26+08:00 ] ::1 /luoji/index.php/Home/Account/login
INFO: [ app_init ] --START--
INFO: Run Behavior\BuildLiteBehavior [ RunTime:0.000000s ]
INFO: [ app_init ] --END-- [ RunTime:0.001000s ]
INFO: [ app_begin ] --START--
INFO: Run Behavior\ReadHtmlCacheBehavior [ RunTime:0.001000s ]
INFO: [ app_begin ] --END-- [ RunTime:0.001000s ]
SQL: SHOW COLUMNS FROM `user` [ RunTime:0.0050s ]
SQL: SELECT * FROM `user` WHERE `username` = 'xuyuanfan1' LIMIT 1   [ RunTime:0.0130s ]

[ 2016-09-15T20:21:26+08:00 ] ::1 /luoji/
INFO: [ app_init ] --START--
INFO: Run Behavior\BuildLiteBehavior [ RunTime:0.000000s ]
INFO: [ app_init ] --END-- [ RunTime:0.001000s ]
INFO: [ app_begin ] --START--
INFO: Run Behavior\ReadHtmlCacheBehavior [ RunTime:0.000000s ]
INFO: [ app_begin ] --END-- [ RunTime:0.000000s ]
NOTIC: [2] Missing argument 1 for Home\Controller\LayoutController::initLayout(), called in G:\wamp\www\luoji\Application\Home\Controller\IndexController.class.php on line 143 and defined G:\wamp\www\luoji\Application\Home\Controller\LayoutController.class.php 第 6 行.
NOTIC: [8] Undefined variable: title G:\wamp\www\luoji\Application\Home\Controller\LayoutController.class.php 第 8 行.
SQL: SHOW COLUMNS FROM `category` [ RunTime:0.0050s ]
SQL: SELECT * FROM `category` WHERE ( level=1 ) ORDER BY `index`  [ RunTime:0.0000s ]
SQL: SELECT * FROM `category` WHERE ( level=2 ) ORDER BY `parent`,`index`  [ RunTime:0.0000s ]
SQL: SHOW COLUMNS FROM `carouselfigure` [ RunTime:0.0070s ]
SQL: SELECT * FROM `carouselfigure` WHERE `show` = 'yes' ORDER BY ordernum asc LIMIT 8   [ RunTime:0.0000s ]
SQL: SHOW COLUMNS FROM `special` [ RunTime:0.0050s ]
SQL: SELECT * FROM `special` LIMIT 5   [ RunTime:0.0000s ]
NOTIC: [8] Undefined index: category G:\wamp\www\luoji\Application\Home\Controller\IndexController.class.php 第 8 行.
SQL: SELECT * FROM `category` WHERE ( level=2 ) ORDER BY `parent`,`index`  [ RunTime:0.0000s ]
NOTIC: [8] Undefined index: p G:\wamp\www\luoji\Application\Home\Controller\IndexController.class.php 第 18 行.
NOTIC: [8] Undefined variable: condition G:\wamp\www\luoji\Application\Home\Controller\IndexController.class.php 第 86 行.
SQL: SHOW COLUMNS FROM `article` [ RunTime:0.0050s ]
SQL: SHOW COLUMNS FROM `user` [ RunTime:0.0070s ]
SQL: SELECT Article.id AS article_id,Article.mainimage AS mainimage,Article.mainimagealt AS mainimagealt,Article.coverimage AS coverimage,Article.maintitle AS maintitle,Article.subhead AS subhead,Article.introduction AS article_introduction,Article.author AS author,Article.categoryid AS categoryid,Article.collectnum AS collectnum,Article.readnum AS readnum,Article.createtime AS article_createtime,User.id AS user_id,User.username AS username,User.password AS password,User.nickname AS nickname,User.headimage AS headimage,User.rank AS rank,User.jobs AS jobs,User.company AS company,User.introduction AS user_introduction,User.createtime AS user_createtime FROM article Article LEFT JOIN user User ON Article.author=User.id LIMIT 0,10   [ RunTime:0.0010s ]
SQL: SELECT * FROM `category` WHERE `id` = '1' LIMIT 1   [ RunTime:0.0000s ]
SQL: SHOW COLUMNS FROM `collect` [ RunTime:0.0050s ]
SQL: SELECT * FROM `collect` WHERE `user_id` = '12' AND `article_id` = '23' LIMIT 1   [ RunTime:0.0000s ]
SQL: SELECT * FROM `category` WHERE `id` = '11' LIMIT 1   [ RunTime:0.0000s ]
SQL: SELECT * FROM `collect` WHERE `user_id` = '12' AND `article_id` = '24' LIMIT 1   [ RunTime:0.0000s ]
SQL: SELECT * FROM `category` WHERE `id` = '10' LIMIT 1   [ RunTime:0.0010s ]
SQL: SELECT * FROM `collect` WHERE `user_id` = '12' AND `article_id` = '25' LIMIT 1   [ RunTime:0.0000s ]
NOTIC: [8] Undefined index: category G:\wamp\www\luoji\Application\Home\Controller\IndexController.class.php 第 8 行.
NOTIC: [8] Undefined variable: condition G:\wamp\www\luoji\Application\Home\Controller\IndexController.class.php 第 133 行.
SQL: SELECT COUNT(*) AS tp_count FROM article Article LEFT JOIN user User ON Article.author=User.id LIMIT 1   [ RunTime:0.0010s ]
NOTIC: [8] Undefined variable: condition G:\wamp\www\luoji\Application\Home\Controller\IndexController.class.php 第 135 行.
NOTIC: [2] Invalid argument supplied for foreach() G:\wamp\www\luoji\Application\Home\Controller\IndexController.class.php 第 135 行.
INFO: [ view_parse ] --START--
INFO: [ template_filter ] --START--
INFO: Run Behavior\ContentReplaceBehavior [ RunTime:0.000000s ]
INFO: [ template_filter ] --END-- [ RunTime:0.001000s ]
NOTIC: [8] Undefined index: sub G:\wamp\www\luoji\Application\Runtime\Cache\Home\2a94b8bda04ff446dcedd42276fc99ee.php 第 20 行.
NOTIC: [8] Use of undefined constant count - assumed 'count' G:\wamp\www\luoji\Application\Runtime\Cache\Home\2a94b8bda04ff446dcedd42276fc99ee.php 第 20 行.
NOTIC: [8] Use of undefined constant count - assumed 'count' G:\wamp\www\luoji\Application\Runtime\Cache\Home\2a94b8bda04ff446dcedd42276fc99ee.php 第 20 行.
NOTIC: [8] Use of undefined constant count - assumed 'count' G:\wamp\www\luoji\Application\Runtime\Cache\Home\2a94b8bda04ff446dcedd42276fc99ee.php 第 20 行.
NOTIC: [8] Use of undefined constant count - assumed 'count' G:\wamp\www\luoji\Application\Runtime\Cache\Home\2a94b8bda04ff446dcedd42276fc99ee.php 第 20 行.
NOTIC: [8] Undefined index: sub G:\wamp\www\luoji\Application\Runtime\Cache\Home\2a94b8bda04ff446dcedd42276fc99ee.php 第 20 行.
NOTIC: [8] Use of undefined constant count - assumed 'count' G:\wamp\www\luoji\Application\Runtime\Cache\Home\2a94b8bda04ff446dcedd42276fc99ee.php 第 20 行.
NOTIC: [8] Undefined offset: 4 G:\wamp\www\luoji\Application\Runtime\Cache\Home\2a94b8bda04ff446dcedd42276fc99ee.php 第 67 行.
NOTIC: [8] Undefined offset: 5 G:\wamp\www\luoji\Application\Runtime\Cache\Home\2a94b8bda04ff446dcedd42276fc99ee.php 第 67 行.
NOTIC: [8] Undefined offset: 6 G:\wamp\www\luoji\Application\Runtime\Cache\Home\2a94b8bda04ff446dcedd42276fc99ee.php 第 67 行.
NOTIC: [8] Undefined offset: 7 G:\wamp\www\luoji\Application\Runtime\Cache\Home\2a94b8bda04ff446dcedd42276fc99ee.php 第 67 行.
NOTIC: [8] Undefined offset: 4 G:\wamp\www\luoji\Application\Runtime\Cache\Home\2a94b8bda04ff446dcedd42276fc99ee.php 第 72 行.
NOTIC: [8] Undefined offset: 5 G:\wamp\www\luoji\Application\Runtime\Cache\Home\2a94b8bda04ff446dcedd42276fc99ee.php 第 72 行.
NOTIC: [8] Undefined offset: 6 G:\wamp\www\luoji\Application\Runtime\Cache\Home\2a94b8bda04ff446dcedd42276fc99ee.php 第 72 行.
NOTIC: [8] Undefined offset: 7 G:\wamp\www\luoji\Application\Runtime\Cache\Home\2a94b8bda04ff446dcedd42276fc99ee.php 第 72 行.
SQL: SELECT * FROM `special` ORDER BY readnum desc LIMIT 5   [ RunTime:0.0000s ]
INFO: [ view_parse ] --START--
INFO: [ template_filter ] --START--
INFO: Run Behavior\ContentReplaceBehavior [ RunTime:0.001000s ]
INFO: [ template_filter ] --END-- [ RunTime:-0.016001s ]
INFO: Run Behavior\ParseTemplateBehavior [ RunTime:0.006001s ]
INFO: [ view_parse ] --END-- [ RunTime:0.006001s ]
INFO: [ view_filter ] --START--
INFO: Run Behavior\WriteHtmlCacheBehavior [ RunTime:0.001000s ]
INFO: [ view_filter ] --END-- [ RunTime:0.001000s ]
SQL: SELECT * FROM `article` ORDER BY readnum desc LIMIT 8   [ RunTime:0.0010s ]
INFO: [ view_parse ] --START--
INFO: [ template_filter ] --START--
INFO: Run Behavior\ContentReplaceBehavior [ RunTime:0.000000s ]
INFO: [ template_filter ] --END-- [ RunTime:-0.030002s ]
NOTIC: [8] Undefined offset: 3 G:\wamp\www\luoji\Application\Runtime\Cache\Home\2ac6c1276904b87404ed678dbabb985c.php 第 11 行.
NOTIC: [8] Undefined offset: 4 G:\wamp\www\luoji\Application\Runtime\Cache\Home\2ac6c1276904b87404ed678dbabb985c.php 第 11 行.
NOTIC: [8] Undefined offset: 5 G:\wamp\www\luoji\Application\Runtime\Cache\Home\2ac6c1276904b87404ed678dbabb985c.php 第 11 行.
NOTIC: [8] Undefined offset: 6 G:\wamp\www\luoji\Application\Runtime\Cache\Home\2ac6c1276904b87404ed678dbabb985c.php 第 11 行.
NOTIC: [8] Undefined offset: 7 G:\wamp\www\luoji\Application\Runtime\Cache\Home\2ac6c1276904b87404ed678dbabb985c.php 第 11 行.
INFO: Run Behavior\ParseTemplateBehavior [ RunTime:0.005000s ]
INFO: [ view_parse ] --END-- [ RunTime:-0.007000s ]
INFO: [ view_filter ] --START--
INFO: Run Behavior\WriteHtmlCacheBehavior [ RunTime:0.000000s ]
INFO: [ view_filter ] --END-- [ RunTime:-0.013000s ]
SQL: SELECT * FROM `user` ORDER BY rank desc LIMIT 5   [ RunTime:0.0010s ]
INFO: [ view_parse ] --START--
INFO: [ template_filter ] --START--
INFO: Run Behavior\ContentReplaceBehavior [ RunTime:0.000000s ]
INFO: [ template_filter ] --END-- [ RunTime:-0.041003s ]
NOTIC: [8] Undefined offset: 3 G:\wamp\www\luoji\Application\Runtime\Cache\Home\9b6c7358f1f609cccd1ab9a879243014.php 第 11 行.
NOTIC: [8] Undefined offset: 4 G:\wamp\www\luoji\Application\Runtime\Cache\Home\9b6c7358f1f609cccd1ab9a879243014.php 第 11 行.
INFO: Run Behavior\ParseTemplateBehavior [ RunTime:0.006000s ]
INFO: [ view_parse ] --END-- [ RunTime:-0.019001s ]
INFO: [ view_filter ] --START--
INFO: Run Behavior\WriteHtmlCacheBehavior [ RunTime:0.000000s ]
INFO: [ view_filter ] --END-- [ RunTime:-0.024001s ]
NOTIC: [8] Undefined offset: 3 G:\wamp\www\luoji\Application\Runtime\Cache\Home\2a94b8bda04ff446dcedd42276fc99ee.php 第 110 行.
NOTIC: [8] Undefined offset: 4 G:\wamp\www\luoji\Application\Runtime\Cache\Home\2a94b8bda04ff446dcedd42276fc99ee.php 第 110 行.
NOTIC: [8] Undefined offset: 5 G:\wamp\www\luoji\Application\Runtime\Cache\Home\2a94b8bda04ff446dcedd42276fc99ee.php 第 110 行.
NOTIC: [8] Undefined offset: 6 G:\wamp\www\luoji\Application\Runtime\Cache\Home\2a94b8bda04ff446dcedd42276fc99ee.php 第 110 行.
NOTIC: [8] Undefined offset: 7 G:\wamp\www\luoji\Application\Runtime\Cache\Home\2a94b8bda04ff446dcedd42276fc99ee.php 第 110 行.
NOTIC: [8] Undefined offset: 8 G:\wamp\www\luoji\Application\Runtime\Cache\Home\2a94b8bda04ff446dcedd42276fc99ee.php 第 110 行.
NOTIC: [8] Undefined offset: 9 G:\wamp\www\luoji\Application\Runtime\Cache\Home\2a94b8bda04ff446dcedd42276fc99ee.php 第 110 行.
INFO: Run Behavior\ParseTemplateBehavior [ RunTime:0.007000s ]
INFO: [ view_parse ] --END-- [ RunTime:-0.019001s ]
INFO: [ view_filter ] --START--
INFO: Run Behavior\WriteHtmlCacheBehavior [ RunTime:0.000000s ]
INFO: [ view_filter ] --END-- [ RunTime:-0.025001s ]
INFO: [ app_end ] --START--
INFO: Run Behavior\ShowPageTraceBehavior [ RunTime:0.001000s ]
INFO: [ app_end ] --END-- [ RunTime:0.001000s ]

