[ 2016-07-26T17:01:40+08:00 ] ::1 /luoji/
INFO: [ app_init ] --START--
INFO: Run Behavior\BuildLiteBehavior [ RunTime:0.000000s ]
INFO: [ app_init ] --END-- [ RunTime:0.062500s ]
INFO: [ app_begin ] --START--
INFO: Run Behavior\ReadHtmlCacheBehavior [ RunTime:0.023437s ]
INFO: [ app_begin ] --END-- [ RunTime:0.025391s ]
NOTIC: [8] Undefined index: category D:\wamp\www\luoji\Application\Home\Controller\IndexController.class.php 第 8 行.
SQL: SHOW COLUMNS FROM `carouselfigure` [ RunTime:0.6494s ]
SQL: SELECT * FROM `carouselfigure` WHERE `show` = 'yes' ORDER BY ordernum asc LIMIT 8   [ RunTime:0.0469s ]
SQL: SHOW COLUMNS FROM `special` [ RunTime:0.0918s ]
SQL: SELECT * FROM `special` LIMIT 5   [ RunTime:0.0010s ]
NOTIC: [8] Undefined index: category D:\wamp\www\luoji\Application\Home\Controller\IndexController.class.php 第 8 行.
NOTIC: [8] Undefined index: p D:\wamp\www\luoji\Application\Home\Controller\IndexController.class.php 第 18 行.
NOTIC: [8] Undefined variable: condition D:\wamp\www\luoji\Application\Home\Controller\IndexController.class.php 第 67 行.
SQL: SHOW COLUMNS FROM `article` [ RunTime:0.0957s ]
SQL: SHOW COLUMNS FROM `user` [ RunTime:0.0879s ]
SQL: SELECT Article.id AS article_id,Article.mainimage AS mainimage,Article.coverimage AS coverimage,Article.maintitle AS maintitle,Article.subhead AS subhead,Article.introduction AS article_introduction,Article.author AS author,Article.categoryid AS categoryid,Article.collectnum AS collectnum,Article.readnum AS readnum,Article.createtime AS article_createtime,User.id AS user_id,User.username AS username,User.password AS password,User.nickname AS nickname,User.headimage AS headimage,User.rank AS rank,User.jobs AS jobs,User.company AS company,User.introduction AS user_introduction,User.createtime AS user_createtime FROM article Article LEFT JOIN user User ON Article.author=User.id LIMIT 0,10   [ RunTime:0.0313s ]
SQL: SHOW COLUMNS FROM `collect` [ RunTime:0.0479s ]
SQL: SELECT * FROM `collect` WHERE `user_id` = null AND `article_id` = '23' LIMIT 1   [ RunTime:0.0010s ]
SQL: SELECT * FROM `collect` WHERE `user_id` = null AND `article_id` = '24' LIMIT 1   [ RunTime:0.0010s ]
SQL: SELECT * FROM `collect` WHERE `user_id` = null AND `article_id` = '25' LIMIT 1   [ RunTime:0.0010s ]
NOTIC: [8] Undefined index: category D:\wamp\www\luoji\Application\Home\Controller\IndexController.class.php 第 8 行.
NOTIC: [8] Undefined variable: condition D:\wamp\www\luoji\Application\Home\Controller\IndexController.class.php 第 125 行.
SQL: SELECT COUNT(*) AS tp_count FROM article Article LEFT JOIN user User ON Article.author=User.id LIMIT 1   [ RunTime:0.0342s ]
NOTIC: [8] Undefined variable: condition D:\wamp\www\luoji\Application\Home\Controller\IndexController.class.php 第 127 行.
NOTIC: [2] Invalid argument supplied for foreach() D:\wamp\www\luoji\Application\Home\Controller\IndexController.class.php 第 127 行.
INFO: [ view_parse ] --START--
INFO: [ template_filter ] --START--
INFO: Run Behavior\ContentReplaceBehavior [ RunTime:0.017578s ]
INFO: [ template_filter ] --END-- [ RunTime:0.019531s ]
NOTIC: [8] Undefined offset: 4 D:\wamp\www\luoji\Application\Runtime\Cache\Home\2a94b8bda04ff446dcedd42276fc99ee.php 第 75 行.
NOTIC: [8] Undefined offset: 5 D:\wamp\www\luoji\Application\Runtime\Cache\Home\2a94b8bda04ff446dcedd42276fc99ee.php 第 75 行.
NOTIC: [8] Undefined offset: 6 D:\wamp\www\luoji\Application\Runtime\Cache\Home\2a94b8bda04ff446dcedd42276fc99ee.php 第 75 行.
NOTIC: [8] Undefined offset: 7 D:\wamp\www\luoji\Application\Runtime\Cache\Home\2a94b8bda04ff446dcedd42276fc99ee.php 第 75 行.
NOTIC: [8] Undefined offset: 4 D:\wamp\www\luoji\Application\Runtime\Cache\Home\2a94b8bda04ff446dcedd42276fc99ee.php 第 80 行.
NOTIC: [8] Undefined offset: 5 D:\wamp\www\luoji\Application\Runtime\Cache\Home\2a94b8bda04ff446dcedd42276fc99ee.php 第 80 行.
NOTIC: [8] Undefined offset: 6 D:\wamp\www\luoji\Application\Runtime\Cache\Home\2a94b8bda04ff446dcedd42276fc99ee.php 第 80 行.
NOTIC: [8] Undefined offset: 7 D:\wamp\www\luoji\Application\Runtime\Cache\Home\2a94b8bda04ff446dcedd42276fc99ee.php 第 80 行.
SQL: SELECT * FROM `special` ORDER BY readnum desc LIMIT 5   [ RunTime:0.0020s ]
INFO: [ view_parse ] --START--
INFO: [ template_filter ] --START--
INFO: Run Behavior\ContentReplaceBehavior [ RunTime:0.000000s ]
INFO: [ template_filter ] --END-- [ RunTime:-0.350586s ]
INFO: Run Behavior\ParseTemplateBehavior [ RunTime:0.053711s ]
INFO: [ view_parse ] --END-- [ RunTime:0.055664s ]
INFO: [ view_filter ] --START--
INFO: Run Behavior\WriteHtmlCacheBehavior [ RunTime:0.044922s ]
INFO: [ view_filter ] --END-- [ RunTime:0.044922s ]
SQL: SELECT * FROM `article` ORDER BY readnum desc LIMIT 8   [ RunTime:0.0010s ]
INFO: [ view_parse ] --START--
INFO: [ template_filter ] --START--
INFO: Run Behavior\ContentReplaceBehavior [ RunTime:0.000976s ]
INFO: [ template_filter ] --END-- [ RunTime:-0.505859s ]
NOTIC: [8] Undefined offset: 3 D:\wamp\www\luoji\Application\Runtime\Cache\Home\2ac6c1276904b87404ed678dbabb985c.php 第 11 行.
NOTIC: [8] Undefined offset: 4 D:\wamp\www\luoji\Application\Runtime\Cache\Home\2ac6c1276904b87404ed678dbabb985c.php 第 11 行.
NOTIC: [8] Undefined offset: 5 D:\wamp\www\luoji\Application\Runtime\Cache\Home\2ac6c1276904b87404ed678dbabb985c.php 第 11 行.
NOTIC: [8] Undefined offset: 6 D:\wamp\www\luoji\Application\Runtime\Cache\Home\2ac6c1276904b87404ed678dbabb985c.php 第 11 行.
NOTIC: [8] Undefined offset: 7 D:\wamp\www\luoji\Application\Runtime\Cache\Home\2ac6c1276904b87404ed678dbabb985c.php 第 11 行.
INFO: Run Behavior\ParseTemplateBehavior [ RunTime:0.065429s ]
INFO: [ view_parse ] --END-- [ RunTime:-0.123047s ]
INFO: [ view_filter ] --START--
INFO: Run Behavior\WriteHtmlCacheBehavior [ RunTime:0.000000s ]
INFO: [ view_filter ] --END-- [ RunTime:-0.143554s ]
SQL: SELECT * FROM `user` ORDER BY rank desc LIMIT 5   [ RunTime:0.0010s ]
INFO: [ view_parse ] --START--
INFO: [ template_filter ] --START--
INFO: Run Behavior\ContentReplaceBehavior [ RunTime:0.000977s ]
INFO: [ template_filter ] --END-- [ RunTime:-0.651367s ]
NOTIC: [8] Undefined offset: 2 D:\wamp\www\luoji\Application\Runtime\Cache\Home\9b6c7358f1f609cccd1ab9a879243014.php 第 11 行.
NOTIC: [8] Undefined offset: 3 D:\wamp\www\luoji\Application\Runtime\Cache\Home\9b6c7358f1f609cccd1ab9a879243014.php 第 11 行.
NOTIC: [8] Undefined offset: 4 D:\wamp\www\luoji\Application\Runtime\Cache\Home\9b6c7358f1f609cccd1ab9a879243014.php 第 11 行.
INFO: Run Behavior\ParseTemplateBehavior [ RunTime:0.049805s ]
INFO: [ view_parse ] --END-- [ RunTime:-0.250976s ]
INFO: [ view_filter ] --START--
INFO: Run Behavior\WriteHtmlCacheBehavior [ RunTime:0.000976s ]
INFO: [ view_filter ] --END-- [ RunTime:-0.256836s ]
NOTIC: [8] Undefined offset: 3 D:\wamp\www\luoji\Application\Runtime\Cache\Home\2a94b8bda04ff446dcedd42276fc99ee.php 第 118 行.
NOTIC: [8] Undefined offset: 4 D:\wamp\www\luoji\Application\Runtime\Cache\Home\2a94b8bda04ff446dcedd42276fc99ee.php 第 118 行.
NOTIC: [8] Undefined offset: 5 D:\wamp\www\luoji\Application\Runtime\Cache\Home\2a94b8bda04ff446dcedd42276fc99ee.php 第 118 行.
NOTIC: [8] Undefined offset: 6 D:\wamp\www\luoji\Application\Runtime\Cache\Home\2a94b8bda04ff446dcedd42276fc99ee.php 第 118 行.
NOTIC: [8] Undefined offset: 7 D:\wamp\www\luoji\Application\Runtime\Cache\Home\2a94b8bda04ff446dcedd42276fc99ee.php 第 118 行.
NOTIC: [8] Undefined offset: 8 D:\wamp\www\luoji\Application\Runtime\Cache\Home\2a94b8bda04ff446dcedd42276fc99ee.php 第 118 行.
NOTIC: [8] Undefined offset: 9 D:\wamp\www\luoji\Application\Runtime\Cache\Home\2a94b8bda04ff446dcedd42276fc99ee.php 第 118 行.
INFO: Run Behavior\ParseTemplateBehavior [ RunTime:0.060547s ]
INFO: [ view_parse ] --END-- [ RunTime:-0.250976s ]
INFO: [ view_filter ] --START--
INFO: Run Behavior\WriteHtmlCacheBehavior [ RunTime:0.000977s ]
INFO: [ view_filter ] --END-- [ RunTime:-0.267578s ]
INFO: [ app_end ] --START--
INFO: Run Behavior\ShowPageTraceBehavior [ RunTime:0.185547s ]
INFO: [ app_end ] --END-- [ RunTime:0.193360s ]

[ 2016-07-26T17:07:16+08:00 ] ::1 /luoji/index.php/Home/Album/index/specialId/1.html
INFO: [ app_init ] --START--
INFO: Run Behavior\BuildLiteBehavior [ RunTime:0.000000s ]
INFO: [ app_init ] --END-- [ RunTime:0.004883s ]
INFO: [ app_begin ] --START--
INFO: Run Behavior\ReadHtmlCacheBehavior [ RunTime:0.003906s ]
INFO: [ app_begin ] --END-- [ RunTime:0.007813s ]
SQL: SHOW COLUMNS FROM `special` [ RunTime:0.0244s ]
SQL: SELECT * FROM `special` WHERE `id` = '1' LIMIT 1   [ RunTime:0.0176s ]
NOTIC: [8] Undefined index: p D:\wamp\www\luoji\Application\Home\Controller\AlbumController.class.php 第 7 行.
SQL: SHOW COLUMNS FROM `include` [ RunTime:0.0527s ]
SQL: SHOW COLUMNS FROM `article` [ RunTime:0.0088s ]
SQL: SELECT Special.id AS special_id,Special.maintitle AS specical_maintitle,Special.subhead AS specical_subhead,Special.introduction AS specical_introduction,Special.coverimage AS specical_coverimage,Special.categoryid AS specical_categoryid,Special.createtime AS specical_createtime,Include.createtime AS include_createtime,Article.id AS article_id,Article.mainimage AS mainimage,Article.coverimage AS article_coverimage,Article.maintitle AS article_maintitle,Article.subhead AS article_subhead,Article.introduction AS article_introduction,Article.author AS author,Article.categoryid AS article_categoryid,Article.collectnum AS collectnum,Article.readnum AS readnum,Article.createtime AS article_createtime FROM special Special RIGHT JOIN include Include ON Special.id=Include.special_id LEFT JOIN article Article ON Article.id=Include.article_id WHERE Special.id = '1' LIMIT 0,8   [ RunTime:0.0400s ]
SQL: SHOW COLUMNS FROM `user` [ RunTime:0.0078s ]
SQL: SELECT * FROM `user` WHERE `id` = '12' LIMIT 1   [ RunTime:0.0010s ]
SQL: SELECT * FROM `user` WHERE `id` = '12' LIMIT 1   [ RunTime:0.0020s ]
SQL: SELECT * FROM `user` WHERE `id` = '12' LIMIT 1   [ RunTime:0.0010s ]
SQL: SELECT COUNT(*) AS tp_count FROM special Special RIGHT JOIN include Include ON Special.id=Include.special_id LEFT JOIN article Article ON Article.id=Include.article_id WHERE Special.id = '1' LIMIT 1   [ RunTime:0.0020s ]
NOTIC: [2] urlencode() expects parameter 1 to be string, array given D:\wamp\www\luoji\Application\Home\Controller\AlbumController.class.php 第 94 行.
INFO: [ view_parse ] --START--
INFO: [ template_filter ] --START--
INFO: Run Behavior\ContentReplaceBehavior [ RunTime:0.000976s ]
INFO: [ template_filter ] --END-- [ RunTime:0.003906s ]
SQL: SELECT * FROM `special` ORDER BY readnum desc LIMIT 5   [ RunTime:0.0010s ]
INFO: [ view_parse ] --START--
INFO: [ template_filter ] --START--
INFO: Run Behavior\ContentReplaceBehavior [ RunTime:0.000976s ]
INFO: [ template_filter ] --END-- [ RunTime:-0.097656s ]
INFO: Run Behavior\ParseTemplateBehavior [ RunTime:0.034180s ]
INFO: [ view_parse ] --END-- [ RunTime:0.036133s ]
INFO: [ view_filter ] --START--
INFO: Run Behavior\WriteHtmlCacheBehavior [ RunTime:0.001953s ]
INFO: [ view_filter ] --END-- [ RunTime:0.003906s ]
SQL: SELECT * FROM `article` ORDER BY readnum desc LIMIT 8   [ RunTime:0.0010s ]
INFO: [ view_parse ] --START--
INFO: [ template_filter ] --START--
INFO: Run Behavior\ContentReplaceBehavior [ RunTime:0.000977s ]
INFO: [ template_filter ] --END-- [ RunTime:-0.169922s ]
NOTIC: [8] Undefined offset: 3 D:\wamp\www\luoji\Application\Runtime\Cache\Home\2ac6c1276904b87404ed678dbabb985c.php 第 11 行.
NOTIC: [8] Undefined offset: 4 D:\wamp\www\luoji\Application\Runtime\Cache\Home\2ac6c1276904b87404ed678dbabb985c.php 第 11 行.
NOTIC: [8] Undefined offset: 5 D:\wamp\www\luoji\Application\Runtime\Cache\Home\2ac6c1276904b87404ed678dbabb985c.php 第 11 行.
NOTIC: [8] Undefined offset: 6 D:\wamp\www\luoji\Application\Runtime\Cache\Home\2ac6c1276904b87404ed678dbabb985c.php 第 11 行.
NOTIC: [8] Undefined offset: 7 D:\wamp\www\luoji\Application\Runtime\Cache\Home\2ac6c1276904b87404ed678dbabb985c.php 第 11 行.
INFO: Run Behavior\ParseTemplateBehavior [ RunTime:0.039062s ]
INFO: [ view_parse ] --END-- [ RunTime:-0.032226s ]
INFO: [ view_filter ] --START--
INFO: Run Behavior\WriteHtmlCacheBehavior [ RunTime:0.000976s ]
INFO: [ view_filter ] --END-- [ RunTime:-0.069336s ]
SQL: SELECT * FROM `user` ORDER BY rank desc LIMIT 5   [ RunTime:0.0010s ]
INFO: [ view_parse ] --START--
INFO: [ template_filter ] --START--
INFO: Run Behavior\ContentReplaceBehavior [ RunTime:0.002930s ]
INFO: [ template_filter ] --END-- [ RunTime:-0.243164s ]
NOTIC: [8] Undefined offset: 2 D:\wamp\www\luoji\Application\Runtime\Cache\Home\9b6c7358f1f609cccd1ab9a879243014.php 第 11 行.
NOTIC: [8] Undefined offset: 3 D:\wamp\www\luoji\Application\Runtime\Cache\Home\9b6c7358f1f609cccd1ab9a879243014.php 第 11 行.
NOTIC: [8] Undefined offset: 4 D:\wamp\www\luoji\Application\Runtime\Cache\Home\9b6c7358f1f609cccd1ab9a879243014.php 第 11 行.
INFO: Run Behavior\ParseTemplateBehavior [ RunTime:0.042969s ]
INFO: [ view_parse ] --END-- [ RunTime:-0.103515s ]
INFO: [ view_filter ] --START--
INFO: Run Behavior\WriteHtmlCacheBehavior [ RunTime:0.000977s ]
INFO: [ view_filter ] --END-- [ RunTime:-0.144532s ]
NOTIC: [8] Undefined offset: 3 D:\wamp\www\luoji\Application\Runtime\Cache\Home\08e5361cb4cd21b916dc7e31b96a4be4.php 第 82 行.
NOTIC: [8] Undefined offset: 4 D:\wamp\www\luoji\Application\Runtime\Cache\Home\08e5361cb4cd21b916dc7e31b96a4be4.php 第 82 行.
NOTIC: [8] Undefined offset: 5 D:\wamp\www\luoji\Application\Runtime\Cache\Home\08e5361cb4cd21b916dc7e31b96a4be4.php 第 82 行.
NOTIC: [8] Undefined offset: 6 D:\wamp\www\luoji\Application\Runtime\Cache\Home\08e5361cb4cd21b916dc7e31b96a4be4.php 第 82 行.
NOTIC: [8] Undefined offset: 7 D:\wamp\www\luoji\Application\Runtime\Cache\Home\08e5361cb4cd21b916dc7e31b96a4be4.php 第 82 行.
INFO: Run Behavior\ParseTemplateBehavior [ RunTime:0.053711s ]
INFO: [ view_parse ] --END-- [ RunTime:-0.103515s ]
INFO: [ view_filter ] --START--
INFO: Run Behavior\WriteHtmlCacheBehavior [ RunTime:0.000976s ]
INFO: [ view_filter ] --END-- [ RunTime:-0.154297s ]
INFO: [ app_end ] --START--
INFO: Run Behavior\ShowPageTraceBehavior [ RunTime:0.004882s ]
INFO: [ app_end ] --END-- [ RunTime:0.011719s ]

[ 2016-07-26T17:07:56+08:00 ] ::1 /luoji/index.php/Home/Content/index/type/article/articleId/23.html
INFO: [ app_init ] --START--
INFO: Run Behavior\BuildLiteBehavior [ RunTime:0.003906s ]
INFO: [ app_init ] --END-- [ RunTime:0.007813s ]
INFO: [ app_begin ] --START--
INFO: Run Behavior\ReadHtmlCacheBehavior [ RunTime:0.004883s ]
INFO: [ app_begin ] --END-- [ RunTime:0.007812s ]
SQL: SHOW COLUMNS FROM `article` [ RunTime:0.0107s ]
SQL: SHOW COLUMNS FROM `user` [ RunTime:0.0078s ]
SQL: SELECT Article.id AS article_id,Article.mainimage AS mainimage,Article.coverimage AS coverimage,Article.maintitle AS maintitle,Article.subhead AS subhead,Article.introduction AS article_introduction,Article.author AS author,Article.categoryid AS categoryid,Article.collectnum AS collectnum,Article.readnum AS readnum,Article.createtime AS article_createtime,User.id AS user_id,User.username AS username,User.password AS password,User.nickname AS nickname,User.headimage AS headimage,User.rank AS rank,User.jobs AS jobs,User.company AS company,User.introduction AS user_introduction,User.createtime AS user_createtime FROM article Article LEFT JOIN user User ON Article.author=User.id WHERE Article.id = '23' LIMIT 1   [ RunTime:0.0010s ]
INFO: [ view_parse ] --START--
INFO: [ template_filter ] --START--
INFO: Run Behavior\ContentReplaceBehavior [ RunTime:0.000977s ]
INFO: [ template_filter ] --END-- [ RunTime:0.003907s ]
SQL: SHOW COLUMNS FROM `special` [ RunTime:0.0107s ]
SQL: SELECT * FROM `special` ORDER BY readnum desc LIMIT 5   [ RunTime:0.0010s ]
INFO: [ view_parse ] --START--
INFO: [ template_filter ] --START--
INFO: Run Behavior\ContentReplaceBehavior [ RunTime:0.000976s ]
INFO: [ template_filter ] --END-- [ RunTime:-0.108398s ]
INFO: Run Behavior\ParseTemplateBehavior [ RunTime:0.031250s ]
INFO: [ view_parse ] --END-- [ RunTime:0.034180s ]
INFO: [ view_filter ] --START--
INFO: Run Behavior\WriteHtmlCacheBehavior [ RunTime:0.002930s ]
INFO: [ view_filter ] --END-- [ RunTime:0.003907s ]
SQL: SELECT * FROM `article` ORDER BY readnum desc LIMIT 8   [ RunTime:0.0010s ]
INFO: [ view_parse ] --START--
INFO: [ template_filter ] --START--
INFO: Run Behavior\ContentReplaceBehavior [ RunTime:0.000977s ]
INFO: [ template_filter ] --END-- [ RunTime:-0.183593s ]
NOTIC: [8] Undefined offset: 3 D:\wamp\www\luoji\Application\Runtime\Cache\Home\2ac6c1276904b87404ed678dbabb985c.php 第 11 行.
NOTIC: [8] Undefined offset: 4 D:\wamp\www\luoji\Application\Runtime\Cache\Home\2ac6c1276904b87404ed678dbabb985c.php 第 11 行.
NOTIC: [8] Undefined offset: 5 D:\wamp\www\luoji\Application\Runtime\Cache\Home\2ac6c1276904b87404ed678dbabb985c.php 第 11 行.
NOTIC: [8] Undefined offset: 6 D:\wamp\www\luoji\Application\Runtime\Cache\Home\2ac6c1276904b87404ed678dbabb985c.php 第 11 行.
NOTIC: [8] Undefined offset: 7 D:\wamp\www\luoji\Application\Runtime\Cache\Home\2ac6c1276904b87404ed678dbabb985c.php 第 11 行.
INFO: Run Behavior\ParseTemplateBehavior [ RunTime:0.038086s ]
INFO: [ view_parse ] --END-- [ RunTime:-0.039063s ]
INFO: [ view_filter ] --START--
INFO: Run Behavior\WriteHtmlCacheBehavior [ RunTime:0.000976s ]
INFO: [ view_filter ] --END-- [ RunTime:-0.074218s ]
INFO: Run Behavior\ParseTemplateBehavior [ RunTime:0.044922s ]
INFO: [ view_parse ] --END-- [ RunTime:-0.039063s ]
INFO: [ view_filter ] --START--
INFO: Run Behavior\WriteHtmlCacheBehavior [ RunTime:0.000976s ]
INFO: [ view_filter ] --END-- [ RunTime:-0.081054s ]
INFO: [ app_end ] --START--
INFO: Run Behavior\ShowPageTraceBehavior [ RunTime:0.003906s ]
INFO: [ app_end ] --END-- [ RunTime:0.005860s ]

